#
# A fatal error has been detected by the Java Runtime Environment:
#
#  EXCEPTION_ACCESS_VIOLATION (0xc0000005) at pc=0x00007ffcde86f555, pid=7760, tid=4484
#
# JRE version: Java(TM) SE Runtime Environment (9.0+11) (build 9.0.4+11)
# Java VM: Java HotSpot(TM) 64-Bit Server VM (9.0.4+11, mixed mode, tiered, compressed oops, g1 gc, windows-amd64)
# Problematic frame:
# C  [librdi_common.dll+0x18f555]
#
# No core dump will be written. Minidumps are not enabled by default on client versions of Windows
#
# If you would like to submit a bug report, please visit:
#   http://bugreport.java.com/bugreport/crash.jsp
# The crash happened outside the Java Virtual Machine in native code.
# See problematic frame for where to report the bug.
#

---------------  S U M M A R Y ------------

Command Line: -Dsun.java2d.pmoffscreen=false -Dsun.java2d.xrender=false -Dsun.java2d.d3d=false -Dsun.awt.nopixfmt=true -Dsun.java2d.dpiaware=true -Dsun.java2d.uiScale.enabled=false -Xverify:none -Dswing.aatext=true -XX:-UsePerfData -Djdk.map.althashing.threshold=512 -XX:StringTableSize=4072 --add-opens=java.base/java.nio=ALL-UNNAMED --add-opens=java.desktop/sun.swing=ALL-UNNAMED --add-opens=java.desktop/javax.swing=ALL-UNNAMED --add-opens=java.desktop/javax.swing.tree=ALL-UNNAMED --add-opens=java.desktop/javax.swing.plaf.basic=ALL-UNNAMED --add-opens=java.desktop/javax.swing.plaf.synth=ALL-UNNAMED --add-opens=java.desktop/com.sun.awt=ALL-UNNAMED -XX:NewSize=60m -XX:MaxNewSize=60m -Xms128m -Xmx3072m -Xss5m 

Host: 11th Gen Intel(R) Core(TM) i7-1165G7 @ 2.80GHz, 8 cores, 15G,  Windows 10 , 64 bit Build 22621 (10.0.22621.4391)
Time: Sun Nov 17 22:42:03 2024 ?D1¨²¡À¨º¡Á?¨º¡À?? elapsed time: 5150 seconds (0d 1h 25m 50s)

---------------  T H R E A D  ---------------

Current thread (0x0000014734fad000):  JavaThread "AWT-EventQueue-0" [_thread_in_native, id=4484, stack(0x000000074eb00000,0x000000074f000000)]

Stack: [0x000000074eb00000,0x000000074f000000],  sp=0x000000074effb1c0,  free space=5100k
Native frames: (J=compiled Java code, j=interpreted, Vv=VM code, C=native code)
C  [librdi_common.dll+0x18f555]
C  [librdi_common.dll+0x1842d5]
C  [librdi_common.dll+0x14d40a]
C  0x00007ffca5981faf
C  0x00007ffca5a02fbf
C  0x00007ffca5a0acd9
C  0x00007ffca59db40b
C  0x00007ffca5a17c67
C  0x000001475170efba

Java frames: (J=compiled Java code, j=interpreted, Vv=VM code)
J 16675  ui.views.waveform.waveformi.WVExecutive_getTooltipTextDelayed(J)Ljava/lang/String; (0 bytes) @ 0x000001475170ef21 [0x000001475170eee0+0x0000000000000041]
J 21540 c2 ui.views.waveform.b.a.mouseMoved(Ljava/awt/event/MouseEvent;)V (32 bytes) @ 0x00000147527a36c8 [0x00000147527a2da0+0x0000000000000928]
J 17631 c2 java.awt.AWTEventMulticaster.mouseMoved(Ljava/awt/event/MouseEvent;)V java.desktop@9.0.4 (27 bytes) @ 0x00000147522a9b74 [0x00000147522a9ac0+0x00000000000000b4]
J 17631 c2 java.awt.AWTEventMulticaster.mouseMoved(Ljava/awt/event/MouseEvent;)V java.desktop@9.0.4 (27 bytes) @ 0x00000147522a9b34 [0x00000147522a9ac0+0x0000000000000074]
J 22882 c2 ui.frmwork.c.i.processMouseMotionEvent(Ljava/awt/event/MouseEvent;)V (131 bytes) @ 0x000001475272d194 [0x000001475272ce80+0x0000000000000314]
J 20387 c2 java.awt.Container.processEvent(Ljava/awt/AWTEvent;)V java.desktop@9.0.4 (22 bytes) @ 0x000001475268cf24 [0x000001475268cda0+0x0000000000000184]
J 24748 c2 java.awt.Component.dispatchEventImpl(Ljava/awt/AWTEvent;)V java.desktop@9.0.4 (739 bytes) @ 0x0000014752a827ac [0x0000014752a814e0+0x00000000000012cc]
J 22457 c2 java.awt.Container.dispatchEventImpl(Ljava/awt/AWTEvent;)V java.desktop@9.0.4 (129 bytes) @ 0x000001475282a960 [0x0000014752829fe0+0x0000000000000980]
J 16860 c2 java.awt.LightweightDispatcher.retargetMouseEvent(Ljava/awt/Component;ILjava/awt/event/MouseEvent;)V java.desktop@9.0.4 (350 bytes) @ 0x000001475180f508 [0x000001475180efc0+0x0000000000000548]
J 22457 c2 java.awt.Container.dispatchEventImpl(Ljava/awt/AWTEvent;)V java.desktop@9.0.4 (129 bytes) @ 0x000001475282a88c [0x0000014752829fe0+0x00000000000008ac]
J 18122 c2 java.awt.Window.dispatchEventImpl(Ljava/awt/AWTEvent;)V java.desktop@9.0.4 (23 bytes) @ 0x000001475184250c [0x00000147518424c0+0x000000000000004c]
J 13574 c2 java.awt.EventQueue$3.run()Ljava/lang/Object; java.desktop@9.0.4 (5 bytes) @ 0x0000014751e29544 [0x0000014751e293e0+0x0000000000000164]
v  ~StubRoutines::call_stub
J 4227  java.security.AccessController.doPrivileged(Ljava/security/PrivilegedAction;Ljava/security/AccessControlContext;)Ljava/lang/Object; java.base@9.0.4 (0 bytes) @ 0x00000147515c29c6 [0x00000147515c2960+0x0000000000000066]
J 16862 c2 java.awt.EventQueue$4.run()Ljava/lang/Object; java.desktop@9.0.4 (5 bytes) @ 0x000001475180e0a4 [0x000001475180e040+0x0000000000000064]
v  ~StubRoutines::call_stub
J 4227  java.security.AccessController.doPrivileged(Ljava/security/PrivilegedAction;Ljava/security/AccessControlContext;)Ljava/lang/Object; java.base@9.0.4 (0 bytes) @ 0x00000147515c29c6 [0x00000147515c2960+0x0000000000000066]
J 25087 c2 ui.frmwork.b.d.dispatchEvent(Ljava/awt/AWTEvent;)V (34 bytes) @ 0x0000014752b367cc [0x0000014752b36160+0x000000000000066c]
J 25126 c2 java.awt.EventDispatchThread.pumpOneEventForFilters(I)V java.desktop@9.0.4 (218 bytes) @ 0x0000014752927dc8 [0x0000014752927b80+0x0000000000000248]
J 21757% c2 java.awt.EventDispatchThread.pumpEventsForFilter(ILjava/awt/Conditional;Ljava/awt/EventFilter;)V java.desktop@9.0.4 (47 bytes) @ 0x0000014751921158 [0x0000014751921040+0x0000000000000118]
j  java.awt.EventDispatchThread.pumpEventsForHierarchy(ILjava/awt/Conditional;Ljava/awt/Component;)V+11 java.desktop@9.0.4
j  java.awt.EventDispatchThread.pumpEvents(ILjava/awt/Conditional;)V+4 java.desktop@9.0.4
j  java.awt.EventDispatchThread.pumpEvents(Ljava/awt/Conditional;)V+3 java.desktop@9.0.4
j  java.awt.EventDispatchThread.run()V+9 java.desktop@9.0.4
v  ~StubRoutines::call_stub

siginfo: EXCEPTION_ACCESS_VIOLATION (0xc0000005), reading address 0xffffffffffffffff


Register to memory mapping:

RIP=0x00007ffcde86f555 librdi_common.dll
RAX=0x000001472b50ab01 is an unknown value
RBX=0x9007bdff12a2edfd is an unknown value
RCX=0x000001472b50abd0 is an unknown value
RDX=0x9007bdff12a2edfd is an unknown value
RSP=0x000000074effb1c0 is pointing into the stack for thread: 0x0000014734fad000
RBP=0x000000074effb2f0 is pointing into the stack for thread: 0x0000014734fad000
RSI=0x0000014734e311d0 is an unknown value
RDI=0x000000074effb3d8 is pointing into the stack for thread: 0x0000014734fad000
R8 =0x000000074effb3d8 is pointing into the stack for thread: 0x0000014734fad000
R9 =0x0000000000000000 is an unknown value
R10=0x00007ffd3b8d0000 VCRUNTIME140.dll
R11=0x084f183020001fc0 is an unknown value
R12=0x000000074effb3d8 is pointing into the stack for thread: 0x0000014734fad000
R13=0x0000000000000000 is an unknown value
R14=0x00000147299b1300 is an unknown value
R15=0x9007bdff12a2edfd is an unknown value


Registers:
RAX=0x000001472b50ab01, RBX=0x9007bdff12a2edfd, RCX=0x000001472b50abd0, RDX=0x9007bdff12a2edfd
RSP=0x000000074effb1c0, RBP=0x000000074effb2f0, RSI=0x0000014734e311d0, RDI=0x000000074effb3d8
R8 =0x000000074effb3d8, R9 =0x0000000000000000, R10=0x00007ffd3b8d0000, R11=0x084f183020001fc0
R12=0x000000074effb3d8, R13=0x0000000000000000, R14=0x00000147299b1300, R15=0x9007bdff12a2edfd
RIP=0x00007ffcde86f555, EFLAGS=0x0000000000010202

Top of Stack: (sp=0x000000074effb1c0)
0x000000074effb1c0:   0000000000000018 000001476ec83b80
0x000000074effb1d0:   0000000000001184 9007bdff12a2edfd
0x000000074effb1e0:   9007bdff12a2edfd 00007ffcde8642d5
0x000000074effb1f0:   00000000000a399e 00007ffd3b902758
0x000000074effb200:   fffffffffffffffe 0000000000000000
0x000000074effb210:   0000ca6a2c07e6af 000001476ec83b18
0x000000074effb220:   0000000000000002 00007ffcde8ccfe5
0x000000074effb230:   000001475a622e50 000001476ec83b38
0x000000074effb240:   000000074effb570 00007ffcdf6de630
0x000000074effb250:   fffffffffffffffe 00007ffcdef2d489
0x000000074effb260:   fffffffffffffffe 00007ffcdf6de630
0x000000074effb270:   000001476ec83af0 000001472b8a17d8
0x000000074effb280:   000000074effb3d8 00007ffcde8cc2d6
0x000000074effb290:   000001476ec83af0 000000074effb3d8
0x000000074effb2a0:   0000014700000002 0000000000000000
0x000000074effb2b0:   fffffffffffffffe 000000000000000f 

Instructions: (pc=0x00007ffcde86f555)
0x00007ffcde86f535:   20 48 8b d9 e8 22 c4 04 00 48 8b c8 48 8b d3 e8
0x00007ffcde86f545:   27 0d 05 00 84 c0 75 08 33 c0 48 83 c4 20 5b c3
0x00007ffcde86f555:   48 8b 4b 50 48 85 c9 74 0a 48 83 c4 20 5b e9 68
0x00007ffcde86f565:   e2 04 00 48 8b d3 48 8d 0d 36 71 84 00 e8 59 b7 



---------------  P R O C E S S  ---------------

Java Threads: ( => current thread )
  0x000001476b22e000 JavaThread "Relaunch Simulation Thread" [_thread_blocked, id=15828, stack(0x0000000754a00000,0x0000000754f00000)]
  0x000001476b232000 JavaThread "Thread-4924" [_thread_in_native, id=18204, stack(0x0000000747b00000,0x0000000747c00000)]
  0x000001476b226800 JavaThread "Thread-4921" [_thread_in_native, id=5264, stack(0x0000000747a00000,0x0000000747b00000)]
  0x000001476b22b000 JavaThread "Monitor File Timestamp Swing Worker Thread" [_thread_blocked, id=12196, stack(0x0000000752d00000,0x0000000753200000)]
  0x000001476b22c000 JavaThread "Timer-3" [_thread_blocked, id=12216, stack(0x0000000752200000,0x0000000752700000)]
  0x000001476b227800 JavaThread "SyntheticaAnimation 50" daemon [_thread_blocked, id=16668, stack(0x0000000755400000,0x0000000755900000)]
  0x00000147345d5000 JavaThread "Monitor File Timestamp Swing Worker Thread" [_thread_blocked, id=9588, stack(0x0000000754500000,0x0000000754a00000)]
  0x00000147345d7800 JavaThread "Timer-0" [_thread_blocked, id=4948, stack(0x0000000754000000,0x0000000754500000)]
  0x00000147345da800 JavaThread "Image Animator 3" daemon [_thread_blocked, id=6088, stack(0x0000000753b00000,0x0000000754000000)]
  0x00000147345d6000 JavaThread "Update Runs Swing Worker Thread" [_thread_blocked, id=8832, stack(0x0000000753600000,0x0000000753b00000)]
  0x00000147345d4800 JavaThread "hw_ila_monitor" [_thread_blocked, id=12716, stack(0x0000000752700000,0x0000000752c00000)]
  0x00000147345d9000 JavaThread "Refresh Filesets Swing Worker Thread" [_thread_blocked, id=4340, stack(0x0000000751d00000,0x0000000752200000)]
  0x0000014764eb8800 JavaThread "SyntheticaAnimation 70" daemon [_thread_blocked, id=16536, stack(0x0000000751800000,0x0000000751d00000)]
  0x0000014764eba800 JavaThread "Swing-Shell" daemon [_thread_blocked, id=4936, stack(0x000000074fa00000,0x000000074ff00000)]
  0x0000014764ebd800 JavaThread "SyntheticaAnimation 25" daemon [_thread_blocked, id=9992, stack(0x0000000751100000,0x0000000751600000)]
  0x0000014764ebc000 JavaThread "SyntheticaAnimation 50" daemon [_thread_blocked, id=11532, stack(0x0000000750c00000,0x0000000751100000)]
  0x0000014764eb9000 JavaThread "Monitor HEventQueue Thread" [_thread_blocked, id=9372, stack(0x0000000750700000,0x0000000750c00000)]
  0x0000014764ebf000 JavaThread "SyntheticaCleanerThread" daemon [_thread_blocked, id=10908, stack(0x000000074ff00000,0x0000000750400000)]
  0x0000014764eba000 JavaThread "Batik CleanerThread" daemon [_thread_blocked, id=7840, stack(0x000000074f000000,0x000000074f500000)]
  0x0000014745079800 JavaThread "Process Messages Thread" [_thread_blocked, id=4156, stack(0x000000074f500000,0x000000074fa00000)]
  0x0000014734f07800 JavaThread "Thread-1" [_thread_in_native, id=7020, stack(0x0000000747e00000,0x0000000749200000)]
=>0x0000014734fad000 JavaThread "AWT-EventQueue-0" [_thread_in_native, id=4484, stack(0x000000074eb00000,0x000000074f000000)]
  0x00000147447b6800 JavaThread "TimerQueue" daemon [_thread_blocked, id=14436, stack(0x000000074e100000,0x000000074e600000)]
  0x0000014734f81800 JavaThread "AWT-Windows" daemon [_thread_in_native, id=8648, stack(0x000000074dc00000,0x000000074e100000)]
  0x0000014734f81000 JavaThread "AWT-Shutdown" [_thread_blocked, id=16064, stack(0x000000074d700000,0x000000074dc00000)]
  0x0000014734cfc000 JavaThread "Java2D Disposer" daemon [_thread_blocked, id=5676, stack(0x000000074d200000,0x000000074d700000)]
  0x00000147343e0000 JavaThread "Service Thread" daemon [_thread_blocked, id=13176, stack(0x000000074cc00000,0x000000074d100000)]
  0x0000014748dae800 JavaThread "Common-Cleaner" daemon [_thread_blocked, id=14572, stack(0x000000074c700000,0x000000074cc00000)]
  0x0000014764ebd000 JavaThread "Sweeper thread" daemon [_thread_blocked, id=2592, stack(0x000000074c200000,0x000000074c700000)]
  0x000001472e902800 JavaThread "C1 CompilerThread3" daemon [_thread_blocked, id=1100, stack(0x000000074c100000,0x000000074c200000)]
  0x0000014749472800 JavaThread "C2 CompilerThread2" daemon [_thread_blocked, id=7688, stack(0x000000074c000000,0x000000074c100000)]
  0x000001476557a000 JavaThread "C2 CompilerThread1" daemon [_thread_blocked, id=12036, stack(0x000000074bf00000,0x000000074c000000)]
  0x0000014765579800 JavaThread "C2 CompilerThread0" daemon [_thread_blocked, id=18004, stack(0x000000074be00000,0x000000074bf00000)]
  0x000001472e08a000 JavaThread "Attach Listener" daemon [_thread_blocked, id=7744, stack(0x000000074b900000,0x000000074be00000)]
  0x0000014749495800 JavaThread "Signal Dispatcher" daemon [_thread_blocked, id=14024, stack(0x000000074b400000,0x000000074b900000)]
  0x000001472eafe800 JavaThread "Finalizer" daemon [_thread_blocked, id=17052, stack(0x000000074af00000,0x000000074b400000)]
  0x00000147650d9800 JavaThread "Reference Handler" daemon [_thread_blocked, id=12320, stack(0x000000074aa00000,0x000000074af00000)]
  0x000001476544b800 JavaThread "main" [_thread_blocked, id=13276, stack(0x0000000747d00000,0x0000000747e00000)]

Other Threads:
  0x000001474908a800 VMThread "VM Thread" [stack: 0x000000074a900000,0x000000074aa00000] [id=7652]
  0x00000147343e1000 WatcherThread [stack: 0x000000074d100000,0x000000074d200000] [id=12916]
  0x00000147340ca800 GCTaskThread "GC Thread#0" [stack: 0x0000000749500000,0x0000000749600000] [id=5412]
  0x00000147340cf800 GCTaskThread "GC Thread#1" [stack: 0x0000000749600000,0x0000000749700000] [id=15968]
  0x00000147340cc000 GCTaskThread "GC Thread#2" [stack: 0x0000000749700000,0x0000000749800000] [id=16416]
  0x00000147340cb000 GCTaskThread "GC Thread#3" [stack: 0x0000000749800000,0x0000000749900000] [id=11096]
  0x00000147340d0000 GCTaskThread "GC Thread#4" [stack: 0x0000000749900000,0x0000000749a00000] [id=4544]
  0x00000147340ce000 GCTaskThread "GC Thread#5" [stack: 0x0000000749a00000,0x0000000749b00000] [id=16188]
  0x00000147340cb800 GCTaskThread "GC Thread#6" [stack: 0x0000000749b00000,0x0000000749c00000] [id=2848]
  0x00000147340cd000 GCTaskThread "GC Thread#7" [stack: 0x0000000749c00000,0x0000000749d00000] [id=12688]
  0x00000147657e0800 ConcurrentGCThread "G1 Main Marker" [stack: 0x000000074a600000,0x000000074a700000] [id=1672]
  0x00000147340c9000 ConcurrentGCThread "G1 Marker#0" [stack: 0x000000074a700000,0x000000074a800000] [id=1976]
  0x00000147340c9800 ConcurrentGCThread "G1 Marker#1" [stack: 0x000000074a800000,0x000000074a900000] [id=532]
  0x000001476535e000 ConcurrentGCThread "G1 Refine#0" [stack: 0x000000074a400000,0x000000074a500000] [id=12796]
  0x000001476535d800 ConcurrentGCThread "G1 Refine#1" [stack: 0x000000074a300000,0x000000074a400000] [id=11728]
  0x0000014764bed000 ConcurrentGCThread "G1 Refine#2" [stack: 0x000000074a200000,0x000000074a300000] [id=14752]
  0x0000014749707800 ConcurrentGCThread "G1 Refine#3" [stack: 0x000000074a100000,0x000000074a200000] [id=2356]
  0x0000014749706800 ConcurrentGCThread "G1 Refine#4" [stack: 0x000000074a000000,0x000000074a100000] [id=112]
  0x00000147650e2000 ConcurrentGCThread "G1 Refine#5" [stack: 0x0000000749f00000,0x000000074a000000] [id=15824]
  0x00000147650e1800 ConcurrentGCThread "G1 Refine#6" [stack: 0x0000000749e00000,0x0000000749f00000] [id=2676]
  0x0000014766321800 ConcurrentGCThread "G1 Refine#7" [stack: 0x0000000749d00000,0x0000000749e00000] [id=11804]
  0x0000014764bc5000 ConcurrentGCThread "G1 Young RemSet Sampling" [stack: 0x000000074a500000,0x000000074a600000] [id=11612]

Threads with active compile tasks:

VM state:not at safepoint (normal execution)

VM Mutex/Monitor currently owned by a thread: None

Heap address: 0x00000004d5400000, size: 3072 MB, Compressed Oops mode: Zero based, Oop shift amount: 3
Narrow klass base: 0x0000000000000000, Narrow klass shift: 3
Compressed class space size: 1073741824 Address: 0x0000000595400000

Heap:
 garbage-first heap   total 250880K, used 122271K [0x00000004d5400000, 0x00000004d55007a8, 0x0000000595400000)
  region size 1024K, 37 young (37888K), 1 survivors (1024K)
 Metaspace       used 89674K, capacity 92473K, committed 99276K, reserved 1134592K
  class space    used 12343K, capacity 12900K, committed 14284K, reserved 1048576K
Heap Regions: E=young(eden), S=young(survivor), O=old, HS=humongous(starts), HC=humongous(continues), CS=collection set, F=free, A=archive, TS=gc time stamp, AC=allocation context, TAMS=top-at-mark-start (previous, next)
|   0|0x00000004d5400000, 0x00000004d54fcbf0, 0x00000004d5500000| 98%| O|  |TS  0|AC  0|TAMS 0x00000004d5400000, 0x00000004d5400000|
|   1|0x00000004d5500000, 0x00000004d55ff928, 0x00000004d5600000| 99%| O|  |TS  0|AC  0|TAMS 0x00000004d5500000, 0x00000004d5500000|
|   2|0x00000004d5600000, 0x00000004d5700000, 0x00000004d5700000|100%|HS|  |TS  0|AC  0|TAMS 0x00000004d5600000, 0x00000004d5600000|
|   3|0x00000004d5700000, 0x00000004d5800000, 0x00000004d5800000|100%|HC|  |TS  0|AC  0|TAMS 0x00000004d5700000, 0x00000004d5700000|
|   4|0x00000004d5800000, 0x00000004d5900000, 0x00000004d5900000|100%|HS|  |TS  0|AC  0|TAMS 0x00000004d5800000, 0x00000004d5800000|
|   5|0x00000004d5900000, 0x00000004d59fb248, 0x00000004d5a00000| 98%| O|  |TS  0|AC  0|TAMS 0x00000004d5900000, 0x00000004d5900000|
|   6|0x00000004d5a00000, 0x00000004d5afedf0, 0x00000004d5b00000| 99%| O|  |TS  0|AC  0|TAMS 0x00000004d5a00000, 0x00000004d5a00000|
|   7|0x00000004d5b00000, 0x00000004d5bffff8, 0x00000004d5c00000| 99%| O|  |TS  0|AC  0|TAMS 0x00000004d5b00000, 0x00000004d5b00000|
|   8|0x00000004d5c00000, 0x00000004d5cfca58, 0x00000004d5d00000| 98%| O|  |TS  0|AC  0|TAMS 0x00000004d5c00000, 0x00000004d5c00000|
|   9|0x00000004d5d00000, 0x00000004d5dfd488, 0x00000004d5e00000| 98%| O|  |TS  0|AC  0|TAMS 0x00000004d5d00000, 0x00000004d5d00000|
|  10|0x00000004d5e00000, 0x00000004d5ee9c18, 0x00000004d5f00000| 91%| O|  |TS  0|AC  0|TAMS 0x00000004d5e00000, 0x00000004d5e00000|
|  11|0x00000004d5f00000, 0x00000004d5ffffe0, 0x00000004d6000000| 99%| O|  |TS  0|AC  0|TAMS 0x00000004d5f00000, 0x00000004d5f00000|
|  12|0x00000004d6000000, 0x00000004d60ffff8, 0x00000004d6100000| 99%| O|  |TS  0|AC  0|TAMS 0x00000004d6000000, 0x00000004d6000000|
|  13|0x00000004d6100000, 0x00000004d61ffff8, 0x00000004d6200000| 99%| O|  |TS  0|AC  0|TAMS 0x00000004d6100000, 0x00000004d6100000|
|  14|0x00000004d6200000, 0x00000004d62ffd20, 0x00000004d6300000| 99%| O|  |TS  0|AC  0|TAMS 0x00000004d6200000, 0x00000004d6200000|
|  15|0x00000004d6300000, 0x00000004d63fe9b0, 0x00000004d6400000| 99%| O|  |TS  0|AC  0|TAMS 0x00000004d6300000, 0x00000004d6300000|
|  16|0x00000004d6400000, 0x00000004d6500000, 0x00000004d6500000|100%| O|  |TS  0|AC  0|TAMS 0x00000004d6400000, 0x00000004d6400000|
|  17|0x00000004d6500000, 0x00000004d65fffd0, 0x00000004d6600000| 99%| O|  |TS  0|AC  0|TAMS 0x00000004d6500000, 0x00000004d6500000|
|  18|0x00000004d6600000, 0x00000004d66b5eb0, 0x00000004d6700000| 71%| O|  |TS  0|AC  0|TAMS 0x00000004d6600000, 0x00000004d6600000|
|  19|0x00000004d6700000, 0x00000004d6800000, 0x00000004d6800000|100%| O|  |TS  0|AC  0|TAMS 0x00000004d6700000, 0x00000004d6700000|
|  20|0x00000004d6800000, 0x00000004d68fffd0, 0x00000004d6900000| 99%| O|  |TS  0|AC  0|TAMS 0x00000004d6800000, 0x00000004d6800000|
|  21|0x00000004d6900000, 0x00000004d69fffe0, 0x00000004d6a00000| 99%| O|  |TS  0|AC  0|TAMS 0x00000004d6900000, 0x00000004d6900000|
|  22|0x00000004d6a00000, 0x00000004d6b00000, 0x00000004d6b00000|100%| O|  |TS  0|AC  0|TAMS 0x00000004d6a00000, 0x00000004d6a00000|
|  23|0x00000004d6b00000, 0x00000004d6bfeb80, 0x00000004d6c00000| 99%| O|  |TS  0|AC  0|TAMS 0x00000004d6b00000, 0x00000004d6b00000|
|  24|0x00000004d6c00000, 0x00000004d6cfffd8, 0x00000004d6d00000| 99%| O|  |TS  0|AC  0|TAMS 0x00000004d6c00000, 0x00000004d6c00000|
|  25|0x00000004d6d00000, 0x00000004d6dfffe0, 0x00000004d6e00000| 99%| O|  |TS  0|AC  0|TAMS 0x00000004d6d00000, 0x00000004d6d00000|
|  26|0x00000004d6e00000, 0x00000004d6effe20, 0x00000004d6f00000| 99%| O|  |TS  0|AC  0|TAMS 0x00000004d6e00000, 0x00000004d6e00000|
|  27|0x00000004d6f00000, 0x00000004d7000000, 0x00000004d7000000|100%| O|  |TS  0|AC  0|TAMS 0x00000004d6f00000, 0x00000004d6f00000|
|  28|0x00000004d7000000, 0x00000004d70fffb8, 0x00000004d7100000| 99%| O|  |TS  0|AC  0|TAMS 0x00000004d7000000, 0x00000004d7000000|
|  29|0x00000004d7100000, 0x00000004d7200000, 0x00000004d7200000|100%| O|  |TS  0|AC  0|TAMS 0x00000004d7100000, 0x00000004d7100000|
|  30|0x00000004d7200000, 0x00000004d72fffe8, 0x00000004d7300000| 99%| O|  |TS  0|AC  0|TAMS 0x00000004d7200000, 0x00000004d7200000|
|  31|0x00000004d7300000, 0x00000004d73f82d0, 0x00000004d7400000| 96%| O|  |TS  0|AC  0|TAMS 0x00000004d7300000, 0x00000004d7300000|
|  32|0x00000004d7400000, 0x00000004d74fffd0, 0x00000004d7500000| 99%| O|  |TS  0|AC  0|TAMS 0x00000004d7400000, 0x00000004d7400000|
|  33|0x00000004d7500000, 0x00000004d75ffff0, 0x00000004d7600000| 99%| O|  |TS  0|AC  0|TAMS 0x00000004d7500000, 0x00000004d7500000|
|  34|0x00000004d7600000, 0x00000004d76bca38, 0x00000004d7700000| 73%| O|  |TS  0|AC  0|TAMS 0x00000004d7600000, 0x00000004d7600000|
|  35|0x00000004d7700000, 0x00000004d77fff78, 0x00000004d7800000| 99%| O|  |TS  0|AC  0|TAMS 0x00000004d7700000, 0x00000004d7700000|
|  36|0x00000004d7800000, 0x00000004d78fffd0, 0x00000004d7900000| 99%| O|  |TS  0|AC  0|TAMS 0x00000004d7800000, 0x00000004d7800000|
|  37|0x00000004d7900000, 0x00000004d7a00000, 0x00000004d7a00000|100%| O|  |TS  0|AC  0|TAMS 0x00000004d7900000, 0x00000004d7900000|
|  38|0x00000004d7a00000, 0x00000004d7afffe8, 0x00000004d7b00000| 99%| O|  |TS  0|AC  0|TAMS 0x00000004d7a00000, 0x00000004d7a00000|
|  39|0x00000004d7b00000, 0x00000004d7c00000, 0x00000004d7c00000|100%| O|  |TS  0|AC  0|TAMS 0x00000004d7b00000, 0x00000004d7b00000|
|  40|0x00000004d7c00000, 0x00000004d7cffff0, 0x00000004d7d00000| 99%| O|  |TS  0|AC  0|TAMS 0x00000004d7c00000, 0x00000004d7c00000|
|  41|0x00000004d7d00000, 0x00000004d7dfff98, 0x00000004d7e00000| 99%| O|  |TS  0|AC  0|TAMS 0x00000004d7d00000, 0x00000004d7d00000|
|  42|0x00000004d7e00000, 0x00000004d7efffc0, 0x00000004d7f00000| 99%| O|  |TS  0|AC  0|TAMS 0x00000004d7e00000, 0x00000004d7e00000|
|  43|0x00000004d7f00000, 0x00000004d7fffff0, 0x00000004d8000000| 99%| O|  |TS  0|AC  0|TAMS 0x00000004d7f00000, 0x00000004d7f00000|
|  44|0x00000004d8000000, 0x00000004d80ffff0, 0x00000004d8100000| 99%| O|  |TS  0|AC  0|TAMS 0x00000004d8000000, 0x00000004d8000000|
|  45|0x00000004d8100000, 0x00000004d81ffff0, 0x00000004d8200000| 99%| O|  |TS  0|AC  0|TAMS 0x00000004d8100000, 0x00000004d8100000|
|  46|0x00000004d8200000, 0x00000004d82fffe8, 0x00000004d8300000| 99%| O|  |TS  0|AC  0|TAMS 0x00000004d8200000, 0x00000004d8200000|
|  47|0x00000004d8300000, 0x00000004d83ffd28, 0x00000004d8400000| 99%| O|  |TS  0|AC  0|TAMS 0x00000004d8300000, 0x00000004d8300000|
|  48|0x00000004d8400000, 0x00000004d84fff80, 0x00000004d8500000| 99%| O|  |TS  0|AC  0|TAMS 0x00000004d8400000, 0x00000004d8400000|
|  49|0x00000004d8500000, 0x00000004d8600000, 0x00000004d8600000|100%|HS|  |TS  0|AC  0|TAMS 0x00000004d8500000, 0x00000004d8500000|
|  50|0x00000004d8600000, 0x00000004d8700000, 0x00000004d8700000|100%|HC|  |TS  0|AC  0|TAMS 0x00000004d8600000, 0x00000004d8600000|
|  51|0x00000004d8700000, 0x00000004d8800000, 0x00000004d8800000|100%|HC|  |TS  0|AC  0|TAMS 0x00000004d8700000, 0x00000004d8700000|
|  52|0x00000004d8800000, 0x00000004d8900000, 0x00000004d8900000|100%|HC|  |TS  0|AC  0|TAMS 0x00000004d8800000, 0x00000004d8800000|
|  53|0x00000004d8900000, 0x00000004d8a00000, 0x00000004d8a00000|100%|HC|  |TS  0|AC  0|TAMS 0x00000004d8900000, 0x00000004d8900000|
|  54|0x00000004d8a00000, 0x00000004d8b00000, 0x00000004d8b00000|100%|HC|  |TS  0|AC  0|TAMS 0x00000004d8a00000, 0x00000004d8a00000|
|  55|0x00000004d8b00000, 0x00000004d8c00000, 0x00000004d8c00000|100%|HC|  |TS  0|AC  0|TAMS 0x00000004d8b00000, 0x00000004d8b00000|
|  56|0x00000004d8c00000, 0x00000004d8d00000, 0x00000004d8d00000|100%|HC|  |TS  0|AC  0|TAMS 0x00000004d8c00000, 0x00000004d8c00000|
|  57|0x00000004d8d00000, 0x00000004d8dffff8, 0x00000004d8e00000| 99%| O|  |TS  0|AC  0|TAMS 0x00000004d8d00000, 0x00000004d8d00000|
|  58|0x00000004d8e00000, 0x00000004d8effff8, 0x00000004d8f00000| 99%| O|  |TS  0|AC  0|TAMS 0x00000004d8e00000, 0x00000004d8e00000|
|  59|0x00000004d8f00000, 0x00000004d8fffff0, 0x00000004d9000000| 99%| O|  |TS  0|AC  0|TAMS 0x00000004d8f00000, 0x00000004d8f00000|
|  60|0x00000004d9000000, 0x00000004d90fff98, 0x00000004d9100000| 99%| O|  |TS  0|AC  0|TAMS 0x00000004d9000000, 0x00000004d9000000|
|  61|0x00000004d9100000, 0x00000004d91fffe0, 0x00000004d9200000| 99%| O|  |TS  0|AC  0|TAMS 0x00000004d9100000, 0x00000004d9100000|
|  62|0x00000004d9200000, 0x00000004d92fe220, 0x00000004d9300000| 99%| O|  |TS  0|AC  0|TAMS 0x00000004d9200000, 0x00000004d9200000|
|  63|0x00000004d9300000, 0x00000004d93fffd0, 0x00000004d9400000| 99%| O|  |TS  0|AC  0|TAMS 0x00000004d9300000, 0x00000004d9300000|
|  64|0x00000004d9400000, 0x00000004d94ffec8, 0x00000004d9500000| 99%| O|  |TS  0|AC  0|TAMS 0x00000004d9400000, 0x00000004d9400000|
|  65|0x00000004d9500000, 0x00000004d95ffe70, 0x00000004d9600000| 99%| O|  |TS  0|AC  0|TAMS 0x00000004d9500000, 0x00000004d9500000|
|  66|0x00000004d9600000, 0x00000004d96fffe0, 0x00000004d9700000| 99%| O|  |TS  0|AC  0|TAMS 0x00000004d9600000, 0x00000004d9600000|
|  67|0x00000004d9700000, 0x00000004d97d2718, 0x00000004d9800000| 82%| O|  |TS  0|AC  0|TAMS 0x00000004d9700000, 0x00000004d9700000|
|  68|0x00000004d9800000, 0x00000004d98fffe0, 0x00000004d9900000| 99%| O|  |TS  0|AC  0|TAMS 0x00000004d9800000, 0x00000004d9800000|
|  69|0x00000004d9900000, 0x00000004d99ffff8, 0x00000004d9a00000| 99%| O|  |TS  0|AC  0|TAMS 0x00000004d9900000, 0x00000004d9900000|
|  70|0x00000004d9a00000, 0x00000004d9adc578, 0x00000004d9b00000| 86%| O|  |TS  0|AC  0|TAMS 0x00000004d9a00000, 0x00000004d9a00000|
|  71|0x00000004d9b00000, 0x00000004d9be8938, 0x00000004d9c00000| 90%| O|  |TS  0|AC  0|TAMS 0x00000004d9b00000, 0x00000004d9b00000|
|  72|0x00000004d9c00000, 0x00000004d9cfffe8, 0x00000004d9d00000| 99%| O|  |TS  0|AC  0|TAMS 0x00000004d9c00000, 0x00000004d9c00000|
|  73|0x00000004d9d00000, 0x00000004d9e00000, 0x00000004d9e00000|100%| O|  |TS  0|AC  0|TAMS 0x00000004d9d00000, 0x00000004d9d00000|
|  74|0x00000004d9e00000, 0x00000004d9effff0, 0x00000004d9f00000| 99%| O|  |TS  0|AC  0|TAMS 0x00000004d9e00000, 0x00000004d9e00000|
|  75|0x00000004d9f00000, 0x00000004d9ffff88, 0x00000004da000000| 99%| O|  |TS  0|AC  0|TAMS 0x00000004d9f00000, 0x00000004d9f00000|
|  76|0x00000004da000000, 0x00000004da0ffff8, 0x00000004da100000| 99%| O|  |TS  0|AC  0|TAMS 0x00000004da000000, 0x00000004da000000|
|  77|0x00000004da100000, 0x00000004da1fffc8, 0x00000004da200000| 99%| O|  |TS  0|AC  0|TAMS 0x00000004da100000, 0x00000004da100000|
|  78|0x00000004da200000, 0x00000004da2fffe8, 0x00000004da300000| 99%| O|  |TS  0|AC  0|TAMS 0x00000004da200000, 0x00000004da200000|
|  79|0x00000004da300000, 0x00000004da400000, 0x00000004da400000|100%| O|  |TS  0|AC  0|TAMS 0x00000004da300000, 0x00000004da300000|
|  80|0x00000004da400000, 0x00000004da4ffe08, 0x00000004da500000| 99%| O|  |TS  0|AC  0|TAMS 0x00000004da400000, 0x00000004da400000|
|  81|0x00000004da500000, 0x00000004da5ffff0, 0x00000004da600000| 99%| O|  |TS  0|AC  0|TAMS 0x00000004da500000, 0x00000004da500000|
|  82|0x00000004da600000, 0x00000004da651a80, 0x00000004da700000| 31%| O|  |TS  0|AC  0|TAMS 0x00000004da600000, 0x00000004da600000|
|  83|0x00000004da700000, 0x00000004da791800, 0x00000004da800000| 56%| O|  |TS 45|AC  0|TAMS 0x00000004da700000, 0x00000004da700000|
|  84|0x00000004da800000, 0x00000004da800000, 0x00000004da900000|  0%| F|  |TS  0|AC  0|TAMS 0x00000004da800000, 0x00000004da800000|
|  85|0x00000004da900000, 0x00000004da900000, 0x00000004daa00000|  0%| F|  |TS  0|AC  0|TAMS 0x00000004da900000, 0x00000004da900000|
|  86|0x00000004daa00000, 0x00000004daa00000, 0x00000004dab00000|  0%| F|  |TS  0|AC  0|TAMS 0x00000004daa00000, 0x00000004daa00000|
|  87|0x00000004dab00000, 0x00000004dac00000, 0x00000004dac00000|100%|HS|  |TS  0|AC  0|TAMS 0x00000004dab00000, 0x00000004dab00000|
|  88|0x00000004dac00000, 0x00000004dad00000, 0x00000004dad00000|100%|HC|  |TS  0|AC  0|TAMS 0x00000004dac00000, 0x00000004dac00000|
|  89|0x00000004dad00000, 0x00000004dad00000, 0x00000004dae00000|  0%| F|  |TS  0|AC  0|TAMS 0x00000004dad00000, 0x00000004dad00000|
|  90|0x00000004dae00000, 0x00000004dae00000, 0x00000004daf00000|  0%| F|  |TS  0|AC  0|TAMS 0x00000004dae00000, 0x00000004dae00000|
|  91|0x00000004daf00000, 0x00000004daf00000, 0x00000004db000000|  0%| F|  |TS  0|AC  0|TAMS 0x00000004daf00000, 0x00000004daf00000|
|  92|0x00000004db000000, 0x00000004db000000, 0x00000004db100000|  0%| F|  |TS  0|AC  0|TAMS 0x00000004db000000, 0x00000004db000000|
|  93|0x00000004db100000, 0x00000004db100000, 0x00000004db200000|  0%| F|  |TS  0|AC  0|TAMS 0x00000004db100000, 0x00000004db100000|
|  94|0x00000004db200000, 0x00000004db200000, 0x00000004db300000|  0%| F|  |TS  0|AC  0|TAMS 0x00000004db200000, 0x00000004db200000|
|  95|0x00000004db300000, 0x00000004db300000, 0x00000004db400000|  0%| F|  |TS  0|AC  0|TAMS 0x00000004db300000, 0x00000004db300000|
|  96|0x00000004db400000, 0x00000004db400000, 0x00000004db500000|  0%| F|  |TS  0|AC  0|TAMS 0x00000004db400000, 0x00000004db400000|
|  97|0x00000004db500000, 0x00000004db500000, 0x00000004db600000|  0%| F|  |TS  0|AC  0|TAMS 0x00000004db500000, 0x00000004db500000|
|  98|0x00000004db600000, 0x00000004db600000, 0x00000004db700000|  0%| F|  |TS  0|AC  0|TAMS 0x00000004db600000, 0x00000004db600000|
|  99|0x00000004db700000, 0x00000004db700000, 0x00000004db800000|  0%| F|  |TS  0|AC  0|TAMS 0x00000004db700000, 0x00000004db700000|
| 100|0x00000004db800000, 0x00000004db800000, 0x00000004db900000|  0%| F|  |TS  0|AC  0|TAMS 0x00000004db800000, 0x00000004db800000|
| 101|0x00000004db900000, 0x00000004db900000, 0x00000004dba00000|  0%| F|  |TS  0|AC  0|TAMS 0x00000004db900000, 0x00000004db900000|
| 102|0x00000004dba00000, 0x00000004dba00000, 0x00000004dbb00000|  0%| F|  |TS  0|AC  0|TAMS 0x00000004dba00000, 0x00000004dba00000|
| 103|0x00000004dbb00000, 0x00000004dbb00000, 0x00000004dbc00000|  0%| F|  |TS  0|AC  0|TAMS 0x00000004dbb00000, 0x00000004dbb00000|
| 104|0x00000004dbc00000, 0x00000004dbc00000, 0x00000004dbd00000|  0%| F|  |TS  0|AC  0|TAMS 0x00000004dbc00000, 0x00000004dbc00000|
| 105|0x00000004dbd00000, 0x00000004dbd00000, 0x00000004dbe00000|  0%| F|  |TS  0|AC  0|TAMS 0x00000004dbd00000, 0x00000004dbd00000|
| 106|0x00000004dbe00000, 0x00000004dbe00000, 0x00000004dbf00000|  0%| F|  |TS  0|AC  0|TAMS 0x00000004dbe00000, 0x00000004dbe00000|
| 107|0x00000004dbf00000, 0x00000004dbf00000, 0x00000004dc000000|  0%| F|  |TS  0|AC  0|TAMS 0x00000004dbf00000, 0x00000004dbf00000|
| 108|0x00000004dc000000, 0x00000004dc000000, 0x00000004dc100000|  0%| F|  |TS  0|AC  0|TAMS 0x00000004dc000000, 0x00000004dc000000|
| 109|0x00000004dc100000, 0x00000004dc100000, 0x00000004dc200000|  0%| F|  |TS  0|AC  0|TAMS 0x00000004dc100000, 0x00000004dc100000|
| 110|0x00000004dc200000, 0x00000004dc200000, 0x00000004dc300000|  0%| F|  |TS  0|AC  0|TAMS 0x00000004dc200000, 0x00000004dc200000|
| 111|0x00000004dc300000, 0x00000004dc300000, 0x00000004dc400000|  0%| F|  |TS  0|AC  0|TAMS 0x00000004dc300000, 0x00000004dc300000|
| 112|0x00000004dc400000, 0x00000004dc400000, 0x00000004dc500000|  0%| F|  |TS  0|AC  0|TAMS 0x00000004dc400000, 0x00000004dc400000|
| 113|0x00000004dc500000, 0x00000004dc500000, 0x00000004dc600000|  0%| F|  |TS  0|AC  0|TAMS 0x00000004dc500000, 0x00000004dc500000|
| 114|0x00000004dc600000, 0x00000004dc600000, 0x00000004dc700000|  0%| F|  |TS  0|AC  0|TAMS 0x00000004dc600000, 0x00000004dc600000|
| 115|0x00000004dc700000, 0x00000004dc700000, 0x00000004dc800000|  0%| F|  |TS  0|AC  0|TAMS 0x00000004dc700000, 0x00000004dc700000|
| 116|0x00000004dc800000, 0x00000004dc800000, 0x00000004dc900000|  0%| F|  |TS  0|AC  0|TAMS 0x00000004dc800000, 0x00000004dc800000|
| 117|0x00000004dc900000, 0x00000004dc900000, 0x00000004dca00000|  0%| F|  |TS  0|AC  0|TAMS 0x00000004dc900000, 0x00000004dc900000|
| 118|0x00000004dca00000, 0x00000004dca00000, 0x00000004dcb00000|  0%| F|  |TS  0|AC  0|TAMS 0x00000004dca00000, 0x00000004dca00000|
| 119|0x00000004dcb00000, 0x00000004dcb00000, 0x00000004dcc00000|  0%| F|  |TS  0|AC  0|TAMS 0x00000004dcb00000, 0x00000004dcb00000|
| 120|0x00000004dcc00000, 0x00000004dcc00000, 0x00000004dcd00000|  0%| F|  |TS  0|AC  0|TAMS 0x00000004dcc00000, 0x00000004dcc00000|
| 121|0x00000004dcd00000, 0x00000004dcd00000, 0x00000004dce00000|  0%| F|  |TS  0|AC  0|TAMS 0x00000004dcd00000, 0x00000004dcd00000|
| 122|0x00000004dce00000, 0x00000004dce00000, 0x00000004dcf00000|  0%| F|  |TS  0|AC  0|TAMS 0x00000004dce00000, 0x00000004dce00000|
| 123|0x00000004dcf00000, 0x00000004dcf00000, 0x00000004dd000000|  0%| F|  |TS  0|AC  0|TAMS 0x00000004dcf00000, 0x00000004dcf00000|
| 124|0x00000004dd000000, 0x00000004dd000000, 0x00000004dd100000|  0%| F|  |TS  0|AC  0|TAMS 0x00000004dd000000, 0x00000004dd000000|
| 125|0x00000004dd100000, 0x00000004dd100000, 0x00000004dd200000|  0%| F|  |TS  0|AC  0|TAMS 0x00000004dd100000, 0x00000004dd100000|
| 126|0x00000004dd200000, 0x00000004dd200000, 0x00000004dd300000|  0%| F|  |TS  0|AC  0|TAMS 0x00000004dd200000, 0x00000004dd200000|
| 127|0x00000004dd300000, 0x00000004dd300000, 0x00000004dd400000|  0%| F|  |TS  0|AC  0|TAMS 0x00000004dd300000, 0x00000004dd300000|
| 128|0x00000004dd400000, 0x00000004dd400000, 0x00000004dd500000|  0%| F|  |TS  0|AC  0|TAMS 0x00000004dd400000, 0x00000004dd400000|
| 129|0x00000004dd500000, 0x00000004dd500000, 0x00000004dd600000|  0%| F|  |TS  0|AC  0|TAMS 0x00000004dd500000, 0x00000004dd500000|
| 130|0x00000004dd600000, 0x00000004dd600000, 0x00000004dd700000|  0%| F|  |TS  0|AC  0|TAMS 0x00000004dd600000, 0x00000004dd600000|
| 131|0x00000004dd700000, 0x00000004dd700000, 0x00000004dd800000|  0%| F|  |TS  0|AC  0|TAMS 0x00000004dd700000, 0x00000004dd700000|
| 132|0x00000004dd800000, 0x00000004dd800000, 0x00000004dd900000|  0%| F|  |TS  0|AC  0|TAMS 0x00000004dd800000, 0x00000004dd800000|
| 133|0x00000004dd900000, 0x00000004dd900000, 0x00000004dda00000|  0%| F|  |TS  0|AC  0|TAMS 0x00000004dd900000, 0x00000004dd900000|
| 134|0x00000004dda00000, 0x00000004dda00000, 0x00000004ddb00000|  0%| F|  |TS  0|AC  0|TAMS 0x00000004dda00000, 0x00000004dda00000|
| 135|0x00000004ddb00000, 0x00000004ddb00000, 0x00000004ddc00000|  0%| F|  |TS  0|AC  0|TAMS 0x00000004ddb00000, 0x00000004ddb00000|
| 136|0x00000004ddc00000, 0x00000004ddc00000, 0x00000004ddd00000|  0%| F|  |TS  0|AC  0|TAMS 0x00000004ddc00000, 0x00000004ddc00000|
| 137|0x00000004ddd00000, 0x00000004ddd00000, 0x00000004dde00000|  0%| F|  |TS  0|AC  0|TAMS 0x00000004ddd00000, 0x00000004ddd00000|
| 138|0x00000004dde00000, 0x00000004dde00000, 0x00000004ddf00000|  0%| F|  |TS  0|AC  0|TAMS 0x00000004dde00000, 0x00000004dde00000|
| 139|0x00000004ddf00000, 0x00000004ddf00000, 0x00000004de000000|  0%| F|  |TS  0|AC  0|TAMS 0x00000004ddf00000, 0x00000004ddf00000|
| 140|0x00000004de000000, 0x00000004de000000, 0x00000004de100000|  0%| F|  |TS  0|AC  0|TAMS 0x00000004de000000, 0x00000004de000000|
| 141|0x00000004de100000, 0x00000004de100000, 0x00000004de200000|  0%| F|  |TS  0|AC  0|TAMS 0x00000004de100000, 0x00000004de100000|
| 142|0x00000004de200000, 0x00000004de200000, 0x00000004de300000|  0%| F|  |TS  0|AC  0|TAMS 0x00000004de200000, 0x00000004de200000|
| 143|0x00000004de300000, 0x00000004de300000, 0x00000004de400000|  0%| F|  |TS  0|AC  0|TAMS 0x00000004de300000, 0x00000004de300000|
| 144|0x00000004de400000, 0x00000004de400000, 0x00000004de500000|  0%| F|  |TS  0|AC  0|TAMS 0x00000004de400000, 0x00000004de400000|
| 145|0x00000004de500000, 0x00000004de500000, 0x00000004de600000|  0%| F|  |TS  0|AC  0|TAMS 0x00000004de500000, 0x00000004de500000|
| 146|0x00000004de600000, 0x00000004de600000, 0x00000004de700000|  0%| F|  |TS  0|AC  0|TAMS 0x00000004de600000, 0x00000004de600000|
| 147|0x00000004de700000, 0x00000004de700000, 0x00000004de800000|  0%| F|  |TS  0|AC  0|TAMS 0x00000004de700000, 0x00000004de700000|
| 148|0x00000004de800000, 0x00000004de800000, 0x00000004de900000|  0%| F|  |TS  0|AC  0|TAMS 0x00000004de800000, 0x00000004de800000|
| 149|0x00000004de900000, 0x00000004de900000, 0x00000004dea00000|  0%| F|  |TS  0|AC  0|TAMS 0x00000004de900000, 0x00000004de900000|
| 150|0x00000004dea00000, 0x00000004dea00000, 0x00000004deb00000|  0%| F|  |TS  0|AC  0|TAMS 0x00000004dea00000, 0x00000004dea00000|
| 151|0x00000004deb00000, 0x00000004deb00000, 0x00000004dec00000|  0%| F|  |TS  0|AC  0|TAMS 0x00000004deb00000, 0x00000004deb00000|
| 152|0x00000004dec00000, 0x00000004dec00000, 0x00000004ded00000|  0%| F|  |TS  0|AC  0|TAMS 0x00000004dec00000, 0x00000004dec00000|
| 153|0x00000004ded00000, 0x00000004ded00000, 0x00000004dee00000|  0%| F|  |TS  0|AC  0|TAMS 0x00000004ded00000, 0x00000004ded00000|
| 154|0x00000004dee00000, 0x00000004dee00000, 0x00000004def00000|  0%| F|  |TS  0|AC  0|TAMS 0x00000004dee00000, 0x00000004dee00000|
| 155|0x00000004def00000, 0x00000004def00000, 0x00000004df000000|  0%| F|  |TS  0|AC  0|TAMS 0x00000004def00000, 0x00000004def00000|
| 156|0x00000004df000000, 0x00000004df000000, 0x00000004df100000|  0%| F|  |TS  0|AC  0|TAMS 0x00000004df000000, 0x00000004df000000|
| 157|0x00000004df100000, 0x00000004df100000, 0x00000004df200000|  0%| F|  |TS  0|AC  0|TAMS 0x00000004df100000, 0x00000004df100000|
| 158|0x00000004df200000, 0x00000004df200000, 0x00000004df300000|  0%| F|  |TS  0|AC  0|TAMS 0x00000004df200000, 0x00000004df200000|
| 159|0x00000004df300000, 0x00000004df300000, 0x00000004df400000|  0%| F|  |TS  0|AC  0|TAMS 0x00000004df300000, 0x00000004df300000|
| 160|0x00000004df400000, 0x00000004df400000, 0x00000004df500000|  0%| F|  |TS  0|AC  0|TAMS 0x00000004df400000, 0x00000004df400000|
| 161|0x00000004df500000, 0x00000004df500000, 0x00000004df600000|  0%| F|  |TS  0|AC  0|TAMS 0x00000004df500000, 0x00000004df500000|
| 162|0x00000004df600000, 0x00000004df600000, 0x00000004df700000|  0%| F|  |TS  0|AC  0|TAMS 0x00000004df600000, 0x00000004df600000|
| 163|0x00000004df700000, 0x00000004df700000, 0x00000004df800000|  0%| F|  |TS  0|AC  0|TAMS 0x00000004df700000, 0x00000004df700000|
| 164|0x00000004df800000, 0x00000004df800000, 0x00000004df900000|  0%| F|  |TS  0|AC  0|TAMS 0x00000004df800000, 0x00000004df800000|
| 165|0x00000004df900000, 0x00000004df900000, 0x00000004dfa00000|  0%| F|  |TS  0|AC  0|TAMS 0x00000004df900000, 0x00000004df900000|
| 166|0x00000004dfa00000, 0x00000004dfa00000, 0x00000004dfb00000|  0%| F|  |TS  0|AC  0|TAMS 0x00000004dfa00000, 0x00000004dfa00000|
| 167|0x00000004dfb00000, 0x00000004dfb00000, 0x00000004dfc00000|  0%| F|  |TS  0|AC  0|TAMS 0x00000004dfb00000, 0x00000004dfb00000|
| 168|0x00000004dfc00000, 0x00000004dfc00000, 0x00000004dfd00000|  0%| F|  |TS  0|AC  0|TAMS 0x00000004dfc00000, 0x00000004dfc00000|
| 169|0x00000004dfd00000, 0x00000004dfd00000, 0x00000004dfe00000|  0%| F|  |TS  0|AC  0|TAMS 0x00000004dfd00000, 0x00000004dfd00000|
| 170|0x00000004dfe00000, 0x00000004dfe00000, 0x00000004dff00000|  0%| F|  |TS  0|AC  0|TAMS 0x00000004dfe00000, 0x00000004dfe00000|
| 171|0x00000004dff00000, 0x00000004dff00000, 0x00000004e0000000|  0%| F|  |TS  0|AC  0|TAMS 0x00000004dff00000, 0x00000004dff00000|
| 172|0x00000004e0000000, 0x00000004e0000000, 0x00000004e0100000|  0%| F|  |TS  0|AC  0|TAMS 0x00000004e0000000, 0x00000004e0000000|
| 173|0x00000004e0100000, 0x00000004e0100000, 0x00000004e0200000|  0%| F|  |TS  0|AC  0|TAMS 0x00000004e0100000, 0x00000004e0100000|
| 174|0x00000004e0200000, 0x00000004e0200000, 0x00000004e0300000|  0%| F|  |TS  0|AC  0|TAMS 0x00000004e0200000, 0x00000004e0200000|
| 175|0x00000004e0300000, 0x00000004e0300000, 0x00000004e0400000|  0%| F|  |TS  0|AC  0|TAMS 0x00000004e0300000, 0x00000004e0300000|
| 176|0x00000004e0400000, 0x00000004e0400000, 0x00000004e0500000|  0%| F|  |TS  0|AC  0|TAMS 0x00000004e0400000, 0x00000004e0400000|
| 177|0x00000004e0500000, 0x00000004e0500000, 0x00000004e0600000|  0%| F|  |TS  0|AC  0|TAMS 0x00000004e0500000, 0x00000004e0500000|
| 178|0x00000004e0600000, 0x00000004e0600000, 0x00000004e0700000|  0%| F|  |TS  0|AC  0|TAMS 0x00000004e0600000, 0x00000004e0600000|
| 179|0x00000004e0700000, 0x00000004e0700000, 0x00000004e0800000|  0%| F|  |TS  0|AC  0|TAMS 0x00000004e0700000, 0x00000004e0700000|
| 180|0x00000004e0800000, 0x00000004e0800000, 0x00000004e0900000|  0%| F|  |TS  0|AC  0|TAMS 0x00000004e0800000, 0x00000004e0800000|
| 181|0x00000004e0900000, 0x00000004e0900000, 0x00000004e0a00000|  0%| F|  |TS  0|AC  0|TAMS 0x00000004e0900000, 0x00000004e0900000|
| 182|0x00000004e0a00000, 0x00000004e0a00000, 0x00000004e0b00000|  0%| F|  |TS  0|AC  0|TAMS 0x00000004e0a00000, 0x00000004e0a00000|
| 183|0x00000004e0b00000, 0x00000004e0b00000, 0x00000004e0c00000|  0%| F|  |TS 35|AC  0|TAMS 0x00000004e0b00000, 0x00000004e0b00000|
| 184|0x00000004e0c00000, 0x00000004e0cae328, 0x00000004e0d00000| 68%| S|CS|TS 45|AC  0|TAMS 0x00000004e0c00000, 0x00000004e0c00000|
| 185|0x00000004e0d00000, 0x00000004e0d00000, 0x00000004e0e00000|  0%| F|  |TS 45|AC  0|TAMS 0x00000004e0d00000, 0x00000004e0d00000|
| 186|0x00000004e0e00000, 0x00000004e0e00000, 0x00000004e0f00000|  0%| F|  |TS 45|AC  0|TAMS 0x00000004e0e00000, 0x00000004e0e00000|
| 187|0x00000004e0f00000, 0x00000004e0f00000, 0x00000004e1000000|  0%| F|  |TS 45|AC  0|TAMS 0x00000004e0f00000, 0x00000004e0f00000|
| 188|0x00000004e1000000, 0x00000004e1000000, 0x00000004e1100000|  0%| F|  |TS 45|AC  0|TAMS 0x00000004e1000000, 0x00000004e1000000|
| 189|0x00000004e1100000, 0x00000004e1100000, 0x00000004e1200000|  0%| F|  |TS 45|AC  0|TAMS 0x00000004e1100000, 0x00000004e1100000|
| 190|0x00000004e1200000, 0x00000004e1200000, 0x00000004e1300000|  0%| F|  |TS 45|AC  0|TAMS 0x00000004e1200000, 0x00000004e1200000|
| 191|0x00000004e1300000, 0x00000004e1300000, 0x00000004e1400000|  0%| F|  |TS 45|AC  0|TAMS 0x00000004e1300000, 0x00000004e1300000|
| 192|0x00000004e1400000, 0x00000004e1400000, 0x00000004e1500000|  0%| F|  |TS 45|AC  0|TAMS 0x00000004e1400000, 0x00000004e1400000|
| 193|0x00000004e1500000, 0x00000004e1500000, 0x00000004e1600000|  0%| F|  |TS 45|AC  0|TAMS 0x00000004e1500000, 0x00000004e1500000|
| 194|0x00000004e1600000, 0x00000004e1600000, 0x00000004e1700000|  0%| F|  |TS 45|AC  0|TAMS 0x00000004e1600000, 0x00000004e1600000|
| 195|0x00000004e1700000, 0x00000004e1700000, 0x00000004e1800000|  0%| F|  |TS 45|AC  0|TAMS 0x00000004e1700000, 0x00000004e1700000|
| 196|0x00000004e1800000, 0x00000004e1800000, 0x00000004e1900000|  0%| F|  |TS 45|AC  0|TAMS 0x00000004e1800000, 0x00000004e1800000|
| 197|0x00000004e1900000, 0x00000004e1900000, 0x00000004e1a00000|  0%| F|  |TS 45|AC  0|TAMS 0x00000004e1900000, 0x00000004e1900000|
| 198|0x00000004e1a00000, 0x00000004e1a00000, 0x00000004e1b00000|  0%| F|  |TS 45|AC  0|TAMS 0x00000004e1a00000, 0x00000004e1a00000|
| 199|0x00000004e1b00000, 0x00000004e1b00000, 0x00000004e1c00000|  0%| F|  |TS 45|AC  0|TAMS 0x00000004e1b00000, 0x00000004e1b00000|
| 200|0x00000004e1c00000, 0x00000004e1c00000, 0x00000004e1d00000|  0%| F|  |TS 45|AC  0|TAMS 0x00000004e1c00000, 0x00000004e1c00000|
| 201|0x00000004e1d00000, 0x00000004e1d00000, 0x00000004e1e00000|  0%| F|  |TS 45|AC  0|TAMS 0x00000004e1d00000, 0x00000004e1d00000|
| 202|0x00000004e1e00000, 0x00000004e1e00000, 0x00000004e1f00000|  0%| F|  |TS 45|AC  0|TAMS 0x00000004e1e00000, 0x00000004e1e00000|
| 203|0x00000004e1f00000, 0x00000004e1f00000, 0x00000004e2000000|  0%| F|  |TS 45|AC  0|TAMS 0x00000004e1f00000, 0x00000004e1f00000|
| 204|0x00000004e2000000, 0x00000004e2000000, 0x00000004e2100000|  0%| F|  |TS 45|AC  0|TAMS 0x00000004e2000000, 0x00000004e2000000|
| 205|0x00000004e2100000, 0x00000004e2100000, 0x00000004e2200000|  0%| F|  |TS 45|AC  0|TAMS 0x00000004e2100000, 0x00000004e2100000|
| 206|0x00000004e2200000, 0x00000004e2200000, 0x00000004e2300000|  0%| F|  |TS 45|AC  0|TAMS 0x00000004e2200000, 0x00000004e2200000|
| 207|0x00000004e2300000, 0x00000004e2300000, 0x00000004e2400000|  0%| F|  |TS 45|AC  0|TAMS 0x00000004e2300000, 0x00000004e2300000|
| 208|0x00000004e2400000, 0x00000004e2400000, 0x00000004e2500000|  0%| F|  |TS 45|AC  0|TAMS 0x00000004e2400000, 0x00000004e2400000|
| 209|0x00000004e2500000, 0x00000004e2506e00, 0x00000004e2600000|  2%| E|  |TS 45|AC  0|TAMS 0x00000004e2500000, 0x00000004e2500000|
| 210|0x00000004e2600000, 0x00000004e2700000, 0x00000004e2700000|100%| E|CS|TS 45|AC  0|TAMS 0x00000004e2600000, 0x00000004e2600000|
| 211|0x00000004e2700000, 0x00000004e2800000, 0x00000004e2800000|100%| E|CS|TS 45|AC  0|TAMS 0x00000004e2700000, 0x00000004e2700000|
| 212|0x00000004e2800000, 0x00000004e2900000, 0x00000004e2900000|100%| E|CS|TS 45|AC  0|TAMS 0x00000004e2800000, 0x00000004e2800000|
| 213|0x00000004e2900000, 0x00000004e2a00000, 0x00000004e2a00000|100%| E|CS|TS 45|AC  0|TAMS 0x00000004e2900000, 0x00000004e2900000|
| 214|0x00000004e2a00000, 0x00000004e2b00000, 0x00000004e2b00000|100%| E|CS|TS 45|AC  0|TAMS 0x00000004e2a00000, 0x00000004e2a00000|
| 215|0x00000004e2b00000, 0x00000004e2c00000, 0x00000004e2c00000|100%| E|CS|TS 45|AC  0|TAMS 0x00000004e2b00000, 0x00000004e2b00000|
| 216|0x00000004e2c00000, 0x00000004e2d00000, 0x00000004e2d00000|100%| E|CS|TS 45|AC  0|TAMS 0x00000004e2c00000, 0x00000004e2c00000|
| 217|0x00000004e2d00000, 0x00000004e2e00000, 0x00000004e2e00000|100%| E|CS|TS 45|AC  0|TAMS 0x00000004e2d00000, 0x00000004e2d00000|
| 218|0x00000004e2e00000, 0x00000004e2f00000, 0x00000004e2f00000|100%| E|CS|TS 45|AC  0|TAMS 0x00000004e2e00000, 0x00000004e2e00000|
| 219|0x00000004e2f00000, 0x00000004e3000000, 0x00000004e3000000|100%| E|CS|TS 45|AC  0|TAMS 0x00000004e2f00000, 0x00000004e2f00000|
| 220|0x00000004e3000000, 0x00000004e3100000, 0x00000004e3100000|100%| E|CS|TS 45|AC  0|TAMS 0x00000004e3000000, 0x00000004e3000000|
| 221|0x00000004e3100000, 0x00000004e3200000, 0x00000004e3200000|100%| E|CS|TS 45|AC  0|TAMS 0x00000004e3100000, 0x00000004e3100000|
| 222|0x00000004e3200000, 0x00000004e3300000, 0x00000004e3300000|100%| E|CS|TS 45|AC  0|TAMS 0x00000004e3200000, 0x00000004e3200000|
| 223|0x00000004e3300000, 0x00000004e3400000, 0x00000004e3400000|100%| E|CS|TS 45|AC  0|TAMS 0x00000004e3300000, 0x00000004e3300000|
| 224|0x00000004e3400000, 0x00000004e3500000, 0x00000004e3500000|100%| E|CS|TS 45|AC  0|TAMS 0x00000004e3400000, 0x00000004e3400000|
| 225|0x00000004e3500000, 0x00000004e3600000, 0x00000004e3600000|100%| E|CS|TS 45|AC  0|TAMS 0x00000004e3500000, 0x00000004e3500000|
| 226|0x00000004e3600000, 0x00000004e3700000, 0x00000004e3700000|100%| E|CS|TS 45|AC  0|TAMS 0x00000004e3600000, 0x00000004e3600000|
| 227|0x00000004e3700000, 0x00000004e3800000, 0x00000004e3800000|100%| E|CS|TS 45|AC  0|TAMS 0x00000004e3700000, 0x00000004e3700000|
| 228|0x00000004e3800000, 0x00000004e3900000, 0x00000004e3900000|100%| E|CS|TS 45|AC  0|TAMS 0x00000004e3800000, 0x00000004e3800000|
| 229|0x00000004e3900000, 0x00000004e3a00000, 0x00000004e3a00000|100%| E|CS|TS 45|AC  0|TAMS 0x00000004e3900000, 0x00000004e3900000|
| 230|0x00000004e3a00000, 0x00000004e3b00000, 0x00000004e3b00000|100%| E|CS|TS 45|AC  0|TAMS 0x00000004e3a00000, 0x00000004e3a00000|
| 231|0x00000004e3b00000, 0x00000004e3c00000, 0x00000004e3c00000|100%| E|CS|TS 45|AC  0|TAMS 0x00000004e3b00000, 0x00000004e3b00000|
| 232|0x00000004e3c00000, 0x00000004e3d00000, 0x00000004e3d00000|100%| E|CS|TS 45|AC  0|TAMS 0x00000004e3c00000, 0x00000004e3c00000|
| 233|0x00000004e3d00000, 0x00000004e3e00000, 0x00000004e3e00000|100%| E|CS|TS 45|AC  0|TAMS 0x00000004e3d00000, 0x00000004e3d00000|
| 234|0x00000004e3e00000, 0x00000004e3f00000, 0x00000004e3f00000|100%| E|CS|TS 45|AC  0|TAMS 0x00000004e3e00000, 0x00000004e3e00000|
| 235|0x00000004e3f00000, 0x00000004e4000000, 0x00000004e4000000|100%| E|CS|TS 45|AC  0|TAMS 0x00000004e3f00000, 0x00000004e3f00000|
| 236|0x00000004e4000000, 0x00000004e4100000, 0x00000004e4100000|100%| E|CS|TS 45|AC  0|TAMS 0x00000004e4000000, 0x00000004e4000000|
| 237|0x00000004e4100000, 0x00000004e4200000, 0x00000004e4200000|100%| E|CS|TS 45|AC  0|TAMS 0x00000004e4100000, 0x00000004e4100000|
| 238|0x00000004e4200000, 0x00000004e4300000, 0x00000004e4300000|100%| E|CS|TS 45|AC  0|TAMS 0x00000004e4200000, 0x00000004e4200000|
| 239|0x00000004e4300000, 0x00000004e4400000, 0x00000004e4400000|100%| E|CS|TS 45|AC  0|TAMS 0x00000004e4300000, 0x00000004e4300000|
| 240|0x00000004e4400000, 0x00000004e4500000, 0x00000004e4500000|100%| E|CS|TS 45|AC  0|TAMS 0x00000004e4400000, 0x00000004e4400000|
| 241|0x00000004e4500000, 0x00000004e4600000, 0x00000004e4600000|100%| E|CS|TS 45|AC  0|TAMS 0x00000004e4500000, 0x00000004e4500000|
| 242|0x00000004e4600000, 0x00000004e4700000, 0x00000004e4700000|100%| E|CS|TS 45|AC  0|TAMS 0x00000004e4600000, 0x00000004e4600000|
| 243|0x00000004e4700000, 0x00000004e4800000, 0x00000004e4800000|100%| E|CS|TS 45|AC  0|TAMS 0x00000004e4700000, 0x00000004e4700000|
| 244|0x00000004e4800000, 0x00000004e4900000, 0x00000004e4900000|100%| E|CS|TS 45|AC  0|TAMS 0x00000004e4800000, 0x00000004e4800000|

Card table byte_map: [0x0000014731df0000,0x00000147323f0000] byte_map_base: 0x000001472f746000

Marking Bits (Prev, Next): (CMBitMap*) 0x00000147493cb8d0, (CMBitMap*) 0x00000147493cb908
 Prev Bits: [0x000001473bb50000, 0x000001473eb50000)
 Next Bits: [0x000001473eb50000, 0x0000014741b50000)

Polling page: 0x000001472b370000

CodeHeap 'non-profiled nmethods': size=120000Kb used=25210Kb max_used=25210Kb free=94789Kb
 bounds [0x0000014751360000, 0x0000014752c10000, 0x0000014758890000]
CodeHeap 'profiled nmethods': size=120000Kb used=43317Kb max_used=43317Kb free=76682Kb
 bounds [0x0000014749e30000, 0x000001474c950000, 0x0000014751360000]
CodeHeap 'non-nmethods': size=5760Kb used=1811Kb max_used=1866Kb free=3948Kb
 bounds [0x0000014749890000, 0x0000014749b00000, 0x0000014749e30000]
 total_blobs=37738 nmethods=19071 adapters=1150
 compilation: enabled

Compilation events (10 events):
Event: 5146.591 Thread 0x0000014765579800 25517       4       javax.swing.JProgressBar::paintBorder (13 bytes)
Event: 5146.592 Thread 0x0000014765579800 nmethod 25517 0x0000014752bfac10 code [0x0000014752bfada0, 0x0000014752bfae58]
Event: 5146.883 Thread 0x0000014749472800 25518       4       javax.swing.plaf.basic.BasicInternalFrameTitlePane::updateProperties (35 bytes)
Event: 5146.884 Thread 0x0000014749472800 nmethod 25518 0x0000014752bfaf90 code [0x0000014752bfb160, 0x0000014752bfb2b0]
Event: 5146.890 Thread 0x000001476557a000 25519       4       javax.swing.plaf.basic.BasicInternalFrameTitlePane$Handler::<init> (6 bytes)
Event: 5146.890 Thread 0x0000014749472800 25520       4       javax.swing.plaf.synth.SynthInternalFrameTitlePane::addSystemMenuItems (127 bytes)
Event: 5146.891 Thread 0x0000014765579800 25521       4       javax.swing.plaf.basic.BasicInternalFrameTitlePane::createButtons (148 bytes)
Event: 5146.891 Thread 0x000001476557a000 nmethod 25519 0x0000014752bfb410 code [0x0000014752bfb5a0, 0x0000014752bfb6f8]
Event: 5146.902 Thread 0x0000014765579800 nmethod 25521 0x0000014752bfb790 code [0x0000014752bfba60, 0x0000014752bfc6f8]
Event: 5146.969 Thread 0x0000014749472800 nmethod 25520 0x0000014752bfcf90 code [0x0000014752bfd720, 0x0000014752c02290]

GC Heap History (10 events):
Event: 5137.119 GC heap before
{Heap before GC invocations=783 (full 307):
 garbage-first heap   total 250880K, used 146891K [0x00000004d5400000, 0x00000004d55007a8, 0x0000000595400000)
  region size 1024K, 60 young (61440K), 1 survivors (1024K)
 Metaspace       used 89673K, capacity 92473K, committed 99276K, reserved 1134592K
  class space    used 12342K, capacity 12900K, committed 14284K, reserved 1048576K
}
Event: 5137.122 GC heap after
{Heap after GC invocations=784 (full 307):
 garbage-first heap   total 250880K, used 86253K [0x00000004d5400000, 0x00000004d55007a8, 0x0000000595400000)
  region size 1024K, 1 young (1024K), 1 survivors (1024K)
 Metaspace       used 89673K, capacity 92473K, committed 99276K, reserved 1134592K
  class space    used 12342K, capacity 12900K, committed 14284K, reserved 1048576K
}
Event: 5137.637 GC heap before
{Heap before GC invocations=784 (full 307):
 garbage-first heap   total 250880K, used 146669K [0x00000004d5400000, 0x00000004d55007a8, 0x0000000595400000)
  region size 1024K, 60 young (61440K), 1 survivors (1024K)
 Metaspace       used 89673K, capacity 92473K, committed 99276K, reserved 1134592K
  class space    used 12342K, capacity 12900K, committed 14284K, reserved 1048576K
}
Event: 5137.639 GC heap after
{Heap after GC invocations=785 (full 307):
 garbage-first heap   total 250880K, used 86263K [0x00000004d5400000, 0x00000004d55007a8, 0x0000000595400000)
  region size 1024K, 1 young (1024K), 1 survivors (1024K)
 Metaspace       used 89673K, capacity 92473K, committed 99276K, reserved 1134592K
  class space    used 12342K, capacity 12900K, committed 14284K, reserved 1048576K
}
Event: 5137.999 GC heap before
{Heap before GC invocations=785 (full 307):
 garbage-first heap   total 250880K, used 146679K [0x00000004d5400000, 0x00000004d55007a8, 0x0000000595400000)
  region size 1024K, 60 young (61440K), 1 survivors (1024K)
 Metaspace       used 89673K, capacity 92473K, committed 99276K, reserved 1134592K
  class space    used 12342K, capacity 12900K, committed 14284K, reserved 1048576K
}
Event: 5138.002 GC heap after
{Heap after GC invocations=786 (full 307):
 garbage-first heap   total 250880K, used 86236K [0x00000004d5400000, 0x00000004d55007a8, 0x0000000595400000)
  region size 1024K, 1 young (1024K), 1 survivors (1024K)
 Metaspace       used 89673K, capacity 92473K, committed 99276K, reserved 1134592K
  class space    used 12342K, capacity 12900K, committed 14284K, reserved 1048576K
}
Event: 5141.182 GC heap before
{Heap before GC invocations=786 (full 307):
 garbage-first heap   total 250880K, used 146652K [0x00000004d5400000, 0x00000004d55007a8, 0x0000000595400000)
  region size 1024K, 60 young (61440K), 1 survivors (1024K)
 Metaspace       used 89673K, capacity 92473K, committed 99276K, reserved 1134592K
  class space    used 12342K, capacity 12900K, committed 14284K, reserved 1048576K
}
Event: 5141.185 GC heap after
{Heap after GC invocations=787 (full 307):
 garbage-first heap   total 250880K, used 86470K [0x00000004d5400000, 0x00000004d55007a8, 0x0000000595400000)
  region size 1024K, 1 young (1024K), 1 survivors (1024K)
 Metaspace       used 89673K, capacity 92473K, committed 99276K, reserved 1134592K
  class space    used 12342K, capacity 12900K, committed 14284K, reserved 1048576K
}
Event: 5145.278 GC heap before
{Heap before GC invocations=787 (full 307):
 garbage-first heap   total 250880K, used 146886K [0x00000004d5400000, 0x00000004d55007a8, 0x0000000595400000)
  region size 1024K, 60 young (61440K), 1 survivors (1024K)
 Metaspace       used 89673K, capacity 92473K, committed 99276K, reserved 1134592K
  class space    used 12342K, capacity 12900K, committed 14284K, reserved 1048576K
}
Event: 5145.281 GC heap after
{Heap after GC invocations=788 (full 307):
 garbage-first heap   total 250880K, used 86431K [0x00000004d5400000, 0x00000004d55007a8, 0x0000000595400000)
  region size 1024K, 1 young (1024K), 1 survivors (1024K)
 Metaspace       used 89673K, capacity 92473K, committed 99276K, reserved 1134592K
  class space    used 12342K, capacity 12900K, committed 14284K, reserved 1048576K
}

Deoptimization events (10 events):
Event: 5118.334 Thread 0x0000014734fad000 Uncommon trap: reason=speculate_class_check action=maybe_recompile pc=0x0000014752130d50 method=ui.utils.i.j.b.j.getTableCellRendererComponent(Ljavax/swing/JTable;Ljava/lang/Object;ZZII)Ljava/awt/Component; @ 112 c2
Event: 5118.334 Thread 0x0000014734fad000 Uncommon trap: reason=speculate_class_check action=maybe_recompile pc=0x000001475212c040 method=com.jidesoft.grid.StyledTableCellRenderer.getTableCellRendererComponent(Ljavax/swing/JTable;Ljava/lang/Object;ZZII)Ljava/awt/Component; @ 19 c2
Event: 5118.334 Thread 0x0000014734fad000 Uncommon trap: reason=class_check action=maybe_recompile pc=0x0000014752639b34 method=com.jidesoft.grid.TreeExpandablePanel.paintFocus(Ljava/awt/Graphics;)V @ 27 c2
Event: 5118.345 Thread 0x0000014734fad000 Uncommon trap: reason=class_check action=maybe_recompile pc=0x000001475203f868 method=ui.views.cZ.a(Lui/frmwork/b/a;)V @ 171 c2
Event: 5118.354 Thread 0x0000014734fad000 Uncommon trap: reason=class_check action=maybe_recompile pc=0x000001475209f074 method=com.jidesoft.grid.TreeTableCellRenderer.getTableCellRendererComponent(Ljavax/swing/JTable;Ljava/lang/Object;ZZII)Ljava/awt/Component; @ 189 c2
Event: 5118.354 Thread 0x0000014734fad000 Uncommon trap: reason=class_check action=maybe_recompile pc=0x0000014752639b34 method=com.jidesoft.grid.TreeExpandablePanel.paintFocus(Ljava/awt/Graphics;)V @ 27 c2
Event: 5118.465 Thread 0x0000014734fad000 Uncommon trap: reason=class_check action=maybe_recompile pc=0x000001475209f074 method=com.jidesoft.grid.TreeTableCellRenderer.getTableCellRendererComponent(Ljavax/swing/JTable;Ljava/lang/Object;ZZII)Ljava/awt/Component; @ 189 c2
Event: 5118.466 Thread 0x0000014734fad000 Uncommon trap: reason=class_check action=maybe_recompile pc=0x0000014752639b34 method=com.jidesoft.grid.TreeExpandablePanel.paintFocus(Ljava/awt/Graphics;)V @ 27 c2
Event: 5119.278 Thread 0x0000014734fad000 Uncommon trap: reason=class_check action=maybe_recompile pc=0x000001475203f868 method=ui.views.cZ.a(Lui/frmwork/b/a;)V @ 171 c2
Event: 5120.160 Thread 0x0000014734fad000 Uncommon trap: reason=class_check action=maybe_recompile pc=0x000001475203f868 method=ui.views.cZ.a(Lui/frmwork/b/a;)V @ 171 c2

Classes redefined (0 events):
No events

Internal exceptions (10 events):
Event: 5127.116 Thread 0x0000014734fad000 Exception <a 'java/io/FileNotFoundException'{0x00000004e2ae07b8}> (0x00000004e2ae07b8) thrown at [t:/workspace/hotspot/src/share/vm/prims/jni.cpp, line 604]
Event: 5127.243 Thread 0x0000014734fad000 Exception <a 'java/io/FileNotFoundException'{0x00000004e2aff948}> (0x00000004e2aff948) thrown at [t:/workspace/hotspot/src/share/vm/prims/jni.cpp, line 604]
Event: 5132.116 Thread 0x0000014734fad000 Exception <a 'java/io/FileNotFoundException'{0x00000004e2d93358}> (0x00000004e2d93358) thrown at [t:/workspace/hotspot/src/share/vm/prims/jni.cpp, line 604]
Event: 5132.245 Thread 0x0000014734fad000 Exception <a 'java/io/FileNotFoundException'{0x00000004e2cbffc8}> (0x00000004e2cbffc8) thrown at [t:/workspace/hotspot/src/share/vm/prims/jni.cpp, line 604]
Event: 5137.176 Thread 0x0000014734fad000 Exception <a 'java/io/FileNotFoundException'{0x00000004e365aed0}> (0x00000004e365aed0) thrown at [t:/workspace/hotspot/src/share/vm/prims/jni.cpp, line 604]
Event: 5137.248 Thread 0x0000014734fad000 Exception <a 'java/io/FileNotFoundException'{0x00000004e1f18378}> (0x00000004e1f18378) thrown at [t:/workspace/hotspot/src/share/vm/prims/jni.cpp, line 604]
Event: 5142.116 Thread 0x0000014734fad000 Exception <a 'java/io/FileNotFoundException'{0x00000004e398b1b0}> (0x00000004e398b1b0) thrown at [t:/workspace/hotspot/src/share/vm/prims/jni.cpp, line 604]
Event: 5142.247 Thread 0x0000014734fad000 Exception <a 'java/io/FileNotFoundException'{0x00000004e36695c8}> (0x00000004e36695c8) thrown at [t:/workspace/hotspot/src/share/vm/prims/jni.cpp, line 604]
Event: 5147.117 Thread 0x0000014734fad000 Exception <a 'java/io/FileNotFoundException'{0x00000004e28a5318}> (0x00000004e28a5318) thrown at [t:/workspace/hotspot/src/share/vm/prims/jni.cpp, line 604]
Event: 5147.248 Thread 0x0000014734fad000 Exception <a 'java/io/FileNotFoundException'{0x00000004e27385c8}> (0x00000004e27385c8) thrown at [t:/workspace/hotspot/src/share/vm/prims/jni.cpp, line 604]

Events (10 events):
Event: 5145.282 Executing VM operation: RevokeBias
Event: 5145.282 Executing VM operation: RevokeBias done
Event: 5145.336 Thread 0x000001476b22f800 Thread added: 0x000001476b22f800
Event: 5145.338 Thread 0x000001476b22f800 Thread exited: 0x000001476b22f800
Event: 5146.251 Thread 0x000001476b22f800 Thread added: 0x000001476b22f800
Event: 5146.253 Thread 0x000001476b22f800 Thread exited: 0x000001476b22f800
Event: 5146.890 loading class javax/swing/plaf/basic/BasicInternalFrameTitlePane$1
Event: 5146.890 loading class javax/swing/plaf/basic/BasicInternalFrameTitlePane$1 done
Event: 5147.251 Thread 0x000001476b22a800 Thread added: 0x000001476b22a800
Event: 5147.257 Thread 0x000001476b22a800 Thread exited: 0x000001476b22a800


Dynamic libraries:
0x00007ff6c7ef0000 - 0x00007ff6c7f20000 	D:\Xilinx\Vivado\2020.1\bin\unwrapped\win64.o\vivado.exe
0x00007ffd4ec90000 - 0x00007ffd4eea7000 	C:\WINDOWS\SYSTEM32\ntdll.dll
0x00007ffd4cb20000 - 0x00007ffd4cbe4000 	C:\WINDOWS\System32\KERNEL32.DLL
0x00007ffd4bf90000 - 0x00007ffd4c349000 	C:\WINDOWS\System32\KERNELBASE.dll
0x00007ffd4c830000 - 0x00007ffd4c941000 	C:\WINDOWS\System32\ucrtbase.dll
0x00007ffd3b8f0000 - 0x00007ffd3b97d000 	C:\WINDOWS\SYSTEM32\MSVCP140.dll
0x00007ffd3af00000 - 0x00007ffd3af1a000 	D:\Xilinx\Vivado\2020.1\lib\win64.o\librdi_commonmain.dll
0x00007ffd3b8d0000 - 0x00007ffd3b8ee000 	C:\WINDOWS\SYSTEM32\VCRUNTIME140.dll
0x00007ffd3af20000 - 0x00007ffd3af34000 	D:\Xilinx\Vivado\2020.1\lib\win64.o\libboost_signals.dll
0x00007ffd3b8c0000 - 0x00007ffd3b8cc000 	C:\WINDOWS\SYSTEM32\VCRUNTIME140_1.dll
0x00007ffd33df0000 - 0x00007ffd33e16000 	D:\Xilinx\Vivado\2020.1\lib\win64.o\libboost_filesystem.dll
0x00007ffd4cea0000 - 0x00007ffd4cf52000 	C:\WINDOWS\System32\ADVAPI32.dll
0x00007ffd3c130000 - 0x00007ffd3c13a000 	D:\Xilinx\Vivado\2020.1\lib\win64.o\librdi_commonversion.dll
0x00007ffd4d200000 - 0x00007ffd4d2a7000 	C:\WINDOWS\System32\msvcrt.dll
0x00007ffd4db30000 - 0x00007ffd4dbd7000 	C:\WINDOWS\System32\sechost.dll
0x00007ffd4c950000 - 0x00007ffd4c978000 	C:\WINDOWS\System32\bcrypt.dll
0x00007ffd4c9b0000 - 0x00007ffd4cac4000 	C:\WINDOWS\System32\RPCRT4.dll
0x00007ffcf7880000 - 0x00007ffcf7a21000 	D:\Xilinx\Vivado\2020.1\lib\win64.o\librdi_commonxillic.dll
0x00007ffd4d050000 - 0x00007ffd4d1fe000 	C:\WINDOWS\System32\USER32.dll
0x00007ffd4c980000 - 0x00007ffd4c9a6000 	C:\WINDOWS\System32\win32u.dll
0x00007ffd4e5c0000 - 0x00007ffd4e5e9000 	C:\WINDOWS\System32\GDI32.dll
0x00007ffd4c710000 - 0x00007ffd4c82b000 	C:\WINDOWS\System32\gdi32full.dll
0x0000000058cc0000 - 0x0000000058deb000 	D:\Xilinx\Vivado\2020.1\lib\win64.o\tcl85t.dll
0x00007ffd4eba0000 - 0x00007ffd4ec11000 	C:\WINDOWS\System32\WS2_32.dll
0x00007ffd4c670000 - 0x00007ffd4c70a000 	C:\WINDOWS\System32\msvcp_win.dll
0x00007ffcde6e0000 - 0x00007ffcdf7a6000 	D:\Xilinx\Vivado\2020.1\lib\win64.o\librdi_common.dll
0x00007ffd334d0000 - 0x00007ffd334db000 	D:\Xilinx\Vivado\2020.1\lib\win64.o\libboost_system.dll
0x00007ffd4d2b0000 - 0x00007ffd4db26000 	C:\WINDOWS\System32\SHELL32.dll
0x00007ffcfcdc0000 - 0x00007ffcfced4000 	D:\Xilinx\Vivado\2020.1\lib\win64.o\libboost_regex.dll
0x00007ffcf6370000 - 0x00007ffcf664b000 	D:\Xilinx\Vivado\2020.1\lib\win64.o\libXil_lmgr11.dll
0x00007ffd4e740000 - 0x00007ffd4e83f000 	C:\WINDOWS\System32\COMDLG32.dll
0x00007ffd4dbe0000 - 0x00007ffd4df6f000 	C:\WINDOWS\System32\combase.dll
0x00007ffcf5590000 - 0x00007ffcf58fe000 	D:\Xilinx\Vivado\2020.1\lib\win64.o\libCOIN-all.dll
0x00007ffd4eaa0000 - 0x00007ffd4eb99000 	C:\WINDOWS\System32\shcore.dll
0x00007ffd334b0000 - 0x00007ffd334c4000 	D:\Xilinx\Vivado\2020.1\lib\win64.o\libboost_date_time.dll
0x00007ffd4e860000 - 0x00007ffd4e8be000 	C:\WINDOWS\System32\SHLWAPI.dll
0x00007ffcff670000 - 0x00007ffcff6ef000 	D:\Xilinx\Vivado\2020.1\lib\win64.o\libboost_program_options.dll
0x00007ffd4cf70000 - 0x00007ffd4d047000 	C:\WINDOWS\System32\OLEAUT32.dll
0x00007ffd30070000 - 0x00007ffd30091000 	D:\Xilinx\Vivado\2020.1\lib\win64.o\libboost_thread.dll
0x00007ffd4cc00000 - 0x00007ffd4cda5000 	C:\WINDOWS\System32\ole32.dll
0x00007ffd302d0000 - 0x00007ffd302df000 	D:\Xilinx\Vivado\2020.1\lib\win64.o\libboost_xilinx.dll
0x00007ffd4c540000 - 0x00007ffd4c5ac000 	C:\WINDOWS\System32\WINTRUST.dll
0x00007ffd4c3d0000 - 0x00007ffd4c536000 	C:\WINDOWS\System32\CRYPT32.dll
0x00007ffcfcab0000 - 0x00007ffcfcb32000 	D:\Xilinx\Vivado\2020.1\lib\win64.o\libhdlpsolve.dll
0x00007ffcfc670000 - 0x00007ffcfc715000 	D:\Xilinx\Vivado\2020.1\lib\win64.o\libhdxml.dll
0x00007ffd30040000 - 0x00007ffd3006e000 	D:\Xilinx\Vivado\2020.1\lib\win64.o\libisl_sysinfo.dll
0x00007ffd2b520000 - 0x00007ffd2b585000 	D:\Xilinx\Vivado\2020.1\lib\win64.o\liblmx6.0.dll
0x00007ffd2e430000 - 0x00007ffd2e44a000 	D:\Xilinx\Vivado\2020.1\lib\win64.o\pthreadVC2.dll
0x00007ffd2e410000 - 0x00007ffd2e42c000 	D:\Xilinx\Vivado\2020.1\lib\win64.o\librdiconfig.dll
0x00007ffd2c9f0000 - 0x00007ffd2ca11000 	D:\Xilinx\Vivado\2020.1\lib\win64.o\librdizlib.dll
0x0000000012000000 - 0x0000000012270000 	D:\Xilinx\Vivado\2020.1\lib\win64.o\xerces-c_3_1.dll
0x00007ffd3b000000 - 0x00007ffd3b019000 	C:\WINDOWS\SYSTEM32\NETAPI32.dll
0x00007ffd35bd0000 - 0x00007ffd360ce000 	C:\WINDOWS\SYSTEM32\WININET.dll
0x00007ffd477c0000 - 0x00007ffd478f6000 	C:\WINDOWS\SYSTEM32\WINHTTP.dll
0x00007ffd32c70000 - 0x00007ffd32e60000 	C:\WINDOWS\SYSTEM32\urlmon.dll
0x00007ffcd93f0000 - 0x00007ffcda0a5a00 	D:\Xilinx\Vivado\2020.1\lib\win64.o\libisl_iostreams.dll
0x00007ffd34450000 - 0x00007ffd34459000 	C:\WINDOWS\SYSTEM32\WSOCK32.dll
0x00007ffd2c190000 - 0x00007ffd2c1c0000 	C:\WINDOWS\SYSTEM32\VCOMP140.DLL
0x00007ffcd7a00000 - 0x00007ffcd8891000 	D:\Xilinx\Vivado\2020.1\lib\win64.o\gurobi65.dll
0x00007ffd2f110000 - 0x00007ffd2f1c3000 	C:\WINDOWS\WinSxS\amd64_microsoft.windows.common-controls_6595b64144ccf1df_5.82.22621.3527_none_b43b7f4b638cc64f\COMCTL32.dll
0x00007ffd464f0000 - 0x00007ffd4650f000 	C:\WINDOWS\SYSTEM32\dhcpcsvc.DLL
0x00007ffd302c0000 - 0x00007ffd302cd000 	D:\Xilinx\Vivado\2020.1\lib\win64.o\libboost_chrono.dll
0x00007ffd329b0000 - 0x00007ffd32c6e000 	C:\WINDOWS\SYSTEM32\iertutil.dll
0x00007ffd32980000 - 0x00007ffd329a8000 	C:\WINDOWS\SYSTEM32\srvcli.dll
0x00007ffd4aa60000 - 0x00007ffd4aa6c000 	C:\WINDOWS\SYSTEM32\netutils.dll
0x00007ffd2c0b0000 - 0x00007ffd2c0d5000 	D:\Xilinx\Vivado\2020.1\lib\win64.o\libisl_iosutils.dll
0x00007ffd2e3f0000 - 0x00007ffd2e40b000 	D:\Xilinx\Vivado\2020.1\lib\win64.o\libboost_iostreams.dll
0x00007ffd4b500000 - 0x00007ffd4b569000 	C:\WINDOWS\SYSTEM32\MSWSOCK.DLL
0x00007ffd4e6a0000 - 0x00007ffd4e6d1000 	C:\WINDOWS\System32\IMM32.DLL
0x00007ffd4b7d0000 - 0x00007ffd4b7e2000 	C:\WINDOWS\SYSTEM32\MSASN1.dll
0x00007ffd4b090000 - 0x00007ffd4b0a8000 	C:\WINDOWS\SYSTEM32\kernel.appcore.dll
0x00007ffcda740000 - 0x00007ffcdac3c000 	D:\Xilinx\Vivado\2020.1\lib\win64.o\librdi_commontasks.dll
0x00007ffd425f0000 - 0x00007ffd425fa000 	C:\WINDOWS\SYSTEM32\VERSION.dll
0x0000000058290000 - 0x0000000058cb5000 	D:\Xilinx\Vivado\2020.1\tps\win64\jre9.0.4\bin\server\jvm.dll
0x00007ffd4cbf0000 - 0x00007ffd4cbf8000 	C:\WINDOWS\System32\PSAPI.DLL
0x00007ffcf52a0000 - 0x00007ffcf5584000 	D:\Xilinx\Vivado\2020.1\lib\win64.o\librdi_sio.dll
0x00007ffd45fc0000 - 0x00007ffd45ff4000 	C:\WINDOWS\SYSTEM32\WINMM.dll
0x00007ffcfd130000 - 0x00007ffcfd21f000 	C:\WINDOWS\SYSTEM32\MSVCR120.dll
0x00007ffd4aa70000 - 0x00007ffd4aa9d000 	C:\WINDOWS\SYSTEM32\IPHLPAPI.DLL
0x00007ffd49e90000 - 0x00007ffd4a793000 	C:\WINDOWS\SYSTEM32\windows.storage.dll
0x00007ffd49d50000 - 0x00007ffd49e8f000 	C:\WINDOWS\SYSTEM32\wintypes.dll
0x00007ffcd5360000 - 0x00007ffcd79f5000 	D:\Xilinx\Vivado\2020.1\lib\win64.o\librdi_tcltasks.dll
0x00007ffcfc890000 - 0x00007ffcfc90b000 	D:\Xilinx\Vivado\2020.1\lib\win64.o\librdi_boarddep.dll
0x00007ffcfa360000 - 0x00007ffcfa456000 	D:\Xilinx\Vivado\2020.1\lib\win64.o\librdi_chipscope.dll
0x00007ffcd8ce0000 - 0x00007ffcd91a6000 	D:\Xilinx\Vivado\2020.1\lib\win64.o\librdi_bitstream.dll
0x00007ffcda580000 - 0x00007ffcda733000 	D:\Xilinx\Vivado\2020.1\lib\win64.o\librdi_board.dll
0x00007ffcf7540000 - 0x00007ffcf769b000 	D:\Xilinx\Vivado\2020.1\lib\win64.o\librdi_containers.dll
0x00007ffcda3b0000 - 0x00007ffcda571000 	D:\Xilinx\Vivado\2020.1\lib\win64.o\librdi_chipscopeimpl.dll
0x00007ffcd1030000 - 0x00007ffcd535e000 	D:\Xilinx\Vivado\2020.1\lib\win64.o\librdi_designutils.dll
0x00007ffccf400000 - 0x00007ffcd102a000 	D:\Xilinx\Vivado\2020.1\lib\win64.o\librdi_constraints.dll
0x00007ffccf0b0000 - 0x00007ffccf3fb000 	D:\Xilinx\Vivado\2020.1\lib\win64.o\librdi_dlyest.dll
0x00007ffccea90000 - 0x00007ffccf0ae000 	D:\Xilinx\Vivado\2020.1\lib\win64.o\librdi_drc.dll
0x00007ffcf9080000 - 0x00007ffcf9144000 	D:\Xilinx\Vivado\2020.1\lib\win64.o\librdi_dsp.dll
0x00007ffccc920000 - 0x00007ffccea8d000 	D:\Xilinx\Vivado\2020.1\lib\win64.o\librdi_coregen.dll
0x00007ffccc240000 - 0x00007ffccc919000 	D:\Xilinx\Vivado\2020.1\lib\win64.o\librdi_coregenipxact.dll
0x00007ffcfa960000 - 0x00007ffcfa9d7000 	D:\Xilinx\Vivado\2020.1\lib\win64.o\librdi_hdf.dll
0x00007ffccbf20000 - 0x00007ffccc23c000 	D:\Xilinx\Vivado\2020.1\lib\win64.o\librdi_guitools.dll
0x00007ffcf5fc0000 - 0x00007ffcf6108000 	D:\Xilinx\Vivado\2020.1\lib\win64.o\librdi_hip_perf_analysis.dll
0x00007ffccbcc0000 - 0x00007ffccbf15000 	D:\Xilinx\Vivado\2020.1\lib\win64.o\librdi_hip_devdesign.dll
0x00007ffccb630000 - 0x00007ffccbcb6000 	D:\Xilinx\Vivado\2020.1\lib\win64.o\librdi_filemgmt.dll
0x00007ffccaff0000 - 0x00007ffccb62e000 	D:\Xilinx\Vivado\2020.1\lib\win64.o\librdi_memdata.dll
0x00007ffcf8e90000 - 0x00007ffcf8f04000 	D:\Xilinx\Vivado\2020.1\lib\win64.o\librdi_memoryarray.dll
0x00007ffcb17d0000 - 0x00007ffcb311a000 	D:\Xilinx\Vivado\2020.1\lib\win64.o\librdi_implflow.dll
0x00007ffcb3120000 - 0x00007ffccaff0000 	D:\Xilinx\Vivado\2020.1\lib\win64.o\librdi_device.dll
0x00007ffd22a40000 - 0x00007ffd22a8e000 	D:\Xilinx\Vivado\2020.1\lib\win64.o\librdi_pfi.dll
0x00007ffcb10c0000 - 0x00007ffcb17c3000 	D:\Xilinx\Vivado\2020.1\lib\win64.o\librdi_netlist.dll
0x00007ffcae240000 - 0x00007ffcb10b7000 	D:\Xilinx\Vivado\2020.1\lib\win64.o\librdi_mig.dll
0x00007ffcadee0000 - 0x00007ffcae231000 	D:\Xilinx\Vivado\2020.1\lib\win64.o\librdi_platform.dll
0x00007ffcad6a0000 - 0x00007ffcaded4000 	D:\Xilinx\Vivado\2020.1\lib\win64.o\librdi_power.dll
0x00007ffcacf30000 - 0x00007ffcad69f000 	D:\Xilinx\Vivado\2020.1\lib\win64.o\librdi_rsb.dll
0x00007ffcaa3b0000 - 0x00007ffcacf21000 	D:\Xilinx\Vivado\2020.1\lib\win64.o\librdi_place.dll
0x00007ffca9db0000 - 0x00007ffcaa3a5000 	D:\Xilinx\Vivado\2020.1\lib\win64.o\librdi_project.dll
0x00007ffcf8100000 - 0x00007ffcf8208000 	D:\Xilinx\Vivado\2020.1\lib\win64.o\librdi_runsbase.dll
0x00007ffca9b30000 - 0x00007ffca9da5000 	D:\Xilinx\Vivado\2020.1\lib\win64.o\librdi_simdata.dll
0x00007ffca93f0000 - 0x00007ffca9b2c000 	D:\Xilinx\Vivado\2020.1\lib\win64.o\librdi_psta.dll
0x00007ffca8f50000 - 0x00007ffca93ea000 	D:\Xilinx\Vivado\2020.1\lib\win64.o\librdi_runs.dll
0x00007ffcf6270000 - 0x00007ffcf636f000 	D:\Xilinx\Vivado\2020.1\lib\win64.o\librdi_xhub.dll
0x00007ffcf5e80000 - 0x00007ffcf5f28000 	D:\Xilinx\Vivado\2020.1\lib\win64.o\librdi_xhubtasks.dll
0x00007ffcff620000 - 0x00007ffcff66c000 	D:\Xilinx\Vivado\2020.1\lib\win64.o\libboost_serialization.dll
0x00007ffca8c60000 - 0x00007ffca8e33000 	D:\Xilinx\Vivado\2020.1\lib\win64.o\librdi_advchipscopeimpl.dll
0x00007ffca6310000 - 0x00007ffca721a000 	D:\Xilinx\Vivado\2020.1\lib\win64.o\librdi_timing.dll
0x00007ffcf51b0000 - 0x00007ffcf5298000 	D:\Xilinx\Vivado\2020.1\lib\win64.o\librdi_ipconfig_readwrite.dll
0x00007ffca7540000 - 0x00007ffca8087000 	D:\Xilinx\Vivado\2020.1\lib\win64.o\libverific.dll
0x00007ffcfcd50000 - 0x00007ffcfcdbc000 	D:\Xilinx\Vivado\2020.1\lib\win64.o\librdi_noc_frameworks.dll
0x00007ffca8a60000 - 0x00007ffca8c53000 	D:\Xilinx\Vivado\2020.1\lib\win64.o\librdi_hip_config.dll
0x00007ffca5dc0000 - 0x00007ffca630e000 	D:\Xilinx\Vivado\2020.1\lib\win64.o\librdi_xdm.dll
0x00007ffcfa310000 - 0x00007ffcfa35b000 	D:\Xilinx\Vivado\2020.1\lib\win64.o\librdi_wavedata_SimpleApi.dll
0x00007ffce0800000 - 0x00007ffce089e000 	D:\Xilinx\Vivado\2020.1\lib\win64.o\libise.dll

VM Arguments:
jvm_args: -Dsun.java2d.pmoffscreen=false -Dsun.java2d.xrender=false -Dsun.java2d.d3d=false -Dsun.awt.nopixfmt=true -Dsun.java2d.dpiaware=true -Dsun.java2d.uiScale.enabled=false -Xverify:none -Dswing.aatext=true -XX:-UsePerfData -Djdk.map.althashing.threshold=512 -XX:StringTableSize=4072 --add-opens=java.base/java.nio=ALL-UNNAMED --add-opens=java.desktop/sun.swing=ALL-UNNAMED --add-opens=java.desktop/javax.swing=ALL-UNNAMED --add-opens=java.desktop/javax.swing.tree=ALL-UNNAMED --add-opens=java.desktop/javax.swing.plaf.basic=ALL-UNNAMED --add-opens=java.desktop/javax.swing.plaf.synth=ALL-UNNAMED --add-opens=java.desktop/com.sun.awt=ALL-UNNAMED -XX:NewSize=60m -XX:MaxNewSize=60m -Xms128m -Xmx3072m -Xss5m 
java_command: <unknown>
java_class_path (initial): D:/Xilinx/Vivado/2020.1\lib\classes\alloy.jar;D:/Xilinx/Vivado/2020.1\lib\classes\ArchiveSummary.jar;D:/Xilinx/Vivado/2020.1\lib\classes\autoesl-models.jar;D:/Xilinx/Vivado/2020.1\lib\classes\autopilot.scelaborator.jar;D:/Xilinx/Vivado/2020.1\lib\classes\autopilot.sourceprocessor.jar;D:/Xilinx/Vivado/2020.1\lib\classes\autopilot.tbprocessor.jar;D:/Xilinx/Vivado/2020.1\lib\classes\batik-anim.jar;D:/Xilinx/Vivado/2020.1\lib\classes\batik-awt-util.jar;D:/Xilinx/Vivado/2020.1\lib\classes\batik-bridge.jar;D:/Xilinx/Vivado/2020.1\lib\classes\batik-codec.jar;D:/Xilinx/Vivado/2020.1\lib\classes\batik-css.jar;D:/Xilinx/Vivado/2020.1\lib\classes\batik-dom.jar;D:/Xilinx/Vivado/2020.1\lib\classes\batik-ext.jar;D:/Xilinx/Vivado/2020.1\lib\classes\batik-gui-util.jar;D:/Xilinx/Vivado/2020.1\lib\classes\batik-gvt.jar;D:/Xilinx/Vivado/2020.1\lib\classes\batik-parser.jar;D:/Xilinx/Vivado/2020.1\lib\classes\batik-script.jar;D:/Xilinx/Vivado/2020.1\lib\classes\batik-svg-dom.jar;D:/Xilinx/Vivado/2020.1\lib\classes\batik-swing.jar;D:/Xilinx/Vivado/2020.1\lib\classes\batik-transcoder.jar;D:/Xilinx/Vivado/2020.1\lib\classes\batik-util.jar;D:/Xilinx/Vivado/2020.1\lib\classes\batik-xml.jar;D:/Xilinx/Vivado/2020.1\lib\classes\com.google.gson_2.8.2.v20180104-1110.jar;D:/Xilinx/Vivado/2020.1\lib\classes\com.google.guava_27.1.0.v20190517-1946.jar;D:/Xilinx/Vivado/2020.1\lib\classes\com.ibm.icu_4.4.2.v20110208.jar;D:/Xilinx/Vivado/2020.1\lib\classes\com.sigasi.hdt.connection_4.8.0.202004151336.jar;D:/Xilinx/Vivado/2020.1\lib\classes\com.sigasi.hdt.epl_4.8.0.202004151336.jar;D:/Xilinx/Vivado/2020.1\lib\classes\com.sigasi.hdt.project_4.8.0.202004151336.jar;D:/Xilinx/Vivado/2020.1\lib\classes\com.sigasi.hdt.readonlyfilesystem_4.8.0.202004151336.jar;D:/Xilinx/Vivado/2020.1\lib\classes\com.sigasi.lcm_4.8.0.202004151336.jar;D:/Xilinx/Vivado/2020.1\lib\classes\com.sigasi.sdk.client_4.8.0.202004151336.jar;D:/Xilinx/Vivado/2020.1\lib\classes\com.xilinx.hls.services.jar;D:/Xili
Launcher Type: generic

Logging:
Log output configuration:
#0: stdout all=warning uptime,level,tags
#1: stderr all=off uptime,level,tags

Environment Variables:
PATH=D:/Xilinx/Vivado/2020.1\gnuwin\bin;D:/Xilinx/Vivado/2020.1\gnu\microblaze\nt\bin;D:/Xilinx/Vivado/2020.1/bin;D:/Xilinx/Vivado/2020.1/lib/win64.o;D:/Xilinx/Vivado/2020.1/tps/win64/jre9.0.4/bin/server;D:/Xilinx/Vivado/2020.1/tps/win64/jre9.0.4/bin;D:/Xilinx/Vivado/2020.1/ids_lite/ISE/bin/nt64;D:/Xilinx/Vivado/2020.1/ids_lite/ISE/lib/nt64;D:\Program Files\Python312\Scripts\;D:\Program Files\Python312\;C:\Program Files\Common Files\Oracle\Java\javapath;D:\Program Files\mingw64\bin;C:\Windows\System32\HWAudioDriverLibs;C:\Windows\system32;C:\Windows;C:\Windows\System32\Wbem;C:\Windows\System32\WindowsPowerShell\v1.0\;C:\Windows\System32\OpenSSH\;C:\Windows\system32\config\systemprofile\AppData\Local\Microsoft\WindowsApps;D:\Program Files\MATLAB\R2023a\bin;D:\Program Files\Bandizip\;D:\Program Files\Git\cmd;D:\Program Files\Wolfram Research\WolframScript\;C:\Program Files\dotnet\;D:\Windows Kits\10\Windows Performance Toolkit\;D:\Program Files\010 Editor;C:\Users\89652\AppData\Roaming\Python\Python312\Scripts;D:\zlearning\virtual_machine\software\hashcat-6.2.6\hashcat-6.2.6;C:\Users\89652\AppData\Local\SageMath 9.3\runtime\bin;;C:\Program Files\Docker\Docker\resources\bin;D:\Program Files\nodejs\;C:\ProgramData\chocolatey\bin;C:\Users\89652\AppData\Local\Microsoft\WindowsApps;D:\Program Files\Microsoft VS Code\bin;C:\Users\89652\.dotnet\tools;D:\Program Files\Nmap;D:\Program Files\JetBrains\IntelliJ IDEA Community Edition 2024.2.3\bin;C:\Users\89652\AppData\Roaming\npm;D:/Xilinx/Vivado/2020.1\tps\mingw\6.2.0\win64.o\nt\bin;D:/Xilinx/Vivado/2020.1\tps\mingw\6.2.0\win64.o\nt\libexec\gcc\x86_64-w64-mingw32\6.2.0;D:/Xilinx/Vivado/2020.1\tps\win64\python-2.7.16;D:/Xilinx/Vivado/2020.1\tps\win64\python-2.7.16\bin;D:/Xilinx/Vivado/2020.1\tps\win64\python-2.7.16\lib;D:/Xilinx/Vivado/2020.1\tps\win64\python-2.7.16\Lib\lib-tk;D:/Xilinx/Vivado/2020.1\tps\win64\python-2.7.16\lib\site-packages
USERNAME=89652
OS=Windows_NT
PROCESSOR_IDENTIFIER=Intel64 Family 6 Model 140 Stepping 1, GenuineIntel



---------------  S Y S T E M  ---------------

OS: Windows 10 , 64 bit Build 22621 (10.0.22621.4391)

CPU:total 8 (initial active 8) (4 cores per cpu, 2 threads per core) family 6 model 140 stepping 1, cmov, cx8, fxsr, mmx, sse, sse2, sse3, ssse3, sse4.1, sse4.2, popcnt, avx, avx2, aes, clmul, erms, 3dnowpref, lzcnt, ht, tsc, tscinvbit, bmi1, bmi2, adx, sha, fma

Memory: 4k page, physical 16571704k(8698256k free), swap 17620280k(7034868k free)

vm_info: Java HotSpot(TM) 64-Bit Server VM (9.0.4+11) for windows-amd64 JRE (9.0.4+11), built on Dec 20 2017 02:18:54 by "mach5one" with MS VC++ 12.0 (VS2013)

END.
