#
# A fatal error has been detected by the Java Runtime Environment:
#
#  EXCEPTION_ACCESS_VIOLATION (0xc0000005) at pc=0x00007ffae8ecf555, pid=3004, tid=6892
#
# JRE version: Java(TM) SE Runtime Environment (9.0+11) (build 9.0.4+11)
# Java VM: Java HotSpot(TM) 64-Bit Server VM (9.0.4+11, mixed mode, tiered, compressed oops, g1 gc, windows-amd64)
# Problematic frame:
# C  [librdi_common.dll+0x18f555]
#
# No core dump will be written. Minidumps are not enabled by default on client versions of Windows
#
# If you would like to submit a bug report, please visit:
#   http://bugreport.java.com/bugreport/crash.jsp
# The crash happened outside the Java Virtual Machine in native code.
# See problematic frame for where to report the bug.
#

---------------  S U M M A R Y ------------

Command Line: -Dsun.java2d.pmoffscreen=false -Dsun.java2d.xrender=false -Dsun.java2d.d3d=false -Dsun.awt.nopixfmt=true -Dsun.java2d.dpiaware=true -Dsun.java2d.uiScale.enabled=false -Xverify:none -Dswing.aatext=true -XX:-UsePerfData -Djdk.map.althashing.threshold=512 -XX:StringTableSize=4072 --add-opens=java.base/java.nio=ALL-UNNAMED --add-opens=java.desktop/sun.swing=ALL-UNNAMED --add-opens=java.desktop/javax.swing=ALL-UNNAMED --add-opens=java.desktop/javax.swing.tree=ALL-UNNAMED --add-opens=java.desktop/javax.swing.plaf.basic=ALL-UNNAMED --add-opens=java.desktop/javax.swing.plaf.synth=ALL-UNNAMED --add-opens=java.desktop/com.sun.awt=ALL-UNNAMED -XX:NewSize=60m -XX:MaxNewSize=60m -Xms128m -Xmx3072m -Xss5m 

Host: 11th Gen Intel(R) Core(TM) i7-1165G7 @ 2.80GHz, 8 cores, 15G,  Windows 10 , 64 bit Build 22621 (10.0.22621.4391)
Time: Thu Dec 19 22:39:01 2024 ?D1¨²¡À¨º¡Á?¨º¡À?? elapsed time: 3578 seconds (0d 0h 59m 38s)

---------------  T H R E A D  ---------------

Current thread (0x000001eeb0d6d800):  JavaThread "AWT-EventQueue-0" [_thread_in_native, id=6892, stack(0x000000a0bb100000,0x000000a0bb600000)]

Stack: [0x000000a0bb100000,0x000000a0bb600000],  sp=0x000000a0bb5fb0b0,  free space=5100k
Native frames: (J=compiled Java code, j=interpreted, Vv=VM code, C=native code)
C  [librdi_common.dll+0x18f555]
C  [librdi_common.dll+0x1842d5]
C  [librdi_common.dll+0x14d40a]
C  0x00007ffab55a1faf
C  0x00007ffab5622fbf
C  0x00007ffab562acd9
C  0x00007ffab55fb40b
C  0x00007ffab5637c67
C  0x000001ee960d3a3a

Java frames: (J=compiled Java code, j=interpreted, Vv=VM code)
J 24929  ui.views.waveform.waveformi.WVExecutive_getTooltipTextDelayed(J)Ljava/lang/String; (0 bytes) @ 0x000001ee960d39a1 [0x000001ee960d3960+0x0000000000000041]
J 24923 c1 ui.views.waveform.b.a.bW(Ljava/awt/event/MouseEvent;)V (135 bytes) @ 0x000001ee906140a4 [0x000001ee90613a00+0x00000000000006a4]
J 24862 c1 ui.views.waveform.b.a.mouseMoved(Ljava/awt/event/MouseEvent;)V (32 bytes) @ 0x000001ee905e76cc [0x000001ee905e71a0+0x000000000000052c]
J 20030 c2 java.awt.AWTEventMulticaster.mouseMoved(Ljava/awt/event/MouseEvent;)V java.desktop@9.0.4 (27 bytes) @ 0x000001ee959e7074 [0x000001ee959e6fc0+0x00000000000000b4]
J 20030 c2 java.awt.AWTEventMulticaster.mouseMoved(Ljava/awt/event/MouseEvent;)V java.desktop@9.0.4 (27 bytes) @ 0x000001ee959e7034 [0x000001ee959e6fc0+0x0000000000000074]
J 20038 c2 javax.swing.JComponent.processMouseMotionEvent(Ljava/awt/event/MouseEvent;)V java.desktop@9.0.4 (46 bytes) @ 0x000001ee959effe0 [0x000001ee959efec0+0x0000000000000120]
J 24860 c1 ui.frmwork.c.i.processMouseMotionEvent(Ljava/awt/event/MouseEvent;)V (131 bytes) @ 0x000001ee905e5fc4 [0x000001ee905e5100+0x0000000000000ec4]
J 13993 c2 java.awt.Container.processEvent(Ljava/awt/AWTEvent;)V java.desktop@9.0.4 (22 bytes) @ 0x000001ee95302018 [0x000001ee95301ea0+0x0000000000000178]
J 25195 c2 java.awt.Component.dispatchEventImpl(Ljava/awt/AWTEvent;)V java.desktop@9.0.4 (739 bytes) @ 0x000001ee9529f55c [0x000001ee9529ec40+0x000000000000091c]
J 23600 c2 java.awt.Container.dispatchEventImpl(Ljava/awt/AWTEvent;)V java.desktop@9.0.4 (129 bytes) @ 0x000001ee95f414c8 [0x000001ee95f40b80+0x0000000000000948]
J 16782 c2 java.awt.LightweightDispatcher.retargetMouseEvent(Ljava/awt/Component;ILjava/awt/event/MouseEvent;)V java.desktop@9.0.4 (350 bytes) @ 0x000001ee950a1cc0 [0x000001ee950a1760+0x0000000000000560]
J 23600 c2 java.awt.Container.dispatchEventImpl(Ljava/awt/AWTEvent;)V java.desktop@9.0.4 (129 bytes) @ 0x000001ee95f413f4 [0x000001ee95f40b80+0x0000000000000874]
J 19879 c2 java.awt.Window.dispatchEventImpl(Ljava/awt/AWTEvent;)V java.desktop@9.0.4 (23 bytes) @ 0x000001ee9599f10c [0x000001ee9599f0c0+0x000000000000004c]
J 13666 c2 java.awt.EventQueue$3.run()Ljava/lang/Object; java.desktop@9.0.4 (5 bytes) @ 0x000001ee95294a34 [0x000001ee952948e0+0x0000000000000154]
v  ~StubRoutines::call_stub
J 4685  java.security.AccessController.doPrivileged(Ljava/security/PrivilegedAction;Ljava/security/AccessControlContext;)Ljava/lang/Object; java.base@9.0.4 (0 bytes) @ 0x000001ee94aa50c6 [0x000001ee94aa5060+0x0000000000000066]
J 17340 c2 java.awt.EventQueue$4.run()Ljava/lang/Object; java.desktop@9.0.4 (5 bytes) @ 0x000001ee9487eb40 [0x000001ee9487e8e0+0x0000000000000260]
v  ~StubRoutines::call_stub
J 4685  java.security.AccessController.doPrivileged(Ljava/security/PrivilegedAction;Ljava/security/AccessControlContext;)Ljava/lang/Object; java.base@9.0.4 (0 bytes) @ 0x000001ee94aa50c6 [0x000001ee94aa5060+0x0000000000000066]
J 13658 c2 java.awt.EventQueue.dispatchEvent(Ljava/awt/AWTEvent;)V java.desktop@9.0.4 (80 bytes) @ 0x000001ee95282540 [0x000001ee952821c0+0x0000000000000380]
J 13659 c2 ui.frmwork.b.d.dispatchEvent(Ljava/awt/AWTEvent;)V (34 bytes) @ 0x000001ee9528343c [0x000001ee95283360+0x00000000000000dc]
J 16833 c2 java.awt.EventDispatchThread.pumpOneEventForFilters(I)V java.desktop@9.0.4 (218 bytes) @ 0x000001ee9569e0f0 [0x000001ee9569d3e0+0x0000000000000d10]
J 21874% c2 java.awt.EventDispatchThread.pumpEventsForFilter(ILjava/awt/Conditional;Ljava/awt/EventFilter;)V java.desktop@9.0.4 (47 bytes) @ 0x000001ee95cc2258 [0x000001ee95cc2140+0x0000000000000118]
j  java.awt.EventDispatchThread.pumpEventsForHierarchy(ILjava/awt/Conditional;Ljava/awt/Component;)V+11 java.desktop@9.0.4
j  java.awt.EventDispatchThread.pumpEvents(ILjava/awt/Conditional;)V+4 java.desktop@9.0.4
j  java.awt.EventDispatchThread.pumpEvents(Ljava/awt/Conditional;)V+3 java.desktop@9.0.4
j  java.awt.EventDispatchThread.run()V+9 java.desktop@9.0.4
v  ~StubRoutines::call_stub

siginfo: EXCEPTION_ACCESS_VIOLATION (0xc0000005), reading address 0xffffffffffffffff


Register to memory mapping:

RIP=0x00007ffae8ecf555 librdi_common.dll
RAX=0x000001eefcc52501 is an unknown value
RBX=0x88014d0085e94ee2 is an unknown value
RCX=0x000001eefcc52510 is an unknown value
RDX=0x88014d0085e94ee2 is an unknown value
RSP=0x000000a0bb5fb0b0 is pointing into the stack for thread: 0x000001eeb0d6d800
RBP=0x000000a0bb5fb1e0 is pointing into the stack for thread: 0x000001eeb0d6d800
RSI=0x000001eec2590eb0 is an unknown value
RDI=0x000000a0bb5fb2c8 is pointing into the stack for thread: 0x000001eeb0d6d800
R8 =0x000000a0bb5fb2c8 is pointing into the stack for thread: 0x000001eeb0d6d800
R9 =0x0000000000000000 is an unknown value
R10=0x00007ffb74a40000 VCRUNTIME140.dll
R11=0x20800002002018a3 is an unknown value
R12=0x000000a0bb5fb2c8 is pointing into the stack for thread: 0x000001eeb0d6d800
R13=0x0000000000000000 is an unknown value
R14=0x000001eefac71300 is an unknown value
R15=0x88014d0085e94ee2 is an unknown value


Registers:
RAX=0x000001eefcc52501, RBX=0x88014d0085e94ee2, RCX=0x000001eefcc52510, RDX=0x88014d0085e94ee2
RSP=0x000000a0bb5fb0b0, RBP=0x000000a0bb5fb1e0, RSI=0x000001eec2590eb0, RDI=0x000000a0bb5fb2c8
R8 =0x000000a0bb5fb2c8, R9 =0x0000000000000000, R10=0x00007ffb74a40000, R11=0x20800002002018a3
R12=0x000000a0bb5fb2c8, R13=0x0000000000000000, R14=0x000001eefac71300, R15=0x88014d0085e94ee2
RIP=0x00007ffae8ecf555, EFLAGS=0x0000000000010202

Top of Stack: (sp=0x000000a0bb5fb0b0)
0x000000a0bb5fb0b0:   fffffffffffffffe 000001eeaf971250
0x000000a0bb5fb0c0:   0000000000001aec 88014d0085e94ee2
0x000000a0bb5fb0d0:   88014d0085e94ee2 00007ffae8ec42d5
0x000000a0bb5fb0e0:   0000000000000fa0 00007ffb74ab2758
0x000000a0bb5fb0f0:   fffffffffffffffe 0000000000000000
0x000000a0bb5fb100:   0000fe17c54dd237 000001eeaf9711e8
0x000000a0bb5fb110:   0000000000000002 00007ffae8f2cfe5
0x000000a0bb5fb120:   000001eeadf963d0 000001eeaf971208
0x000000a0bb5fb130:   000000a0bb5fb460 00007ffae9d3e630
0x000000a0bb5fb140:   fffffffffffffffe 00007ffae958d489
0x000000a0bb5fb150:   fffffffffffffffe 00007ffae9d3e630
0x000000a0bb5fb160:   000001eeaf9711c0 000001eefc7a8388
0x000000a0bb5fb170:   000000a0bb5fb2c8 00007ffae8f2c2d6
0x000000a0bb5fb180:   000001eeaf9711c0 000000a0bb5fb2c8
0x000000a0bb5fb190:   000001ee00000002 0000000000000000
0x000000a0bb5fb1a0:   fffffffffffffffe 000000000000000f 

Instructions: (pc=0x00007ffae8ecf555)
0x00007ffae8ecf535:   20 48 8b d9 e8 22 c4 04 00 48 8b c8 48 8b d3 e8
0x00007ffae8ecf545:   27 0d 05 00 84 c0 75 08 33 c0 48 83 c4 20 5b c3
0x00007ffae8ecf555:   48 8b 4b 50 48 85 c9 74 0a 48 83 c4 20 5b e9 68
0x00007ffae8ecf565:   e2 04 00 48 8b d3 48 8d 0d 36 71 84 00 e8 59 b7 



---------------  P R O C E S S  ---------------

Java Threads: ( => current thread )
  0x000001eeb24a2800 JavaThread "Relaunch Simulation Thread" [_thread_blocked, id=6656, stack(0x000000a0c0c00000,0x000000a0c1100000)]
  0x000001eeb24a7800 JavaThread "Monitor File Timestamp Swing Worker Thread" [_thread_blocked, id=8856, stack(0x000000a0c2000000,0x000000a0c2500000)]
  0x000001eeb24a7000 JavaThread "Timer-16" [_thread_blocked, id=16552, stack(0x000000a0c1b00000,0x000000a0c2000000)]
  0x000001eeb24a6000 JavaThread "Monitor File Timestamp Swing Worker Thread" [_thread_blocked, id=17548, stack(0x000000a0c1600000,0x000000a0c1b00000)]
  0x000001eeb24a9000 JavaThread "Timer-15" [_thread_blocked, id=12168, stack(0x000000a0bed00000,0x000000a0bf200000)]
  0x000001eead81f800 JavaThread "Monitor File Timestamp Swing Worker Thread" [_thread_blocked, id=15760, stack(0x000000a0c0700000,0x000000a0c0c00000)]
  0x000001eead824000 JavaThread "Timer-1" [_thread_blocked, id=20992, stack(0x000000a0c0000000,0x000000a0c0500000)]
  0x000001eead825000 JavaThread "Image Animator 0" daemon [_thread_blocked, id=17224, stack(0x000000a0bfb00000,0x000000a0c0000000)]
  0x000001eead821000 JavaThread "Refresh Filesets Swing Worker Thread" [_thread_blocked, id=17316, stack(0x000000a0bc000000,0x000000a0bc500000)]
  0x000001eead81e800 JavaThread "SyntheticaAnimation 50" daemon [_thread_blocked, id=6412, stack(0x000000a0be500000,0x000000a0bea00000)]
  0x000001eead81d000 JavaThread "SyntheticaAnimation 50" daemon [_thread_blocked, id=19976, stack(0x000000a0bdb00000,0x000000a0be000000)]
  0x000001eead821800 JavaThread "Update Runs Swing Worker Thread" [_thread_blocked, id=6832, stack(0x000000a0bf400000,0x000000a0bf900000)]
  0x000001eead823800 JavaThread "hw_ila_monitor" [_thread_blocked, id=2692, stack(0x000000a0be000000,0x000000a0be500000)]
  0x000001ee9dc18800 JavaThread "SyntheticaAnimation 70" daemon [_thread_blocked, id=10428, stack(0x000000a0bac00000,0x000000a0bb100000)]
  0x000001ee9dc18000 JavaThread "SyntheticaAnimation 25" daemon [_thread_blocked, id=21340, stack(0x000000a0bd600000,0x000000a0bdb00000)]
  0x000001ee9dc14000 JavaThread "SyntheticaAnimation 50" daemon [_thread_blocked, id=21000, stack(0x000000a0bd100000,0x000000a0bd600000)]
  0x000001ee9dc17000 JavaThread "Monitor HEventQueue Thread" [_thread_blocked, id=6972, stack(0x000000a0bcc00000,0x000000a0bd100000)]
  0x000001ee9dc15000 JavaThread "SyntheticaCleanerThread" daemon [_thread_blocked, id=11500, stack(0x000000a0bc500000,0x000000a0bca00000)]
  0x000001ee9dc16800 JavaThread "Batik CleanerThread" daemon [_thread_blocked, id=16560, stack(0x000000a0bb600000,0x000000a0bbb00000)]
  0x000001eeb0a31800 JavaThread "Process Messages Thread" [_thread_blocked, id=20740, stack(0x000000a0bbb00000,0x000000a0bc000000)]
  0x000001eeb142a800 JavaThread "Thread-1" [_thread_in_native, id=8492, stack(0x000000a0b4300000,0x000000a0b5700000)]
=>0x000001eeb0d6d800 JavaThread "AWT-EventQueue-0" [_thread_in_native, id=6892, stack(0x000000a0bb100000,0x000000a0bb600000)]
  0x000001eeb068d000 JavaThread "TimerQueue" daemon [_thread_blocked, id=12532, stack(0x000000a0ba700000,0x000000a0bac00000)]
  0x000001ee9e72d000 JavaThread "AWT-Windows" daemon [_thread_in_native, id=19324, stack(0x000000a0ba200000,0x000000a0ba700000)]
  0x000001ee9e72c000 JavaThread "AWT-Shutdown" [_thread_blocked, id=18936, stack(0x000000a0b9d00000,0x000000a0ba200000)]
  0x000001ee9e756800 JavaThread "Java2D Disposer" daemon [_thread_blocked, id=4176, stack(0x000000a0b9800000,0x000000a0b9d00000)]
  0x000001ee9df95800 JavaThread "Service Thread" daemon [_thread_blocked, id=21440, stack(0x000000a0b9200000,0x000000a0b9700000)]
  0x000001eea058e800 JavaThread "Common-Cleaner" daemon [_thread_blocked, id=16672, stack(0x000000a0b8d00000,0x000000a0b9200000)]
  0x000001ee9dc13800 JavaThread "Sweeper thread" daemon [_thread_blocked, id=20144, stack(0x000000a0b8800000,0x000000a0b8d00000)]
  0x000001ee9cbfb000 JavaThread "C1 CompilerThread3" daemon [_thread_blocked, id=15780, stack(0x000000a0b8700000,0x000000a0b8800000)]
  0x000001ee9cbfa000 JavaThread "C2 CompilerThread2" daemon [_thread_blocked, id=14124, stack(0x000000a0b8600000,0x000000a0b8700000)]
  0x000001ee9dc0e000 JavaThread "C2 CompilerThread1" daemon [_thread_blocked, id=19552, stack(0x000000a0b8500000,0x000000a0b8600000)]
  0x000001ee9dc0b000 JavaThread "C2 CompilerThread0" daemon [_thread_blocked, id=9740, stack(0x000000a0b8400000,0x000000a0b8500000)]
  0x000001ee9dbf1000 JavaThread "Attach Listener" daemon [_thread_blocked, id=4768, stack(0x000000a0b7f00000,0x000000a0b8400000)]
  0x000001ee9d3f6800 JavaThread "Signal Dispatcher" daemon [_thread_blocked, id=17624, stack(0x000000a0b7a00000,0x000000a0b7f00000)]
  0x000001ee9d3f4800 JavaThread "Finalizer" daemon [_thread_blocked, id=17728, stack(0x000000a0b7500000,0x000000a0b7a00000)]
  0x000001ee9cd8d800 JavaThread "Reference Handler" daemon [_thread_blocked, id=17924, stack(0x000000a0b7000000,0x000000a0b7500000)]
  0x000001eeb9331000 JavaThread "main" [_thread_blocked, id=18276, stack(0x000000a0b4200000,0x000000a0b4300000)]

Other Threads:
  0x000001ee9fb77000 VMThread "VM Thread" [stack: 0x000000a0b6f00000,0x000000a0b7000000] [id=20816]
  0x000001ee9e0a7800 WatcherThread [stack: 0x000000a0b9700000,0x000000a0b9800000] [id=11468]
  0x000001eeb9613800 GCTaskThread "GC Thread#0" [stack: 0x000000a0b5b00000,0x000000a0b5c00000] [id=15088]
  0x000001ee84278800 GCTaskThread "GC Thread#1" [stack: 0x000000a0b5c00000,0x000000a0b5d00000] [id=13704]
  0x000001ee84274000 GCTaskThread "GC Thread#2" [stack: 0x000000a0b5d00000,0x000000a0b5e00000] [id=12400]
  0x000001ee84275000 GCTaskThread "GC Thread#3" [stack: 0x000000a0b5e00000,0x000000a0b5f00000] [id=18136]
  0x000001ee84276800 GCTaskThread "GC Thread#4" [stack: 0x000000a0b5f00000,0x000000a0b6000000] [id=13760]
  0x000001ee84273800 GCTaskThread "GC Thread#5" [stack: 0x000000a0b6000000,0x000000a0b6100000] [id=17788]
  0x000001ee84277800 GCTaskThread "GC Thread#6" [stack: 0x000000a0b6100000,0x000000a0b6200000] [id=5812]
  0x000001ee84273000 GCTaskThread "GC Thread#7" [stack: 0x000000a0b6200000,0x000000a0b6300000] [id=18868]
  0x000001ee9d3eb800 ConcurrentGCThread "G1 Main Marker" [stack: 0x000000a0b6c00000,0x000000a0b6d00000] [id=16520]
  0x000001ee84278000 ConcurrentGCThread "G1 Marker#0" [stack: 0x000000a0b6d00000,0x000000a0b6e00000] [id=15352]
  0x000001ee84279000 ConcurrentGCThread "G1 Marker#1" [stack: 0x000000a0b6e00000,0x000000a0b6f00000] [id=20176]
  0x000001ee9cbf3000 ConcurrentGCThread "G1 Refine#0" [stack: 0x000000a0b6a00000,0x000000a0b6b00000] [id=8556]
  0x000001ee9d4f4800 ConcurrentGCThread "G1 Refine#1" [stack: 0x000000a0b6900000,0x000000a0b6a00000] [id=20540]
  0x000001eea0819000 ConcurrentGCThread "G1 Refine#2" [stack: 0x000000a0b6800000,0x000000a0b6900000] [id=13752]
  0x000001eea0818800 ConcurrentGCThread "G1 Refine#3" [stack: 0x000000a0b6700000,0x000000a0b6800000] [id=17372]
  0x000001ee9d1fa800 ConcurrentGCThread "G1 Refine#4" [stack: 0x000000a0b6600000,0x000000a0b6700000] [id=3776]
  0x000001ee9d1f9800 ConcurrentGCThread "G1 Refine#5" [stack: 0x000000a0b6500000,0x000000a0b6600000] [id=11696]
  0x000001eeb97af800 ConcurrentGCThread "G1 Refine#6" [stack: 0x000000a0b6400000,0x000000a0b6500000] [id=15744]
  0x000001eeb97af000 ConcurrentGCThread "G1 Refine#7" [stack: 0x000000a0b6300000,0x000000a0b6400000] [id=17516]
  0x000001eeb8d23800 ConcurrentGCThread "G1 Young RemSet Sampling" [stack: 0x000000a0b6b00000,0x000000a0b6c00000] [id=15356]

Threads with active compile tasks:

VM state:not at safepoint (normal execution)

VM Mutex/Monitor currently owned by a thread: None

Heap address: 0x0000000700000000, size: 3072 MB, Compressed Oops mode: Zero based, Oop shift amount: 3
Narrow klass base: 0x0000000000000000, Narrow klass shift: 3
Compressed class space size: 1073741824 Address: 0x00000007c0000000

Heap:
 garbage-first heap   total 227328K, used 100778K [0x0000000700000000, 0x00000007001006f0, 0x00000007c0000000)
  region size 1024K, 9 young (9216K), 1 survivors (1024K)
 Metaspace       used 92006K, capacity 94503K, committed 102096K, reserved 1136640K
  class space    used 12776K, capacity 13293K, committed 14844K, reserved 1048576K
Heap Regions: E=young(eden), S=young(survivor), O=old, HS=humongous(starts), HC=humongous(continues), CS=collection set, F=free, A=archive, TS=gc time stamp, AC=allocation context, TAMS=top-at-mark-start (previous, next)
|   0|0x0000000700000000, 0x00000007000fcae8, 0x0000000700100000| 98%| O|  |TS  0|AC  0|TAMS 0x0000000700000000, 0x0000000700000000|
|   1|0x0000000700100000, 0x00000007001fa958, 0x0000000700200000| 97%| O|  |TS  0|AC  0|TAMS 0x0000000700100000, 0x0000000700100000|
|   2|0x0000000700200000, 0x0000000700300000, 0x0000000700300000|100%|HS|  |TS  0|AC  0|TAMS 0x0000000700200000, 0x0000000700200000|
|   3|0x0000000700300000, 0x0000000700400000, 0x0000000700400000|100%|HC|  |TS  0|AC  0|TAMS 0x0000000700300000, 0x0000000700300000|
|   4|0x0000000700400000, 0x0000000700500000, 0x0000000700500000|100%|HS|  |TS  0|AC  0|TAMS 0x0000000700400000, 0x0000000700400000|
|   5|0x0000000700500000, 0x00000007005d18d0, 0x0000000700600000| 81%| O|  |TS  0|AC  0|TAMS 0x0000000700500000, 0x0000000700500000|
|   6|0x0000000700600000, 0x00000007006e9e38, 0x0000000700700000| 91%| O|  |TS  0|AC  0|TAMS 0x0000000700600000, 0x0000000700600000|
|   7|0x0000000700700000, 0x00000007007ffbe0, 0x0000000700800000| 99%| O|  |TS  0|AC  0|TAMS 0x0000000700700000, 0x0000000700700000|
|   8|0x0000000700800000, 0x00000007008d7e38, 0x0000000700900000| 84%| O|  |TS  0|AC  0|TAMS 0x0000000700800000, 0x0000000700800000|
|   9|0x0000000700900000, 0x00000007009f0cd8, 0x0000000700a00000| 94%| O|  |TS  0|AC  0|TAMS 0x0000000700900000, 0x0000000700900000|
|  10|0x0000000700a00000, 0x0000000700ad2c18, 0x0000000700b00000| 82%| O|  |TS  0|AC  0|TAMS 0x0000000700a00000, 0x0000000700a00000|
|  11|0x0000000700b00000, 0x0000000700be0d68, 0x0000000700c00000| 87%| O|  |TS  0|AC  0|TAMS 0x0000000700b00000, 0x0000000700b00000|
|  12|0x0000000700c00000, 0x0000000700cffff8, 0x0000000700d00000| 99%| O|  |TS  0|AC  0|TAMS 0x0000000700c00000, 0x0000000700c00000|
|  13|0x0000000700d00000, 0x0000000700dffff8, 0x0000000700e00000| 99%| O|  |TS  0|AC  0|TAMS 0x0000000700d00000, 0x0000000700d00000|
|  14|0x0000000700e00000, 0x0000000700effff0, 0x0000000700f00000| 99%| O|  |TS  0|AC  0|TAMS 0x0000000700e00000, 0x0000000700e00000|
|  15|0x0000000700f00000, 0x0000000700ffff80, 0x0000000701000000| 99%| O|  |TS  0|AC  0|TAMS 0x0000000700f00000, 0x0000000700f00000|
|  16|0x0000000701000000, 0x00000007010ffff8, 0x0000000701100000| 99%| O|  |TS  0|AC  0|TAMS 0x0000000701000000, 0x0000000701000000|
|  17|0x0000000701100000, 0x00000007011ff5c8, 0x0000000701200000| 99%| O|  |TS  0|AC  0|TAMS 0x0000000701100000, 0x0000000701100000|
|  18|0x0000000701200000, 0x00000007012ffff0, 0x0000000701300000| 99%| O|  |TS  0|AC  0|TAMS 0x0000000701200000, 0x0000000701200000|
|  19|0x0000000701300000, 0x000000070138cce0, 0x0000000701400000| 55%| O|  |TS  0|AC  0|TAMS 0x0000000701300000, 0x0000000701300000|
|  20|0x0000000701400000, 0x0000000701500000, 0x0000000701500000|100%| O|  |TS  0|AC  0|TAMS 0x0000000701400000, 0x0000000701400000|
|  21|0x0000000701500000, 0x00000007015ffff0, 0x0000000701600000| 99%| O|  |TS  0|AC  0|TAMS 0x0000000701500000, 0x0000000701500000|
|  22|0x0000000701600000, 0x00000007016fffd8, 0x0000000701700000| 99%| O|  |TS  0|AC  0|TAMS 0x0000000701600000, 0x0000000701600000|
|  23|0x0000000701700000, 0x00000007017fffd8, 0x0000000701800000| 99%| O|  |TS  0|AC  0|TAMS 0x0000000701700000, 0x0000000701700000|
|  24|0x0000000701800000, 0x0000000701900000, 0x0000000701900000|100%| O|  |TS  0|AC  0|TAMS 0x0000000701800000, 0x0000000701800000|
|  25|0x0000000701900000, 0x00000007019ffed0, 0x0000000701a00000| 99%| O|  |TS  0|AC  0|TAMS 0x0000000701900000, 0x0000000701900000|
|  26|0x0000000701a00000, 0x0000000701b00000, 0x0000000701b00000|100%| O|  |TS  0|AC  0|TAMS 0x0000000701a00000, 0x0000000701a00000|
|  27|0x0000000701b00000, 0x0000000701c00000, 0x0000000701c00000|100%| O|  |TS  0|AC  0|TAMS 0x0000000701b00000, 0x0000000701b00000|
|  28|0x0000000701c00000, 0x0000000701cffff0, 0x0000000701d00000| 99%| O|  |TS  0|AC  0|TAMS 0x0000000701c00000, 0x0000000701c00000|
|  29|0x0000000701d00000, 0x0000000701dffff8, 0x0000000701e00000| 99%| O|  |TS  0|AC  0|TAMS 0x0000000701d00000, 0x0000000701d00000|
|  30|0x0000000701e00000, 0x0000000701efffe8, 0x0000000701f00000| 99%| O|  |TS  0|AC  0|TAMS 0x0000000701e00000, 0x0000000701e00000|
|  31|0x0000000701f00000, 0x0000000701fffff0, 0x0000000702000000| 99%| O|  |TS  0|AC  0|TAMS 0x0000000701f00000, 0x0000000701f00000|
|  32|0x0000000702000000, 0x00000007020ffee8, 0x0000000702100000| 99%| O|  |TS  0|AC  0|TAMS 0x0000000702000000, 0x0000000702000000|
|  33|0x0000000702100000, 0x00000007021ffe50, 0x0000000702200000| 99%| O|  |TS  0|AC  0|TAMS 0x0000000702100000, 0x0000000702100000|
|  34|0x0000000702200000, 0x00000007022ffff8, 0x0000000702300000| 99%| O|  |TS  0|AC  0|TAMS 0x0000000702200000, 0x0000000702200000|
|  35|0x0000000702300000, 0x00000007023e9368, 0x0000000702400000| 91%| O|  |TS  0|AC  0|TAMS 0x0000000702300000, 0x0000000702300000|
|  36|0x0000000702400000, 0x00000007024fffe0, 0x0000000702500000| 99%| O|  |TS  0|AC  0|TAMS 0x0000000702400000, 0x0000000702400000|
|  37|0x0000000702500000, 0x00000007025ff5a0, 0x0000000702600000| 99%| O|  |TS  0|AC  0|TAMS 0x0000000702500000, 0x0000000702500000|
|  38|0x0000000702600000, 0x00000007026ffff8, 0x0000000702700000| 99%| O|  |TS  0|AC  0|TAMS 0x0000000702600000, 0x0000000702600000|
|  39|0x0000000702700000, 0x00000007027fff60, 0x0000000702800000| 99%| O|  |TS  0|AC  0|TAMS 0x0000000702700000, 0x0000000702700000|
|  40|0x0000000702800000, 0x00000007028ffff8, 0x0000000702900000| 99%| O|  |TS  0|AC  0|TAMS 0x0000000702800000, 0x0000000702800000|
|  41|0x0000000702900000, 0x0000000702a00000, 0x0000000702a00000|100%| O|  |TS  0|AC  0|TAMS 0x0000000702900000, 0x0000000702900000|
|  42|0x0000000702a00000, 0x0000000702affff0, 0x0000000702b00000| 99%| O|  |TS  0|AC  0|TAMS 0x0000000702a00000, 0x0000000702a00000|
|  43|0x0000000702b00000, 0x0000000702bfe838, 0x0000000702c00000| 99%| O|  |TS  0|AC  0|TAMS 0x0000000702b00000, 0x0000000702b00000|
|  44|0x0000000702c00000, 0x0000000702cfff58, 0x0000000702d00000| 99%| O|  |TS  0|AC  0|TAMS 0x0000000702c00000, 0x0000000702c00000|
|  45|0x0000000702d00000, 0x0000000702dffff8, 0x0000000702e00000| 99%| O|  |TS  0|AC  0|TAMS 0x0000000702d00000, 0x0000000702d00000|
|  46|0x0000000702e00000, 0x0000000702effff8, 0x0000000702f00000| 99%| O|  |TS  0|AC  0|TAMS 0x0000000702e00000, 0x0000000702e00000|
|  47|0x0000000702f00000, 0x0000000702ffe9c8, 0x0000000703000000| 99%| O|  |TS  0|AC  0|TAMS 0x0000000702f00000, 0x0000000702f00000|
|  48|0x0000000703000000, 0x0000000703100000, 0x0000000703100000|100%| O|  |TS  0|AC  0|TAMS 0x0000000703000000, 0x0000000703000000|
|  49|0x0000000703100000, 0x00000007031ffe88, 0x0000000703200000| 99%| O|  |TS  0|AC  0|TAMS 0x0000000703100000, 0x0000000703100000|
|  50|0x0000000703200000, 0x0000000703300000, 0x0000000703300000|100%|HS|  |TS  0|AC  0|TAMS 0x0000000703200000, 0x0000000703200000|
|  51|0x0000000703300000, 0x0000000703400000, 0x0000000703400000|100%|HC|  |TS  0|AC  0|TAMS 0x0000000703300000, 0x0000000703300000|
|  52|0x0000000703400000, 0x0000000703500000, 0x0000000703500000|100%|HC|  |TS  0|AC  0|TAMS 0x0000000703400000, 0x0000000703400000|
|  53|0x0000000703500000, 0x0000000703600000, 0x0000000703600000|100%|HC|  |TS  0|AC  0|TAMS 0x0000000703500000, 0x0000000703500000|
|  54|0x0000000703600000, 0x0000000703700000, 0x0000000703700000|100%|HC|  |TS  0|AC  0|TAMS 0x0000000703600000, 0x0000000703600000|
|  55|0x0000000703700000, 0x0000000703800000, 0x0000000703800000|100%|HC|  |TS  0|AC  0|TAMS 0x0000000703700000, 0x0000000703700000|
|  56|0x0000000703800000, 0x0000000703900000, 0x0000000703900000|100%|HC|  |TS  0|AC  0|TAMS 0x0000000703800000, 0x0000000703800000|
|  57|0x0000000703900000, 0x0000000703a00000, 0x0000000703a00000|100%|HC|  |TS  0|AC  0|TAMS 0x0000000703900000, 0x0000000703900000|
|  58|0x0000000703a00000, 0x0000000703afffe8, 0x0000000703b00000| 99%| O|  |TS  0|AC  0|TAMS 0x0000000703a00000, 0x0000000703a00000|
|  59|0x0000000703b00000, 0x0000000703bffff8, 0x0000000703c00000| 99%| O|  |TS  0|AC  0|TAMS 0x0000000703b00000, 0x0000000703b00000|
|  60|0x0000000703c00000, 0x0000000703cffff0, 0x0000000703d00000| 99%| O|  |TS  0|AC  0|TAMS 0x0000000703c00000, 0x0000000703c00000|
|  61|0x0000000703d00000, 0x0000000703dffff8, 0x0000000703e00000| 99%| O|  |TS  0|AC  0|TAMS 0x0000000703d00000, 0x0000000703d00000|
|  62|0x0000000703e00000, 0x0000000703f00000, 0x0000000703f00000|100%| O|  |TS  0|AC  0|TAMS 0x0000000703e00000, 0x0000000703e00000|
|  63|0x0000000703f00000, 0x0000000703fffff8, 0x0000000704000000| 99%| O|  |TS  0|AC  0|TAMS 0x0000000703f00000, 0x0000000703f00000|
|  64|0x0000000704000000, 0x00000007040ffff8, 0x0000000704100000| 99%| O|  |TS  0|AC  0|TAMS 0x0000000704000000, 0x0000000704000000|
|  65|0x0000000704100000, 0x00000007041fffe8, 0x0000000704200000| 99%| O|  |TS  0|AC  0|TAMS 0x0000000704100000, 0x0000000704100000|
|  66|0x0000000704200000, 0x00000007042fffe0, 0x0000000704300000| 99%| O|  |TS  0|AC  0|TAMS 0x0000000704200000, 0x0000000704200000|
|  67|0x0000000704300000, 0x00000007043ffff0, 0x0000000704400000| 99%| O|  |TS  0|AC  0|TAMS 0x0000000704300000, 0x0000000704300000|
|  68|0x0000000704400000, 0x00000007044fffe8, 0x0000000704500000| 99%| O|  |TS  0|AC  0|TAMS 0x0000000704400000, 0x0000000704400000|
|  69|0x0000000704500000, 0x00000007045ffff8, 0x0000000704600000| 99%| O|  |TS  0|AC  0|TAMS 0x0000000704500000, 0x0000000704500000|
|  70|0x0000000704600000, 0x00000007046ffff0, 0x0000000704700000| 99%| O|  |TS  0|AC  0|TAMS 0x0000000704600000, 0x0000000704600000|
|  71|0x0000000704700000, 0x00000007047ffed8, 0x0000000704800000| 99%| O|  |TS  0|AC  0|TAMS 0x0000000704700000, 0x0000000704700000|
|  72|0x0000000704800000, 0x00000007048feaa8, 0x0000000704900000| 99%| O|  |TS  0|AC  0|TAMS 0x0000000704800000, 0x0000000704800000|
|  73|0x0000000704900000, 0x00000007049ffed8, 0x0000000704a00000| 99%| O|  |TS  0|AC  0|TAMS 0x0000000704900000, 0x0000000704900000|
|  74|0x0000000704a00000, 0x0000000704affec8, 0x0000000704b00000| 99%| O|  |TS  0|AC  0|TAMS 0x0000000704a00000, 0x0000000704a00000|
|  75|0x0000000704b00000, 0x0000000704bfffa8, 0x0000000704c00000| 99%| O|  |TS  0|AC  0|TAMS 0x0000000704b00000, 0x0000000704b00000|
|  76|0x0000000704c00000, 0x0000000704cffff8, 0x0000000704d00000| 99%| O|  |TS  0|AC  0|TAMS 0x0000000704c00000, 0x0000000704c00000|
|  77|0x0000000704d00000, 0x0000000704e00000, 0x0000000704e00000|100%| O|  |TS  0|AC  0|TAMS 0x0000000704d00000, 0x0000000704d00000|
|  78|0x0000000704e00000, 0x0000000704efffd8, 0x0000000704f00000| 99%| O|  |TS  0|AC  0|TAMS 0x0000000704e00000, 0x0000000704e00000|
|  79|0x0000000704f00000, 0x0000000704ffffe0, 0x0000000705000000| 99%| O|  |TS  0|AC  0|TAMS 0x0000000704f00000, 0x0000000704f00000|
|  80|0x0000000705000000, 0x00000007050ffff8, 0x0000000705100000| 99%| O|  |TS  0|AC  0|TAMS 0x0000000705000000, 0x0000000705000000|
|  81|0x0000000705100000, 0x00000007051ff8b0, 0x0000000705200000| 99%| O|  |TS  0|AC  0|TAMS 0x0000000705100000, 0x0000000705100000|
|  82|0x0000000705200000, 0x0000000705300000, 0x0000000705300000|100%| O|  |TS  0|AC  0|TAMS 0x0000000705200000, 0x0000000705200000|
|  83|0x0000000705300000, 0x00000007053ff3b0, 0x0000000705400000| 99%| O|  |TS  0|AC  0|TAMS 0x0000000705300000, 0x0000000705300000|
|  84|0x0000000705400000, 0x00000007054fffe0, 0x0000000705500000| 99%| O|  |TS  0|AC  0|TAMS 0x0000000705400000, 0x0000000705400000|
|  85|0x0000000705500000, 0x00000007055ffe68, 0x0000000705600000| 99%| O|  |TS  0|AC  0|TAMS 0x0000000705500000, 0x0000000705500000|
|  86|0x0000000705600000, 0x00000007056feb60, 0x0000000705700000| 99%| O|  |TS  0|AC  0|TAMS 0x0000000705600000, 0x0000000705600000|
|  87|0x0000000705700000, 0x00000007057ffff0, 0x0000000705800000| 99%| O|  |TS  0|AC  0|TAMS 0x0000000705700000, 0x0000000705700000|
|  88|0x0000000705800000, 0x00000007058ffff0, 0x0000000705900000| 99%| O|  |TS  0|AC  0|TAMS 0x0000000705800000, 0x0000000705800000|
|  89|0x0000000705900000, 0x00000007059fd010, 0x0000000705a00000| 98%| O|  |TS  0|AC  0|TAMS 0x0000000705900000, 0x0000000705900000|
|  90|0x0000000705a00000, 0x0000000705a00000, 0x0000000705b00000|  0%| F|  |TS  0|AC  0|TAMS 0x0000000705a00000, 0x0000000705a00000|
|  91|0x0000000705b00000, 0x0000000705b00000, 0x0000000705c00000|  0%| F|  |TS  0|AC  0|TAMS 0x0000000705b00000, 0x0000000705b00000|
|  92|0x0000000705c00000, 0x0000000705c00000, 0x0000000705d00000|  0%| F|  |TS  0|AC  0|TAMS 0x0000000705c00000, 0x0000000705c00000|
|  93|0x0000000705d00000, 0x0000000705e00000, 0x0000000705e00000|100%|HS|  |TS  0|AC  0|TAMS 0x0000000705d00000, 0x0000000705d00000|
|  94|0x0000000705e00000, 0x0000000705f00000, 0x0000000705f00000|100%|HC|  |TS  0|AC  0|TAMS 0x0000000705e00000, 0x0000000705e00000|
|  95|0x0000000705f00000, 0x0000000705f00000, 0x0000000706000000|  0%| F|  |TS  0|AC  0|TAMS 0x0000000705f00000, 0x0000000705f00000|
|  96|0x0000000706000000, 0x0000000706000000, 0x0000000706100000|  0%| F|  |TS  0|AC  0|TAMS 0x0000000706000000, 0x0000000706000000|
|  97|0x0000000706100000, 0x0000000706100000, 0x0000000706200000|  0%| F|  |TS  0|AC  0|TAMS 0x0000000706100000, 0x0000000706100000|
|  98|0x0000000706200000, 0x0000000706200000, 0x0000000706300000|  0%| F|  |TS  0|AC  0|TAMS 0x0000000706200000, 0x0000000706200000|
|  99|0x0000000706300000, 0x0000000706300000, 0x0000000706400000|  0%| F|  |TS  0|AC  0|TAMS 0x0000000706300000, 0x0000000706300000|
| 100|0x0000000706400000, 0x0000000706400000, 0x0000000706500000|  0%| F|  |TS  0|AC  0|TAMS 0x0000000706400000, 0x0000000706400000|
| 101|0x0000000706500000, 0x0000000706500000, 0x0000000706600000|  0%| F|  |TS  0|AC  0|TAMS 0x0000000706500000, 0x0000000706500000|
| 102|0x0000000706600000, 0x0000000706600000, 0x0000000706700000|  0%| F|  |TS  0|AC  0|TAMS 0x0000000706600000, 0x0000000706600000|
| 103|0x0000000706700000, 0x0000000706700000, 0x0000000706800000|  0%| F|  |TS  0|AC  0|TAMS 0x0000000706700000, 0x0000000706700000|
| 104|0x0000000706800000, 0x0000000706800000, 0x0000000706900000|  0%| F|  |TS  0|AC  0|TAMS 0x0000000706800000, 0x0000000706800000|
| 105|0x0000000706900000, 0x0000000706900000, 0x0000000706a00000|  0%| F|  |TS  0|AC  0|TAMS 0x0000000706900000, 0x0000000706900000|
| 106|0x0000000706a00000, 0x0000000706a00000, 0x0000000706b00000|  0%| F|  |TS  0|AC  0|TAMS 0x0000000706a00000, 0x0000000706a00000|
| 107|0x0000000706b00000, 0x0000000706b00000, 0x0000000706c00000|  0%| F|  |TS  0|AC  0|TAMS 0x0000000706b00000, 0x0000000706b00000|
| 108|0x0000000706c00000, 0x0000000706c00000, 0x0000000706d00000|  0%| F|  |TS  0|AC  0|TAMS 0x0000000706c00000, 0x0000000706c00000|
| 109|0x0000000706d00000, 0x0000000706d00000, 0x0000000706e00000|  0%| F|  |TS  0|AC  0|TAMS 0x0000000706d00000, 0x0000000706d00000|
| 110|0x0000000706e00000, 0x0000000706e00000, 0x0000000706f00000|  0%| F|  |TS  0|AC  0|TAMS 0x0000000706e00000, 0x0000000706e00000|
| 111|0x0000000706f00000, 0x0000000706f00000, 0x0000000707000000|  0%| F|  |TS  0|AC  0|TAMS 0x0000000706f00000, 0x0000000706f00000|
| 112|0x0000000707000000, 0x0000000707000000, 0x0000000707100000|  0%| F|  |TS  0|AC  0|TAMS 0x0000000707000000, 0x0000000707000000|
| 113|0x0000000707100000, 0x0000000707100000, 0x0000000707200000|  0%| F|  |TS  0|AC  0|TAMS 0x0000000707100000, 0x0000000707100000|
| 114|0x0000000707200000, 0x0000000707200000, 0x0000000707300000|  0%| F|  |TS  0|AC  0|TAMS 0x0000000707200000, 0x0000000707200000|
| 115|0x0000000707300000, 0x0000000707300000, 0x0000000707400000|  0%| F|  |TS  0|AC  0|TAMS 0x0000000707300000, 0x0000000707300000|
| 116|0x0000000707400000, 0x0000000707400000, 0x0000000707500000|  0%| F|  |TS  0|AC  0|TAMS 0x0000000707400000, 0x0000000707400000|
| 117|0x0000000707500000, 0x0000000707500000, 0x0000000707600000|  0%| F|  |TS  0|AC  0|TAMS 0x0000000707500000, 0x0000000707500000|
| 118|0x0000000707600000, 0x0000000707600000, 0x0000000707700000|  0%| F|  |TS  0|AC  0|TAMS 0x0000000707600000, 0x0000000707600000|
| 119|0x0000000707700000, 0x0000000707700000, 0x0000000707800000|  0%| F|  |TS  0|AC  0|TAMS 0x0000000707700000, 0x0000000707700000|
| 120|0x0000000707800000, 0x0000000707800000, 0x0000000707900000|  0%| F|  |TS  0|AC  0|TAMS 0x0000000707800000, 0x0000000707800000|
| 121|0x0000000707900000, 0x0000000707900000, 0x0000000707a00000|  0%| F|  |TS  0|AC  0|TAMS 0x0000000707900000, 0x0000000707900000|
| 122|0x0000000707a00000, 0x0000000707a00000, 0x0000000707b00000|  0%| F|  |TS  0|AC  0|TAMS 0x0000000707a00000, 0x0000000707a00000|
| 123|0x0000000707b00000, 0x0000000707b00000, 0x0000000707c00000|  0%| F|  |TS  0|AC  0|TAMS 0x0000000707b00000, 0x0000000707b00000|
| 124|0x0000000707c00000, 0x0000000707c00000, 0x0000000707d00000|  0%| F|  |TS  0|AC  0|TAMS 0x0000000707c00000, 0x0000000707c00000|
| 125|0x0000000707d00000, 0x0000000707d00000, 0x0000000707e00000|  0%| F|  |TS  0|AC  0|TAMS 0x0000000707d00000, 0x0000000707d00000|
| 126|0x0000000707e00000, 0x0000000707e00000, 0x0000000707f00000|  0%| F|  |TS  0|AC  0|TAMS 0x0000000707e00000, 0x0000000707e00000|
| 127|0x0000000707f00000, 0x0000000707f00000, 0x0000000708000000|  0%| F|  |TS  0|AC  0|TAMS 0x0000000707f00000, 0x0000000707f00000|
| 128|0x0000000708000000, 0x0000000708000000, 0x0000000708100000|  0%| F|  |TS  0|AC  0|TAMS 0x0000000708000000, 0x0000000708000000|
| 129|0x0000000708100000, 0x0000000708100000, 0x0000000708200000|  0%| F|  |TS  0|AC  0|TAMS 0x0000000708100000, 0x0000000708100000|
| 130|0x0000000708200000, 0x0000000708200000, 0x0000000708300000|  0%| F|  |TS  0|AC  0|TAMS 0x0000000708200000, 0x0000000708200000|
| 131|0x0000000708300000, 0x0000000708300000, 0x0000000708400000|  0%| F|  |TS  0|AC  0|TAMS 0x0000000708300000, 0x0000000708300000|
| 132|0x0000000708400000, 0x0000000708400000, 0x0000000708500000|  0%| F|  |TS  0|AC  0|TAMS 0x0000000708400000, 0x0000000708400000|
| 133|0x0000000708500000, 0x0000000708500000, 0x0000000708600000|  0%| F|  |TS  0|AC  0|TAMS 0x0000000708500000, 0x0000000708500000|
| 134|0x0000000708600000, 0x0000000708600000, 0x0000000708700000|  0%| F|  |TS  0|AC  0|TAMS 0x0000000708600000, 0x0000000708600000|
| 135|0x0000000708700000, 0x0000000708700000, 0x0000000708800000|  0%| F|  |TS  0|AC  0|TAMS 0x0000000708700000, 0x0000000708700000|
| 136|0x0000000708800000, 0x0000000708800000, 0x0000000708900000|  0%| F|  |TS  0|AC  0|TAMS 0x0000000708800000, 0x0000000708800000|
| 137|0x0000000708900000, 0x0000000708900000, 0x0000000708a00000|  0%| F|  |TS  0|AC  0|TAMS 0x0000000708900000, 0x0000000708900000|
| 138|0x0000000708a00000, 0x0000000708a00000, 0x0000000708b00000|  0%| F|  |TS  0|AC  0|TAMS 0x0000000708a00000, 0x0000000708a00000|
| 139|0x0000000708b00000, 0x0000000708b00000, 0x0000000708c00000|  0%| F|  |TS  0|AC  0|TAMS 0x0000000708b00000, 0x0000000708b00000|
| 140|0x0000000708c00000, 0x0000000708c00000, 0x0000000708d00000|  0%| F|  |TS  0|AC  0|TAMS 0x0000000708c00000, 0x0000000708c00000|
| 141|0x0000000708d00000, 0x0000000708d00000, 0x0000000708e00000|  0%| F|  |TS  0|AC  0|TAMS 0x0000000708d00000, 0x0000000708d00000|
| 142|0x0000000708e00000, 0x0000000708e00000, 0x0000000708f00000|  0%| F|  |TS  0|AC  0|TAMS 0x0000000708e00000, 0x0000000708e00000|
| 143|0x0000000708f00000, 0x0000000708f00000, 0x0000000709000000|  0%| F|  |TS  0|AC  0|TAMS 0x0000000708f00000, 0x0000000708f00000|
| 144|0x0000000709000000, 0x0000000709000000, 0x0000000709100000|  0%| F|  |TS  0|AC  0|TAMS 0x0000000709000000, 0x0000000709000000|
| 145|0x0000000709100000, 0x0000000709100000, 0x0000000709200000|  0%| F|  |TS  0|AC  0|TAMS 0x0000000709100000, 0x0000000709100000|
| 146|0x0000000709200000, 0x0000000709200000, 0x0000000709300000|  0%| F|  |TS  0|AC  0|TAMS 0x0000000709200000, 0x0000000709200000|
| 147|0x0000000709300000, 0x0000000709300000, 0x0000000709400000|  0%| F|  |TS  0|AC  0|TAMS 0x0000000709300000, 0x0000000709300000|
| 148|0x0000000709400000, 0x0000000709400000, 0x0000000709500000|  0%| F|  |TS  0|AC  0|TAMS 0x0000000709400000, 0x0000000709400000|
| 149|0x0000000709500000, 0x0000000709500000, 0x0000000709600000|  0%| F|  |TS  0|AC  0|TAMS 0x0000000709500000, 0x0000000709500000|
| 150|0x0000000709600000, 0x0000000709600000, 0x0000000709700000|  0%| F|  |TS  0|AC  0|TAMS 0x0000000709600000, 0x0000000709600000|
| 151|0x0000000709700000, 0x0000000709700000, 0x0000000709800000|  0%| F|  |TS  0|AC  0|TAMS 0x0000000709700000, 0x0000000709700000|
| 152|0x0000000709800000, 0x0000000709800000, 0x0000000709900000|  0%| F|  |TS  0|AC  0|TAMS 0x0000000709800000, 0x0000000709800000|
| 153|0x0000000709900000, 0x0000000709900000, 0x0000000709a00000|  0%| F|  |TS  0|AC  0|TAMS 0x0000000709900000, 0x0000000709900000|
| 154|0x0000000709a00000, 0x0000000709a00000, 0x0000000709b00000|  0%| F|  |TS  0|AC  0|TAMS 0x0000000709a00000, 0x0000000709a00000|
| 155|0x0000000709b00000, 0x0000000709b00000, 0x0000000709c00000|  0%| F|  |TS  0|AC  0|TAMS 0x0000000709b00000, 0x0000000709b00000|
| 156|0x0000000709c00000, 0x0000000709c00000, 0x0000000709d00000|  0%| F|  |TS  0|AC  0|TAMS 0x0000000709c00000, 0x0000000709c00000|
| 157|0x0000000709d00000, 0x0000000709d00000, 0x0000000709e00000|  0%| F|  |TS  0|AC  0|TAMS 0x0000000709d00000, 0x0000000709d00000|
| 158|0x0000000709e00000, 0x0000000709e00000, 0x0000000709f00000|  0%| F|  |TS  0|AC  0|TAMS 0x0000000709e00000, 0x0000000709e00000|
| 159|0x0000000709f00000, 0x0000000709f00000, 0x000000070a000000|  0%| F|  |TS  0|AC  0|TAMS 0x0000000709f00000, 0x0000000709f00000|
| 160|0x000000070a000000, 0x000000070a000000, 0x000000070a100000|  0%| F|  |TS  0|AC  0|TAMS 0x000000070a000000, 0x000000070a000000|
| 161|0x000000070a100000, 0x000000070a100000, 0x000000070a200000|  0%| F|  |TS 11|AC  0|TAMS 0x000000070a100000, 0x000000070a100000|
| 162|0x000000070a200000, 0x000000070a2d1e20, 0x000000070a300000| 81%| S|CS|TS 11|AC  0|TAMS 0x000000070a200000, 0x000000070a200000|
| 163|0x000000070a300000, 0x000000070a300000, 0x000000070a400000|  0%| F|  |TS 11|AC  0|TAMS 0x000000070a300000, 0x000000070a300000|
| 164|0x000000070a400000, 0x000000070a400000, 0x000000070a500000|  0%| F|  |TS 11|AC  0|TAMS 0x000000070a400000, 0x000000070a400000|
| 165|0x000000070a500000, 0x000000070a500000, 0x000000070a600000|  0%| F|  |TS 11|AC  0|TAMS 0x000000070a500000, 0x000000070a500000|
| 166|0x000000070a600000, 0x000000070a600000, 0x000000070a700000|  0%| F|  |TS 11|AC  0|TAMS 0x000000070a600000, 0x000000070a600000|
| 167|0x000000070a700000, 0x000000070a700000, 0x000000070a800000|  0%| F|  |TS 11|AC  0|TAMS 0x000000070a700000, 0x000000070a700000|
| 168|0x000000070a800000, 0x000000070a800000, 0x000000070a900000|  0%| F|  |TS 11|AC  0|TAMS 0x000000070a800000, 0x000000070a800000|
| 169|0x000000070a900000, 0x000000070a900000, 0x000000070aa00000|  0%| F|  |TS 11|AC  0|TAMS 0x000000070a900000, 0x000000070a900000|
| 170|0x000000070aa00000, 0x000000070aa00000, 0x000000070ab00000|  0%| F|  |TS 11|AC  0|TAMS 0x000000070aa00000, 0x000000070aa00000|
| 171|0x000000070ab00000, 0x000000070ab00000, 0x000000070ac00000|  0%| F|  |TS 11|AC  0|TAMS 0x000000070ab00000, 0x000000070ab00000|
| 172|0x000000070ac00000, 0x000000070ac00000, 0x000000070ad00000|  0%| F|  |TS 11|AC  0|TAMS 0x000000070ac00000, 0x000000070ac00000|
| 173|0x000000070ad00000, 0x000000070ad00000, 0x000000070ae00000|  0%| F|  |TS 11|AC  0|TAMS 0x000000070ad00000, 0x000000070ad00000|
| 174|0x000000070ae00000, 0x000000070ae00000, 0x000000070af00000|  0%| F|  |TS 11|AC  0|TAMS 0x000000070ae00000, 0x000000070ae00000|
| 175|0x000000070af00000, 0x000000070af00000, 0x000000070b000000|  0%| F|  |TS 11|AC  0|TAMS 0x000000070af00000, 0x000000070af00000|
| 176|0x000000070b000000, 0x000000070b000000, 0x000000070b100000|  0%| F|  |TS 11|AC  0|TAMS 0x000000070b000000, 0x000000070b000000|
| 177|0x000000070b100000, 0x000000070b100000, 0x000000070b200000|  0%| F|  |TS 11|AC  0|TAMS 0x000000070b100000, 0x000000070b100000|
| 178|0x000000070b200000, 0x000000070b200000, 0x000000070b300000|  0%| F|  |TS 11|AC  0|TAMS 0x000000070b200000, 0x000000070b200000|
| 179|0x000000070b300000, 0x000000070b300000, 0x000000070b400000|  0%| F|  |TS 11|AC  0|TAMS 0x000000070b300000, 0x000000070b300000|
| 180|0x000000070b400000, 0x000000070b400000, 0x000000070b500000|  0%| F|  |TS 11|AC  0|TAMS 0x000000070b400000, 0x000000070b400000|
| 181|0x000000070b500000, 0x000000070b500000, 0x000000070b600000|  0%| F|  |TS 11|AC  0|TAMS 0x000000070b500000, 0x000000070b500000|
| 182|0x000000070b600000, 0x000000070b600000, 0x000000070b700000|  0%| F|  |TS 11|AC  0|TAMS 0x000000070b600000, 0x000000070b600000|
| 183|0x000000070b700000, 0x000000070b700000, 0x000000070b800000|  0%| F|  |TS 11|AC  0|TAMS 0x000000070b700000, 0x000000070b700000|
| 184|0x000000070b800000, 0x000000070b800000, 0x000000070b900000|  0%| F|  |TS 11|AC  0|TAMS 0x000000070b800000, 0x000000070b800000|
| 185|0x000000070b900000, 0x000000070b900000, 0x000000070ba00000|  0%| F|  |TS 11|AC  0|TAMS 0x000000070b900000, 0x000000070b900000|
| 186|0x000000070ba00000, 0x000000070ba00000, 0x000000070bb00000|  0%| F|  |TS 11|AC  0|TAMS 0x000000070ba00000, 0x000000070ba00000|
| 187|0x000000070bb00000, 0x000000070bb00000, 0x000000070bc00000|  0%| F|  |TS 11|AC  0|TAMS 0x000000070bb00000, 0x000000070bb00000|
| 188|0x000000070bc00000, 0x000000070bc00000, 0x000000070bd00000|  0%| F|  |TS 11|AC  0|TAMS 0x000000070bc00000, 0x000000070bc00000|
| 189|0x000000070bd00000, 0x000000070bd00000, 0x000000070be00000|  0%| F|  |TS 11|AC  0|TAMS 0x000000070bd00000, 0x000000070bd00000|
| 190|0x000000070be00000, 0x000000070be00000, 0x000000070bf00000|  0%| F|  |TS 11|AC  0|TAMS 0x000000070be00000, 0x000000070be00000|
| 191|0x000000070bf00000, 0x000000070bf00000, 0x000000070c000000|  0%| F|  |TS 11|AC  0|TAMS 0x000000070bf00000, 0x000000070bf00000|
| 192|0x000000070c000000, 0x000000070c000000, 0x000000070c100000|  0%| F|  |TS 11|AC  0|TAMS 0x000000070c000000, 0x000000070c000000|
| 193|0x000000070c100000, 0x000000070c100000, 0x000000070c200000|  0%| F|  |TS 11|AC  0|TAMS 0x000000070c100000, 0x000000070c100000|
| 194|0x000000070c200000, 0x000000070c200000, 0x000000070c300000|  0%| F|  |TS 11|AC  0|TAMS 0x000000070c200000, 0x000000070c200000|
| 195|0x000000070c300000, 0x000000070c300000, 0x000000070c400000|  0%| F|  |TS 11|AC  0|TAMS 0x000000070c300000, 0x000000070c300000|
| 196|0x000000070c400000, 0x000000070c400000, 0x000000070c500000|  0%| F|  |TS 11|AC  0|TAMS 0x000000070c400000, 0x000000070c400000|
| 197|0x000000070c500000, 0x000000070c500000, 0x000000070c600000|  0%| F|  |TS 11|AC  0|TAMS 0x000000070c500000, 0x000000070c500000|
| 198|0x000000070c600000, 0x000000070c600000, 0x000000070c700000|  0%| F|  |TS 11|AC  0|TAMS 0x000000070c600000, 0x000000070c600000|
| 199|0x000000070c700000, 0x000000070c700000, 0x000000070c800000|  0%| F|  |TS 11|AC  0|TAMS 0x000000070c700000, 0x000000070c700000|
| 200|0x000000070c800000, 0x000000070c800000, 0x000000070c900000|  0%| F|  |TS 11|AC  0|TAMS 0x000000070c800000, 0x000000070c800000|
| 201|0x000000070c900000, 0x000000070c900000, 0x000000070ca00000|  0%| F|  |TS 11|AC  0|TAMS 0x000000070c900000, 0x000000070c900000|
| 202|0x000000070ca00000, 0x000000070ca00000, 0x000000070cb00000|  0%| F|  |TS 11|AC  0|TAMS 0x000000070ca00000, 0x000000070ca00000|
| 203|0x000000070cb00000, 0x000000070cb00000, 0x000000070cc00000|  0%| F|  |TS 11|AC  0|TAMS 0x000000070cb00000, 0x000000070cb00000|
| 204|0x000000070cc00000, 0x000000070cc00000, 0x000000070cd00000|  0%| F|  |TS 11|AC  0|TAMS 0x000000070cc00000, 0x000000070cc00000|
| 205|0x000000070cd00000, 0x000000070cd00000, 0x000000070ce00000|  0%| F|  |TS 11|AC  0|TAMS 0x000000070cd00000, 0x000000070cd00000|
| 206|0x000000070ce00000, 0x000000070ce00000, 0x000000070cf00000|  0%| F|  |TS 11|AC  0|TAMS 0x000000070ce00000, 0x000000070ce00000|
| 207|0x000000070cf00000, 0x000000070cf00000, 0x000000070d000000|  0%| F|  |TS 11|AC  0|TAMS 0x000000070cf00000, 0x000000070cf00000|
| 208|0x000000070d000000, 0x000000070d000000, 0x000000070d100000|  0%| F|  |TS 11|AC  0|TAMS 0x000000070d000000, 0x000000070d000000|
| 209|0x000000070d100000, 0x000000070d100000, 0x000000070d200000|  0%| F|  |TS 11|AC  0|TAMS 0x000000070d100000, 0x000000070d100000|
| 210|0x000000070d200000, 0x000000070d200000, 0x000000070d300000|  0%| F|  |TS 11|AC  0|TAMS 0x000000070d200000, 0x000000070d200000|
| 211|0x000000070d300000, 0x000000070d300000, 0x000000070d400000|  0%| F|  |TS 11|AC  0|TAMS 0x000000070d300000, 0x000000070d300000|
| 212|0x000000070d400000, 0x000000070d400000, 0x000000070d500000|  0%| F|  |TS 11|AC  0|TAMS 0x000000070d400000, 0x000000070d400000|
| 213|0x000000070d500000, 0x000000070d500000, 0x000000070d600000|  0%| F|  |TS 11|AC  0|TAMS 0x000000070d500000, 0x000000070d500000|
| 214|0x000000070d600000, 0x000000070d647690, 0x000000070d700000| 27%| E|  |TS 11|AC  0|TAMS 0x000000070d600000, 0x000000070d600000|
| 215|0x000000070d700000, 0x000000070d800000, 0x000000070d800000|100%| E|CS|TS 11|AC  0|TAMS 0x000000070d700000, 0x000000070d700000|
| 216|0x000000070d800000, 0x000000070d900000, 0x000000070d900000|100%| E|CS|TS 11|AC  0|TAMS 0x000000070d800000, 0x000000070d800000|
| 217|0x000000070d900000, 0x000000070da00000, 0x000000070da00000|100%| E|CS|TS 11|AC  0|TAMS 0x000000070d900000, 0x000000070d900000|
| 218|0x000000070da00000, 0x000000070db00000, 0x000000070db00000|100%| E|CS|TS 11|AC  0|TAMS 0x000000070da00000, 0x000000070da00000|
| 219|0x000000070db00000, 0x000000070dc00000, 0x000000070dc00000|100%| E|CS|TS 11|AC  0|TAMS 0x000000070db00000, 0x000000070db00000|
| 220|0x000000070dc00000, 0x000000070dd00000, 0x000000070dd00000|100%| E|CS|TS 11|AC  0|TAMS 0x000000070dc00000, 0x000000070dc00000|
| 221|0x000000070dd00000, 0x000000070de00000, 0x000000070de00000|100%| E|CS|TS 11|AC  0|TAMS 0x000000070dd00000, 0x000000070dd00000|

Card table byte_map: [0x000001eea0820000,0x000001eea0e20000] byte_map_base: 0x000001ee9d020000

Marking Bits (Prev, Next): (CMBitMap*) 0x000001eeb88d38d0, (CMBitMap*) 0x000001eeb88d3908
 Prev Bits: [0x000001eea1420000, 0x000001eea4420000)
 Next Bits: [0x000001eea4420000, 0x000001eea7420000)

Polling page: 0x000001ee80350000

CodeHeap 'non-profiled nmethods': size=120000Kb used=24375Kb max_used=25822Kb free=95624Kb
 bounds [0x000001ee94800000, 0x000001ee96140000, 0x000001ee9bd30000]
CodeHeap 'profiled nmethods': size=120000Kb used=44057Kb max_used=52739Kb free=75942Kb
 bounds [0x000001ee8d2d0000, 0x000001ee906a0000, 0x000001ee94800000]
CodeHeap 'non-nmethods': size=5760Kb used=1835Kb max_used=1904Kb free=3925Kb
 bounds [0x000001ee8cd30000, 0x000001ee8cfa0000, 0x000001ee8d2d0000]
 total_blobs=37015 nmethods=19042 adapters=1185
 compilation: enabled

Compilation events (10 events):
Event: 3576.522 Thread 0x000001ee9cbfb000 25381       3       javax.swing.JInternalFrame::addInternalFrameListener (17 bytes)
Event: 3576.522 Thread 0x000001ee9cbfb000 nmethod 25381 0x000001ee8d448c90 code [0x000001ee8d448e60, 0x000001ee8d4490e0]
Event: 3576.535 Thread 0x000001ee9cbfb000 25383       3       com.jidesoft.grid.TreeTable::m (1 bytes)
Event: 3576.536 Thread 0x000001ee9cbfb000 nmethod 25383 0x000001ee8d37d210 code [0x000001ee8d37d3c0, 0x000001ee8d37d518]
Event: 3576.575 Thread 0x000001ee9cbfb000 25384       1       sun.awt.windows.WCanvasPeer::shouldClearRectBeforePaint (5 bytes)
Event: 3576.575 Thread 0x000001ee9cbfb000 nmethod 25384 0x000001ee95562d10 code [0x000001ee95562ec0, 0x000001ee95562fd8]
Event: 3577.795 Thread 0x000001ee9dc0b000 25385       4       javax.swing.JPopupMenu::add (19 bytes)
Event: 3577.817 Thread 0x000001ee9dc0b000 nmethod 25385 0x000001ee95582210 code [0x000001ee955824a0, 0x000001ee955831e8]
Event: 3577.899 Thread 0x000001ee9dc0e000 25386       4       sun.awt.geom.AreaOp$1::compare (13 bytes)
Event: 3577.901 Thread 0x000001ee9dc0e000 nmethod 25386 0x000001ee95562810 code [0x000001ee955629c0, 0x000001ee95562b58]

GC Heap History (10 events):
Event: 3563.260 GC heap before
{Heap before GC invocations=309 (full 25):
 garbage-first heap   total 227328K, used 153725K [0x0000000700000000, 0x00000007001006f0, 0x00000007c0000000)
  region size 1024K, 60 young (61440K), 1 survivors (1024K)
 Metaspace       used 91951K, capacity 94499K, committed 102096K, reserved 1136640K
  class space    used 12776K, capacity 13293K, committed 14844K, reserved 1048576K
}
Event: 3563.263 GC heap after
{Heap after GC invocations=310 (full 25):
 garbage-first heap   total 227328K, used 93211K [0x0000000700000000, 0x00000007001006f0, 0x00000007c0000000)
  region size 1024K, 1 young (1024K), 1 survivors (1024K)
 Metaspace       used 91951K, capacity 94499K, committed 102096K, reserved 1136640K
  class space    used 12776K, capacity 13293K, committed 14844K, reserved 1048576K
}
Event: 3566.485 GC heap before
{Heap before GC invocations=310 (full 25):
 garbage-first heap   total 227328K, used 153627K [0x0000000700000000, 0x00000007001006f0, 0x00000007c0000000)
  region size 1024K, 60 young (61440K), 1 survivors (1024K)
 Metaspace       used 91956K, capacity 94499K, committed 102096K, reserved 1136640K
  class space    used 12776K, capacity 13293K, committed 14844K, reserved 1048576K
}
Event: 3566.488 GC heap after
{Heap after GC invocations=311 (full 25):
 garbage-first heap   total 227328K, used 93271K [0x0000000700000000, 0x00000007001006f0, 0x00000007c0000000)
  region size 1024K, 1 young (1024K), 1 survivors (1024K)
 Metaspace       used 91956K, capacity 94499K, committed 102096K, reserved 1136640K
  class space    used 12776K, capacity 13293K, committed 14844K, reserved 1048576K
}
Event: 3571.957 GC heap before
{Heap before GC invocations=311 (full 25):
 garbage-first heap   total 227328K, used 153687K [0x0000000700000000, 0x00000007001006f0, 0x00000007c0000000)
  region size 1024K, 60 young (61440K), 1 survivors (1024K)
 Metaspace       used 91977K, capacity 94499K, committed 102096K, reserved 1136640K
  class space    used 12776K, capacity 13293K, committed 14844K, reserved 1048576K
}
Event: 3571.961 GC heap after
{Heap after GC invocations=312 (full 25):
 garbage-first heap   total 227328K, used 93398K [0x0000000700000000, 0x00000007001006f0, 0x00000007c0000000)
  region size 1024K, 1 young (1024K), 1 survivors (1024K)
 Metaspace       used 91977K, capacity 94499K, committed 102096K, reserved 1136640K
  class space    used 12776K, capacity 13293K, committed 14844K, reserved 1048576K
}
Event: 3575.382 GC heap before
{Heap before GC invocations=312 (full 25):
 garbage-first heap   total 227328K, used 153814K [0x0000000700000000, 0x00000007001006f0, 0x00000007c0000000)
  region size 1024K, 60 young (61440K), 1 survivors (1024K)
 Metaspace       used 92004K, capacity 94503K, committed 102096K, reserved 1136640K
  class space    used 12776K, capacity 13293K, committed 14844K, reserved 1048576K
}
Event: 3575.387 GC heap after
{Heap after GC invocations=313 (full 25):
 garbage-first heap   total 227328K, used 93478K [0x0000000700000000, 0x00000007001006f0, 0x00000007c0000000)
  region size 1024K, 1 young (1024K), 1 survivors (1024K)
 Metaspace       used 92004K, capacity 94503K, committed 102096K, reserved 1136640K
  class space    used 12776K, capacity 13293K, committed 14844K, reserved 1048576K
}
Event: 3577.861 GC heap before
{Heap before GC invocations=313 (full 25):
 garbage-first heap   total 227328K, used 153894K [0x0000000700000000, 0x00000007001006f0, 0x00000007c0000000)
  region size 1024K, 60 young (61440K), 1 survivors (1024K)
 Metaspace       used 92006K, capacity 94503K, committed 102096K, reserved 1136640K
  class space    used 12776K, capacity 13293K, committed 14844K, reserved 1048576K
}
Event: 3577.866 GC heap after
{Heap after GC invocations=314 (full 25):
 garbage-first heap   total 227328K, used 93610K [0x0000000700000000, 0x00000007001006f0, 0x00000007c0000000)
  region size 1024K, 1 young (1024K), 1 survivors (1024K)
 Metaspace       used 92006K, capacity 94503K, committed 102096K, reserved 1136640K
  class space    used 12776K, capacity 13293K, committed 14844K, reserved 1048576K
}

Deoptimization events (10 events):
Event: 3538.105 Thread 0x000001eeb0d6d800 Uncommon trap: reason=bimorphic_or_optimized_type_check action=maybe_recompile pc=0x000001ee95f800a0 method=java.awt.DefaultKeyboardFocusManager.processKeyEvent(Ljava/awt/Component;Ljava/awt/event/KeyEvent;)V @ 66 c2
Event: 3538.541 Thread 0x000001eeb0d6d800 Uncommon trap: reason=unstable_if action=reinterpret pc=0x000001ee959e2784 method=sun.java2d.SunGraphics2D.setPaint(Ljava/awt/Paint;)V @ 135 c2
Event: 3538.541 Thread 0x000001eeb0d6d800 Uncommon trap: reason=bimorphic_or_optimized_type_check action=maybe_recompile pc=0x000001ee95dbf22c method=sun.java2d.pipe.AlphaPaintPipe.startSequence(Lsun/java2d/SunGraphics2D;Ljava/awt/Shape;Ljava/awt/Rectangle;[I)Ljava/lang/Object; @ 23 c2
Event: 3538.561 Thread 0x000001eeb0d6d800 Uncommon trap: reason=bimorphic_or_optimized_type_check action=maybe_recompile pc=0x000001ee95dbf22c method=sun.java2d.pipe.AlphaPaintPipe.startSequence(Lsun/java2d/SunGraphics2D;Ljava/awt/Shape;Ljava/awt/Rectangle;[I)Ljava/lang/Object; @ 23 c2
Event: 3538.609 Thread 0x000001eeb0d6d800 Uncommon trap: reason=bimorphic_or_optimized_type_check action=maybe_recompile pc=0x000001ee95f800a0 method=java.awt.DefaultKeyboardFocusManager.processKeyEvent(Ljava/awt/Component;Ljava/awt/event/KeyEvent;)V @ 66 c2
Event: 3538.640 Thread 0x000001eeb0d6d800 Uncommon trap: reason=bimorphic_or_optimized_type_check action=maybe_recompile pc=0x000001ee95f800a0 method=java.awt.DefaultKeyboardFocusManager.processKeyEvent(Ljava/awt/Component;Ljava/awt/event/KeyEvent;)V @ 66 c2
Event: 3538.687 Thread 0x000001eeb0d6d800 Uncommon trap: reason=bimorphic_or_optimized_type_check action=maybe_recompile pc=0x000001ee95f800a0 method=java.awt.DefaultKeyboardFocusManager.processKeyEvent(Ljava/awt/Component;Ljava/awt/event/KeyEvent;)V @ 66 c2
Event: 3540.601 Thread 0x000001eeb0d6d800 Uncommon trap: reason=unstable_if action=reinterpret pc=0x000001ee952ee274 method=java.awt.ColorPaintContext.getRaster(IIII)Ljava/awt/image/Raster; @ 17 c2
Event: 3544.536 Thread 0x000001eeb0d6d800 Uncommon trap: reason=bimorphic_or_optimized_type_check action=maybe_recompile pc=0x000001ee9611d734 method=javax.swing.JTree.setExpandedState(Ljavax/swing/tree/TreePath;Z)V @ 311 c2
Event: 3558.292 Thread 0x000001eeb0d6d800 Uncommon trap: reason=unstable_if action=reinterpret pc=0x000001ee959fea14 method=ui.views.V.a.U.getToolTipText(Ljava/awt/event/MouseEvent;)Ljava/lang/String; @ 182 c2

Classes redefined (0 events):
No events

Internal exceptions (10 events):
Event: 3178.647 Thread 0x000001eeb24a7000 Exception <a 'java/lang/InterruptedException'{0x000000070cc32888}: sleep interrupted> (0x000000070cc32888) thrown at [t:/workspace/hotspot/src/share/vm/prims/jvm.cpp, line 2984]
Event: 3265.124 Thread 0x000001eeb0d6d800 Exception <a 'sun/nio/fs/WindowsException'{0x000000070ade98b0}> (0x000000070ade98b0) thrown at [t:/workspace/hotspot/src/share/vm/prims/jni.cpp, line 604]
Event: 3265.124 Thread 0x000001eeb0d6d800 Exception <a 'sun/nio/fs/WindowsException'{0x000000070ade9c00}> (0x000000070ade9c00) thrown at [t:/workspace/hotspot/src/share/vm/prims/jni.cpp, line 604]
Event: 3371.788 Thread 0x000001eeb0d6d800 Exception <a 'sun/nio/fs/WindowsException'{0x000000070d216440}> (0x000000070d216440) thrown at [t:/workspace/hotspot/src/share/vm/prims/jni.cpp, line 604]
Event: 3371.788 Thread 0x000001eeb0d6d800 Exception <a 'sun/nio/fs/WindowsException'{0x000000070d216790}> (0x000000070d216790) thrown at [t:/workspace/hotspot/src/share/vm/prims/jni.cpp, line 604]
Event: 3446.552 Thread 0x000001eeb24a4000 Exception <a 'java/lang/InterruptedException'{0x000000070cd80840}: sleep interrupted> (0x000000070cd80840) thrown at [t:/workspace/hotspot/src/share/vm/prims/jvm.cpp, line 3023]
Event: 3459.512 Thread 0x000001eeb0d6d800 Implicit null exception at 0x000001ee95ebab8f to 0x000001ee95ebc83d
Event: 3459.633 Thread 0x000001eeb24a3000 Exception <a 'java/lang/InterruptedException'{0x000000070cc01a90}: sleep interrupted> (0x000000070cc01a90) thrown at [t:/workspace/hotspot/src/share/vm/prims/jvm.cpp, line 2984]
Event: 3462.880 Thread 0x000001eeb0d6d800 Implicit null exception at 0x000001ee94a358cc to 0x000001ee94a361d5
Event: 3494.527 Thread 0x000001eeb0d6d800 Implicit null exception at 0x000001ee95580fc7 to 0x000001ee955830a1

Events (10 events):
Event: 3575.911 Thread 0x000001eeb24a2800 Thread exited: 0x000001eeb24a2800
Event: 3576.305 Thread 0x000001eeb24a4000 Thread added: 0x000001eeb24a4000
Event: 3576.309 Thread 0x000001eeb24a4000 Thread exited: 0x000001eeb24a4000
Event: 3576.468 Thread 0x000001eeb24a2800 Thread added: 0x000001eeb24a2800
Event: 3576.473 Executing VM operation: RevokeBias
Event: 3576.474 Executing VM operation: RevokeBias done
Event: 3577.306 Thread 0x000001eeb24aa000 Thread added: 0x000001eeb24aa000
Event: 3577.310 Thread 0x000001eeb24aa000 Thread exited: 0x000001eeb24aa000
Event: 3577.861 Executing VM operation: G1IncCollectionPause
Event: 3577.866 Executing VM operation: G1IncCollectionPause done


Dynamic libraries:
0x00007ff6da100000 - 0x00007ff6da130000 	D:\Xilinx\Vivado\2020.1\bin\unwrapped\win64.o\vivado.exe
0x00007ffb8c4d0000 - 0x00007ffb8c6e7000 	C:\WINDOWS\SYSTEM32\ntdll.dll
0x00007ffb8a860000 - 0x00007ffb8a924000 	C:\WINDOWS\System32\KERNEL32.DLL
0x00007ffb89840000 - 0x00007ffb89bfa000 	C:\WINDOWS\System32\KERNELBASE.dll
0x00007ffb89c00000 - 0x00007ffb89d11000 	C:\WINDOWS\System32\ucrtbase.dll
0x00007ffb74aa0000 - 0x00007ffb74b2d000 	C:\WINDOWS\SYSTEM32\MSVCP140.dll
0x00007ffb80a80000 - 0x00007ffb80a94000 	D:\Xilinx\Vivado\2020.1\lib\win64.o\libboost_signals.dll
0x00007ffb74a40000 - 0x00007ffb74a5e000 	C:\WINDOWS\SYSTEM32\VCRUNTIME140.dll
0x00007ffb7d410000 - 0x00007ffb7d42a000 	D:\Xilinx\Vivado\2020.1\lib\win64.o\librdi_commonmain.dll
0x00007ffb74a30000 - 0x00007ffb74a3c000 	C:\WINDOWS\SYSTEM32\VCRUNTIME140_1.dll
0x00007ffb7d3e0000 - 0x00007ffb7d406000 	D:\Xilinx\Vivado\2020.1\lib\win64.o\libboost_filesystem.dll
0x00007ffb8acd0000 - 0x00007ffb8ad82000 	C:\WINDOWS\System32\ADVAPI32.dll
0x00007ffb80450000 - 0x00007ffb8045a000 	D:\Xilinx\Vivado\2020.1\lib\win64.o\librdi_commonversion.dll
0x00007ffb8a7b0000 - 0x00007ffb8a857000 	C:\WINDOWS\System32\msvcrt.dll
0x00007ffb8a1f0000 - 0x00007ffb8a297000 	C:\WINDOWS\System32\sechost.dll
0x00007ffb8a1a0000 - 0x00007ffb8a1c8000 	C:\WINDOWS\System32\bcrypt.dll
0x00007ffb8c2a0000 - 0x00007ffb8c3b4000 	C:\WINDOWS\System32\RPCRT4.dll
0x00007ffb56500000 - 0x00007ffb566a1000 	D:\Xilinx\Vivado\2020.1\lib\win64.o\librdi_commonxillic.dll
0x000000006a230000 - 0x000000006a35b000 	D:\Xilinx\Vivado\2020.1\lib\win64.o\tcl85t.dll
0x00007ffb8bd60000 - 0x00007ffb8bf0e000 	C:\WINDOWS\System32\USER32.dll
0x00007ffb8b7d0000 - 0x00007ffb8b841000 	C:\WINDOWS\System32\WS2_32.dll
0x00007ffb89d20000 - 0x00007ffb89d46000 	C:\WINDOWS\System32\win32u.dll
0x00007ffb8c100000 - 0x00007ffb8c129000 	C:\WINDOWS\System32\GDI32.dll
0x00007ffb89e90000 - 0x00007ffb89fab000 	C:\WINDOWS\System32\gdi32full.dll
0x00007ffb897a0000 - 0x00007ffb8983a000 	C:\WINDOWS\System32\msvcp_win.dll
0x00007ffb7f560000 - 0x00007ffb7f56b000 	D:\Xilinx\Vivado\2020.1\lib\win64.o\libboost_system.dll
0x00007ffae8d40000 - 0x00007ffae9e06000 	D:\Xilinx\Vivado\2020.1\lib\win64.o\librdi_common.dll
0x00007ffb8af50000 - 0x00007ffb8b7c8000 	C:\WINDOWS\System32\SHELL32.dll
0x00007ffb50830000 - 0x00007ffb50944000 	D:\Xilinx\Vivado\2020.1\lib\win64.o\libboost_regex.dll
0x00007ffb27380000 - 0x00007ffb2765b000 	D:\Xilinx\Vivado\2020.1\lib\win64.o\libXil_lmgr11.dll
0x00007ffb8c130000 - 0x00007ffb8c230000 	C:\WINDOWS\System32\COMDLG32.dll
0x00007ffb8a930000 - 0x00007ffb8acbf000 	C:\WINDOWS\System32\combase.dll
0x00007ffb8b990000 - 0x00007ffb8ba8a000 	C:\WINDOWS\System32\shcore.dll
0x00007ffb8bb50000 - 0x00007ffb8bbae000 	C:\WINDOWS\System32\SHLWAPI.dll
0x00007ffb25f40000 - 0x00007ffb262ae000 	D:\Xilinx\Vivado\2020.1\lib\win64.o\libCOIN-all.dll
0x00007ffb8b8b0000 - 0x00007ffb8b987000 	C:\WINDOWS\System32\OLEAUT32.dll
0x00007ffb7d3c0000 - 0x00007ffb7d3d4000 	D:\Xilinx\Vivado\2020.1\lib\win64.o\libboost_date_time.dll
0x00007ffb8bbb0000 - 0x00007ffb8bd55000 	C:\WINDOWS\System32\ole32.dll
0x00007ffb8a120000 - 0x00007ffb8a192000 	C:\WINDOWS\System32\WINTRUST.dll
0x00007ffb89fb0000 - 0x00007ffb8a116000 	C:\WINDOWS\System32\CRYPT32.dll
0x00007ffb54f50000 - 0x00007ffb54fcf000 	D:\Xilinx\Vivado\2020.1\lib\win64.o\libboost_program_options.dll
0x00007ffb7a140000 - 0x00007ffb7a161000 	D:\Xilinx\Vivado\2020.1\lib\win64.o\libboost_thread.dll
0x00007ffb50680000 - 0x00007ffb50702000 	D:\Xilinx\Vivado\2020.1\lib\win64.o\libhdlpsolve.dll
0x00007ffb7d3b0000 - 0x00007ffb7d3bf000 	D:\Xilinx\Vivado\2020.1\lib\win64.o\libboost_xilinx.dll
0x00007ffb4d960000 - 0x00007ffb4da05000 	D:\Xilinx\Vivado\2020.1\lib\win64.o\libhdxml.dll
0x00007ffb79d80000 - 0x00007ffb79dae000 	D:\Xilinx\Vivado\2020.1\lib\win64.o\libisl_sysinfo.dll
0x00007ffb56400000 - 0x00007ffb56465000 	D:\Xilinx\Vivado\2020.1\lib\win64.o\liblmx6.0.dll
0x00007ffb79d60000 - 0x00007ffb79d7a000 	D:\Xilinx\Vivado\2020.1\lib\win64.o\pthreadVC2.dll
0x00007ffb76870000 - 0x00007ffb7688c000 	D:\Xilinx\Vivado\2020.1\lib\win64.o\librdiconfig.dll
0x00007ffb75c60000 - 0x00007ffb75c81000 	D:\Xilinx\Vivado\2020.1\lib\win64.o\librdizlib.dll
0x0000000012000000 - 0x0000000012270000 	D:\Xilinx\Vivado\2020.1\lib\win64.o\xerces-c_3_1.dll
0x00007ffb70ba0000 - 0x00007ffb70bb9000 	C:\WINDOWS\SYSTEM32\NETAPI32.dll
0x00007ffb6f6f0000 - 0x00007ffb6fbee000 	C:\WINDOWS\SYSTEM32\WININET.dll
0x00007ffae8080000 - 0x00007ffae8d35a00 	D:\Xilinx\Vivado\2020.1\lib\win64.o\libisl_iostreams.dll
0x00007ffb84e40000 - 0x00007ffb84f76000 	C:\WINDOWS\SYSTEM32\WINHTTP.dll
0x00007ffb7c180000 - 0x00007ffb7c370000 	C:\WINDOWS\SYSTEM32\urlmon.dll
0x00007ffb6e500000 - 0x00007ffb6e509000 	C:\WINDOWS\SYSTEM32\WSOCK32.dll
0x00007ffb584b0000 - 0x00007ffb584e0000 	C:\WINDOWS\SYSTEM32\VCOMP140.DLL
0x00007ffae71e0000 - 0x00007ffae8071000 	D:\Xilinx\Vivado\2020.1\lib\win64.o\gurobi65.dll
0x00007ffb65de0000 - 0x00007ffb65e93000 	C:\WINDOWS\WinSxS\amd64_microsoft.windows.common-controls_6595b64144ccf1df_5.82.22621.3527_none_b43b7f4b638cc64f\COMCTL32.dll
0x00007ffb83a40000 - 0x00007ffb83a5f000 	C:\WINDOWS\SYSTEM32\dhcpcsvc.DLL
0x00007ffb7ce20000 - 0x00007ffb7ce2d000 	D:\Xilinx\Vivado\2020.1\lib\win64.o\libboost_chrono.dll
0x00007ffb764e0000 - 0x00007ffb7679e000 	C:\WINDOWS\SYSTEM32\iertutil.dll
0x00007ffb76410000 - 0x00007ffb7642b000 	D:\Xilinx\Vivado\2020.1\lib\win64.o\libboost_iostreams.dll
0x00007ffb58320000 - 0x00007ffb58345000 	D:\Xilinx\Vivado\2020.1\lib\win64.o\libisl_iosutils.dll
0x00007ffb7c110000 - 0x00007ffb7c138000 	C:\WINDOWS\SYSTEM32\srvcli.dll
0x00007ffb88270000 - 0x00007ffb8827c000 	C:\WINDOWS\SYSTEM32\netutils.dll
0x00007ffb88d10000 - 0x00007ffb88d79000 	C:\WINDOWS\SYSTEM32\MSWSOCK.DLL
0x00007ffb8a2a0000 - 0x00007ffb8a2d1000 	C:\WINDOWS\System32\IMM32.DLL
0x00007ffb88fe0000 - 0x00007ffb88ff2000 	C:\WINDOWS\SYSTEM32\MSASN1.dll
0x00007ffb888a0000 - 0x00007ffb888b8000 	C:\WINDOWS\SYSTEM32\kernel.appcore.dll
0x00007ffb21da0000 - 0x00007ffb2229c000 	D:\Xilinx\Vivado\2020.1\lib\win64.o\librdi_commontasks.dll
0x00007ffb7fe40000 - 0x00007ffb7fe4a000 	C:\WINDOWS\SYSTEM32\VERSION.dll
0x0000000069800000 - 0x000000006a225000 	D:\Xilinx\Vivado\2020.1\tps\win64\jre9.0.4\bin\server\jvm.dll
0x00007ffb8acc0000 - 0x00007ffb8acc8000 	C:\WINDOWS\System32\PSAPI.DLL
0x00007ffaec570000 - 0x00007ffaec854000 	D:\Xilinx\Vivado\2020.1\lib\win64.o\librdi_sio.dll
0x00007ffb83650000 - 0x00007ffb83684000 	C:\WINDOWS\SYSTEM32\WINMM.dll
0x00007ffb4d870000 - 0x00007ffb4d95f000 	C:\WINDOWS\SYSTEM32\MSVCR120.dll
0x00007ffb88280000 - 0x00007ffb882ad000 	C:\WINDOWS\SYSTEM32\IPHLPAPI.DLL
0x00007ffb876a0000 - 0x00007ffb87fa8000 	C:\WINDOWS\SYSTEM32\windows.storage.dll
0x00007ffb87560000 - 0x00007ffb8769f000 	C:\WINDOWS\SYSTEM32\wintypes.dll
0x00007ffae4b40000 - 0x00007ffae71d5000 	D:\Xilinx\Vivado\2020.1\lib\win64.o\librdi_tcltasks.dll
0x00007ffaebc60000 - 0x00007ffaec126000 	D:\Xilinx\Vivado\2020.1\lib\win64.o\librdi_bitstream.dll
0x00007ffb26ef0000 - 0x00007ffb270a3000 	D:\Xilinx\Vivado\2020.1\lib\win64.o\librdi_board.dll
0x00007ffb4aa10000 - 0x00007ffb4aa8b000 	D:\Xilinx\Vivado\2020.1\lib\win64.o\librdi_boarddep.dll
0x00007ffb25d70000 - 0x00007ffb25f31000 	D:\Xilinx\Vivado\2020.1\lib\win64.o\librdi_chipscopeimpl.dll
0x00007ffae2f10000 - 0x00007ffae4b3a000 	D:\Xilinx\Vivado\2020.1\lib\win64.o\librdi_constraints.dll
0x00007ffb4a910000 - 0x00007ffb4aa06000 	D:\Xilinx\Vivado\2020.1\lib\win64.o\librdi_chipscope.dll
0x00007ffae06c0000 - 0x00007ffae0d99000 	D:\Xilinx\Vivado\2020.1\lib\win64.o\librdi_coregenipxact.dll
0x00007ffae0da0000 - 0x00007ffae2f0d000 	D:\Xilinx\Vivado\2020.1\lib\win64.o\librdi_coregen.dll
0x00007ffaeb910000 - 0x00007ffaebc5b000 	D:\Xilinx\Vivado\2020.1\lib\win64.o\librdi_dlyest.dll
0x00007ffadc390000 - 0x00007ffae06be000 	D:\Xilinx\Vivado\2020.1\lib\win64.o\librdi_designutils.dll
0x00007ffb32240000 - 0x00007ffb32304000 	D:\Xilinx\Vivado\2020.1\lib\win64.o\librdi_dsp.dll
0x00007ffadbd70000 - 0x00007ffadc38e000 	D:\Xilinx\Vivado\2020.1\lib\win64.o\librdi_drc.dll
0x00007ffadba50000 - 0x00007ffadbd6c000 	D:\Xilinx\Vivado\2020.1\lib\win64.o\librdi_guitools.dll
0x00007ffb27300000 - 0x00007ffb27377000 	D:\Xilinx\Vivado\2020.1\lib\win64.o\librdi_hdf.dll
0x00007ffadb220000 - 0x00007ffadb8a6000 	D:\Xilinx\Vivado\2020.1\lib\win64.o\librdi_filemgmt.dll
0x00007ffadafc0000 - 0x00007ffadb215000 	D:\Xilinx\Vivado\2020.1\lib\win64.o\librdi_hip_devdesign.dll
0x00007ffb24ee0000 - 0x00007ffb25028000 	D:\Xilinx\Vivado\2020.1\lib\win64.o\librdi_hip_perf_analysis.dll
0x00007ffab8cc0000 - 0x00007ffad0b90000 	D:\Xilinx\Vivado\2020.1\lib\win64.o\librdi_device.dll
0x00007ffad9030000 - 0x00007ffad966e000 	D:\Xilinx\Vivado\2020.1\lib\win64.o\librdi_memdata.dll
0x00007ffb271f0000 - 0x00007ffb27264000 	D:\Xilinx\Vivado\2020.1\lib\win64.o\librdi_memoryarray.dll
0x00007ffad9670000 - 0x00007ffadafba000 	D:\Xilinx\Vivado\2020.1\lib\win64.o\librdi_implflow.dll
0x00007ffb564b0000 - 0x00007ffb564fe000 	D:\Xilinx\Vivado\2020.1\lib\win64.o\librdi_pfi.dll
0x00007ffad8920000 - 0x00007ffad9023000 	D:\Xilinx\Vivado\2020.1\lib\win64.o\librdi_netlist.dll
0x00007ffb21c40000 - 0x00007ffb21d9b000 	D:\Xilinx\Vivado\2020.1\lib\win64.o\librdi_containers.dll
0x00007ffad1730000 - 0x00007ffad1a81000 	D:\Xilinx\Vivado\2020.1\lib\win64.o\librdi_platform.dll
0x00007ffad2060000 - 0x00007ffad2894000 	D:\Xilinx\Vivado\2020.1\lib\win64.o\librdi_power.dll
0x00007ffab8580000 - 0x00007ffab8cbc000 	D:\Xilinx\Vivado\2020.1\lib\win64.o\librdi_psta.dll
0x00007ffad1130000 - 0x00007ffad1725000 	D:\Xilinx\Vivado\2020.1\lib\win64.o\librdi_project.dll
0x00007ffab7e10000 - 0x00007ffab857f000 	D:\Xilinx\Vivado\2020.1\lib\win64.o\librdi_rsb.dll
0x00007ffad5da0000 - 0x00007ffad8911000 	D:\Xilinx\Vivado\2020.1\lib\win64.o\librdi_place.dll
0x00007ffad0c90000 - 0x00007ffad112a000 	D:\Xilinx\Vivado\2020.1\lib\win64.o\librdi_runs.dll
0x00007ffaeb800000 - 0x00007ffaeb908000 	D:\Xilinx\Vivado\2020.1\lib\win64.o\librdi_runsbase.dll
0x00007ffab7b90000 - 0x00007ffab7e05000 	D:\Xilinx\Vivado\2020.1\lib\win64.o\librdi_simdata.dll
0x00007ffaeb700000 - 0x00007ffaeb7ff000 	D:\Xilinx\Vivado\2020.1\lib\win64.o\librdi_xhub.dll
0x00007ffb27140000 - 0x00007ffb271e8000 	D:\Xilinx\Vivado\2020.1\lib\win64.o\librdi_xhubtasks.dll
0x00007ffab6c80000 - 0x00007ffab7b8a000 	D:\Xilinx\Vivado\2020.1\lib\win64.o\librdi_timing.dll
0x00007ffb54f00000 - 0x00007ffb54f4c000 	D:\Xilinx\Vivado\2020.1\lib\win64.o\libboost_serialization.dll
0x00007ffad5cb0000 - 0x00007ffad5d98000 	D:\Xilinx\Vivado\2020.1\lib\win64.o\librdi_ipconfig_readwrite.dll
0x00007ffb50610000 - 0x00007ffb5067c000 	D:\Xilinx\Vivado\2020.1\lib\win64.o\librdi_noc_frameworks.dll
0x00007ffad5760000 - 0x00007ffad5933000 	D:\Xilinx\Vivado\2020.1\lib\win64.o\librdi_advchipscopeimpl.dll
0x00007ffb326c0000 - 0x00007ffb3270d000 	D:\Xilinx\Vivado\2020.1\lib\win64.o\libboost_graph.dll
0x00007ffb32190000 - 0x00007ffb321dc000 	D:\Xilinx\Vivado\2020.1\lib\win64.o\librdi_bva.dll
0x00007ffb26e50000 - 0x00007ffb26eee000 	D:\Xilinx\Vivado\2020.1\lib\win64.o\libise.dll
0x00007ffab5f30000 - 0x00007ffab6123000 	D:\Xilinx\Vivado\2020.1\lib\win64.o\librdi_hip_config.dll
0x00007ffab59e0000 - 0x00007ffab5f2e000 	D:\Xilinx\Vivado\2020.1\lib\win64.o\librdi_xdm.dll
0x00007ffab6130000 - 0x00007ffab6c77000 	D:\Xilinx\Vivado\2020.1\lib\win64.o\libverific.dll

VM Arguments:
jvm_args: -Dsun.java2d.pmoffscreen=false -Dsun.java2d.xrender=false -Dsun.java2d.d3d=false -Dsun.awt.nopixfmt=true -Dsun.java2d.dpiaware=true -Dsun.java2d.uiScale.enabled=false -Xverify:none -Dswing.aatext=true -XX:-UsePerfData -Djdk.map.althashing.threshold=512 -XX:StringTableSize=4072 --add-opens=java.base/java.nio=ALL-UNNAMED --add-opens=java.desktop/sun.swing=ALL-UNNAMED --add-opens=java.desktop/javax.swing=ALL-UNNAMED --add-opens=java.desktop/javax.swing.tree=ALL-UNNAMED --add-opens=java.desktop/javax.swing.plaf.basic=ALL-UNNAMED --add-opens=java.desktop/javax.swing.plaf.synth=ALL-UNNAMED --add-opens=java.desktop/com.sun.awt=ALL-UNNAMED -XX:NewSize=60m -XX:MaxNewSize=60m -Xms128m -Xmx3072m -Xss5m 
java_command: <unknown>
java_class_path (initial): D:/Xilinx/Vivado/2020.1\lib\classes\alloy.jar;D:/Xilinx/Vivado/2020.1\lib\classes\ArchiveSummary.jar;D:/Xilinx/Vivado/2020.1\lib\classes\autoesl-models.jar;D:/Xilinx/Vivado/2020.1\lib\classes\autopilot.scelaborator.jar;D:/Xilinx/Vivado/2020.1\lib\classes\autopilot.sourceprocessor.jar;D:/Xilinx/Vivado/2020.1\lib\classes\autopilot.tbprocessor.jar;D:/Xilinx/Vivado/2020.1\lib\classes\batik-anim.jar;D:/Xilinx/Vivado/2020.1\lib\classes\batik-awt-util.jar;D:/Xilinx/Vivado/2020.1\lib\classes\batik-bridge.jar;D:/Xilinx/Vivado/2020.1\lib\classes\batik-codec.jar;D:/Xilinx/Vivado/2020.1\lib\classes\batik-css.jar;D:/Xilinx/Vivado/2020.1\lib\classes\batik-dom.jar;D:/Xilinx/Vivado/2020.1\lib\classes\batik-ext.jar;D:/Xilinx/Vivado/2020.1\lib\classes\batik-gui-util.jar;D:/Xilinx/Vivado/2020.1\lib\classes\batik-gvt.jar;D:/Xilinx/Vivado/2020.1\lib\classes\batik-parser.jar;D:/Xilinx/Vivado/2020.1\lib\classes\batik-script.jar;D:/Xilinx/Vivado/2020.1\lib\classes\batik-svg-dom.jar;D:/Xilinx/Vivado/2020.1\lib\classes\batik-swing.jar;D:/Xilinx/Vivado/2020.1\lib\classes\batik-transcoder.jar;D:/Xilinx/Vivado/2020.1\lib\classes\batik-util.jar;D:/Xilinx/Vivado/2020.1\lib\classes\batik-xml.jar;D:/Xilinx/Vivado/2020.1\lib\classes\com.google.gson_2.8.2.v20180104-1110.jar;D:/Xilinx/Vivado/2020.1\lib\classes\com.google.guava_27.1.0.v20190517-1946.jar;D:/Xilinx/Vivado/2020.1\lib\classes\com.ibm.icu_4.4.2.v20110208.jar;D:/Xilinx/Vivado/2020.1\lib\classes\com.sigasi.hdt.connection_4.8.0.202004151336.jar;D:/Xilinx/Vivado/2020.1\lib\classes\com.sigasi.hdt.epl_4.8.0.202004151336.jar;D:/Xilinx/Vivado/2020.1\lib\classes\com.sigasi.hdt.project_4.8.0.202004151336.jar;D:/Xilinx/Vivado/2020.1\lib\classes\com.sigasi.hdt.readonlyfilesystem_4.8.0.202004151336.jar;D:/Xilinx/Vivado/2020.1\lib\classes\com.sigasi.lcm_4.8.0.202004151336.jar;D:/Xilinx/Vivado/2020.1\lib\classes\com.sigasi.sdk.client_4.8.0.202004151336.jar;D:/Xilinx/Vivado/2020.1\lib\classes\com.xilinx.hls.services.jar;D:/Xili
Launcher Type: generic

Logging:
Log output configuration:
#0: stdout all=warning uptime,level,tags
#1: stderr all=off uptime,level,tags

Environment Variables:
PATH=D:/Xilinx/Vivado/2020.1\gnuwin\bin;D:/Xilinx/Vivado/2020.1\gnu\microblaze\nt\bin;D:/Xilinx/Vivado/2020.1/bin;D:/Xilinx/Vivado/2020.1/lib/win64.o;D:/Xilinx/Vivado/2020.1/tps/win64/jre9.0.4/bin/server;D:/Xilinx/Vivado/2020.1/tps/win64/jre9.0.4/bin;D:/Xilinx/Vivado/2020.1/ids_lite/ISE/bin/nt64;D:/Xilinx/Vivado/2020.1/ids_lite/ISE/lib/nt64;D:\anaconda;D:\anaconda\Scripts;C:\Program Files\Common Files\Oracle\Java\javapath;D:\Program Files\mingw64\bin;C:\Windows\System32\HWAudioDriverLibs;C:\Windows\system32;C:\Windows;C:\Windows\System32\Wbem;C:\Windows\System32\WindowsPowerShell\v1.0\;C:\Windows\System32\OpenSSH\;C:\Windows\system32\config\systemprofile\AppData\Local\Microsoft\WindowsApps;D:\Program Files\Bandizip\;D:\Program Files\Git\cmd;D:\Windows Kits\10\Windows Performance Toolkit\;C:\Users\89652\AppData\Roaming\Python\Python312\Scripts;D:\zlearning\virtual_machine\software\hashcat-6.2.6\hashcat-6.2.6;C:\Program Files\Docker\Docker\resources\bin;D:\Program Files\nodejs\;C:\ProgramData\chocolatey\bin;D:\anaconda\Library\bin;D:\anaconda\Library\mingw-w64\bin;D:\Program Files\MATLAB\R2023a\bin;C:\Users\89652\AppData\Local\SageMath 9.3\runtime\bin;D:\Program Files\Wolfram Research\WolframScript\;C:\Program Files\dotnet\;D:\Program Files\010 Editor;C:\Users\89652\AppData\Local\Microsoft\WindowsApps;D:\Program Files\Microsoft VS Code\bin;C:\Users\89652\.dotnet\tools;D:\Program Files\Nmap;;D:\Program Files\JetBrains\IntelliJ IDEA Community Edition 2024.2.3\bin;C:\Users\89652\AppData\Roaming\npm;D:/Xilinx/Vivado/2020.1\tps\mingw\6.2.0\win64.o\nt\bin;D:/Xilinx/Vivado/2020.1\tps\mingw\6.2.0\win64.o\nt\libexec\gcc\x86_64-w64-mingw32\6.2.0;D:/Xilinx/Vivado/2020.1\tps\win64\python-2.7.16;D:/Xilinx/Vivado/2020.1\tps\win64\python-2.7.16\bin;D:/Xilinx/Vivado/2020.1\tps\win64\python-2.7.16\lib;D:/Xilinx/Vivado/2020.1\tps\win64\python-2.7.16\Lib\lib-tk;D:/Xilinx/Vivado/2020.1\tps\win64\python-2.7.16\lib\site-packages
USERNAME=89652
OS=Windows_NT
PROCESSOR_IDENTIFIER=Intel64 Family 6 Model 140 Stepping 1, GenuineIntel



---------------  S Y S T E M  ---------------

OS: Windows 10 , 64 bit Build 22621 (10.0.22621.4391)

CPU:total 8 (initial active 8) (4 cores per cpu, 2 threads per core) family 6 model 140 stepping 1, cmov, cx8, fxsr, mmx, sse, sse2, sse3, ssse3, sse4.1, sse4.2, popcnt, avx, avx2, aes, clmul, erms, 3dnowpref, lzcnt, ht, tsc, tscinvbit, bmi1, bmi2, adx, sha, fma

Memory: 4k page, physical 16571704k(7900068k free), swap 17620280k(5634236k free)

vm_info: Java HotSpot(TM) 64-Bit Server VM (9.0.4+11) for windows-amd64 JRE (9.0.4+11), built on Dec 20 2017 02:18:54 by "mach5one" with MS VC++ 12.0 (VS2013)

END.
