#
# A fatal error has been detected by the Java Runtime Environment:
#
#  EXCEPTION_ACCESS_VIOLATION (0xc0000005) at pc=0x00007ffae8ddc288, pid=10680, tid=14976
#
# JRE version: Java(TM) SE Runtime Environment (9.0+11) (build 9.0.4+11)
# Java VM: Java HotSpot(TM) 64-Bit Server VM (9.0.4+11, mixed mode, tiered, compressed oops, g1 gc, windows-amd64)
# Problematic frame:
# C  [librdi_common.dll+0x9c288]
#
# No core dump will be written. Minidumps are not enabled by default on client versions of Windows
#
# If you would like to submit a bug report, please visit:
#   http://bugreport.java.com/bugreport/crash.jsp
# The crash happened outside the Java Virtual Machine in native code.
# See problematic frame for where to report the bug.
#

---------------  S U M M A R Y ------------

Command Line: -Dsun.java2d.pmoffscreen=false -Dsun.java2d.xrender=false -Dsun.java2d.d3d=false -Dsun.awt.nopixfmt=true -Dsun.java2d.dpiaware=true -Dsun.java2d.uiScale.enabled=false -Xverify:none -Dswing.aatext=true -XX:-UsePerfData -Djdk.map.althashing.threshold=512 -XX:StringTableSize=4072 --add-opens=java.base/java.nio=ALL-UNNAMED --add-opens=java.desktop/sun.swing=ALL-UNNAMED --add-opens=java.desktop/javax.swing=ALL-UNNAMED --add-opens=java.desktop/javax.swing.tree=ALL-UNNAMED --add-opens=java.desktop/javax.swing.plaf.basic=ALL-UNNAMED --add-opens=java.desktop/javax.swing.plaf.synth=ALL-UNNAMED --add-opens=java.desktop/com.sun.awt=ALL-UNNAMED -XX:NewSize=60m -XX:MaxNewSize=60m -Xms128m -Xmx3072m -Xss5m 

Host: 11th Gen Intel(R) Core(TM) i7-1165G7 @ 2.80GHz, 8 cores, 15G,  Windows 10 , 64 bit Build 22621 (10.0.22621.4391)
Time: Thu Dec 19 23:01:45 2024 ?D1¨²¡À¨º¡Á?¨º¡À?? elapsed time: 371 seconds (0d 0h 6m 11s)

---------------  T H R E A D  ---------------

Current thread (0x000001caaa473000):  JavaThread "AWT-EventQueue-0" [_thread_in_native, id=14976, stack(0x000000c981900000,0x000000c981e00000)]

Stack: [0x000000c981900000,0x000000c981e00000],  sp=0x000000c981df3ec0,  free space=5071k
Native frames: (J=compiled Java code, j=interpreted, Vv=VM code, C=native code)
C  [librdi_common.dll+0x9c288]
C  0x00007ffab54ed16e
C  0x00007ffab54ed28a
C  0x00007ffab55089f4
C  0x00007ffab55a1d7e
C  0x00007ffab55a1c9f
C  0x00007ffab55cba50
C  0x00007ffab55cb6f6
C  0x00007ffab56295fb
C  0x00007ffab562b013
C  0x00007ffab5603e70
C  0x00007ffab5603eed
C  0x00007ffab5603f91
C  0x00007ffab562a484
C  0x00007ffab55fa486
C  0x00007ffab55fa255
C  0x00007ffab5636a9f
C  0x000001cac42e921c

Java frames: (J=compiled Java code, j=interpreted, Vv=VM code)
j  ui.views.waveform.waveformi.WVExecutive_getGraphicsDataSize(J)J+0
j  ui.views.waveform.executive.a.jBs()Ljava/io/ByteArrayInputStream;+8
j  ui.views.waveform.b.a.jAN()V+7
j  ui.views.waveform.b.a.iKd()V+1
j  ui.views.waveform.m.jzY()V+4
j  ui.views.waveform.m.GF(Z)V+11
j  ui.views.waveform.w.aE(ZZ)V+30
j  ui.views.waveform.c.b.j(Lui/frmwork/b/i;)V+94
j  ui.views.waveform.w.a(Lui/frmwork/b/i;)V+13
J 13936 c1 ui.frmwork.b.l.d(Lui/frmwork/b/i;)V (61 bytes) @ 0x000001cac679ef9c [0x000001cac679e740+0x000000000000085c]
J 13922 c1 ui.frmwork.G.i(JZ)V (471 bytes) @ 0x000001cac677d8ac [0x000001cac67790c0+0x00000000000047ec]
J 13924 c1 ui.frmwork.G.fireTclEvent(J)I (113 bytes) @ 0x000001cac67824cc [0x000001cac6781cc0+0x000000000000080c]
v  ~StubRoutines::call_stub
j  ui.views.waveform.waveformi.WVExecutive_processModelEvent(JJ)V+0
j  ui.views.waveform.executive.a.fu(J)V+5
j  ui.views.waveform.c.b.ft(J)V+8
j  ui.views.waveform.c.b.j(Lui/frmwork/b/i;)V+127
j  ui.views.waveform.w.a(Lui/frmwork/b/i;)V+13
J 13936 c1 ui.frmwork.b.l.d(Lui/frmwork/b/i;)V (61 bytes) @ 0x000001cac679ef9c [0x000001cac679e740+0x000000000000085c]
J 13922 c1 ui.frmwork.G.i(JZ)V (471 bytes) @ 0x000001cac677d8ac [0x000001cac67790c0+0x00000000000047ec]
J 13924 c1 ui.frmwork.G.fireTclEvent(J)I (113 bytes) @ 0x000001cac67824cc [0x000001cac6781cc0+0x000000000000080c]
v  ~StubRoutines::call_stub
j  ui.views.waveform.waveformi.WVExecutive_processModelEvent(JJ)V+0
j  ui.views.waveform.executive.a.fu(J)V+5
j  ui.views.waveform.c.b.ft(J)V+8
j  ui.views.waveform.c.e.actionPerformed(Ljava/awt/event/ActionEvent;)V+8
J 18084 c2 javax.swing.Timer.fireActionPerformed(Ljava/awt/event/ActionEvent;)V java.desktop@9.0.4 (46 bytes) @ 0x000001cacc1d5fd8 [0x000001cacc1d5ec0+0x0000000000000118]
J 18083 c2 javax.swing.Timer$DoPostEvent.run()V java.desktop@9.0.4 (82 bytes) @ 0x000001cacc067a6c [0x000001cacc067760+0x000000000000030c]
J 14427 c2 java.awt.event.InvocationEvent.dispatch()V java.desktop@9.0.4 (69 bytes) @ 0x000001cacc24b59c [0x000001cacc24b540+0x000000000000005c]
J 14150 c2 java.awt.EventQueue$3.run()Ljava/lang/Object; java.desktop@9.0.4 (5 bytes) @ 0x000001cacc8cd338 [0x000001cacc8cd260+0x00000000000000d8]
v  ~StubRoutines::call_stub
J 4240  java.security.AccessController.doPrivileged(Ljava/security/PrivilegedAction;Ljava/security/AccessControlContext;)Ljava/lang/Object; java.base@9.0.4 (0 bytes) @ 0x000001cacc00abc6 [0x000001cacc00ab60+0x0000000000000066]
J 14149 c2 java.awt.EventQueue.dispatchEvent(Ljava/awt/AWTEvent;)V java.desktop@9.0.4 (80 bytes) @ 0x000001cacc8ceb98 [0x000001cacc8ce640+0x0000000000000558]
J 14171 c2 ui.frmwork.b.d.dispatchEvent(Ljava/awt/AWTEvent;)V (34 bytes) @ 0x000001cacc8d30c0 [0x000001cacc8d2fe0+0x00000000000000e0]
J 14175 c2 java.awt.EventDispatchThread.pumpOneEventForFilters(I)V java.desktop@9.0.4 (218 bytes) @ 0x000001cacc8dd0bc [0x000001cacc8dcd20+0x000000000000039c]
j  java.awt.EventDispatchThread.pumpEventsForFilter(ILjava/awt/Conditional;Ljava/awt/EventFilter;)V+35 java.desktop@9.0.4
j  java.awt.EventDispatchThread.pumpEventsForFilter(Ljava/awt/Conditional;Ljava/awt/EventFilter;)V+4 java.desktop@9.0.4
j  java.awt.WaitDispatchSupport$2.run()V+59 java.desktop@9.0.4
j  java.awt.WaitDispatchSupport$4.run()Ljava/lang/Void;+4 java.desktop@9.0.4
j  java.awt.WaitDispatchSupport$4.run()Ljava/lang/Object;+1 java.desktop@9.0.4
v  ~StubRoutines::call_stub
J 991  java.security.AccessController.doPrivileged(Ljava/security/PrivilegedAction;)Ljava/lang/Object; java.base@9.0.4 (0 bytes) @ 0x000001cacbdfbeb2 [0x000001cacbdfbe60+0x0000000000000052]
j  java.awt.WaitDispatchSupport.enter()Z+260 java.desktop@9.0.4
j  java.awt.Dialog.show()V+225 java.desktop@9.0.4
J 6852 c1 java.awt.Component.setVisible(Z)V java.desktop@9.0.4 (6 bytes) @ 0x000001cac575a34c [0x000001cac575a160+0x00000000000001ec]
j  java.awt.Window.setVisible(Z)V+2 java.desktop@9.0.4
j  java.awt.Dialog.setVisible(Z)V+2 java.desktop@9.0.4
j  ui.b.c.g.setVisible(Z)V+2
j  ui.b.c.bz.showDialog()V+64
j  ui.b.c.bI.actionPerformed(Ljava/awt/event/ActionEvent;)V+8
j  ui.b.c.bz.eWx()V+390
j  ui.views.c.t.b.a.run()V+60
j  ui.frmwork.a.gJb()Z+66
j  ui.frmwork.Y.gKQ()V+42
j  ui.bn.actionPerformed(Ljava/awt/event/ActionEvent;)V+25
j  javax.swing.AbstractButton.fireActionPerformed(Ljava/awt/event/ActionEvent;)V+84 java.desktop@9.0.4
j  ui.utils.swing.b.E.fireActionPerformed(Ljava/awt/event/ActionEvent;)V+7
j  javax.swing.AbstractButton$Handler.actionPerformed(Ljava/awt/event/ActionEvent;)V+5 java.desktop@9.0.4
j  javax.swing.DefaultButtonModel.fireActionPerformed(Ljava/awt/event/ActionEvent;)V+34 java.desktop@9.0.4
j  javax.swing.DefaultButtonModel.setPressed(Z)V+117 java.desktop@9.0.4
j  javax.swing.plaf.basic.BasicButtonListener.mouseReleased(Ljava/awt/event/MouseEvent;)V+35 java.desktop@9.0.4
j  com.jidesoft.plaf.basic.BasicJideButtonListener.mouseReleased(Ljava/awt/event/MouseEvent;)V+61
j  java.awt.AWTEventMulticaster.mouseReleased(Ljava/awt/event/MouseEvent;)V+8 java.desktop@9.0.4
j  java.awt.AWTEventMulticaster.mouseReleased(Ljava/awt/event/MouseEvent;)V+8 java.desktop@9.0.4
j  java.awt.AWTEventMulticaster.mouseReleased(Ljava/awt/event/MouseEvent;)V+8 java.desktop@9.0.4
j  java.awt.AWTEventMulticaster.mouseReleased(Ljava/awt/event/MouseEvent;)V+8 java.desktop@9.0.4
J 17314 c1 java.awt.Component.processMouseEvent(Ljava/awt/event/MouseEvent;)V java.desktop@9.0.4 (100 bytes) @ 0x000001cac6da86b4 [0x000001cac6da8320+0x0000000000000394]
J 17323 c1 javax.swing.JComponent.processMouseEvent(Ljava/awt/event/MouseEvent;)V java.desktop@9.0.4 (27 bytes) @ 0x000001cac6dae66c [0x000001cac6dae460+0x000000000000020c]
J 14043 c2 java.awt.Container.processEvent(Ljava/awt/AWTEvent;)V java.desktop@9.0.4 (22 bytes) @ 0x000001cacc89d640 [0x000001cacc89d520+0x0000000000000120]
J 18128 c2 java.awt.Component.dispatchEventImpl(Ljava/awt/AWTEvent;)V java.desktop@9.0.4 (739 bytes) @ 0x000001cacccc61f4 [0x000001cacccc4f40+0x00000000000012b4]
J 17817 c2 java.awt.Container.dispatchEventImpl(Ljava/awt/AWTEvent;)V java.desktop@9.0.4 (129 bytes) @ 0x000001cacc5f7ab8 [0x000001cacc5f7a60+0x0000000000000058]
J 17220 c2 java.awt.LightweightDispatcher.retargetMouseEvent(Ljava/awt/Component;ILjava/awt/event/MouseEvent;)V java.desktop@9.0.4 (350 bytes) @ 0x000001caccbba180 [0x000001caccbb9be0+0x00000000000005a0]
J 18604 c2 java.awt.LightweightDispatcher.processMouseEvent(Ljava/awt/event/MouseEvent;)Z java.desktop@9.0.4 (265 bytes) @ 0x000001caccd7d208 [0x000001caccd7cb80+0x0000000000000688]
J 17817 c2 java.awt.Container.dispatchEventImpl(Ljava/awt/AWTEvent;)V java.desktop@9.0.4 (129 bytes) @ 0x000001cacc5f7e14 [0x000001cacc5f7a60+0x00000000000003b4]
J 18484 c2 java.awt.Window.dispatchEventImpl(Ljava/awt/AWTEvent;)V java.desktop@9.0.4 (23 bytes) @ 0x000001caccd2050c [0x000001caccd204c0+0x000000000000004c]
J 14150 c2 java.awt.EventQueue$3.run()Ljava/lang/Object; java.desktop@9.0.4 (5 bytes) @ 0x000001cacc8cd3b4 [0x000001cacc8cd260+0x0000000000000154]
v  ~StubRoutines::call_stub
J 4240  java.security.AccessController.doPrivileged(Ljava/security/PrivilegedAction;Ljava/security/AccessControlContext;)Ljava/lang/Object; java.base@9.0.4 (0 bytes) @ 0x000001cacc00abc6 [0x000001cacc00ab60+0x0000000000000066]
J 17730 c2 java.awt.EventQueue$4.run()Ljava/lang/Object; java.desktop@9.0.4 (5 bytes) @ 0x000001cacc3afb40 [0x000001cacc3af8e0+0x0000000000000260]
v  ~StubRoutines::call_stub
J 4240  java.security.AccessController.doPrivileged(Ljava/security/PrivilegedAction;Ljava/security/AccessControlContext;)Ljava/lang/Object; java.base@9.0.4 (0 bytes) @ 0x000001cacc00abc6 [0x000001cacc00ab60+0x0000000000000066]
J 14149 c2 java.awt.EventQueue.dispatchEvent(Ljava/awt/AWTEvent;)V java.desktop@9.0.4 (80 bytes) @ 0x000001cacc8ce9c0 [0x000001cacc8ce640+0x0000000000000380]
J 14171 c2 ui.frmwork.b.d.dispatchEvent(Ljava/awt/AWTEvent;)V (34 bytes) @ 0x000001cacc8d30c0 [0x000001cacc8d2fe0+0x00000000000000e0]
J 14175 c2 java.awt.EventDispatchThread.pumpOneEventForFilters(I)V java.desktop@9.0.4 (218 bytes) @ 0x000001cacc8dd0bc [0x000001cacc8dcd20+0x000000000000039c]
j  java.awt.EventDispatchThread.pumpEventsForFilter(ILjava/awt/Conditional;Ljava/awt/EventFilter;)V+35 java.desktop@9.0.4
j  java.awt.EventDispatchThread.pumpEventsForHierarchy(ILjava/awt/Conditional;Ljava/awt/Component;)V+11 java.desktop@9.0.4
j  java.awt.EventDispatchThread.pumpEvents(ILjava/awt/Conditional;)V+4 java.desktop@9.0.4
j  java.awt.EventDispatchThread.pumpEvents(Ljava/awt/Conditional;)V+3 java.desktop@9.0.4
j  java.awt.EventDispatchThread.run()V+9 java.desktop@9.0.4
v  ~StubRoutines::call_stub

siginfo: EXCEPTION_ACCESS_VIOLATION (0xc0000005), reading address 0x0000000000330000


Register to memory mapping:

RIP=0x00007ffae8ddc288 librdi_common.dll
RAX=0x00004b29b8b518d1 is an unknown value
RBX=0x000001cae575d810 is an unknown value
RCX=0x0000000000000000 is an unknown value
RDX=0x0000000000330000 is an unknown value
RSP=0x000000c981df3ec0 is pointing into the stack for thread: 0x000001caaa473000
RBP=0x000000c981df4030 is pointing into the stack for thread: 0x000001caaa473000
RSI=0x000001cae575ec68 is an unknown value
RDI=0x000001cae5c3a420 is an unknown value
R8 =0x000001caa18c3780 is an unknown value
R9 =0x0000000000000001 is an unknown value
R10=0x0000000000000003 is an unknown value
R11=0x000000c981df3d30 is pointing into the stack for thread: 0x000001caaa473000
R12=0x000001cae5c33520 is an unknown value
R13=0x0000000000000000 is an unknown value
R14=0x0000000000000000 is an unknown value
R15=0x000000c981df4650 is pointing into the stack for thread: 0x000001caaa473000


Registers:
RAX=0x00004b29b8b518d1, RBX=0x000001cae575d810, RCX=0x0000000000000000, RDX=0x0000000000330000
RSP=0x000000c981df3ec0, RBP=0x000000c981df4030, RSI=0x000001cae575ec68, RDI=0x000001cae5c3a420
R8 =0x000001caa18c3780, R9 =0x0000000000000001, R10=0x0000000000000003, R11=0x000000c981df3d30
R12=0x000001cae5c33520, R13=0x0000000000000000, R14=0x0000000000000000, R15=0x000000c981df4650
RIP=0x00007ffae8ddc288, EFLAGS=0x0000000000010206

Top of Stack: (sp=0x000000c981df3ec0)
0x000000c981df3ec0:   0000000000000000 0000000000000000
0x000000c981df3ed0:   00000000000063f8 00007ffa00000008
0x000000c981df3ee0:   000001cae575d810 fffffffffffffffe
0x000000c981df3ef0:   000000c981df4650 0000000000000000
0x000000c981df3f00:   0000000000000000 000001cae5c33520
0x000000c981df3f10:   00004b29b8b518d1 000001cae575ec68
0x000000c981df3f20:   0000000000000000 00007ffab54ed16e
0x000000c981df3f30:   000001cae5c3fe00 000001cae3642080
0x000000c981df3f40:   0000000000000000 00000000000927c1
0x000000c981df3f50:   0000000000001d87 000001cae575ec68
0x000000c981df3f60:   0000000000000000 0000000000000000
0x000000c981df3f70:   0000000800000000 0000000100000000
0x000000c981df3f80:   000001cae20766d8 000001cae575ec68
0x000000c981df3f90:   0000000000000008 000001cae20765c8
0x000000c981df3fa0:   000001caa9ab1b80 00000000000927c1
0x000000c981df3fb0:   000001cae5c3fb80 000001ca000001b3 

Instructions: (pc=0x00007ffae8ddc288)
0x00007ffae8ddc268:   48 83 f9 27 76 07 ff 15 8c 5b 90 00 cc 48 8b c8
0x00007ffae8ddc278:   e8 17 12 7b 00 eb 35 48 8b 53 08 48 85 d2 74 0a
0x00007ffae8ddc288:   80 3a 00 75 0c 45 33 c0 eb 18 48 8d 15 bf a6 90
0x00007ffae8ddc298:   00 49 83 c8 ff 0f 1f 00 49 ff c0 42 80 3c 02 00 



---------------  P R O C E S S  ---------------

Java Threads: ( => current thread )
  0x000001caa9ab1000 JavaThread "Relaunch Simulation Thread" [_thread_blocked, id=15740, stack(0x000000c986700000,0x000000c986c00000)]
  0x000001caa9aae000 JavaThread "Monitor File Timestamp Swing Worker Thread" [_thread_blocked, id=22360, stack(0x000000c986200000,0x000000c986700000)]
  0x000001caa9ab0800 JavaThread "Timer-0" [_thread_blocked, id=11224, stack(0x000000c985500000,0x000000c985a00000)]
  0x000001caa9aaf800 JavaThread "SyntheticaAnimation 50" daemon [_thread_blocked, id=17724, stack(0x000000c981400000,0x000000c981900000)]
  0x000001caa9aaa800 JavaThread "Update Runs Swing Worker Thread" [_thread_blocked, id=21628, stack(0x000000c985d00000,0x000000c986200000)]
  0x000001caa9aac000 JavaThread "hw_ila_monitor" [_thread_blocked, id=12932, stack(0x000000c984900000,0x000000c984e00000)]
  0x000001caa9aaf000 JavaThread "Refresh Filesets Swing Worker Thread" [_thread_blocked, id=10588, stack(0x000000c984400000,0x000000c984900000)]
  0x000001cac0caf000 JavaThread "SyntheticaAnimation 70" daemon [_thread_blocked, id=21044, stack(0x000000c982800000,0x000000c982d00000)]
  0x000001cac0cad800 JavaThread "SyntheticaAnimation 25" daemon [_thread_blocked, id=3300, stack(0x000000c983f00000,0x000000c984400000)]
  0x000001cac0caa000 JavaThread "SyntheticaAnimation 50" daemon [_thread_blocked, id=20208, stack(0x000000c983a00000,0x000000c983f00000)]
  0x000001cac0ca9000 JavaThread "Monitor HEventQueue Thread" [_thread_blocked, id=11380, stack(0x000000c983500000,0x000000c983a00000)]
  0x000001cac0ca8800 JavaThread "SyntheticaCleanerThread" daemon [_thread_blocked, id=19340, stack(0x000000c982d00000,0x000000c983200000)]
  0x000001cac0cae800 JavaThread "Batik CleanerThread" daemon [_thread_blocked, id=14868, stack(0x000000c981e00000,0x000000c982300000)]
  0x000001cac293f800 JavaThread "Process Messages Thread" [_thread_blocked, id=14452, stack(0x000000c982300000,0x000000c982800000)]
  0x000001caaa1fc000 JavaThread "Thread-1" [_thread_in_native, id=13168, stack(0x000000c9fa900000,0x000000c9fbd00000)]
=>0x000001caaa473000 JavaThread "AWT-EventQueue-0" [_thread_in_native, id=14976, stack(0x000000c981900000,0x000000c981e00000)]
  0x000001caa9b3a000 JavaThread "TimerQueue" daemon [_thread_blocked, id=15264, stack(0x000000c980f00000,0x000000c981400000)]
  0x000001cac2910800 JavaThread "AWT-Windows" daemon [_thread_in_native, id=10792, stack(0x000000c980a00000,0x000000c980f00000)]
  0x000001cac29f3000 JavaThread "AWT-Shutdown" [_thread_blocked, id=19948, stack(0x000000c980500000,0x000000c980a00000)]
  0x000001cac29f2000 JavaThread "Java2D Disposer" daemon [_thread_blocked, id=9732, stack(0x000000c980000000,0x000000c980500000)]
  0x000001cac1fe1000 JavaThread "Service Thread" daemon [_thread_blocked, id=21560, stack(0x000000c9ff800000,0x000000c9ffd00000)]
  0x000001cac0cca800 JavaThread "Common-Cleaner" daemon [_thread_blocked, id=21568, stack(0x000000c9ff300000,0x000000c9ff800000)]
  0x000001cac0cac000 JavaThread "Sweeper thread" daemon [_thread_blocked, id=14176, stack(0x000000c9fee00000,0x000000c9ff300000)]
  0x000001cac13b7000 JavaThread "C1 CompilerThread3" daemon [_thread_blocked, id=14940, stack(0x000000c9fed00000,0x000000c9fee00000)]
  0x000001cac13b6800 JavaThread "C2 CompilerThread2" daemon [_thread_blocked, id=13148, stack(0x000000c9fec00000,0x000000c9fed00000)]
  0x000001cadd87b000 JavaThread "C2 CompilerThread1" daemon [_thread_blocked, id=4652, stack(0x000000c9feb00000,0x000000c9fec00000)]
  0x000001cadd87a800 JavaThread "C2 CompilerThread0" daemon [_thread_blocked, id=20188, stack(0x000000c9fea00000,0x000000c9feb00000)]
  0x000001cac19b9000 JavaThread "Attach Listener" daemon [_thread_blocked, id=1856, stack(0x000000c9fe500000,0x000000c9fea00000)]
  0x000001cac19b8800 JavaThread "Signal Dispatcher" daemon [_thread_blocked, id=18348, stack(0x000000c9fe000000,0x000000c9fe500000)]
  0x000001cac17bf000 JavaThread "Finalizer" daemon [_thread_blocked, id=4312, stack(0x000000c9fdb00000,0x000000c9fe000000)]
  0x000001caddbbe000 JavaThread "Reference Handler" daemon [_thread_blocked, id=21632, stack(0x000000c9fd600000,0x000000c9fdb00000)]
  0x000001cadcce2800 JavaThread "main" [_thread_blocked, id=5984, stack(0x000000c9fc000000,0x000000c9fc100000)]

Other Threads:
  0x000001caddbe0000 VMThread "VM Thread" [stack: 0x000000c9fd500000,0x000000c9fd600000] [id=12392]
  0x000001cac1fe3000 WatcherThread [stack: 0x000000c9ffd00000,0x000000c9ffe00000] [id=824]
  0x000001cac0bc7800 GCTaskThread "GC Thread#0" [stack: 0x000000c9fc100000,0x000000c9fc200000] [id=16072]
  0x000001cadcede000 GCTaskThread "GC Thread#1" [stack: 0x000000c9fc200000,0x000000c9fc300000] [id=6916]
  0x000001cadcedb800 GCTaskThread "GC Thread#2" [stack: 0x000000c9fc300000,0x000000c9fc400000] [id=15752]
  0x000001cadcede800 GCTaskThread "GC Thread#3" [stack: 0x000000c9fc400000,0x000000c9fc500000] [id=20700]
  0x000001cadced9000 GCTaskThread "GC Thread#4" [stack: 0x000000c9fc500000,0x000000c9fc600000] [id=11848]
  0x000001cadcedc000 GCTaskThread "GC Thread#5" [stack: 0x000000c9fc600000,0x000000c9fc700000] [id=18476]
  0x000001cadceda000 GCTaskThread "GC Thread#6" [stack: 0x000000c9fc700000,0x000000c9fc800000] [id=17092]
  0x000001cadced7800 GCTaskThread "GC Thread#7" [stack: 0x000000c9fc800000,0x000000c9fc900000] [id=12552]
  0x000001caa6a8d800 ConcurrentGCThread "G1 Main Marker" [stack: 0x000000c9fd200000,0x000000c9fd300000] [id=21088]
  0x000001cadced9800 ConcurrentGCThread "G1 Marker#0" [stack: 0x000000c9fd300000,0x000000c9fd400000] [id=11076]
  0x000001cadcedc800 ConcurrentGCThread "G1 Marker#1" [stack: 0x000000c9fd400000,0x000000c9fd500000] [id=21836]
  0x000001cadcee0000 ConcurrentGCThread "G1 Refine#0" [stack: 0x000000c9fd000000,0x000000c9fd100000] [id=2276]
  0x000001cac1aae800 ConcurrentGCThread "G1 Refine#1" [stack: 0x000000c9fcf00000,0x000000c9fd000000] [id=6544]
  0x000001cac0cd2800 ConcurrentGCThread "G1 Refine#2" [stack: 0x000000c9fce00000,0x000000c9fcf00000] [id=22480]
  0x000001cac3b30000 ConcurrentGCThread "G1 Refine#3" [stack: 0x000000c9fcd00000,0x000000c9fce00000] [id=15532]
  0x000001cac3b2f800 ConcurrentGCThread "G1 Refine#4" [stack: 0x000000c9fcc00000,0x000000c9fcd00000] [id=20112]
  0x000001cac15bd000 ConcurrentGCThread "G1 Refine#5" [stack: 0x000000c9fcb00000,0x000000c9fcc00000] [id=4072]
  0x000001caa75f9000 ConcurrentGCThread "G1 Refine#6" [stack: 0x000000c9fca00000,0x000000c9fcb00000] [id=16300]
  0x000001caa75f8000 ConcurrentGCThread "G1 Refine#7" [stack: 0x000000c9fc900000,0x000000c9fca00000] [id=8644]
  0x000001cadc9a2800 ConcurrentGCThread "G1 Young RemSet Sampling" [stack: 0x000000c9fd100000,0x000000c9fd200000] [id=16876]

Threads with active compile tasks:

VM state:not at safepoint (normal execution)

VM Mutex/Monitor currently owned by a thread: None

Heap address: 0x0000000700000000, size: 3072 MB, Compressed Oops mode: Zero based, Oop shift amount: 3
Narrow klass base: 0x0000000000000000, Narrow klass shift: 3
Compressed class space size: 1073741824 Address: 0x00000007c0000000

Heap:
 garbage-first heap   total 210944K, used 144474K [0x0000000700000000, 0x0000000700100670, 0x00000007c0000000)
  region size 1024K, 60 young (61440K), 1 survivors (1024K)
 Metaspace       used 87483K, capacity 93937K, committed 94032K, reserved 1130496K
  class space    used 12749K, capacity 13874K, committed 13948K, reserved 1048576K
Heap Regions: E=young(eden), S=young(survivor), O=old, HS=humongous(starts), HC=humongous(continues), CS=collection set, F=free, A=archive, TS=gc time stamp, AC=allocation context, TAMS=top-at-mark-start (previous, next)
|   0|0x0000000700000000, 0x00000007000ff630, 0x0000000700100000| 99%| O|  |TS  0|AC  0|TAMS 0x0000000700000000, 0x0000000700000000|
|   1|0x0000000700100000, 0x00000007001f7ff8, 0x0000000700200000| 96%| O|  |TS  0|AC  0|TAMS 0x0000000700100000, 0x0000000700100000|
|   2|0x0000000700200000, 0x0000000700300000, 0x0000000700300000|100%|HS|  |TS  0|AC  0|TAMS 0x0000000700200000, 0x0000000700200000|
|   3|0x0000000700300000, 0x0000000700400000, 0x0000000700400000|100%|HC|  |TS  0|AC  0|TAMS 0x0000000700300000, 0x0000000700300000|
|   4|0x0000000700400000, 0x0000000700500000, 0x0000000700500000|100%|HS|  |TS  0|AC  0|TAMS 0x0000000700400000, 0x0000000700400000|
|   5|0x0000000700500000, 0x00000007005fb9a8, 0x0000000700600000| 98%| O|  |TS  0|AC  0|TAMS 0x0000000700500000, 0x0000000700500000|
|   6|0x0000000700600000, 0x00000007006fc328, 0x0000000700700000| 98%| O|  |TS  0|AC  0|TAMS 0x0000000700600000, 0x0000000700600000|
|   7|0x0000000700700000, 0x00000007007e9750, 0x0000000700800000| 91%| O|  |TS  0|AC  0|TAMS 0x0000000700700000, 0x0000000700700000|
|   8|0x0000000700800000, 0x00000007008fb8f0, 0x0000000700900000| 98%| O|  |TS  0|AC  0|TAMS 0x0000000700800000, 0x0000000700800000|
|   9|0x0000000700900000, 0x00000007009f7228, 0x0000000700a00000| 96%| O|  |TS  0|AC  0|TAMS 0x0000000700900000, 0x0000000700900000|
|  10|0x0000000700a00000, 0x0000000700affff8, 0x0000000700b00000| 99%| O|  |TS  0|AC  0|TAMS 0x0000000700a00000, 0x0000000700a00000|
|  11|0x0000000700b00000, 0x0000000700bffff0, 0x0000000700c00000| 99%| O|  |TS  0|AC  0|TAMS 0x0000000700b00000, 0x0000000700b00000|
|  12|0x0000000700c00000, 0x0000000700d00000, 0x0000000700d00000|100%| O|  |TS  0|AC  0|TAMS 0x0000000700c00000, 0x0000000700c00000|
|  13|0x0000000700d00000, 0x0000000700dffff0, 0x0000000700e00000| 99%| O|  |TS  0|AC  0|TAMS 0x0000000700d00000, 0x0000000700d00000|
|  14|0x0000000700e00000, 0x0000000700effff0, 0x0000000700f00000| 99%| O|  |TS  0|AC  0|TAMS 0x0000000700e00000, 0x0000000700e00000|
|  15|0x0000000700f00000, 0x0000000701000000, 0x0000000701000000|100%| O|  |TS  0|AC  0|TAMS 0x0000000700f00000, 0x0000000700f00000|
|  16|0x0000000701000000, 0x0000000701100000, 0x0000000701100000|100%| O|  |TS  0|AC  0|TAMS 0x0000000701000000, 0x0000000701000000|
|  17|0x0000000701100000, 0x00000007011fffe8, 0x0000000701200000| 99%| O|  |TS  0|AC  0|TAMS 0x0000000701100000, 0x0000000701100000|
|  18|0x0000000701200000, 0x00000007012ffff8, 0x0000000701300000| 99%| O|  |TS  0|AC  0|TAMS 0x0000000701200000, 0x0000000701200000|
|  19|0x0000000701300000, 0x00000007013fffc0, 0x0000000701400000| 99%| O|  |TS  0|AC  0|TAMS 0x0000000701300000, 0x0000000701300000|
|  20|0x0000000701400000, 0x00000007014ce008, 0x0000000701500000| 80%| O|  |TS  0|AC  0|TAMS 0x0000000701400000, 0x0000000701400000|
|  21|0x0000000701500000, 0x00000007015ffff8, 0x0000000701600000| 99%| O|  |TS  0|AC  0|TAMS 0x0000000701500000, 0x0000000701500000|
|  22|0x0000000701600000, 0x00000007016ffd20, 0x0000000701700000| 99%| O|  |TS  0|AC  0|TAMS 0x0000000701600000, 0x0000000701600000|
|  23|0x0000000701700000, 0x0000000701800000, 0x0000000701800000|100%| O|  |TS  0|AC  0|TAMS 0x0000000701700000, 0x0000000701700000|
|  24|0x0000000701800000, 0x00000007018ffac0, 0x0000000701900000| 99%| O|  |TS  0|AC  0|TAMS 0x0000000701800000, 0x0000000701800000|
|  25|0x0000000701900000, 0x00000007019ffff0, 0x0000000701a00000| 99%| O|  |TS  0|AC  0|TAMS 0x0000000701900000, 0x0000000701900000|
|  26|0x0000000701a00000, 0x0000000701afea58, 0x0000000701b00000| 99%| O|  |TS  0|AC  0|TAMS 0x0000000701a00000, 0x0000000701a00000|
|  27|0x0000000701b00000, 0x0000000701c00000, 0x0000000701c00000|100%| O|  |TS  0|AC  0|TAMS 0x0000000701b00000, 0x0000000701b00000|
|  28|0x0000000701c00000, 0x0000000701cfff78, 0x0000000701d00000| 99%| O|  |TS  0|AC  0|TAMS 0x0000000701c00000, 0x0000000701c00000|
|  29|0x0000000701d00000, 0x0000000701dffe20, 0x0000000701e00000| 99%| O|  |TS  0|AC  0|TAMS 0x0000000701d00000, 0x0000000701d00000|
|  30|0x0000000701e00000, 0x0000000701effff0, 0x0000000701f00000| 99%| O|  |TS  0|AC  0|TAMS 0x0000000701e00000, 0x0000000701e00000|
|  31|0x0000000701f00000, 0x0000000701fffff0, 0x0000000702000000| 99%| O|  |TS  0|AC  0|TAMS 0x0000000701f00000, 0x0000000701f00000|
|  32|0x0000000702000000, 0x00000007020fffe8, 0x0000000702100000| 99%| O|  |TS  0|AC  0|TAMS 0x0000000702000000, 0x0000000702000000|
|  33|0x0000000702100000, 0x00000007021ffff8, 0x0000000702200000| 99%| O|  |TS  0|AC  0|TAMS 0x0000000702100000, 0x0000000702100000|
|  34|0x0000000702200000, 0x00000007022fffe8, 0x0000000702300000| 99%| O|  |TS  0|AC  0|TAMS 0x0000000702200000, 0x0000000702200000|
|  35|0x0000000702300000, 0x00000007023fffe8, 0x0000000702400000| 99%| O|  |TS  0|AC  0|TAMS 0x0000000702300000, 0x0000000702300000|
|  36|0x0000000702400000, 0x00000007024ffed8, 0x0000000702500000| 99%| O|  |TS  0|AC  0|TAMS 0x0000000702400000, 0x0000000702400000|
|  37|0x0000000702500000, 0x00000007025fffe8, 0x0000000702600000| 99%| O|  |TS  0|AC  0|TAMS 0x0000000702500000, 0x0000000702500000|
|  38|0x0000000702600000, 0x00000007026fff88, 0x0000000702700000| 99%| O|  |TS  0|AC  0|TAMS 0x0000000702600000, 0x0000000702600000|
|  39|0x0000000702700000, 0x00000007027ffff0, 0x0000000702800000| 99%| O|  |TS  0|AC  0|TAMS 0x0000000702700000, 0x0000000702700000|
|  40|0x0000000702800000, 0x00000007028ffee0, 0x0000000702900000| 99%| O|  |TS  0|AC  0|TAMS 0x0000000702800000, 0x0000000702800000|
|  41|0x0000000702900000, 0x00000007029ffff0, 0x0000000702a00000| 99%| O|  |TS  0|AC  0|TAMS 0x0000000702900000, 0x0000000702900000|
|  42|0x0000000702a00000, 0x0000000702affff0, 0x0000000702b00000| 99%| O|  |TS  0|AC  0|TAMS 0x0000000702a00000, 0x0000000702a00000|
|  43|0x0000000702b00000, 0x0000000702c00000, 0x0000000702c00000|100%| O|  |TS  0|AC  0|TAMS 0x0000000702b00000, 0x0000000702b00000|
|  44|0x0000000702c00000, 0x0000000702d00000, 0x0000000702d00000|100%| O|  |TS  0|AC  0|TAMS 0x0000000702c00000, 0x0000000702c00000|
|  45|0x0000000702d00000, 0x0000000702dffff0, 0x0000000702e00000| 99%| O|  |TS  0|AC  0|TAMS 0x0000000702d00000, 0x0000000702d00000|
|  46|0x0000000702e00000, 0x0000000702effff8, 0x0000000702f00000| 99%| O|  |TS  0|AC  0|TAMS 0x0000000702e00000, 0x0000000702e00000|
|  47|0x0000000702f00000, 0x0000000702ffffc8, 0x0000000703000000| 99%| O|  |TS  0|AC  0|TAMS 0x0000000702f00000, 0x0000000702f00000|
|  48|0x0000000703000000, 0x00000007030fffe8, 0x0000000703100000| 99%| O|  |TS  0|AC  0|TAMS 0x0000000703000000, 0x0000000703000000|
|  49|0x0000000703100000, 0x00000007031ffff0, 0x0000000703200000| 99%| O|  |TS  0|AC  0|TAMS 0x0000000703100000, 0x0000000703100000|
|  50|0x0000000703200000, 0x0000000703300000, 0x0000000703300000|100%| O|  |TS  0|AC  0|TAMS 0x0000000703200000, 0x0000000703200000|
|  51|0x0000000703300000, 0x00000007033fe120, 0x0000000703400000| 99%| O|  |TS  0|AC  0|TAMS 0x0000000703300000, 0x0000000703300000|
|  52|0x0000000703400000, 0x0000000703500000, 0x0000000703500000|100%|HS|  |TS  0|AC  0|TAMS 0x0000000703400000, 0x0000000703400000|
|  53|0x0000000703500000, 0x0000000703600000, 0x0000000703600000|100%|HC|  |TS  0|AC  0|TAMS 0x0000000703500000, 0x0000000703500000|
|  54|0x0000000703600000, 0x0000000703700000, 0x0000000703700000|100%|HC|  |TS  0|AC  0|TAMS 0x0000000703600000, 0x0000000703600000|
|  55|0x0000000703700000, 0x0000000703800000, 0x0000000703800000|100%|HC|  |TS  0|AC  0|TAMS 0x0000000703700000, 0x0000000703700000|
|  56|0x0000000703800000, 0x0000000703900000, 0x0000000703900000|100%|HC|  |TS  0|AC  0|TAMS 0x0000000703800000, 0x0000000703800000|
|  57|0x0000000703900000, 0x0000000703a00000, 0x0000000703a00000|100%|HC|  |TS  0|AC  0|TAMS 0x0000000703900000, 0x0000000703900000|
|  58|0x0000000703a00000, 0x0000000703b00000, 0x0000000703b00000|100%|HC|  |TS  0|AC  0|TAMS 0x0000000703a00000, 0x0000000703a00000|
|  59|0x0000000703b00000, 0x0000000703c00000, 0x0000000703c00000|100%|HC|  |TS  0|AC  0|TAMS 0x0000000703b00000, 0x0000000703b00000|
|  60|0x0000000703c00000, 0x0000000703cffde8, 0x0000000703d00000| 99%| O|  |TS  0|AC  0|TAMS 0x0000000703c00000, 0x0000000703c00000|
|  61|0x0000000703d00000, 0x0000000703dfffd0, 0x0000000703e00000| 99%| O|  |TS  0|AC  0|TAMS 0x0000000703d00000, 0x0000000703d00000|
|  62|0x0000000703e00000, 0x0000000703efffc0, 0x0000000703f00000| 99%| O|  |TS  0|AC  0|TAMS 0x0000000703e00000, 0x0000000703e00000|
|  63|0x0000000703f00000, 0x0000000703fffeb0, 0x0000000704000000| 99%| O|  |TS  0|AC  0|TAMS 0x0000000703f00000, 0x0000000703f00000|
|  64|0x0000000704000000, 0x00000007040fffb8, 0x0000000704100000| 99%| O|  |TS  0|AC  0|TAMS 0x0000000704000000, 0x0000000704000000|
|  65|0x0000000704100000, 0x00000007041ffff8, 0x0000000704200000| 99%| O|  |TS  0|AC  0|TAMS 0x0000000704100000, 0x0000000704100000|
|  66|0x0000000704200000, 0x0000000704300000, 0x0000000704300000|100%| O|  |TS  0|AC  0|TAMS 0x0000000704200000, 0x0000000704200000|
|  67|0x0000000704300000, 0x0000000704400000, 0x0000000704400000|100%| O|  |TS  0|AC  0|TAMS 0x0000000704300000, 0x0000000704300000|
|  68|0x0000000704400000, 0x00000007044ffff8, 0x0000000704500000| 99%| O|  |TS  0|AC  0|TAMS 0x0000000704400000, 0x0000000704400000|
|  69|0x0000000704500000, 0x00000007045ffff8, 0x0000000704600000| 99%| O|  |TS  0|AC  0|TAMS 0x0000000704500000, 0x0000000704500000|
|  70|0x0000000704600000, 0x00000007046ffff8, 0x0000000704700000| 99%| O|  |TS  0|AC  0|TAMS 0x0000000704600000, 0x0000000704600000|
|  71|0x0000000704700000, 0x00000007047ffff8, 0x0000000704800000| 99%| O|  |TS  0|AC  0|TAMS 0x0000000704700000, 0x0000000704700000|
|  72|0x0000000704800000, 0x0000000704900000, 0x0000000704900000|100%| O|  |TS  0|AC  0|TAMS 0x0000000704800000, 0x0000000704800000|
|  73|0x0000000704900000, 0x00000007049fdb10, 0x0000000704a00000| 99%| O|  |TS  0|AC  0|TAMS 0x0000000704900000, 0x0000000704900000|
|  74|0x0000000704a00000, 0x0000000704b00000, 0x0000000704b00000|100%| O|  |TS  0|AC  0|TAMS 0x0000000704a00000, 0x0000000704a00000|
|  75|0x0000000704b00000, 0x0000000704c00000, 0x0000000704c00000|100%| O|  |TS  0|AC  0|TAMS 0x0000000704b00000, 0x0000000704b00000|
|  76|0x0000000704c00000, 0x0000000704cfffd8, 0x0000000704d00000| 99%| O|  |TS  0|AC  0|TAMS 0x0000000704c00000, 0x0000000704c00000|
|  77|0x0000000704d00000, 0x0000000704dfffc8, 0x0000000704e00000| 99%| O|  |TS  0|AC  0|TAMS 0x0000000704d00000, 0x0000000704d00000|
|  78|0x0000000704e00000, 0x0000000704f00000, 0x0000000704f00000|100%| O|  |TS  0|AC  0|TAMS 0x0000000704e00000, 0x0000000704e00000|
|  79|0x0000000704f00000, 0x0000000705000000, 0x0000000705000000|100%|HS|  |TS  0|AC  0|TAMS 0x0000000704f00000, 0x0000000704f00000|
|  80|0x0000000705000000, 0x0000000705100000, 0x0000000705100000|100%|HC|  |TS  0|AC  0|TAMS 0x0000000705000000, 0x0000000705000000|
|  81|0x0000000705100000, 0x00000007051ffff8, 0x0000000705200000| 99%| O|  |TS  0|AC  0|TAMS 0x0000000705100000, 0x0000000705100000|
|  82|0x0000000705200000, 0x00000007052a10a8, 0x0000000705300000| 62%| O|  |TS  0|AC  0|TAMS 0x0000000705200000, 0x0000000705200000|
|  83|0x0000000705300000, 0x0000000705300000, 0x0000000705400000|  0%| F|  |TS  0|AC  0|TAMS 0x0000000705300000, 0x0000000705300000|
|  84|0x0000000705400000, 0x0000000705400000, 0x0000000705500000|  0%| F|  |TS  0|AC  0|TAMS 0x0000000705400000, 0x0000000705400000|
|  85|0x0000000705500000, 0x0000000705500000, 0x0000000705600000|  0%| F|  |TS  0|AC  0|TAMS 0x0000000705500000, 0x0000000705500000|
|  86|0x0000000705600000, 0x0000000705600000, 0x0000000705700000|  0%| F|  |TS  0|AC  0|TAMS 0x0000000705600000, 0x0000000705600000|
|  87|0x0000000705700000, 0x0000000705700000, 0x0000000705800000|  0%| F|  |TS  0|AC  0|TAMS 0x0000000705700000, 0x0000000705700000|
|  88|0x0000000705800000, 0x0000000705800000, 0x0000000705900000|  0%| F|  |TS  0|AC  0|TAMS 0x0000000705800000, 0x0000000705800000|
|  89|0x0000000705900000, 0x0000000705900000, 0x0000000705a00000|  0%| F|  |TS  0|AC  0|TAMS 0x0000000705900000, 0x0000000705900000|
|  90|0x0000000705a00000, 0x0000000705a00000, 0x0000000705b00000|  0%| F|  |TS  0|AC  0|TAMS 0x0000000705a00000, 0x0000000705a00000|
|  91|0x0000000705b00000, 0x0000000705b00000, 0x0000000705c00000|  0%| F|  |TS  0|AC  0|TAMS 0x0000000705b00000, 0x0000000705b00000|
|  92|0x0000000705c00000, 0x0000000705c00000, 0x0000000705d00000|  0%| F|  |TS  0|AC  0|TAMS 0x0000000705c00000, 0x0000000705c00000|
|  93|0x0000000705d00000, 0x0000000705d00000, 0x0000000705e00000|  0%| F|  |TS  0|AC  0|TAMS 0x0000000705d00000, 0x0000000705d00000|
|  94|0x0000000705e00000, 0x0000000705e00000, 0x0000000705f00000|  0%| F|  |TS  0|AC  0|TAMS 0x0000000705e00000, 0x0000000705e00000|
|  95|0x0000000705f00000, 0x0000000705f00000, 0x0000000706000000|  0%| F|  |TS  0|AC  0|TAMS 0x0000000705f00000, 0x0000000705f00000|
|  96|0x0000000706000000, 0x0000000706000000, 0x0000000706100000|  0%| F|  |TS  0|AC  0|TAMS 0x0000000706000000, 0x0000000706000000|
|  97|0x0000000706100000, 0x0000000706100000, 0x0000000706200000|  0%| F|  |TS  0|AC  0|TAMS 0x0000000706100000, 0x0000000706100000|
|  98|0x0000000706200000, 0x0000000706200000, 0x0000000706300000|  0%| F|  |TS  0|AC  0|TAMS 0x0000000706200000, 0x0000000706200000|
|  99|0x0000000706300000, 0x0000000706300000, 0x0000000706400000|  0%| F|  |TS  0|AC  0|TAMS 0x0000000706300000, 0x0000000706300000|
| 100|0x0000000706400000, 0x0000000706400000, 0x0000000706500000|  0%| F|  |TS  0|AC  0|TAMS 0x0000000706400000, 0x0000000706400000|
| 101|0x0000000706500000, 0x0000000706500000, 0x0000000706600000|  0%| F|  |TS  0|AC  0|TAMS 0x0000000706500000, 0x0000000706500000|
| 102|0x0000000706600000, 0x0000000706600000, 0x0000000706700000|  0%| F|  |TS  0|AC  0|TAMS 0x0000000706600000, 0x0000000706600000|
| 103|0x0000000706700000, 0x0000000706700000, 0x0000000706800000|  0%| F|  |TS  0|AC  0|TAMS 0x0000000706700000, 0x0000000706700000|
| 104|0x0000000706800000, 0x0000000706800000, 0x0000000706900000|  0%| F|  |TS  0|AC  0|TAMS 0x0000000706800000, 0x0000000706800000|
| 105|0x0000000706900000, 0x0000000706900000, 0x0000000706a00000|  0%| F|  |TS  0|AC  0|TAMS 0x0000000706900000, 0x0000000706900000|
| 106|0x0000000706a00000, 0x0000000706a00000, 0x0000000706b00000|  0%| F|  |TS  0|AC  0|TAMS 0x0000000706a00000, 0x0000000706a00000|
| 107|0x0000000706b00000, 0x0000000706b00000, 0x0000000706c00000|  0%| F|  |TS  0|AC  0|TAMS 0x0000000706b00000, 0x0000000706b00000|
| 108|0x0000000706c00000, 0x0000000706c00000, 0x0000000706d00000|  0%| F|  |TS  0|AC  0|TAMS 0x0000000706c00000, 0x0000000706c00000|
| 109|0x0000000706d00000, 0x0000000706d00000, 0x0000000706e00000|  0%| F|  |TS  0|AC  0|TAMS 0x0000000706d00000, 0x0000000706d00000|
| 110|0x0000000706e00000, 0x0000000706e00000, 0x0000000706f00000|  0%| F|  |TS  0|AC  0|TAMS 0x0000000706e00000, 0x0000000706e00000|
| 111|0x0000000706f00000, 0x0000000706f00000, 0x0000000707000000|  0%| F|  |TS  0|AC  0|TAMS 0x0000000706f00000, 0x0000000706f00000|
| 112|0x0000000707000000, 0x0000000707000000, 0x0000000707100000|  0%| F|  |TS  0|AC  0|TAMS 0x0000000707000000, 0x0000000707000000|
| 113|0x0000000707100000, 0x0000000707100000, 0x0000000707200000|  0%| F|  |TS  0|AC  0|TAMS 0x0000000707100000, 0x0000000707100000|
| 114|0x0000000707200000, 0x0000000707200000, 0x0000000707300000|  0%| F|  |TS  0|AC  0|TAMS 0x0000000707200000, 0x0000000707200000|
| 115|0x0000000707300000, 0x0000000707300000, 0x0000000707400000|  0%| F|  |TS  0|AC  0|TAMS 0x0000000707300000, 0x0000000707300000|
| 116|0x0000000707400000, 0x0000000707400000, 0x0000000707500000|  0%| F|  |TS  0|AC  0|TAMS 0x0000000707400000, 0x0000000707400000|
| 117|0x0000000707500000, 0x0000000707500000, 0x0000000707600000|  0%| F|  |TS  0|AC  0|TAMS 0x0000000707500000, 0x0000000707500000|
| 118|0x0000000707600000, 0x0000000707600000, 0x0000000707700000|  0%| F|  |TS  0|AC  0|TAMS 0x0000000707600000, 0x0000000707600000|
| 119|0x0000000707700000, 0x0000000707700000, 0x0000000707800000|  0%| F|  |TS  0|AC  0|TAMS 0x0000000707700000, 0x0000000707700000|
| 120|0x0000000707800000, 0x0000000707800000, 0x0000000707900000|  0%| F|  |TS  0|AC  0|TAMS 0x0000000707800000, 0x0000000707800000|
| 121|0x0000000707900000, 0x0000000707900000, 0x0000000707a00000|  0%| F|  |TS  0|AC  0|TAMS 0x0000000707900000, 0x0000000707900000|
| 122|0x0000000707a00000, 0x0000000707a00000, 0x0000000707b00000|  0%| F|  |TS  0|AC  0|TAMS 0x0000000707a00000, 0x0000000707a00000|
| 123|0x0000000707b00000, 0x0000000707b00000, 0x0000000707c00000|  0%| F|  |TS  0|AC  0|TAMS 0x0000000707b00000, 0x0000000707b00000|
| 124|0x0000000707c00000, 0x0000000707c00000, 0x0000000707d00000|  0%| F|  |TS  0|AC  0|TAMS 0x0000000707c00000, 0x0000000707c00000|
| 125|0x0000000707d00000, 0x0000000707d00000, 0x0000000707e00000|  0%| F|  |TS  0|AC  0|TAMS 0x0000000707d00000, 0x0000000707d00000|
| 126|0x0000000707e00000, 0x0000000707e00000, 0x0000000707f00000|  0%| F|  |TS  0|AC  0|TAMS 0x0000000707e00000, 0x0000000707e00000|
| 127|0x0000000707f00000, 0x0000000707f00000, 0x0000000708000000|  0%| F|  |TS  0|AC  0|TAMS 0x0000000707f00000, 0x0000000707f00000|
| 128|0x0000000708000000, 0x0000000708000000, 0x0000000708100000|  0%| F|  |TS  0|AC  0|TAMS 0x0000000708000000, 0x0000000708000000|
| 129|0x0000000708100000, 0x0000000708100000, 0x0000000708200000|  0%| F|  |TS  0|AC  0|TAMS 0x0000000708100000, 0x0000000708100000|
| 130|0x0000000708200000, 0x0000000708200000, 0x0000000708300000|  0%| F|  |TS  0|AC  0|TAMS 0x0000000708200000, 0x0000000708200000|
| 131|0x0000000708300000, 0x0000000708300000, 0x0000000708400000|  0%| F|  |TS  0|AC  0|TAMS 0x0000000708300000, 0x0000000708300000|
| 132|0x0000000708400000, 0x0000000708400000, 0x0000000708500000|  0%| F|  |TS  0|AC  0|TAMS 0x0000000708400000, 0x0000000708400000|
| 133|0x0000000708500000, 0x0000000708500000, 0x0000000708600000|  0%| F|  |TS  0|AC  0|TAMS 0x0000000708500000, 0x0000000708500000|
| 134|0x0000000708600000, 0x0000000708600000, 0x0000000708700000|  0%| F|  |TS  0|AC  0|TAMS 0x0000000708600000, 0x0000000708600000|
| 135|0x0000000708700000, 0x0000000708700000, 0x0000000708800000|  0%| F|  |TS  0|AC  0|TAMS 0x0000000708700000, 0x0000000708700000|
| 136|0x0000000708800000, 0x0000000708800000, 0x0000000708900000|  0%| F|  |TS  0|AC  0|TAMS 0x0000000708800000, 0x0000000708800000|
| 137|0x0000000708900000, 0x0000000708900000, 0x0000000708a00000|  0%| F|  |TS  0|AC  0|TAMS 0x0000000708900000, 0x0000000708900000|
| 138|0x0000000708a00000, 0x0000000708a00000, 0x0000000708b00000|  0%| F|  |TS  0|AC  0|TAMS 0x0000000708a00000, 0x0000000708a00000|
| 139|0x0000000708b00000, 0x0000000708b00000, 0x0000000708c00000|  0%| F|  |TS  0|AC  0|TAMS 0x0000000708b00000, 0x0000000708b00000|
| 140|0x0000000708c00000, 0x0000000708c00000, 0x0000000708d00000|  0%| F|  |TS  0|AC  0|TAMS 0x0000000708c00000, 0x0000000708c00000|
| 141|0x0000000708d00000, 0x0000000708d00000, 0x0000000708e00000|  0%| F|  |TS  0|AC  0|TAMS 0x0000000708d00000, 0x0000000708d00000|
| 142|0x0000000708e00000, 0x0000000708e00000, 0x0000000708f00000|  0%| F|  |TS  0|AC  0|TAMS 0x0000000708e00000, 0x0000000708e00000|
| 143|0x0000000708f00000, 0x0000000708f00000, 0x0000000709000000|  0%| F|  |TS  0|AC  0|TAMS 0x0000000708f00000, 0x0000000708f00000|
| 144|0x0000000709000000, 0x0000000709000000, 0x0000000709100000|  0%| F|  |TS  0|AC  0|TAMS 0x0000000709000000, 0x0000000709000000|
| 145|0x0000000709100000, 0x00000007091e3008, 0x0000000709200000| 88%| S|CS|TS 17|AC  0|TAMS 0x0000000709100000, 0x0000000709100000|
| 146|0x0000000709200000, 0x0000000709200000, 0x0000000709300000|  0%| F|  |TS 17|AC  0|TAMS 0x0000000709200000, 0x0000000709200000|
| 147|0x0000000709300000, 0x00000007093dfb68, 0x0000000709400000| 87%| E|  |TS 17|AC  0|TAMS 0x0000000709300000, 0x0000000709300000|
| 148|0x0000000709400000, 0x0000000709500000, 0x0000000709500000|100%| E|CS|TS 17|AC  0|TAMS 0x0000000709400000, 0x0000000709400000|
| 149|0x0000000709500000, 0x0000000709600000, 0x0000000709600000|100%| E|CS|TS 17|AC  0|TAMS 0x0000000709500000, 0x0000000709500000|
| 150|0x0000000709600000, 0x0000000709700000, 0x0000000709700000|100%| E|CS|TS 17|AC  0|TAMS 0x0000000709600000, 0x0000000709600000|
| 151|0x0000000709700000, 0x0000000709800000, 0x0000000709800000|100%| E|CS|TS 17|AC  0|TAMS 0x0000000709700000, 0x0000000709700000|
| 152|0x0000000709800000, 0x0000000709900000, 0x0000000709900000|100%| E|CS|TS 17|AC  0|TAMS 0x0000000709800000, 0x0000000709800000|
| 153|0x0000000709900000, 0x0000000709a00000, 0x0000000709a00000|100%| E|CS|TS 17|AC  0|TAMS 0x0000000709900000, 0x0000000709900000|
| 154|0x0000000709a00000, 0x0000000709b00000, 0x0000000709b00000|100%| E|CS|TS 17|AC  0|TAMS 0x0000000709a00000, 0x0000000709a00000|
| 155|0x0000000709b00000, 0x0000000709c00000, 0x0000000709c00000|100%| E|CS|TS 17|AC  0|TAMS 0x0000000709b00000, 0x0000000709b00000|
| 156|0x0000000709c00000, 0x0000000709d00000, 0x0000000709d00000|100%| E|CS|TS 17|AC  0|TAMS 0x0000000709c00000, 0x0000000709c00000|
| 157|0x0000000709d00000, 0x0000000709e00000, 0x0000000709e00000|100%| E|CS|TS 17|AC  0|TAMS 0x0000000709d00000, 0x0000000709d00000|
| 158|0x0000000709e00000, 0x0000000709f00000, 0x0000000709f00000|100%| E|CS|TS 17|AC  0|TAMS 0x0000000709e00000, 0x0000000709e00000|
| 159|0x0000000709f00000, 0x000000070a000000, 0x000000070a000000|100%| E|CS|TS 17|AC  0|TAMS 0x0000000709f00000, 0x0000000709f00000|
| 160|0x000000070a000000, 0x000000070a100000, 0x000000070a100000|100%| E|CS|TS 17|AC  0|TAMS 0x000000070a000000, 0x000000070a000000|
| 161|0x000000070a100000, 0x000000070a200000, 0x000000070a200000|100%| E|CS|TS 17|AC  0|TAMS 0x000000070a100000, 0x000000070a100000|
| 162|0x000000070a200000, 0x000000070a300000, 0x000000070a300000|100%| E|CS|TS 17|AC  0|TAMS 0x000000070a200000, 0x000000070a200000|
| 163|0x000000070a300000, 0x000000070a400000, 0x000000070a400000|100%| E|CS|TS 17|AC  0|TAMS 0x000000070a300000, 0x000000070a300000|
| 164|0x000000070a400000, 0x000000070a500000, 0x000000070a500000|100%| E|CS|TS 17|AC  0|TAMS 0x000000070a400000, 0x000000070a400000|
| 165|0x000000070a500000, 0x000000070a600000, 0x000000070a600000|100%| E|CS|TS 17|AC  0|TAMS 0x000000070a500000, 0x000000070a500000|
| 166|0x000000070a600000, 0x000000070a700000, 0x000000070a700000|100%| E|CS|TS 17|AC  0|TAMS 0x000000070a600000, 0x000000070a600000|
| 167|0x000000070a700000, 0x000000070a800000, 0x000000070a800000|100%| E|CS|TS 17|AC  0|TAMS 0x000000070a700000, 0x000000070a700000|
| 168|0x000000070a800000, 0x000000070a900000, 0x000000070a900000|100%| E|CS|TS 17|AC  0|TAMS 0x000000070a800000, 0x000000070a800000|
| 169|0x000000070a900000, 0x000000070aa00000, 0x000000070aa00000|100%| E|CS|TS 17|AC  0|TAMS 0x000000070a900000, 0x000000070a900000|
| 170|0x000000070aa00000, 0x000000070ab00000, 0x000000070ab00000|100%| E|CS|TS 17|AC  0|TAMS 0x000000070aa00000, 0x000000070aa00000|
| 171|0x000000070ab00000, 0x000000070ac00000, 0x000000070ac00000|100%| E|CS|TS 17|AC  0|TAMS 0x000000070ab00000, 0x000000070ab00000|
| 172|0x000000070ac00000, 0x000000070ad00000, 0x000000070ad00000|100%| E|CS|TS 17|AC  0|TAMS 0x000000070ac00000, 0x000000070ac00000|
| 173|0x000000070ad00000, 0x000000070ae00000, 0x000000070ae00000|100%| E|CS|TS 17|AC  0|TAMS 0x000000070ad00000, 0x000000070ad00000|
| 174|0x000000070ae00000, 0x000000070af00000, 0x000000070af00000|100%| E|CS|TS 17|AC  0|TAMS 0x000000070ae00000, 0x000000070ae00000|
| 175|0x000000070af00000, 0x000000070b000000, 0x000000070b000000|100%| E|CS|TS 17|AC  0|TAMS 0x000000070af00000, 0x000000070af00000|
| 176|0x000000070b000000, 0x000000070b100000, 0x000000070b100000|100%| E|CS|TS 17|AC  0|TAMS 0x000000070b000000, 0x000000070b000000|
| 177|0x000000070b100000, 0x000000070b200000, 0x000000070b200000|100%| E|CS|TS 17|AC  0|TAMS 0x000000070b100000, 0x000000070b100000|
| 178|0x000000070b200000, 0x000000070b300000, 0x000000070b300000|100%| E|CS|TS 17|AC  0|TAMS 0x000000070b200000, 0x000000070b200000|
| 179|0x000000070b300000, 0x000000070b400000, 0x000000070b400000|100%| E|CS|TS 17|AC  0|TAMS 0x000000070b300000, 0x000000070b300000|
| 180|0x000000070b400000, 0x000000070b500000, 0x000000070b500000|100%| E|CS|TS 17|AC  0|TAMS 0x000000070b400000, 0x000000070b400000|
| 181|0x000000070b500000, 0x000000070b600000, 0x000000070b600000|100%| E|CS|TS 17|AC  0|TAMS 0x000000070b500000, 0x000000070b500000|
| 182|0x000000070b600000, 0x000000070b700000, 0x000000070b700000|100%| E|CS|TS 17|AC  0|TAMS 0x000000070b600000, 0x000000070b600000|
| 183|0x000000070b700000, 0x000000070b800000, 0x000000070b800000|100%| E|CS|TS 17|AC  0|TAMS 0x000000070b700000, 0x000000070b700000|
| 184|0x000000070b800000, 0x000000070b900000, 0x000000070b900000|100%| E|CS|TS 17|AC  0|TAMS 0x000000070b800000, 0x000000070b800000|
| 185|0x000000070b900000, 0x000000070ba00000, 0x000000070ba00000|100%| E|CS|TS 17|AC  0|TAMS 0x000000070b900000, 0x000000070b900000|
| 186|0x000000070ba00000, 0x000000070bb00000, 0x000000070bb00000|100%| E|CS|TS 17|AC  0|TAMS 0x000000070ba00000, 0x000000070ba00000|
| 187|0x000000070bb00000, 0x000000070bc00000, 0x000000070bc00000|100%| E|CS|TS 17|AC  0|TAMS 0x000000070bb00000, 0x000000070bb00000|
| 188|0x000000070bc00000, 0x000000070bd00000, 0x000000070bd00000|100%| E|CS|TS 17|AC  0|TAMS 0x000000070bc00000, 0x000000070bc00000|
| 189|0x000000070bd00000, 0x000000070be00000, 0x000000070be00000|100%| E|CS|TS 17|AC  0|TAMS 0x000000070bd00000, 0x000000070bd00000|
| 190|0x000000070be00000, 0x000000070bf00000, 0x000000070bf00000|100%| E|CS|TS 17|AC  0|TAMS 0x000000070be00000, 0x000000070be00000|
| 191|0x000000070bf00000, 0x000000070c000000, 0x000000070c000000|100%| E|CS|TS 17|AC  0|TAMS 0x000000070bf00000, 0x000000070bf00000|
| 192|0x000000070c000000, 0x000000070c100000, 0x000000070c100000|100%| E|CS|TS 17|AC  0|TAMS 0x000000070c000000, 0x000000070c000000|
| 193|0x000000070c100000, 0x000000070c200000, 0x000000070c200000|100%| E|CS|TS 17|AC  0|TAMS 0x000000070c100000, 0x000000070c100000|
| 194|0x000000070c200000, 0x000000070c300000, 0x000000070c300000|100%| E|CS|TS 17|AC  0|TAMS 0x000000070c200000, 0x000000070c200000|
| 195|0x000000070c300000, 0x000000070c400000, 0x000000070c400000|100%| E|CS|TS 17|AC  0|TAMS 0x000000070c300000, 0x000000070c300000|
| 196|0x000000070c400000, 0x000000070c500000, 0x000000070c500000|100%| E|CS|TS 17|AC  0|TAMS 0x000000070c400000, 0x000000070c400000|
| 197|0x000000070c500000, 0x000000070c600000, 0x000000070c600000|100%| E|CS|TS 17|AC  0|TAMS 0x000000070c500000, 0x000000070c500000|
| 198|0x000000070c600000, 0x000000070c700000, 0x000000070c700000|100%| E|CS|TS 17|AC  0|TAMS 0x000000070c600000, 0x000000070c600000|
| 199|0x000000070c700000, 0x000000070c800000, 0x000000070c800000|100%| E|CS|TS 17|AC  0|TAMS 0x000000070c700000, 0x000000070c700000|
| 200|0x000000070c800000, 0x000000070c900000, 0x000000070c900000|100%| E|CS|TS 17|AC  0|TAMS 0x000000070c800000, 0x000000070c800000|
| 201|0x000000070c900000, 0x000000070ca00000, 0x000000070ca00000|100%| E|CS|TS 17|AC  0|TAMS 0x000000070c900000, 0x000000070c900000|
| 202|0x000000070ca00000, 0x000000070cb00000, 0x000000070cb00000|100%| E|CS|TS 17|AC  0|TAMS 0x000000070ca00000, 0x000000070ca00000|
| 203|0x000000070cb00000, 0x000000070cc00000, 0x000000070cc00000|100%| E|CS|TS 17|AC  0|TAMS 0x000000070cb00000, 0x000000070cb00000|
| 204|0x000000070cc00000, 0x000000070cd00000, 0x000000070cd00000|100%| E|CS|TS 17|AC  0|TAMS 0x000000070cc00000, 0x000000070cc00000|
| 205|0x000000070cd00000, 0x000000070ce00000, 0x000000070ce00000|100%| E|CS|TS 17|AC  0|TAMS 0x000000070cd00000, 0x000000070cd00000|

Card table byte_map: [0x000001cab4ab0000,0x000001cab50b0000] byte_map_base: 0x000001cab12b0000

Marking Bits (Prev, Next): (CMBitMap*) 0x000001caa6a8d0d8, (CMBitMap*) 0x000001caa6a8d0a0
 Prev Bits: [0x000001cab86b0000, 0x000001cabb6b0000)
 Next Bits: [0x000001cab56b0000, 0x000001cab86b0000)

Polling page: 0x000001caa3560000

CodeHeap 'non-profiled nmethods': size=120000Kb used=16879Kb max_used=16879Kb free=103120Kb
 bounds [0x000001cacbda0000, 0x000001cacce20000, 0x000001cad32d0000]
CodeHeap 'profiled nmethods': size=120000Kb used=38051Kb max_used=38924Kb free=81948Kb
 bounds [0x000001cac4870000, 0x000001cac6ea0000, 0x000001cacbda0000]
CodeHeap 'non-nmethods': size=5760Kb used=1797Kb max_used=1845Kb free=3962Kb
 bounds [0x000001cac42d0000, 0x000001cac4540000, 0x000001cac4870000]
 total_blobs=27242 nmethods=15494 adapters=1136
 compilation: enabled

Compilation events (10 events):
Event: 369.707 Thread 0x000001cac13b7000 19001       1       ui.views.N.a.o::getColumnCount (2 bytes)
Event: 369.708 Thread 0x000001cac13b7000 nmethod 19001 0x000001cacce1ca90 code [0x000001cacce1cc40, 0x000001cacce1cd58]
Event: 369.997 Thread 0x000001cadd87b000 19002       4       javax.swing.event.ChangeEvent::<init> (6 bytes)
Event: 369.999 Thread 0x000001cadd87b000 nmethod 19002 0x000001cacce1ce10 code [0x000001cacce1cfa0, 0x000001cacce1d118]
Event: 370.796 Thread 0x000001cadd87a800 19003       4       com.jidesoft.document.c::eventDispatched (6 bytes)
Event: 370.797 Thread 0x000001cadd87a800 nmethod 19003 0x000001cacce1d210 code [0x000001cacce1d3a0, 0x000001cacce1d428]
Event: 370.977 Thread 0x000001cac13b7000 19004       3       javax.swing.plaf.synth.SynthProgressBarUI::getContext (11 bytes)
Event: 370.978 Thread 0x000001cac13b7000 nmethod 19004 0x000001cac6375390 code [0x000001cac6375600, 0x000001cac6376180]
Event: 370.978 Thread 0x000001cac13b7000 19005       3       javax.swing.plaf.synth.SynthProgressBarUI::getComponentState (5 bytes)
Event: 370.979 Thread 0x000001cac13b7000 nmethod 19005 0x000001cac6372790 code [0x000001cac63729a0, 0x000001cac6373040]

GC Heap History (10 events):
Event: 358.815 GC heap before
{Heap before GC invocations=77 (full 19):
 garbage-first heap   total 210944K, used 144828K [0x0000000700000000, 0x0000000700100670, 0x00000007c0000000)
  region size 1024K, 60 young (61440K), 1 survivors (1024K)
 Metaspace       used 87177K, capacity 93637K, committed 93776K, reserved 1128448K
  class space    used 12736K, capacity 13840K, committed 13948K, reserved 1048576K
}
Event: 358.818 GC heap after
{Heap after GC invocations=78 (full 19):
 garbage-first heap   total 210944K, used 84501K [0x0000000700000000, 0x0000000700100670, 0x00000007c0000000)
  region size 1024K, 1 young (1024K), 1 survivors (1024K)
 Metaspace       used 87177K, capacity 93637K, committed 93776K, reserved 1128448K
  class space    used 12736K, capacity 13840K, committed 13948K, reserved 1048576K
}
Event: 362.677 GC heap before
{Heap before GC invocations=78 (full 19):
 garbage-first heap   total 210944K, used 144917K [0x0000000700000000, 0x0000000700100670, 0x00000007c0000000)
  region size 1024K, 60 young (61440K), 1 survivors (1024K)
 Metaspace       used 87386K, capacity 93873K, committed 94032K, reserved 1130496K
  class space    used 12749K, capacity 13874K, committed 13948K, reserved 1048576K
}
Event: 362.681 GC heap after
{Heap after GC invocations=79 (full 19):
 garbage-first heap   total 210944K, used 84943K [0x0000000700000000, 0x0000000700100670, 0x00000007c0000000)
  region size 1024K, 1 young (1024K), 1 survivors (1024K)
 Metaspace       used 87386K, capacity 93873K, committed 94032K, reserved 1130496K
  class space    used 12749K, capacity 13874K, committed 13948K, reserved 1048576K
}
Event: 365.525 GC heap before
{Heap before GC invocations=79 (full 19):
 garbage-first heap   total 210944K, used 145359K [0x0000000700000000, 0x0000000700100670, 0x00000007c0000000)
  region size 1024K, 60 young (61440K), 1 survivors (1024K)
 Metaspace       used 87423K, capacity 93873K, committed 94032K, reserved 1130496K
  class space    used 12749K, capacity 13874K, committed 13948K, reserved 1048576K
}
Event: 365.528 GC heap after
{Heap after GC invocations=80 (full 19):
 garbage-first heap   total 210944K, used 84982K [0x0000000700000000, 0x0000000700100670, 0x00000007c0000000)
  region size 1024K, 1 young (1024K), 1 survivors (1024K)
 Metaspace       used 87423K, capacity 93873K, committed 94032K, reserved 1130496K
  class space    used 12749K, capacity 13874K, committed 13948K, reserved 1048576K
}
Event: 367.911 GC heap before
{Heap before GC invocations=80 (full 19):
 garbage-first heap   total 210944K, used 145398K [0x0000000700000000, 0x0000000700100670, 0x00000007c0000000)
  region size 1024K, 60 young (61440K), 1 survivors (1024K)
 Metaspace       used 87435K, capacity 93873K, committed 94032K, reserved 1130496K
  class space    used 12749K, capacity 13874K, committed 13948K, reserved 1048576K
}
Event: 367.915 GC heap after
{Heap after GC invocations=81 (full 19):
 garbage-first heap   total 210944K, used 85022K [0x0000000700000000, 0x0000000700100670, 0x00000007c0000000)
  region size 1024K, 1 young (1024K), 1 survivors (1024K)
 Metaspace       used 87435K, capacity 93873K, committed 94032K, reserved 1130496K
  class space    used 12749K, capacity 13874K, committed 13948K, reserved 1048576K
}
Event: 368.814 GC heap before
{Heap before GC invocations=81 (full 19):
 garbage-first heap   total 210944K, used 145438K [0x0000000700000000, 0x0000000700100670, 0x00000007c0000000)
  region size 1024K, 60 young (61440K), 1 survivors (1024K)
 Metaspace       used 87453K, capacity 93873K, committed 94032K, reserved 1130496K
  class space    used 12749K, capacity 13874K, committed 13948K, reserved 1048576K
}
Event: 368.818 GC heap after
{Heap after GC invocations=82 (full 19):
 garbage-first heap   total 210944K, used 85082K [0x0000000700000000, 0x0000000700100670, 0x00000007c0000000)
  region size 1024K, 1 young (1024K), 1 survivors (1024K)
 Metaspace       used 87453K, capacity 93873K, committed 94032K, reserved 1130496K
  class space    used 12749K, capacity 13874K, committed 13948K, reserved 1048576K
}

Deoptimization events (10 events):
Event: 359.398 Thread 0x000001caaa473000 Uncommon trap: reason=unstable_if action=reinterpret pc=0x000001caccdb1200 method=de.javasoft.plaf.synthetica.GraphicsUtils.paintText(Ljavax/swing/plaf/synth/SynthContext;Ljava/awt/Graphics;Ljava/lang/String;III)V @ 554 c2
Event: 359.683 Thread 0x000001caaa473000 Uncommon trap: reason=unstable_if action=reinterpret pc=0x000001caccd86784 method=javax.swing.JComponent.getObscuredState(IIIII)I @ 200 c2
Event: 360.101 Thread 0x000001caaa473000 Uncommon trap: reason=unstable_if action=reinterpret pc=0x000001caccc21568 method=sun.font.CompositeGlyphMapper.charsToGlyphsNS(I[C[I)Z @ 19 c2
Event: 360.235 Thread 0x000001caaa473000 Uncommon trap: reason=unstable_if action=reinterpret pc=0x000001cacc45bdf8 method=javax.swing.DefaultButtonModel.isSelected()Z @ 6 c2
Event: 360.244 Thread 0x000001caaa473000 Uncommon trap: reason=unstable_if action=reinterpret pc=0x000001caccdb01d4 method=de.javasoft.synthetica.plain.GraphicsUtils.paintText(Ljavax/swing/plaf/synth/SynthContext;Ljava/awt/Graphics;Ljava/lang/String;III)V @ 20 c2
Event: 361.342 Thread 0x000001caaa473000 Uncommon trap: reason=unstable_if action=reinterpret pc=0x000001caccbe14ec method=sun.font.CompositeGlyphMapper.charsToGlyphsNS(I[C[I)Z @ 19 c2
Event: 365.506 Thread 0x000001caaa473000 Uncommon trap: reason=unstable_if action=reinterpret pc=0x000001caccd75510 method=ui.frmwork.a.gIY()Z @ 10 c2
Event: 369.610 Thread 0x000001caaa473000 Uncommon trap: reason=class_check action=maybe_recompile pc=0x000001cacc1648ec method=java.awt.Component.addNotify()V @ 200 c2
Event: 369.652 Thread 0x000001caaa473000 Uncommon trap: reason=speculate_class_check action=maybe_recompile pc=0x000001cacc97064c method=java.awt.DefaultKeyboardFocusManager.dispatchEvent(Ljava/awt/AWTEvent;)Z @ 1467 c2
Event: 369.683 Thread 0x000001caaa473000 Uncommon trap: reason=class_check action=maybe_recompile pc=0x000001cacc952050 method=javax.swing.AbstractButton.setEnabled(Z)V @ 21 c2

Classes redefined (0 events):
No events

Internal exceptions (10 events):
Event: 104.513 Thread 0x000001caaa473000 Exception <a 'java/lang/NoSuchMethodError'{0x000000070c9237f8}: method resolution failed> (0x000000070c9237f8) thrown at [t:/workspace/hotspot/src/share/vm/prims/methodHandles.cpp, line 1256]
Event: 128.140 Thread 0x000001caaa473000 Exception <a 'java/lang/NoSuchMethodError'{0x0000000709cfeaa8}: java.lang.invoke.DirectMethodHandle$Holder.invokeSpecial(Ljava/lang/Object;Ljava/lang/Object;IILjava/lang/Object;Ljava/lang/Object;I)Ljava/lang/Object;> (0x0000000709cfeaa8) thrown at [t:/wor
Event: 128.140 Thread 0x000001caaa473000 Exception <a 'java/lang/NoSuchMethodError'{0x0000000709b06a78}: java.lang.invoke.DelegatingMethodHandle$Holder.reinvoke_L(Ljava/lang/Object;IILjava/lang/Object;Ljava/lang/Object;I)Ljava/lang/Object;> (0x0000000709b06a78) thrown at [t:/workspace/hotspot/sr
Event: 134.418 Thread 0x000001caaa473000 Exception <a 'java/lang/NoSuchMethodError'{0x000000070c9de3b0}: java.lang.invoke.DirectMethodHandle$Holder.invokeStatic(Ljava/lang/Object;Ljava/lang/Object;I)V> (0x000000070c9de3b0) thrown at [t:/workspace/hotspot/src/share/vm/interpreter/linkResolver.cpp
Event: 134.536 Thread 0x000001caaa473000 Exception <a 'java/lang/NoSuchMethodError'{0x000000070b538290}: method resolution failed> (0x000000070b538290) thrown at [t:/workspace/hotspot/src/share/vm/prims/methodHandles.cpp, line 1256]
Event: 134.537 Thread 0x000001caaa473000 Exception <a 'java/lang/NoSuchMethodError'{0x000000070b53df98}: java.lang.invoke.DelegatingMethodHandle$Holder.reinvoke_L(Ljava/lang/Object;Ljava/lang/Object;IILjava/lang/Object;Ljava/lang/Object;Ljava/lang/Object;Ljava/lang/Object;Ljava/lang/Object;Ljava
Event: 134.541 Thread 0x000001caaa473000 Exception <a 'java/lang/NoSuchMethodError'{0x000000070b45c0d0}: java.lang.invoke.DirectMethodHandle$Holder.invokeSpecial(Ljava/lang/Object;Ljava/lang/Object;IILjava/lang/Object;Ljava/lang/Object;Ljava/lang/Object;Ljava/lang/Object;Ljava/lang/Object;Ljava/
Event: 134.541 Thread 0x000001caaa473000 Exception <a 'java/lang/NoSuchMethodError'{0x000000070b461158}: java.lang.invoke.DelegatingMethodHandle$Holder.reinvoke_L(Ljava/lang/Object;IILjava/lang/Object;Ljava/lang/Object;Ljava/lang/Object;Ljava/lang/Object;Ljava/lang/Object;Ljava/lang/Object;Ljava
Event: 134.544 Thread 0x000001caaa473000 Exception <a 'java/lang/NoSuchMethodError'{0x000000070b332f08}: java.lang.invoke.DirectMethodHandle$Holder.invokeSpecial(Ljava/lang/Object;Ljava/lang/Object;Ljava/lang/Object;Ljava/lang/Object;Ljava/lang/Object;Ljava/lang/Object;Ljava/lang/Object;Ljava/la
Event: 329.164 Thread 0x000001caaa473000 Implicit null exception at 0x000001cacc6c20af to 0x000001cacc6c24f5

Events (10 events):
Event: 369.610 Thread 0x000001caaa473000 DEOPT PACKING pc=0x000001cacc1648ec sp=0x000000c981dfaea0
Event: 369.610 Thread 0x000001caaa473000 DEOPT UNPACKING pc=0x000001cac431df29 sp=0x000000c981dfae68 mode 2
Event: 369.652 Thread 0x000001caaa473000 Uncommon trap: trap_request=0xffffff76 fr.pc=0x000001cacc97064c relative=0x000000000000376c
Event: 369.652 Thread 0x000001caaa473000 DEOPT PACKING pc=0x000001cacc97064c sp=0x000000c981df2b20
Event: 369.652 Thread 0x000001caaa473000 DEOPT UNPACKING pc=0x000001cac431df29 sp=0x000000c981df2ae0 mode 2
Event: 369.683 Thread 0x000001caaa473000 Uncommon trap: trap_request=0xffffffde fr.pc=0x000001cacc952050 relative=0x0000000000000110
Event: 369.683 Thread 0x000001caaa473000 DEOPT PACKING pc=0x000001cacc952050 sp=0x000000c981df6d50
Event: 369.683 Thread 0x000001caaa473000 DEOPT UNPACKING pc=0x000001cac431df29 sp=0x000000c981df6c80 mode 2
Event: 370.436 Thread 0x000001caa9ab2000 Thread added: 0x000001caa9ab2000
Event: 370.439 Thread 0x000001caa9ab2000 Thread exited: 0x000001caa9ab2000


Dynamic libraries:
0x00007ff6da100000 - 0x00007ff6da130000 	D:\Xilinx\Vivado\2020.1\bin\unwrapped\win64.o\vivado.exe
0x00007ffb8c4d0000 - 0x00007ffb8c6e7000 	C:\WINDOWS\SYSTEM32\ntdll.dll
0x00007ffb8a860000 - 0x00007ffb8a924000 	C:\WINDOWS\System32\KERNEL32.DLL
0x00007ffb89840000 - 0x00007ffb89bfa000 	C:\WINDOWS\System32\KERNELBASE.dll
0x00007ffb89c00000 - 0x00007ffb89d11000 	C:\WINDOWS\System32\ucrtbase.dll
0x00007ffb74aa0000 - 0x00007ffb74b2d000 	C:\WINDOWS\SYSTEM32\MSVCP140.dll
0x00007ffb80a80000 - 0x00007ffb80a94000 	D:\Xilinx\Vivado\2020.1\lib\win64.o\libboost_signals.dll
0x00007ffae8d40000 - 0x00007ffae9e06000 	D:\Xilinx\Vivado\2020.1\lib\win64.o\librdi_common.dll
0x00007ffb7d410000 - 0x00007ffb7d42a000 	D:\Xilinx\Vivado\2020.1\lib\win64.o\librdi_commonmain.dll
0x00007ffb74a40000 - 0x00007ffb74a5e000 	C:\WINDOWS\SYSTEM32\VCRUNTIME140.dll
0x00007ffb8bd60000 - 0x00007ffb8bf0e000 	C:\WINDOWS\System32\USER32.dll
0x00007ffb74a30000 - 0x00007ffb74a3c000 	C:\WINDOWS\SYSTEM32\VCRUNTIME140_1.dll
0x00007ffb89d20000 - 0x00007ffb89d46000 	C:\WINDOWS\System32\win32u.dll
0x00007ffb7d3e0000 - 0x00007ffb7d406000 	D:\Xilinx\Vivado\2020.1\lib\win64.o\libboost_filesystem.dll
0x00007ffb8c100000 - 0x00007ffb8c129000 	C:\WINDOWS\System32\GDI32.dll
0x00007ffb8acd0000 - 0x00007ffb8ad82000 	C:\WINDOWS\System32\ADVAPI32.dll
0x00007ffb25f40000 - 0x00007ffb262ae000 	D:\Xilinx\Vivado\2020.1\lib\win64.o\libCOIN-all.dll
0x00007ffb8a7b0000 - 0x00007ffb8a857000 	C:\WINDOWS\System32\msvcrt.dll
0x00007ffb89e90000 - 0x00007ffb89fab000 	C:\WINDOWS\System32\gdi32full.dll
0x00007ffb7d3c0000 - 0x00007ffb7d3d4000 	D:\Xilinx\Vivado\2020.1\lib\win64.o\libboost_date_time.dll
0x00007ffb8a1f0000 - 0x00007ffb8a297000 	C:\WINDOWS\System32\sechost.dll
0x00007ffb897a0000 - 0x00007ffb8983a000 	C:\WINDOWS\System32\msvcp_win.dll
0x00007ffb8a1a0000 - 0x00007ffb8a1c8000 	C:\WINDOWS\System32\bcrypt.dll
0x00007ffb80450000 - 0x00007ffb8045a000 	D:\Xilinx\Vivado\2020.1\lib\win64.o\librdi_commonversion.dll
0x00007ffb8c2a0000 - 0x00007ffb8c3b4000 	C:\WINDOWS\System32\RPCRT4.dll
0x00007ffb8af50000 - 0x00007ffb8b7c8000 	C:\WINDOWS\System32\SHELL32.dll
0x00007ffb56500000 - 0x00007ffb566a1000 	D:\Xilinx\Vivado\2020.1\lib\win64.o\librdi_commonxillic.dll
0x00007ffb8b7d0000 - 0x00007ffb8b841000 	C:\WINDOWS\System32\WS2_32.dll
0x000000006a230000 - 0x000000006a35b000 	D:\Xilinx\Vivado\2020.1\lib\win64.o\tcl85t.dll
0x00007ffb54f50000 - 0x00007ffb54fcf000 	D:\Xilinx\Vivado\2020.1\lib\win64.o\libboost_program_options.dll
0x00007ffb50830000 - 0x00007ffb50944000 	D:\Xilinx\Vivado\2020.1\lib\win64.o\libboost_regex.dll
0x00007ffb7a140000 - 0x00007ffb7a161000 	D:\Xilinx\Vivado\2020.1\lib\win64.o\libboost_thread.dll
0x00007ffb7f560000 - 0x00007ffb7f56b000 	D:\Xilinx\Vivado\2020.1\lib\win64.o\libboost_system.dll
0x00007ffb7d3b0000 - 0x00007ffb7d3bf000 	D:\Xilinx\Vivado\2020.1\lib\win64.o\libboost_xilinx.dll
0x00007ffb50680000 - 0x00007ffb50702000 	D:\Xilinx\Vivado\2020.1\lib\win64.o\libhdlpsolve.dll
0x00007ffb4d960000 - 0x00007ffb4da05000 	D:\Xilinx\Vivado\2020.1\lib\win64.o\libhdxml.dll
0x00007ffae8080000 - 0x00007ffae8d35a00 	D:\Xilinx\Vivado\2020.1\lib\win64.o\libisl_iostreams.dll
0x00007ffb79d80000 - 0x00007ffb79dae000 	D:\Xilinx\Vivado\2020.1\lib\win64.o\libisl_sysinfo.dll
0x00007ffb56400000 - 0x00007ffb56465000 	D:\Xilinx\Vivado\2020.1\lib\win64.o\liblmx6.0.dll
0x00007ffb79d60000 - 0x00007ffb79d7a000 	D:\Xilinx\Vivado\2020.1\lib\win64.o\pthreadVC2.dll
0x00007ffb76870000 - 0x00007ffb7688c000 	D:\Xilinx\Vivado\2020.1\lib\win64.o\librdiconfig.dll
0x00007ffb75c60000 - 0x00007ffb75c81000 	D:\Xilinx\Vivado\2020.1\lib\win64.o\librdizlib.dll
0x0000000012000000 - 0x0000000012270000 	D:\Xilinx\Vivado\2020.1\lib\win64.o\xerces-c_3_1.dll
0x00007ffb70ba0000 - 0x00007ffb70bb9000 	C:\WINDOWS\SYSTEM32\NETAPI32.dll
0x00007ffb6f6f0000 - 0x00007ffb6fbee000 	C:\WINDOWS\SYSTEM32\WININET.dll
0x00007ffb7c180000 - 0x00007ffb7c370000 	C:\WINDOWS\SYSTEM32\urlmon.dll
0x00007ffb84e40000 - 0x00007ffb84f76000 	C:\WINDOWS\SYSTEM32\WINHTTP.dll
0x00007ffb27380000 - 0x00007ffb2765b000 	D:\Xilinx\Vivado\2020.1\lib\win64.o\libXil_lmgr11.dll
0x00007ffb6e500000 - 0x00007ffb6e509000 	C:\WINDOWS\SYSTEM32\WSOCK32.dll
0x00007ffb584b0000 - 0x00007ffb584e0000 	C:\WINDOWS\SYSTEM32\VCOMP140.DLL
0x00007ffb8c130000 - 0x00007ffb8c230000 	C:\WINDOWS\System32\COMDLG32.dll
0x00007ffae71e0000 - 0x00007ffae8071000 	D:\Xilinx\Vivado\2020.1\lib\win64.o\gurobi65.dll
0x00007ffb8a930000 - 0x00007ffb8acbf000 	C:\WINDOWS\System32\combase.dll
0x00007ffb8b990000 - 0x00007ffb8ba8a000 	C:\WINDOWS\System32\shcore.dll
0x00007ffb8bb50000 - 0x00007ffb8bbae000 	C:\WINDOWS\System32\SHLWAPI.dll
0x00007ffb7ce20000 - 0x00007ffb7ce2d000 	D:\Xilinx\Vivado\2020.1\lib\win64.o\libboost_chrono.dll
0x00007ffb8b8b0000 - 0x00007ffb8b987000 	C:\WINDOWS\System32\OLEAUT32.dll
0x00007ffb8bbb0000 - 0x00007ffb8bd55000 	C:\WINDOWS\System32\ole32.dll
0x00007ffb58320000 - 0x00007ffb58345000 	D:\Xilinx\Vivado\2020.1\lib\win64.o\libisl_iosutils.dll
0x00007ffb76410000 - 0x00007ffb7642b000 	D:\Xilinx\Vivado\2020.1\lib\win64.o\libboost_iostreams.dll
0x00007ffb8a120000 - 0x00007ffb8a192000 	C:\WINDOWS\System32\WINTRUST.dll
0x00007ffb764e0000 - 0x00007ffb7679e000 	C:\WINDOWS\SYSTEM32\iertutil.dll
0x00007ffb89fb0000 - 0x00007ffb8a116000 	C:\WINDOWS\System32\CRYPT32.dll
0x00007ffb7c110000 - 0x00007ffb7c138000 	C:\WINDOWS\SYSTEM32\srvcli.dll
0x00007ffb88270000 - 0x00007ffb8827c000 	C:\WINDOWS\SYSTEM32\netutils.dll
0x00007ffb65de0000 - 0x00007ffb65e93000 	C:\WINDOWS\WinSxS\amd64_microsoft.windows.common-controls_6595b64144ccf1df_5.82.22621.3527_none_b43b7f4b638cc64f\COMCTL32.dll
0x00007ffb83a40000 - 0x00007ffb83a5f000 	C:\WINDOWS\SYSTEM32\dhcpcsvc.DLL
0x00007ffb88d10000 - 0x00007ffb88d79000 	C:\WINDOWS\SYSTEM32\MSWSOCK.DLL
0x00007ffb8a2a0000 - 0x00007ffb8a2d1000 	C:\WINDOWS\System32\IMM32.DLL
0x00007ffb88fe0000 - 0x00007ffb88ff2000 	C:\WINDOWS\SYSTEM32\MSASN1.dll
0x00007ffb888a0000 - 0x00007ffb888b8000 	C:\WINDOWS\SYSTEM32\kernel.appcore.dll
0x00007ffb21da0000 - 0x00007ffb2229c000 	D:\Xilinx\Vivado\2020.1\lib\win64.o\librdi_commontasks.dll
0x00007ffb7fe40000 - 0x00007ffb7fe4a000 	C:\WINDOWS\SYSTEM32\VERSION.dll
0x0000000069800000 - 0x000000006a225000 	D:\Xilinx\Vivado\2020.1\tps\win64\jre9.0.4\bin\server\jvm.dll
0x00007ffaec570000 - 0x00007ffaec854000 	D:\Xilinx\Vivado\2020.1\lib\win64.o\librdi_sio.dll
0x00007ffb8acc0000 - 0x00007ffb8acc8000 	C:\WINDOWS\System32\PSAPI.DLL
0x00007ffb83650000 - 0x00007ffb83684000 	C:\WINDOWS\SYSTEM32\WINMM.dll
0x00007ffb88280000 - 0x00007ffb882ad000 	C:\WINDOWS\SYSTEM32\IPHLPAPI.DLL
0x00007ffb4d870000 - 0x00007ffb4d95f000 	C:\WINDOWS\SYSTEM32\MSVCR120.dll
0x00007ffb876a0000 - 0x00007ffb87fa8000 	C:\WINDOWS\SYSTEM32\windows.storage.dll
0x00007ffb87560000 - 0x00007ffb8769f000 	C:\WINDOWS\SYSTEM32\wintypes.dll
0x00007ffae4b40000 - 0x00007ffae71d5000 	D:\Xilinx\Vivado\2020.1\lib\win64.o\librdi_tcltasks.dll
0x00007ffaebc60000 - 0x00007ffaec126000 	D:\Xilinx\Vivado\2020.1\lib\win64.o\librdi_bitstream.dll
0x00007ffb26ef0000 - 0x00007ffb270a3000 	D:\Xilinx\Vivado\2020.1\lib\win64.o\librdi_board.dll
0x00007ffb4a910000 - 0x00007ffb4aa06000 	D:\Xilinx\Vivado\2020.1\lib\win64.o\librdi_chipscope.dll
0x00007ffb4aa10000 - 0x00007ffb4aa8b000 	D:\Xilinx\Vivado\2020.1\lib\win64.o\librdi_boarddep.dll
0x00007ffb25d70000 - 0x00007ffb25f31000 	D:\Xilinx\Vivado\2020.1\lib\win64.o\librdi_chipscopeimpl.dll
0x00007ffae2f10000 - 0x00007ffae4b3a000 	D:\Xilinx\Vivado\2020.1\lib\win64.o\librdi_constraints.dll
0x00007ffb21c40000 - 0x00007ffb21d9b000 	D:\Xilinx\Vivado\2020.1\lib\win64.o\librdi_containers.dll
0x00007ffae0da0000 - 0x00007ffae2f0d000 	D:\Xilinx\Vivado\2020.1\lib\win64.o\librdi_coregen.dll
0x00007ffae06c0000 - 0x00007ffae0d99000 	D:\Xilinx\Vivado\2020.1\lib\win64.o\librdi_coregenipxact.dll
0x00007ffadc390000 - 0x00007ffae06be000 	D:\Xilinx\Vivado\2020.1\lib\win64.o\librdi_designutils.dll
0x00007ffab8cc0000 - 0x00007ffad0b90000 	D:\Xilinx\Vivado\2020.1\lib\win64.o\librdi_device.dll
0x00007ffaeb910000 - 0x00007ffaebc5b000 	D:\Xilinx\Vivado\2020.1\lib\win64.o\librdi_dlyest.dll
0x00007ffadbd70000 - 0x00007ffadc38e000 	D:\Xilinx\Vivado\2020.1\lib\win64.o\librdi_drc.dll
0x00007ffadb220000 - 0x00007ffadb8a6000 	D:\Xilinx\Vivado\2020.1\lib\win64.o\librdi_filemgmt.dll
0x00007ffb32240000 - 0x00007ffb32304000 	D:\Xilinx\Vivado\2020.1\lib\win64.o\librdi_dsp.dll
0x00007ffadba50000 - 0x00007ffadbd6c000 	D:\Xilinx\Vivado\2020.1\lib\win64.o\librdi_guitools.dll
0x00007ffb27300000 - 0x00007ffb27377000 	D:\Xilinx\Vivado\2020.1\lib\win64.o\librdi_hdf.dll
0x00007ffadafc0000 - 0x00007ffadb215000 	D:\Xilinx\Vivado\2020.1\lib\win64.o\librdi_hip_devdesign.dll
0x00007ffb24ee0000 - 0x00007ffb25028000 	D:\Xilinx\Vivado\2020.1\lib\win64.o\librdi_hip_perf_analysis.dll
0x00007ffad9670000 - 0x00007ffadafba000 	D:\Xilinx\Vivado\2020.1\lib\win64.o\librdi_implflow.dll
0x00007ffad9030000 - 0x00007ffad966e000 	D:\Xilinx\Vivado\2020.1\lib\win64.o\librdi_memdata.dll
0x00007ffad28a0000 - 0x00007ffad5717000 	D:\Xilinx\Vivado\2020.1\lib\win64.o\librdi_mig.dll
0x00007ffb564b0000 - 0x00007ffb564fe000 	D:\Xilinx\Vivado\2020.1\lib\win64.o\librdi_pfi.dll
0x00007ffb271f0000 - 0x00007ffb27264000 	D:\Xilinx\Vivado\2020.1\lib\win64.o\librdi_memoryarray.dll
0x00007ffad8920000 - 0x00007ffad9023000 	D:\Xilinx\Vivado\2020.1\lib\win64.o\librdi_netlist.dll
0x00007ffad5da0000 - 0x00007ffad8911000 	D:\Xilinx\Vivado\2020.1\lib\win64.o\librdi_place.dll
0x00007ffad1730000 - 0x00007ffad1a81000 	D:\Xilinx\Vivado\2020.1\lib\win64.o\librdi_platform.dll
0x00007ffad1130000 - 0x00007ffad1725000 	D:\Xilinx\Vivado\2020.1\lib\win64.o\librdi_project.dll
0x00007ffab8580000 - 0x00007ffab8cbc000 	D:\Xilinx\Vivado\2020.1\lib\win64.o\librdi_psta.dll
0x00007ffad2060000 - 0x00007ffad2894000 	D:\Xilinx\Vivado\2020.1\lib\win64.o\librdi_power.dll
0x00007ffab7e10000 - 0x00007ffab857f000 	D:\Xilinx\Vivado\2020.1\lib\win64.o\librdi_rsb.dll
0x00007ffaeb800000 - 0x00007ffaeb908000 	D:\Xilinx\Vivado\2020.1\lib\win64.o\librdi_runsbase.dll
0x00007ffad0c90000 - 0x00007ffad112a000 	D:\Xilinx\Vivado\2020.1\lib\win64.o\librdi_runs.dll
0x00007ffab7b90000 - 0x00007ffab7e05000 	D:\Xilinx\Vivado\2020.1\lib\win64.o\librdi_simdata.dll
0x00007ffab6c80000 - 0x00007ffab7b8a000 	D:\Xilinx\Vivado\2020.1\lib\win64.o\librdi_timing.dll
0x00007ffaeb700000 - 0x00007ffaeb7ff000 	D:\Xilinx\Vivado\2020.1\lib\win64.o\librdi_xhub.dll
0x00007ffb27140000 - 0x00007ffb271e8000 	D:\Xilinx\Vivado\2020.1\lib\win64.o\librdi_xhubtasks.dll
0x00007ffad5760000 - 0x00007ffad5933000 	D:\Xilinx\Vivado\2020.1\lib\win64.o\librdi_advchipscopeimpl.dll
0x00007ffb54f00000 - 0x00007ffb54f4c000 	D:\Xilinx\Vivado\2020.1\lib\win64.o\libboost_serialization.dll
0x00007ffad5cb0000 - 0x00007ffad5d98000 	D:\Xilinx\Vivado\2020.1\lib\win64.o\librdi_ipconfig_readwrite.dll
0x00007ffb50610000 - 0x00007ffb5067c000 	D:\Xilinx\Vivado\2020.1\lib\win64.o\librdi_noc_frameworks.dll
0x00007ffb326c0000 - 0x00007ffb3270d000 	D:\Xilinx\Vivado\2020.1\lib\win64.o\libboost_graph.dll
0x00007ffb32190000 - 0x00007ffb321dc000 	D:\Xilinx\Vivado\2020.1\lib\win64.o\librdi_bva.dll
0x00007ffab6130000 - 0x00007ffab6c77000 	D:\Xilinx\Vivado\2020.1\lib\win64.o\libverific.dll
0x00007ffab5f30000 - 0x00007ffab6123000 	D:\Xilinx\Vivado\2020.1\lib\win64.o\librdi_hip_config.dll
0x00007ffab59e0000 - 0x00007ffab5f2e000 	D:\Xilinx\Vivado\2020.1\lib\win64.o\librdi_xdm.dll

VM Arguments:
jvm_args: -Dsun.java2d.pmoffscreen=false -Dsun.java2d.xrender=false -Dsun.java2d.d3d=false -Dsun.awt.nopixfmt=true -Dsun.java2d.dpiaware=true -Dsun.java2d.uiScale.enabled=false -Xverify:none -Dswing.aatext=true -XX:-UsePerfData -Djdk.map.althashing.threshold=512 -XX:StringTableSize=4072 --add-opens=java.base/java.nio=ALL-UNNAMED --add-opens=java.desktop/sun.swing=ALL-UNNAMED --add-opens=java.desktop/javax.swing=ALL-UNNAMED --add-opens=java.desktop/javax.swing.tree=ALL-UNNAMED --add-opens=java.desktop/javax.swing.plaf.basic=ALL-UNNAMED --add-opens=java.desktop/javax.swing.plaf.synth=ALL-UNNAMED --add-opens=java.desktop/com.sun.awt=ALL-UNNAMED -XX:NewSize=60m -XX:MaxNewSize=60m -Xms128m -Xmx3072m -Xss5m 
java_command: <unknown>
java_class_path (initial): D:/Xilinx/Vivado/2020.1\lib\classes\alloy.jar;D:/Xilinx/Vivado/2020.1\lib\classes\ArchiveSummary.jar;D:/Xilinx/Vivado/2020.1\lib\classes\autoesl-models.jar;D:/Xilinx/Vivado/2020.1\lib\classes\autopilot.scelaborator.jar;D:/Xilinx/Vivado/2020.1\lib\classes\autopilot.sourceprocessor.jar;D:/Xilinx/Vivado/2020.1\lib\classes\autopilot.tbprocessor.jar;D:/Xilinx/Vivado/2020.1\lib\classes\batik-anim.jar;D:/Xilinx/Vivado/2020.1\lib\classes\batik-awt-util.jar;D:/Xilinx/Vivado/2020.1\lib\classes\batik-bridge.jar;D:/Xilinx/Vivado/2020.1\lib\classes\batik-codec.jar;D:/Xilinx/Vivado/2020.1\lib\classes\batik-css.jar;D:/Xilinx/Vivado/2020.1\lib\classes\batik-dom.jar;D:/Xilinx/Vivado/2020.1\lib\classes\batik-ext.jar;D:/Xilinx/Vivado/2020.1\lib\classes\batik-gui-util.jar;D:/Xilinx/Vivado/2020.1\lib\classes\batik-gvt.jar;D:/Xilinx/Vivado/2020.1\lib\classes\batik-parser.jar;D:/Xilinx/Vivado/2020.1\lib\classes\batik-script.jar;D:/Xilinx/Vivado/2020.1\lib\classes\batik-svg-dom.jar;D:/Xilinx/Vivado/2020.1\lib\classes\batik-swing.jar;D:/Xilinx/Vivado/2020.1\lib\classes\batik-transcoder.jar;D:/Xilinx/Vivado/2020.1\lib\classes\batik-util.jar;D:/Xilinx/Vivado/2020.1\lib\classes\batik-xml.jar;D:/Xilinx/Vivado/2020.1\lib\classes\com.google.gson_2.8.2.v20180104-1110.jar;D:/Xilinx/Vivado/2020.1\lib\classes\com.google.guava_27.1.0.v20190517-1946.jar;D:/Xilinx/Vivado/2020.1\lib\classes\com.ibm.icu_4.4.2.v20110208.jar;D:/Xilinx/Vivado/2020.1\lib\classes\com.sigasi.hdt.connection_4.8.0.202004151336.jar;D:/Xilinx/Vivado/2020.1\lib\classes\com.sigasi.hdt.epl_4.8.0.202004151336.jar;D:/Xilinx/Vivado/2020.1\lib\classes\com.sigasi.hdt.project_4.8.0.202004151336.jar;D:/Xilinx/Vivado/2020.1\lib\classes\com.sigasi.hdt.readonlyfilesystem_4.8.0.202004151336.jar;D:/Xilinx/Vivado/2020.1\lib\classes\com.sigasi.lcm_4.8.0.202004151336.jar;D:/Xilinx/Vivado/2020.1\lib\classes\com.sigasi.sdk.client_4.8.0.202004151336.jar;D:/Xilinx/Vivado/2020.1\lib\classes\com.xilinx.hls.services.jar;D:/Xili
Launcher Type: generic

Logging:
Log output configuration:
#0: stdout all=warning uptime,level,tags
#1: stderr all=off uptime,level,tags

Environment Variables:
PATH=D:/Xilinx/Vivado/2020.1\gnuwin\bin;D:/Xilinx/Vivado/2020.1\gnu\microblaze\nt\bin;D:/Xilinx/Vivado/2020.1/bin;D:/Xilinx/Vivado/2020.1/lib/win64.o;D:/Xilinx/Vivado/2020.1/tps/win64/jre9.0.4/bin/server;D:/Xilinx/Vivado/2020.1/tps/win64/jre9.0.4/bin;D:/Xilinx/Vivado/2020.1/ids_lite/ISE/bin/nt64;D:/Xilinx/Vivado/2020.1/ids_lite/ISE/lib/nt64;D:\anaconda;D:\anaconda\Scripts;C:\Program Files\Common Files\Oracle\Java\javapath;D:\Program Files\mingw64\bin;C:\Windows\System32\HWAudioDriverLibs;C:\Windows\system32;C:\Windows;C:\Windows\System32\Wbem;C:\Windows\System32\WindowsPowerShell\v1.0\;C:\Windows\System32\OpenSSH\;C:\Windows\system32\config\systemprofile\AppData\Local\Microsoft\WindowsApps;D:\Program Files\Bandizip\;D:\Program Files\Git\cmd;D:\Windows Kits\10\Windows Performance Toolkit\;C:\Users\89652\AppData\Roaming\Python\Python312\Scripts;D:\zlearning\virtual_machine\software\hashcat-6.2.6\hashcat-6.2.6;C:\Program Files\Docker\Docker\resources\bin;D:\Program Files\nodejs\;C:\ProgramData\chocolatey\bin;D:\anaconda\Library\bin;D:\anaconda\Library\mingw-w64\bin;D:\Program Files\MATLAB\R2023a\bin;C:\Users\89652\AppData\Local\SageMath 9.3\runtime\bin;D:\Program Files\Wolfram Research\WolframScript\;C:\Program Files\dotnet\;D:\Program Files\010 Editor;C:\Users\89652\AppData\Local\Microsoft\WindowsApps;D:\Program Files\Microsoft VS Code\bin;C:\Users\89652\.dotnet\tools;D:\Program Files\Nmap;;D:\Program Files\JetBrains\IntelliJ IDEA Community Edition 2024.2.3\bin;C:\Users\89652\AppData\Roaming\npm;D:/Xilinx/Vivado/2020.1\tps\mingw\6.2.0\win64.o\nt\bin;D:/Xilinx/Vivado/2020.1\tps\mingw\6.2.0\win64.o\nt\libexec\gcc\x86_64-w64-mingw32\6.2.0;D:/Xilinx/Vivado/2020.1\tps\win64\python-2.7.16;D:/Xilinx/Vivado/2020.1\tps\win64\python-2.7.16\bin;D:/Xilinx/Vivado/2020.1\tps\win64\python-2.7.16\lib;D:/Xilinx/Vivado/2020.1\tps\win64\python-2.7.16\Lib\lib-tk;D:/Xilinx/Vivado/2020.1\tps\win64\python-2.7.16\lib\site-packages
USERNAME=89652
OS=Windows_NT
PROCESSOR_IDENTIFIER=Intel64 Family 6 Model 140 Stepping 1, GenuineIntel



---------------  S Y S T E M  ---------------

OS: Windows 10 , 64 bit Build 22621 (10.0.22621.4391)

CPU:total 8 (initial active 8) (4 cores per cpu, 2 threads per core) family 6 model 140 stepping 1, cmov, cx8, fxsr, mmx, sse, sse2, sse3, ssse3, sse4.1, sse4.2, popcnt, avx, avx2, aes, clmul, erms, 3dnowpref, lzcnt, ht, tsc, tscinvbit, bmi1, bmi2, adx, sha, fma

Memory: 4k page, physical 16571704k(6342204k free), swap 17620280k(3377688k free)

vm_info: Java HotSpot(TM) 64-Bit Server VM (9.0.4+11) for windows-amd64 JRE (9.0.4+11), built on Dec 20 2017 02:18:54 by "mach5one" with MS VC++ 12.0 (VS2013)

END.
