#
# A fatal error has been detected by the Java Runtime Environment:
#
#  EXCEPTION_ACCESS_VIOLATION (0xc0000005) at pc=0x00007ffcdcd7f555, pid=20152, tid=11164
#
# JRE version: Java(TM) SE Runtime Environment (9.0+11) (build 9.0.4+11)
# Java VM: Java HotSpot(TM) 64-Bit Server VM (9.0.4+11, mixed mode, tiered, compressed oops, g1 gc, windows-amd64)
# Problematic frame:
# C  [librdi_common.dll+0x18f555]
#
# No core dump will be written. Minidumps are not enabled by default on client versions of Windows
#
# If you would like to submit a bug report, please visit:
#   http://bugreport.java.com/bugreport/crash.jsp
# The crash happened outside the Java Virtual Machine in native code.
# See problematic frame for where to report the bug.
#

---------------  S U M M A R Y ------------

Command Line: -Dsun.java2d.pmoffscreen=false -Dsun.java2d.xrender=false -Dsun.java2d.d3d=false -Dsun.awt.nopixfmt=true -Dsun.java2d.dpiaware=true -Dsun.java2d.uiScale.enabled=false -Xverify:none -Dswing.aatext=true -XX:-UsePerfData -Djdk.map.althashing.threshold=512 -XX:StringTableSize=4072 --add-opens=java.base/java.nio=ALL-UNNAMED --add-opens=java.desktop/sun.swing=ALL-UNNAMED --add-opens=java.desktop/javax.swing=ALL-UNNAMED --add-opens=java.desktop/javax.swing.tree=ALL-UNNAMED --add-opens=java.desktop/javax.swing.plaf.basic=ALL-UNNAMED --add-opens=java.desktop/javax.swing.plaf.synth=ALL-UNNAMED --add-opens=java.desktop/com.sun.awt=ALL-UNNAMED -XX:NewSize=60m -XX:MaxNewSize=60m -Xms128m -Xmx3072m -Xss5m 

Host: 11th Gen Intel(R) Core(TM) i7-1165G7 @ 2.80GHz, 8 cores, 15G,  Windows 10 , 64 bit Build 22621 (10.0.22621.4391)
Time: Mon Nov 25 16:37:48 2024 ?D1¨²¡À¨º¡Á?¨º¡À?? elapsed time: 782 seconds (0d 0h 13m 2s)

---------------  T H R E A D  ---------------

Current thread (0x000002e01cc8b800):  JavaThread "AWT-EventQueue-0" [_thread_in_native, id=11164, stack(0x000000f163300000,0x000000f163800000)]

Stack: [0x000000f163300000,0x000000f163800000],  sp=0x000000f1637fade0,  free space=5099k
Native frames: (J=compiled Java code, j=interpreted, Vv=VM code, C=native code)
C  [librdi_common.dll+0x18f555]
C  [librdi_common.dll+0x1842d5]
C  [librdi_common.dll+0x14d40a]
C  0x00007ffc8fc41faf
C  0x00007ffc8fcc2fbf
C  0x00007ffc8fccacd9
C  0x00007ffc8fc9b40b
C  0x00007ffc8fcd7c67
C  0x000002e03445921c

Java frames: (J=compiled Java code, j=interpreted, Vv=VM code)
j  ui.views.waveform.waveformi.WVExecutive_getTooltipTextDelayed(J)Ljava/lang/String;+0
j  ui.views.waveform.executive.a.jBE()Ljava/lang/String;+4
j  ui.views.waveform.b.a.bW(Ljava/awt/event/MouseEvent;)V+85
j  ui.views.waveform.b.a.bV(Ljava/awt/event/MouseEvent;)V+24
j  ui.views.waveform.b.a.mouseMoved(Ljava/awt/event/MouseEvent;)V+28
J 19991 c2 java.awt.AWTEventMulticaster.mouseMoved(Ljava/awt/event/MouseEvent;)V java.desktop@9.0.4 (27 bytes) @ 0x000002e03d154174 [0x000002e03d1540c0+0x00000000000000b4]
J 19991 c2 java.awt.AWTEventMulticaster.mouseMoved(Ljava/awt/event/MouseEvent;)V java.desktop@9.0.4 (27 bytes) @ 0x000002e03d154134 [0x000002e03d1540c0+0x0000000000000074]
J 20027 c2 javax.swing.JComponent.processMouseMotionEvent(Ljava/awt/event/MouseEvent;)V java.desktop@9.0.4 (46 bytes) @ 0x000002e03d15af98 [0x000002e03d15ae80+0x0000000000000118]
j  ui.frmwork.c.i.processMouseMotionEvent(Ljava/awt/event/MouseEvent;)V+109
J 14573 c2 java.awt.Container.processEvent(Ljava/awt/AWTEvent;)V java.desktop@9.0.4 (22 bytes) @ 0x000002e03cab52a0 [0x000002e03cab5120+0x0000000000000180]
J 19791 c2 java.awt.Component.dispatchEventImpl(Ljava/awt/AWTEvent;)V java.desktop@9.0.4 (739 bytes) @ 0x000002e03d125bf4 [0x000002e03d125100+0x0000000000000af4]
J 18485 c2 java.awt.Container.dispatchEventImpl(Ljava/awt/AWTEvent;)V java.desktop@9.0.4 (129 bytes) @ 0x000002e03cf4a784 [0x000002e03cf4a720+0x0000000000000064]
J 17489 c2 java.awt.LightweightDispatcher.retargetMouseEvent(Ljava/awt/Component;ILjava/awt/event/MouseEvent;)V java.desktop@9.0.4 (350 bytes) @ 0x000002e03cc0ff2c [0x000002e03cc0f9e0+0x000000000000054c]
J 17898 c2 java.awt.Window.dispatchEventImpl(Ljava/awt/AWTEvent;)V java.desktop@9.0.4 (23 bytes) @ 0x000002e03ce5ed0c [0x000002e03ce5e4c0+0x000000000000084c]
J 17512 c2 java.awt.EventQueue$3.run()Ljava/lang/Object; java.desktop@9.0.4 (5 bytes) @ 0x000002e03cc25d44 [0x000002e03cc25be0+0x0000000000000164]
v  ~StubRoutines::call_stub
J 3987  java.security.AccessController.doPrivileged(Ljava/security/PrivilegedAction;Ljava/security/AccessControlContext;)Ljava/lang/Object; java.base@9.0.4 (0 bytes) @ 0x000002e03c15af46 [0x000002e03c15aee0+0x0000000000000066]
J 16579 c2 java.awt.EventQueue$4.run()Ljava/lang/Object; java.desktop@9.0.4 (5 bytes) @ 0x000002e03cd4c9d8 [0x000002e03cd4c960+0x0000000000000078]
v  ~StubRoutines::call_stub
J 3987  java.security.AccessController.doPrivileged(Ljava/security/PrivilegedAction;Ljava/security/AccessControlContext;)Ljava/lang/Object; java.base@9.0.4 (0 bytes) @ 0x000002e03c15af46 [0x000002e03c15aee0+0x0000000000000066]
J 11242 c2 ui.frmwork.b.d.dispatchEvent(Ljava/awt/AWTEvent;)V (34 bytes) @ 0x000002e03c678ed0 [0x000002e03c678c60+0x0000000000000270]
J 18060 c2 java.awt.EventDispatchThread.pumpOneEventForFilters(I)V java.desktop@9.0.4 (218 bytes) @ 0x000002e03ce9640c [0x000002e03ce956a0+0x0000000000000d6c]
j  java.awt.EventDispatchThread.pumpEventsForFilter(ILjava/awt/Conditional;Ljava/awt/EventFilter;)V+35 java.desktop@9.0.4
j  java.awt.EventDispatchThread.pumpEventsForHierarchy(ILjava/awt/Conditional;Ljava/awt/Component;)V+11 java.desktop@9.0.4
j  java.awt.EventDispatchThread.pumpEvents(ILjava/awt/Conditional;)V+4 java.desktop@9.0.4
j  java.awt.EventDispatchThread.pumpEvents(Ljava/awt/Conditional;)V+3 java.desktop@9.0.4
j  java.awt.EventDispatchThread.run()V+9 java.desktop@9.0.4
v  ~StubRoutines::call_stub

siginfo: EXCEPTION_ACCESS_VIOLATION (0xc0000005), reading address 0xffffffffffffffff


Register to memory mapping:

RIP=0x00007ffcdcd7f555 librdi_common.dll
RAX=0x000002e0172b1e01 is an unknown value
RBX=0x900850008832f295 is an unknown value
RCX=0x000002e0172b1e80 is an unknown value
RDX=0x900850008832f295 is an unknown value
RSP=0x000000f1637fade0 is pointing into the stack for thread: 0x000002e01cc8b800
RBP=0x000000f1637faf10 is pointing into the stack for thread: 0x000002e01cc8b800
RSI=0x000002e099f22c30 is an unknown value
RDI=0x000000f1637faff8 is pointing into the stack for thread: 0x000002e01cc8b800
R8 =0x000000f1637faff8 is pointing into the stack for thread: 0x000002e01cc8b800
R9 =0x0000000000000000 is an unknown value
R10=0x00007ffd3b8d0000 VCRUNTIME140.dll
R11=0x5606c2849cd9c039 is an unknown value
R12=0x000000f1637faff8 is pointing into the stack for thread: 0x000002e01cc8b800
R13=0x0000000000000000 is an unknown value
R14=0x000002e01429c250 is an unknown value
R15=0x900850008832f295 is an unknown value


Registers:
RAX=0x000002e0172b1e01, RBX=0x900850008832f295, RCX=0x000002e0172b1e80, RDX=0x900850008832f295
RSP=0x000000f1637fade0, RBP=0x000000f1637faf10, RSI=0x000002e099f22c30, RDI=0x000000f1637faff8
R8 =0x000000f1637faff8, R9 =0x0000000000000000, R10=0x00007ffd3b8d0000, R11=0x5606c2849cd9c039
R12=0x000000f1637faff8, R13=0x0000000000000000, R14=0x000002e01429c250, R15=0x900850008832f295
RIP=0x00007ffcdcd7f555, EFLAGS=0x0000000000010202

Top of Stack: (sp=0x000000f1637fade0)
0x000000f1637fade0:   0000000000000018 000002e058f3e400
0x000000f1637fadf0:   0000000000002b9c 900850008832f295
0x000000f1637fae00:   900850008832f295 00007ffcdcd742d5
0x000000f1637fae10:   000000000000f003 00007ffd3b902758
0x000000f1637fae20:   fffffffffffffffe 0000000000000000
0x000000f1637fae30:   0000bb103fe12075 000002e058f3e398
0x000000f1637fae40:   0000000000000002 00007ffcdcddcfe5
0x000000f1637fae50:   000002e0321e92d0 000002e058f3e3b8
0x000000f1637fae60:   000000f1637fb190 00007ffcddbee630
0x000000f1637fae70:   fffffffffffffffe 00007ffcdd43d489
0x000000f1637fae80:   fffffffffffffffe 00007ffcddbee630
0x000000f1637fae90:   000002e058f3e370 000002e0171f2158
0x000000f1637faea0:   000000f1637faff8 00007ffcdcddc2d6
0x000000f1637faeb0:   000002e058f3e370 000000f1637faff8
0x000000f1637faec0:   000002e000000002 0000000000000000
0x000000f1637faed0:   fffffffffffffffe 000000000000000f 

Instructions: (pc=0x00007ffcdcd7f555)
0x00007ffcdcd7f535:   20 48 8b d9 e8 22 c4 04 00 48 8b c8 48 8b d3 e8
0x00007ffcdcd7f545:   27 0d 05 00 84 c0 75 08 33 c0 48 83 c4 20 5b c3
0x00007ffcdcd7f555:   48 8b 4b 50 48 85 c9 74 0a 48 83 c4 20 5b e9 68
0x00007ffcdcd7f565:   e2 04 00 48 8b d3 48 8d 0d 36 71 84 00 e8 59 b7 



---------------  P R O C E S S  ---------------

Java Threads: ( => current thread )
  0x000002e058448800 JavaThread "Image Fetcher 0" daemon [_thread_blocked, id=21736, stack(0x000000f169a00000,0x000000f169f00000)]
  0x000002e05844a000 JavaThread "Relaunch Simulation Thread" [_thread_blocked, id=12460, stack(0x000000f169f00000,0x000000f16a400000)]
  0x000002e058442800 JavaThread "Monitor File Timestamp Swing Worker Thread" [_thread_blocked, id=17868, stack(0x000000f169500000,0x000000f169a00000)]
  0x000002e058446000 JavaThread "Timer-1" [_thread_blocked, id=21552, stack(0x000000f167e00000,0x000000f168300000)]
  0x000002e058449000 JavaThread "Monitor File Timestamp Swing Worker Thread" [_thread_blocked, id=4728, stack(0x000000f167900000,0x000000f167e00000)]
  0x000002e058441000 JavaThread "Timer-0" [_thread_blocked, id=5316, stack(0x000000f166800000,0x000000f166d00000)]
  0x000002e058447800 JavaThread "Image Animator 3" daemon [_thread_blocked, id=21516, stack(0x000000f167400000,0x000000f167900000)]
  0x000002e058445800 JavaThread "Thread-148" [_thread_in_native, id=21776, stack(0x000000f168900000,0x000000f168a00000)]
  0x000002e058441800 JavaThread "SyntheticaAnimation 50" daemon [_thread_blocked, id=13348, stack(0x000000f168f00000,0x000000f169400000)]
  0x000002e0554f6800 JavaThread "Update Runs Swing Worker Thread" [_thread_blocked, id=18328, stack(0x000000f168300000,0x000000f168800000)]
  0x000002e030a15800 JavaThread "hw_ila_monitor" [_thread_blocked, id=15004, stack(0x000000f166f00000,0x000000f167400000)]
  0x000002e030a14000 JavaThread "Refresh Filesets Swing Worker Thread" [_thread_blocked, id=5804, stack(0x000000f166300000,0x000000f166800000)]
  0x000002e030a12000 JavaThread "SyntheticaAnimation 70" daemon [_thread_blocked, id=17564, stack(0x000000f165e00000,0x000000f166300000)]
  0x000002e030a13800 JavaThread "Swing-Shell" daemon [_thread_blocked, id=1960, stack(0x000000f165600000,0x000000f165b00000)]
  0x000002e030a16800 JavaThread "SyntheticaAnimation 25" daemon [_thread_blocked, id=9448, stack(0x000000f165100000,0x000000f165600000)]
  0x000002e030a11000 JavaThread "SyntheticaAnimation 50" daemon [_thread_blocked, id=20108, stack(0x000000f164c00000,0x000000f165100000)]
  0x000002e030a17000 JavaThread "Monitor HEventQueue Thread" [_thread_blocked, id=13016, stack(0x000000f164200000,0x000000f164700000)]
  0x000002e030a12800 JavaThread "SyntheticaCleanerThread" daemon [_thread_blocked, id=19924, stack(0x000000f164700000,0x000000f164c00000)]
  0x000002e030a18000 JavaThread "Batik CleanerThread" daemon [_thread_blocked, id=5676, stack(0x000000f163800000,0x000000f163d00000)]
  0x000002e030942000 JavaThread "Process Messages Thread" [_thread_blocked, id=7388, stack(0x000000f163d00000,0x000000f164200000)]
  0x000002e030844800 JavaThread "Thread-1" [_thread_in_native, id=14296, stack(0x000000f15c600000,0x000000f15da00000)]
=>0x000002e01cc8b800 JavaThread "AWT-EventQueue-0" [_thread_in_native, id=11164, stack(0x000000f163300000,0x000000f163800000)]
  0x000002e01cc8a800 JavaThread "AWT-Shutdown" [_thread_blocked, id=9512, stack(0x000000f162e00000,0x000000f163300000)]
  0x000002e0304f7000 JavaThread "TimerQueue" daemon [_thread_blocked, id=2116, stack(0x000000f162900000,0x000000f162e00000)]
  0x000002e01ccbf000 JavaThread "AWT-Windows" daemon [_thread_in_native, id=9232, stack(0x000000f162400000,0x000000f162900000)]
  0x000002e01cd93000 JavaThread "Java2D Disposer" daemon [_thread_blocked, id=19604, stack(0x000000f161a00000,0x000000f161f00000)]
  0x000002e04fd41800 JavaThread "Service Thread" daemon [_thread_blocked, id=12520, stack(0x000000f161400000,0x000000f161900000)]
  0x000002e04f697800 JavaThread "Common-Cleaner" daemon [_thread_blocked, id=16716, stack(0x000000f160f00000,0x000000f161400000)]
  0x000002e04f679000 JavaThread "Sweeper thread" daemon [_thread_blocked, id=16132, stack(0x000000f160a00000,0x000000f160f00000)]
  0x000002e033860800 JavaThread "C1 CompilerThread3" daemon [_thread_blocked, id=3056, stack(0x000000f160900000,0x000000f160a00000)]
  0x000002e03385f800 JavaThread "C2 CompilerThread2" daemon [_thread_blocked, id=20880, stack(0x000000f160800000,0x000000f160900000)]
  0x000002e03385f000 JavaThread "C2 CompilerThread1" daemon [_thread_blocked, id=7808, stack(0x000000f160700000,0x000000f160800000)]
  0x000002e018496800 JavaThread "C2 CompilerThread0" daemon [_thread_blocked, id=19032, stack(0x000000f160600000,0x000000f160700000)]
  0x000002e01cc3c000 JavaThread "Attach Listener" daemon [_thread_blocked, id=7776, stack(0x000000f160100000,0x000000f160600000)]
  0x000002e01cc3a800 JavaThread "Signal Dispatcher" daemon [_thread_blocked, id=12156, stack(0x000000f15fc00000,0x000000f160100000)]
  0x000002e017e48800 JavaThread "Finalizer" daemon [_thread_blocked, id=17812, stack(0x000000f15f700000,0x000000f15fc00000)]
  0x000002e017e47800 JavaThread "Reference Handler" daemon [_thread_blocked, id=13532, stack(0x000000f15f200000,0x000000f15f700000)]
  0x000002e01fdca800 JavaThread "main" [_thread_blocked, id=22564, stack(0x000000f15dc00000,0x000000f15dd00000)]

Other Threads:
  0x000002e0142b6800 VMThread "VM Thread" [stack: 0x000000f15f100000,0x000000f15f200000] [id=9532]
  0x000002e01ca12800 WatcherThread [stack: 0x000000f161900000,0x000000f161a00000] [id=16264]
  0x000002e01a87d800 GCTaskThread "GC Thread#0" [stack: 0x000000f15dd00000,0x000000f15de00000] [id=11444]
  0x000002e01856c800 GCTaskThread "GC Thread#1" [stack: 0x000000f15de00000,0x000000f15df00000] [id=12920]
  0x000002e01856d800 GCTaskThread "GC Thread#2" [stack: 0x000000f15df00000,0x000000f15e000000] [id=8760]
  0x000002e01856a000 GCTaskThread "GC Thread#3" [stack: 0x000000f15e000000,0x000000f15e100000] [id=22876]
  0x000002e01856b000 GCTaskThread "GC Thread#4" [stack: 0x000000f15e100000,0x000000f15e200000] [id=16464]
  0x000002e01856b800 GCTaskThread "GC Thread#5" [stack: 0x000000f15e200000,0x000000f15e300000] [id=15660]
  0x000002e01856c000 GCTaskThread "GC Thread#6" [stack: 0x000000f15e300000,0x000000f15e400000] [id=8892]
  0x000002e01c9fd800 GCTaskThread "GC Thread#7" [stack: 0x000000f15e400000,0x000000f15e500000] [id=2232]
  0x000002e04f119800 ConcurrentGCThread "G1 Main Marker" [stack: 0x000000f15ee00000,0x000000f15ef00000] [id=17576]
  0x000002e01c9fc000 ConcurrentGCThread "G1 Marker#0" [stack: 0x000000f15ef00000,0x000000f15f000000] [id=15172]
  0x000002e01c9fe800 ConcurrentGCThread "G1 Marker#1" [stack: 0x000000f15f000000,0x000000f15f100000] [id=16064]
  0x000002e04fcce800 ConcurrentGCThread "G1 Refine#0" [stack: 0x000000f15ec00000,0x000000f15ed00000] [id=23072]
  0x000002e04fccd800 ConcurrentGCThread "G1 Refine#1" [stack: 0x000000f15eb00000,0x000000f15ec00000] [id=17392]
  0x000002e04f4be800 ConcurrentGCThread "G1 Refine#2" [stack: 0x000000f15ea00000,0x000000f15eb00000] [id=18224]
  0x000002e0335ad800 ConcurrentGCThread "G1 Refine#3" [stack: 0x000000f15e900000,0x000000f15ea00000] [id=23436]
  0x000002e0342d7000 ConcurrentGCThread "G1 Refine#4" [stack: 0x000000f15e800000,0x000000f15e900000] [id=17600]
  0x000002e0342d6800 ConcurrentGCThread "G1 Refine#5" [stack: 0x000000f15e700000,0x000000f15e800000] [id=18684]
  0x000002e033b54800 ConcurrentGCThread "G1 Refine#6" [stack: 0x000000f15e600000,0x000000f15e700000] [id=13044]
  0x000002e04ec0e000 ConcurrentGCThread "G1 Refine#7" [stack: 0x000000f15e500000,0x000000f15e600000] [id=7136]
  0x000002e04f735000 ConcurrentGCThread "G1 Young RemSet Sampling" [stack: 0x000000f15ed00000,0x000000f15ee00000] [id=6888]

Threads with active compile tasks:

VM state:not at safepoint (normal execution)

VM Mutex/Monitor currently owned by a thread: None

Heap address: 0x0000000700000000, size: 3072 MB, Compressed Oops mode: Zero based, Oop shift amount: 3
Narrow klass base: 0x0000000000000000, Narrow klass shift: 3
Compressed class space size: 1073741824 Address: 0x00000007c0000000

Heap:
 garbage-first heap   total 330752K, used 146667K [0x0000000700000000, 0x0000000700100a18, 0x00000007c0000000)
  region size 1024K, 44 young (45056K), 2 survivors (2048K)
 Metaspace       used 91911K, capacity 98593K, committed 98816K, reserved 1134592K
  class space    used 13437K, capacity 14578K, committed 14592K, reserved 1048576K
Heap Regions: E=young(eden), S=young(survivor), O=old, HS=humongous(starts), HC=humongous(continues), CS=collection set, F=free, A=archive, TS=gc time stamp, AC=allocation context, TAMS=top-at-mark-start (previous, next)
|   0|0x0000000700000000, 0x00000007000fdc90, 0x0000000700100000| 99%| O|  |TS  0|AC  0|TAMS 0x0000000700000000, 0x0000000700000000|
|   1|0x0000000700100000, 0x00000007001ff220, 0x0000000700200000| 99%| O|  |TS  0|AC  0|TAMS 0x0000000700100000, 0x0000000700100000|
|   2|0x0000000700200000, 0x0000000700300000, 0x0000000700300000|100%|HS|  |TS  0|AC  0|TAMS 0x0000000700200000, 0x0000000700200000|
|   3|0x0000000700300000, 0x0000000700400000, 0x0000000700400000|100%|HC|  |TS  0|AC  0|TAMS 0x0000000700300000, 0x0000000700300000|
|   4|0x0000000700400000, 0x0000000700500000, 0x0000000700500000|100%|HS|  |TS  0|AC  0|TAMS 0x0000000700400000, 0x0000000700400000|
|   5|0x0000000700500000, 0x00000007005f97f0, 0x0000000700600000| 97%| O|  |TS  0|AC  0|TAMS 0x0000000700500000, 0x0000000700500000|
|   6|0x0000000700600000, 0x00000007006dc5a8, 0x0000000700700000| 86%| O|  |TS  0|AC  0|TAMS 0x0000000700600000, 0x0000000700600000|
|   7|0x0000000700700000, 0x00000007007f0750, 0x0000000700800000| 93%| O|  |TS  0|AC  0|TAMS 0x0000000700700000, 0x0000000700700000|
|   8|0x0000000700800000, 0x00000007008fb1a8, 0x0000000700900000| 98%| O|  |TS  0|AC  0|TAMS 0x0000000700800000, 0x0000000700800000|
|   9|0x0000000700900000, 0x00000007009cb318, 0x0000000700a00000| 79%| O|  |TS  0|AC  0|TAMS 0x0000000700900000, 0x0000000700900000|
|  10|0x0000000700a00000, 0x0000000700afefb0, 0x0000000700b00000| 99%| O|  |TS  0|AC  0|TAMS 0x0000000700a00000, 0x0000000700a00000|
|  11|0x0000000700b00000, 0x0000000700bfffd8, 0x0000000700c00000| 99%| O|  |TS  0|AC  0|TAMS 0x0000000700b00000, 0x0000000700b00000|
|  12|0x0000000700c00000, 0x0000000700cfffd8, 0x0000000700d00000| 99%| O|  |TS  0|AC  0|TAMS 0x0000000700c00000, 0x0000000700c00000|
|  13|0x0000000700d00000, 0x0000000700e00000, 0x0000000700e00000|100%| O|  |TS  0|AC  0|TAMS 0x0000000700d00000, 0x0000000700d00000|
|  14|0x0000000700e00000, 0x0000000700f00000, 0x0000000700f00000|100%| O|  |TS  0|AC  0|TAMS 0x0000000700e00000, 0x0000000700e00000|
|  15|0x0000000700f00000, 0x0000000700fffff0, 0x0000000701000000| 99%| O|  |TS  0|AC  0|TAMS 0x0000000700f00000, 0x0000000700f00000|
|  16|0x0000000701000000, 0x0000000701100000, 0x0000000701100000|100%| O|  |TS  0|AC  0|TAMS 0x0000000701000000, 0x0000000701000000|
|  17|0x0000000701100000, 0x0000000701200000, 0x0000000701200000|100%| O|  |TS  0|AC  0|TAMS 0x0000000701100000, 0x0000000701100000|
|  18|0x0000000701200000, 0x00000007012fbe30, 0x0000000701300000| 98%| O|  |TS  0|AC  0|TAMS 0x0000000701200000, 0x0000000701200000|
|  19|0x0000000701300000, 0x00000007013ffd38, 0x0000000701400000| 99%| O|  |TS  0|AC  0|TAMS 0x0000000701300000, 0x0000000701300000|
|  20|0x0000000701400000, 0x00000007014ffff8, 0x0000000701500000| 99%| O|  |TS  0|AC  0|TAMS 0x0000000701400000, 0x0000000701400000|
|  21|0x0000000701500000, 0x0000000701600000, 0x0000000701600000|100%|HS|  |TS  0|AC  0|TAMS 0x0000000701500000, 0x0000000701500000|
|  22|0x0000000701600000, 0x0000000701700000, 0x0000000701700000|100%|HS|  |TS  0|AC  0|TAMS 0x0000000701600000, 0x0000000701600000|
|  23|0x0000000701700000, 0x0000000701800000, 0x0000000701800000|100%|HC|  |TS  0|AC  0|TAMS 0x0000000701700000, 0x0000000701700000|
|  24|0x0000000701800000, 0x00000007018ffc30, 0x0000000701900000| 99%| O|  |TS  0|AC  0|TAMS 0x0000000701800000, 0x0000000701800000|
|  25|0x0000000701900000, 0x00000007019ffff0, 0x0000000701a00000| 99%| O|  |TS  0|AC  0|TAMS 0x0000000701900000, 0x0000000701900000|
|  26|0x0000000701a00000, 0x0000000701afffd0, 0x0000000701b00000| 99%| O|  |TS  0|AC  0|TAMS 0x0000000701a00000, 0x0000000701a00000|
|  27|0x0000000701b00000, 0x0000000701bffec8, 0x0000000701c00000| 99%| O|  |TS  0|AC  0|TAMS 0x0000000701b00000, 0x0000000701b00000|
|  28|0x0000000701c00000, 0x0000000701d00000, 0x0000000701d00000|100%|HS|  |TS  0|AC  0|TAMS 0x0000000701c00000, 0x0000000701c00000|
|  29|0x0000000701d00000, 0x0000000701dfffd0, 0x0000000701e00000| 99%| O|  |TS  0|AC  0|TAMS 0x0000000701d00000, 0x0000000701d00000|
|  30|0x0000000701e00000, 0x0000000701efffc8, 0x0000000701f00000| 99%| O|  |TS  0|AC  0|TAMS 0x0000000701e00000, 0x0000000701e00000|
|  31|0x0000000701f00000, 0x0000000701ffffe0, 0x0000000702000000| 99%| O|  |TS  0|AC  0|TAMS 0x0000000701f00000, 0x0000000701f00000|
|  32|0x0000000702000000, 0x00000007020ffee8, 0x0000000702100000| 99%| O|  |TS  0|AC  0|TAMS 0x0000000702000000, 0x0000000702000000|
|  33|0x0000000702100000, 0x00000007021fff00, 0x0000000702200000| 99%| O|  |TS  0|AC  0|TAMS 0x0000000702100000, 0x0000000702100000|
|  34|0x0000000702200000, 0x00000007022fff50, 0x0000000702300000| 99%| O|  |TS  0|AC  0|TAMS 0x0000000702200000, 0x0000000702200000|
|  35|0x0000000702300000, 0x00000007023fffe0, 0x0000000702400000| 99%| O|  |TS  0|AC  0|TAMS 0x0000000702300000, 0x0000000702300000|
|  36|0x0000000702400000, 0x00000007024fffe8, 0x0000000702500000| 99%| O|  |TS  0|AC  0|TAMS 0x0000000702400000, 0x0000000702400000|
|  37|0x0000000702500000, 0x0000000702600000, 0x0000000702600000|100%| O|  |TS  0|AC  0|TAMS 0x0000000702500000, 0x0000000702500000|
|  38|0x0000000702600000, 0x00000007026fffe0, 0x0000000702700000| 99%| O|  |TS  0|AC  0|TAMS 0x0000000702600000, 0x0000000702600000|
|  39|0x0000000702700000, 0x00000007027fffe8, 0x0000000702800000| 99%| O|  |TS  0|AC  0|TAMS 0x0000000702700000, 0x0000000702700000|
|  40|0x0000000702800000, 0x0000000702900000, 0x0000000702900000|100%| O|  |TS  0|AC  0|TAMS 0x0000000702800000, 0x0000000702800000|
|  41|0x0000000702900000, 0x00000007029fffe8, 0x0000000702a00000| 99%| O|  |TS  0|AC  0|TAMS 0x0000000702900000, 0x0000000702900000|
|  42|0x0000000702a00000, 0x0000000702afffc0, 0x0000000702b00000| 99%| O|  |TS  0|AC  0|TAMS 0x0000000702a00000, 0x0000000702a00000|
|  43|0x0000000702b00000, 0x0000000702bffff8, 0x0000000702c00000| 99%| O|  |TS  0|AC  0|TAMS 0x0000000702b00000, 0x0000000702b00000|
|  44|0x0000000702c00000, 0x0000000702cfff98, 0x0000000702d00000| 99%| O|  |TS  0|AC  0|TAMS 0x0000000702c00000, 0x0000000702c00000|
|  45|0x0000000702d00000, 0x0000000702dffec0, 0x0000000702e00000| 99%| O|  |TS  0|AC  0|TAMS 0x0000000702d00000, 0x0000000702d00000|
|  46|0x0000000702e00000, 0x0000000702efff78, 0x0000000702f00000| 99%| O|  |TS  0|AC  0|TAMS 0x0000000702e00000, 0x0000000702e00000|
|  47|0x0000000702f00000, 0x0000000702ffa400, 0x0000000703000000| 97%| O|  |TS  0|AC  0|TAMS 0x0000000702f00000, 0x0000000702f00000|
|  48|0x0000000703000000, 0x0000000703100000, 0x0000000703100000|100%| O|  |TS  0|AC  0|TAMS 0x0000000703000000, 0x0000000703000000|
|  49|0x0000000703100000, 0x00000007031ffef8, 0x0000000703200000| 99%| O|  |TS  0|AC  0|TAMS 0x0000000703100000, 0x0000000703100000|
|  50|0x0000000703200000, 0x00000007032fffe0, 0x0000000703300000| 99%| O|  |TS  0|AC  0|TAMS 0x0000000703200000, 0x0000000703200000|
|  51|0x0000000703300000, 0x0000000703400000, 0x0000000703400000|100%|HS|  |TS  0|AC  0|TAMS 0x0000000703300000, 0x0000000703300000|
|  52|0x0000000703400000, 0x00000007034fffd8, 0x0000000703500000| 99%| O|  |TS  0|AC  0|TAMS 0x0000000703400000, 0x0000000703400000|
|  53|0x0000000703500000, 0x00000007035ffff8, 0x0000000703600000| 99%| O|  |TS  0|AC  0|TAMS 0x0000000703500000, 0x0000000703500000|
|  54|0x0000000703600000, 0x00000007036fffd0, 0x0000000703700000| 99%| O|  |TS  0|AC  0|TAMS 0x0000000703600000, 0x0000000703600000|
|  55|0x0000000703700000, 0x0000000703800000, 0x0000000703800000|100%| O|  |TS  0|AC  0|TAMS 0x0000000703700000, 0x0000000703700000|
|  56|0x0000000703800000, 0x00000007038fcfe0, 0x0000000703900000| 98%| O|  |TS  0|AC  0|TAMS 0x0000000703800000, 0x0000000703800000|
|  57|0x0000000703900000, 0x00000007039fffd0, 0x0000000703a00000| 99%| O|  |TS  0|AC  0|TAMS 0x0000000703900000, 0x0000000703900000|
|  58|0x0000000703a00000, 0x0000000703b00000, 0x0000000703b00000|100%| O|  |TS  0|AC  0|TAMS 0x0000000703a00000, 0x0000000703a00000|
|  59|0x0000000703b00000, 0x0000000703bffff8, 0x0000000703c00000| 99%| O|  |TS  0|AC  0|TAMS 0x0000000703b00000, 0x0000000703b00000|
|  60|0x0000000703c00000, 0x0000000703cfffe0, 0x0000000703d00000| 99%| O|  |TS  0|AC  0|TAMS 0x0000000703c00000, 0x0000000703c00000|
|  61|0x0000000703d00000, 0x0000000703dfff90, 0x0000000703e00000| 99%| O|  |TS  0|AC  0|TAMS 0x0000000703d00000, 0x0000000703d00000|
|  62|0x0000000703e00000, 0x0000000703f00000, 0x0000000703f00000|100%| O|  |TS  0|AC  0|TAMS 0x0000000703e00000, 0x0000000703e00000|
|  63|0x0000000703f00000, 0x0000000703fffff8, 0x0000000704000000| 99%| O|  |TS  0|AC  0|TAMS 0x0000000703f00000, 0x0000000703f00000|
|  64|0x0000000704000000, 0x00000007040ffff0, 0x0000000704100000| 99%| O|  |TS  0|AC  0|TAMS 0x0000000704000000, 0x0000000704000000|
|  65|0x0000000704100000, 0x00000007041fffd8, 0x0000000704200000| 99%| O|  |TS  0|AC  0|TAMS 0x0000000704100000, 0x0000000704100000|
|  66|0x0000000704200000, 0x0000000704300000, 0x0000000704300000|100%|HS|  |TS  0|AC  0|TAMS 0x0000000704200000, 0x0000000704200000|
|  67|0x0000000704300000, 0x0000000704400000, 0x0000000704400000|100%|HC|  |TS  0|AC  0|TAMS 0x0000000704300000, 0x0000000704300000|
|  68|0x0000000704400000, 0x0000000704500000, 0x0000000704500000|100%|HC|  |TS  0|AC  0|TAMS 0x0000000704400000, 0x0000000704400000|
|  69|0x0000000704500000, 0x0000000704600000, 0x0000000704600000|100%|HC|  |TS  0|AC  0|TAMS 0x0000000704500000, 0x0000000704500000|
|  70|0x0000000704600000, 0x0000000704700000, 0x0000000704700000|100%|HC|  |TS  0|AC  0|TAMS 0x0000000704600000, 0x0000000704600000|
|  71|0x0000000704700000, 0x0000000704800000, 0x0000000704800000|100%|HC|  |TS  0|AC  0|TAMS 0x0000000704700000, 0x0000000704700000|
|  72|0x0000000704800000, 0x0000000704900000, 0x0000000704900000|100%|HC|  |TS  0|AC  0|TAMS 0x0000000704800000, 0x0000000704800000|
|  73|0x0000000704900000, 0x0000000704a00000, 0x0000000704a00000|100%|HC|  |TS  0|AC  0|TAMS 0x0000000704900000, 0x0000000704900000|
|  74|0x0000000704a00000, 0x0000000704b00000, 0x0000000704b00000|100%|HC|  |TS  0|AC  0|TAMS 0x0000000704a00000, 0x0000000704a00000|
|  75|0x0000000704b00000, 0x0000000704c00000, 0x0000000704c00000|100%|HC|  |TS  0|AC  0|TAMS 0x0000000704b00000, 0x0000000704b00000|
|  76|0x0000000704c00000, 0x0000000704d00000, 0x0000000704d00000|100%|HC|  |TS  0|AC  0|TAMS 0x0000000704c00000, 0x0000000704c00000|
|  77|0x0000000704d00000, 0x0000000704e00000, 0x0000000704e00000|100%|HC|  |TS  0|AC  0|TAMS 0x0000000704d00000, 0x0000000704d00000|
|  78|0x0000000704e00000, 0x0000000704efffe8, 0x0000000704f00000| 99%| O|  |TS  0|AC  0|TAMS 0x0000000704e00000, 0x0000000704e00000|
|  79|0x0000000704f00000, 0x0000000705000000, 0x0000000705000000|100%| O|  |TS  0|AC  0|TAMS 0x0000000704f00000, 0x0000000704f00000|
|  80|0x0000000705000000, 0x00000007050ffea8, 0x0000000705100000| 99%| O|  |TS  0|AC  0|TAMS 0x0000000705000000, 0x0000000705000000|
|  81|0x0000000705100000, 0x00000007051ffff8, 0x0000000705200000| 99%| O|  |TS  0|AC  0|TAMS 0x0000000705100000, 0x0000000705100000|
|  82|0x0000000705200000, 0x00000007052ffff0, 0x0000000705300000| 99%| O|  |TS  0|AC  0|TAMS 0x0000000705200000, 0x0000000705200000|
|  83|0x0000000705300000, 0x00000007053fff00, 0x0000000705400000| 99%| O|  |TS  0|AC  0|TAMS 0x0000000705300000, 0x0000000705300000|
|  84|0x0000000705400000, 0x00000007054fff00, 0x0000000705500000| 99%| O|  |TS  0|AC  0|TAMS 0x0000000705400000, 0x0000000705400000|
|  85|0x0000000705500000, 0x00000007055ffff8, 0x0000000705600000| 99%| O|  |TS  0|AC  0|TAMS 0x0000000705500000, 0x0000000705500000|
|  86|0x0000000705600000, 0x00000007056fc298, 0x0000000705700000| 98%| O|  |TS  0|AC  0|TAMS 0x0000000705600000, 0x0000000705600000|
|  87|0x0000000705700000, 0x00000007057fffe8, 0x0000000705800000| 99%| O|  |TS  0|AC  0|TAMS 0x0000000705700000, 0x0000000705700000|
|  88|0x0000000705800000, 0x00000007058ffff8, 0x0000000705900000| 99%| O|  |TS  0|AC  0|TAMS 0x0000000705800000, 0x0000000705800000|
|  89|0x0000000705900000, 0x00000007059ffff8, 0x0000000705a00000| 99%| O|  |TS  0|AC  0|TAMS 0x0000000705900000, 0x0000000705900000|
|  90|0x0000000705a00000, 0x0000000705affff0, 0x0000000705b00000| 99%| O|  |TS  0|AC  0|TAMS 0x0000000705a00000, 0x0000000705a00000|
|  91|0x0000000705b00000, 0x0000000705bffe80, 0x0000000705c00000| 99%| O|  |TS  0|AC  0|TAMS 0x0000000705b00000, 0x0000000705b00000|
|  92|0x0000000705c00000, 0x0000000705cffeb0, 0x0000000705d00000| 99%| O|  |TS  0|AC  0|TAMS 0x0000000705c00000, 0x0000000705c00000|
|  93|0x0000000705d00000, 0x0000000705e00000, 0x0000000705e00000|100%| O|  |TS  0|AC  0|TAMS 0x0000000705d00000, 0x0000000705d00000|
|  94|0x0000000705e00000, 0x0000000705eb21f8, 0x0000000705f00000| 69%| O|  |TS  0|AC  0|TAMS 0x0000000705e00000, 0x0000000705e00000|
|  95|0x0000000705f00000, 0x0000000705f00000, 0x0000000706000000|  0%| F|  |TS 13|AC  0|TAMS 0x0000000705f00000, 0x0000000705f00000|
|  96|0x0000000706000000, 0x0000000706000000, 0x0000000706100000|  0%| F|  |TS 13|AC  0|TAMS 0x0000000706000000, 0x0000000706000000|
|  97|0x0000000706100000, 0x0000000706100000, 0x0000000706200000|  0%| F|  |TS 13|AC  0|TAMS 0x0000000706100000, 0x0000000706100000|
|  98|0x0000000706200000, 0x0000000706200000, 0x0000000706300000|  0%| F|  |TS 13|AC  0|TAMS 0x0000000706200000, 0x0000000706200000|
|  99|0x0000000706300000, 0x0000000706400000, 0x0000000706400000|100%|HS|  |TS  0|AC  0|TAMS 0x0000000706300000, 0x0000000706300000|
| 100|0x0000000706400000, 0x0000000706500000, 0x0000000706500000|100%|HC|  |TS  0|AC  0|TAMS 0x0000000706400000, 0x0000000706400000|
| 101|0x0000000706500000, 0x0000000706600000, 0x0000000706600000|100%|HC|  |TS  0|AC  0|TAMS 0x0000000706500000, 0x0000000706500000|
| 102|0x0000000706600000, 0x0000000706700000, 0x0000000706700000|100%|HC|  |TS  0|AC  0|TAMS 0x0000000706600000, 0x0000000706600000|
| 103|0x0000000706700000, 0x0000000706700000, 0x0000000706800000|  0%| F|  |TS  0|AC  0|TAMS 0x0000000706700000, 0x0000000706700000|
| 104|0x0000000706800000, 0x0000000706900000, 0x0000000706900000|100%|HS|  |TS  0|AC  0|TAMS 0x0000000706800000, 0x0000000706800000|
| 105|0x0000000706900000, 0x0000000706a00000, 0x0000000706a00000|100%|HC|  |TS  0|AC  0|TAMS 0x0000000706900000, 0x0000000706900000|
| 106|0x0000000706a00000, 0x0000000706b00000, 0x0000000706b00000|100%|HC|  |TS  0|AC  0|TAMS 0x0000000706a00000, 0x0000000706a00000|
| 107|0x0000000706b00000, 0x0000000706b00000, 0x0000000706c00000|  0%| F|  |TS  0|AC  0|TAMS 0x0000000706b00000, 0x0000000706b00000|
| 108|0x0000000706c00000, 0x0000000706c00000, 0x0000000706d00000|  0%| F|  |TS  0|AC  0|TAMS 0x0000000706c00000, 0x0000000706c00000|
| 109|0x0000000706d00000, 0x0000000706d00000, 0x0000000706e00000|  0%| F|  |TS  0|AC  0|TAMS 0x0000000706d00000, 0x0000000706d00000|
| 110|0x0000000706e00000, 0x0000000706e00000, 0x0000000706f00000|  0%| F|  |TS  0|AC  0|TAMS 0x0000000706e00000, 0x0000000706e00000|
| 111|0x0000000706f00000, 0x0000000706f00000, 0x0000000707000000|  0%| F|  |TS  0|AC  0|TAMS 0x0000000706f00000, 0x0000000706f00000|
| 112|0x0000000707000000, 0x0000000707000000, 0x0000000707100000|  0%| F|  |TS  0|AC  0|TAMS 0x0000000707000000, 0x0000000707000000|
| 113|0x0000000707100000, 0x0000000707100000, 0x0000000707200000|  0%| F|  |TS  0|AC  0|TAMS 0x0000000707100000, 0x0000000707100000|
| 114|0x0000000707200000, 0x0000000707200000, 0x0000000707300000|  0%| F|  |TS  0|AC  0|TAMS 0x0000000707200000, 0x0000000707200000|
| 115|0x0000000707300000, 0x0000000707300000, 0x0000000707400000|  0%| F|  |TS  0|AC  0|TAMS 0x0000000707300000, 0x0000000707300000|
| 116|0x0000000707400000, 0x0000000707400000, 0x0000000707500000|  0%| F|  |TS  0|AC  0|TAMS 0x0000000707400000, 0x0000000707400000|
| 117|0x0000000707500000, 0x0000000707500000, 0x0000000707600000|  0%| F|  |TS  0|AC  0|TAMS 0x0000000707500000, 0x0000000707500000|
| 118|0x0000000707600000, 0x0000000707600000, 0x0000000707700000|  0%| F|  |TS  0|AC  0|TAMS 0x0000000707600000, 0x0000000707600000|
| 119|0x0000000707700000, 0x0000000707700000, 0x0000000707800000|  0%| F|  |TS  0|AC  0|TAMS 0x0000000707700000, 0x0000000707700000|
| 120|0x0000000707800000, 0x0000000707800000, 0x0000000707900000|  0%| F|  |TS  0|AC  0|TAMS 0x0000000707800000, 0x0000000707800000|
| 121|0x0000000707900000, 0x0000000707900000, 0x0000000707a00000|  0%| F|  |TS  0|AC  0|TAMS 0x0000000707900000, 0x0000000707900000|
| 122|0x0000000707a00000, 0x0000000707a00000, 0x0000000707b00000|  0%| F|  |TS  0|AC  0|TAMS 0x0000000707a00000, 0x0000000707a00000|
| 123|0x0000000707b00000, 0x0000000707b00000, 0x0000000707c00000|  0%| F|  |TS  0|AC  0|TAMS 0x0000000707b00000, 0x0000000707b00000|
| 124|0x0000000707c00000, 0x0000000707c00000, 0x0000000707d00000|  0%| F|  |TS  0|AC  0|TAMS 0x0000000707c00000, 0x0000000707c00000|
| 125|0x0000000707d00000, 0x0000000707d00000, 0x0000000707e00000|  0%| F|  |TS  0|AC  0|TAMS 0x0000000707d00000, 0x0000000707d00000|
| 126|0x0000000707e00000, 0x0000000707e00000, 0x0000000707f00000|  0%| F|  |TS  0|AC  0|TAMS 0x0000000707e00000, 0x0000000707e00000|
| 127|0x0000000707f00000, 0x0000000707f00000, 0x0000000708000000|  0%| F|  |TS  0|AC  0|TAMS 0x0000000707f00000, 0x0000000707f00000|
| 128|0x0000000708000000, 0x0000000708000000, 0x0000000708100000|  0%| F|  |TS  0|AC  0|TAMS 0x0000000708000000, 0x0000000708000000|
| 129|0x0000000708100000, 0x0000000708100000, 0x0000000708200000|  0%| F|  |TS  0|AC  0|TAMS 0x0000000708100000, 0x0000000708100000|
| 130|0x0000000708200000, 0x0000000708200000, 0x0000000708300000|  0%| F|  |TS  0|AC  0|TAMS 0x0000000708200000, 0x0000000708200000|
| 131|0x0000000708300000, 0x0000000708300000, 0x0000000708400000|  0%| F|  |TS  0|AC  0|TAMS 0x0000000708300000, 0x0000000708300000|
| 132|0x0000000708400000, 0x0000000708400000, 0x0000000708500000|  0%| F|  |TS  0|AC  0|TAMS 0x0000000708400000, 0x0000000708400000|
| 133|0x0000000708500000, 0x0000000708500000, 0x0000000708600000|  0%| F|  |TS  0|AC  0|TAMS 0x0000000708500000, 0x0000000708500000|
| 134|0x0000000708600000, 0x0000000708600000, 0x0000000708700000|  0%| F|  |TS  0|AC  0|TAMS 0x0000000708600000, 0x0000000708600000|
| 135|0x0000000708700000, 0x0000000708700000, 0x0000000708800000|  0%| F|  |TS  0|AC  0|TAMS 0x0000000708700000, 0x0000000708700000|
| 136|0x0000000708800000, 0x0000000708800000, 0x0000000708900000|  0%| F|  |TS  0|AC  0|TAMS 0x0000000708800000, 0x0000000708800000|
| 137|0x0000000708900000, 0x0000000708900000, 0x0000000708a00000|  0%| F|  |TS  0|AC  0|TAMS 0x0000000708900000, 0x0000000708900000|
| 138|0x0000000708a00000, 0x0000000708a00000, 0x0000000708b00000|  0%| F|  |TS  0|AC  0|TAMS 0x0000000708a00000, 0x0000000708a00000|
| 139|0x0000000708b00000, 0x0000000708b00000, 0x0000000708c00000|  0%| F|  |TS  0|AC  0|TAMS 0x0000000708b00000, 0x0000000708b00000|
| 140|0x0000000708c00000, 0x0000000708c00000, 0x0000000708d00000|  0%| F|  |TS  0|AC  0|TAMS 0x0000000708c00000, 0x0000000708c00000|
| 141|0x0000000708d00000, 0x0000000708d00000, 0x0000000708e00000|  0%| F|  |TS  0|AC  0|TAMS 0x0000000708d00000, 0x0000000708d00000|
| 142|0x0000000708e00000, 0x0000000708e00000, 0x0000000708f00000|  0%| F|  |TS  0|AC  0|TAMS 0x0000000708e00000, 0x0000000708e00000|
| 143|0x0000000708f00000, 0x0000000708f00000, 0x0000000709000000|  0%| F|  |TS  0|AC  0|TAMS 0x0000000708f00000, 0x0000000708f00000|
| 144|0x0000000709000000, 0x0000000709000000, 0x0000000709100000|  0%| F|  |TS  0|AC  0|TAMS 0x0000000709000000, 0x0000000709000000|
| 145|0x0000000709100000, 0x0000000709100000, 0x0000000709200000|  0%| F|  |TS  0|AC  0|TAMS 0x0000000709100000, 0x0000000709100000|
| 146|0x0000000709200000, 0x0000000709200000, 0x0000000709300000|  0%| F|  |TS  0|AC  0|TAMS 0x0000000709200000, 0x0000000709200000|
| 147|0x0000000709300000, 0x0000000709300000, 0x0000000709400000|  0%| F|  |TS  0|AC  0|TAMS 0x0000000709300000, 0x0000000709300000|
| 148|0x0000000709400000, 0x0000000709400000, 0x0000000709500000|  0%| F|  |TS  0|AC  0|TAMS 0x0000000709400000, 0x0000000709400000|
| 149|0x0000000709500000, 0x0000000709500000, 0x0000000709600000|  0%| F|  |TS  0|AC  0|TAMS 0x0000000709500000, 0x0000000709500000|
| 150|0x0000000709600000, 0x0000000709600000, 0x0000000709700000|  0%| F|  |TS  0|AC  0|TAMS 0x0000000709600000, 0x0000000709600000|
| 151|0x0000000709700000, 0x0000000709700000, 0x0000000709800000|  0%| F|  |TS  0|AC  0|TAMS 0x0000000709700000, 0x0000000709700000|
| 152|0x0000000709800000, 0x0000000709800000, 0x0000000709900000|  0%| F|  |TS  0|AC  0|TAMS 0x0000000709800000, 0x0000000709800000|
| 153|0x0000000709900000, 0x0000000709900000, 0x0000000709a00000|  0%| F|  |TS  0|AC  0|TAMS 0x0000000709900000, 0x0000000709900000|
| 154|0x0000000709a00000, 0x0000000709a00000, 0x0000000709b00000|  0%| F|  |TS  0|AC  0|TAMS 0x0000000709a00000, 0x0000000709a00000|
| 155|0x0000000709b00000, 0x0000000709b00000, 0x0000000709c00000|  0%| F|  |TS  0|AC  0|TAMS 0x0000000709b00000, 0x0000000709b00000|
| 156|0x0000000709c00000, 0x0000000709c00000, 0x0000000709d00000|  0%| F|  |TS  0|AC  0|TAMS 0x0000000709c00000, 0x0000000709c00000|
| 157|0x0000000709d00000, 0x0000000709d00000, 0x0000000709e00000|  0%| F|  |TS  0|AC  0|TAMS 0x0000000709d00000, 0x0000000709d00000|
| 158|0x0000000709e00000, 0x0000000709e00000, 0x0000000709f00000|  0%| F|  |TS  0|AC  0|TAMS 0x0000000709e00000, 0x0000000709e00000|
| 159|0x0000000709f00000, 0x0000000709f00000, 0x000000070a000000|  0%| F|  |TS  0|AC  0|TAMS 0x0000000709f00000, 0x0000000709f00000|
| 160|0x000000070a000000, 0x000000070a000000, 0x000000070a100000|  0%| F|  |TS  0|AC  0|TAMS 0x000000070a000000, 0x000000070a000000|
| 161|0x000000070a100000, 0x000000070a100000, 0x000000070a200000|  0%| F|  |TS  0|AC  0|TAMS 0x000000070a100000, 0x000000070a100000|
| 162|0x000000070a200000, 0x000000070a200000, 0x000000070a300000|  0%| F|  |TS  0|AC  0|TAMS 0x000000070a200000, 0x000000070a200000|
| 163|0x000000070a300000, 0x000000070a300000, 0x000000070a400000|  0%| F|  |TS  0|AC  0|TAMS 0x000000070a300000, 0x000000070a300000|
| 164|0x000000070a400000, 0x000000070a400000, 0x000000070a500000|  0%| F|  |TS  0|AC  0|TAMS 0x000000070a400000, 0x000000070a400000|
| 165|0x000000070a500000, 0x000000070a500000, 0x000000070a600000|  0%| F|  |TS  0|AC  0|TAMS 0x000000070a500000, 0x000000070a500000|
| 166|0x000000070a600000, 0x000000070a600000, 0x000000070a700000|  0%| F|  |TS  0|AC  0|TAMS 0x000000070a600000, 0x000000070a600000|
| 167|0x000000070a700000, 0x000000070a700000, 0x000000070a800000|  0%| F|  |TS  0|AC  0|TAMS 0x000000070a700000, 0x000000070a700000|
| 168|0x000000070a800000, 0x000000070a800000, 0x000000070a900000|  0%| F|  |TS  0|AC  0|TAMS 0x000000070a800000, 0x000000070a800000|
| 169|0x000000070a900000, 0x000000070a900000, 0x000000070aa00000|  0%| F|  |TS  0|AC  0|TAMS 0x000000070a900000, 0x000000070a900000|
| 170|0x000000070aa00000, 0x000000070aa00000, 0x000000070ab00000|  0%| F|  |TS  0|AC  0|TAMS 0x000000070aa00000, 0x000000070aa00000|
| 171|0x000000070ab00000, 0x000000070ab00000, 0x000000070ac00000|  0%| F|  |TS  0|AC  0|TAMS 0x000000070ab00000, 0x000000070ab00000|
| 172|0x000000070ac00000, 0x000000070ac00000, 0x000000070ad00000|  0%| F|  |TS  0|AC  0|TAMS 0x000000070ac00000, 0x000000070ac00000|
| 173|0x000000070ad00000, 0x000000070ad00000, 0x000000070ae00000|  0%| F|  |TS  0|AC  0|TAMS 0x000000070ad00000, 0x000000070ad00000|
| 174|0x000000070ae00000, 0x000000070ae00000, 0x000000070af00000|  0%| F|  |TS  0|AC  0|TAMS 0x000000070ae00000, 0x000000070ae00000|
| 175|0x000000070af00000, 0x000000070af00000, 0x000000070b000000|  0%| F|  |TS  0|AC  0|TAMS 0x000000070af00000, 0x000000070af00000|
| 176|0x000000070b000000, 0x000000070b000000, 0x000000070b100000|  0%| F|  |TS  0|AC  0|TAMS 0x000000070b000000, 0x000000070b000000|
| 177|0x000000070b100000, 0x000000070b100000, 0x000000070b200000|  0%| F|  |TS  0|AC  0|TAMS 0x000000070b100000, 0x000000070b100000|
| 178|0x000000070b200000, 0x000000070b200000, 0x000000070b300000|  0%| F|  |TS  0|AC  0|TAMS 0x000000070b200000, 0x000000070b200000|
| 179|0x000000070b300000, 0x000000070b300000, 0x000000070b400000|  0%| F|  |TS  0|AC  0|TAMS 0x000000070b300000, 0x000000070b300000|
| 180|0x000000070b400000, 0x000000070b400000, 0x000000070b500000|  0%| F|  |TS  0|AC  0|TAMS 0x000000070b400000, 0x000000070b400000|
| 181|0x000000070b500000, 0x000000070b500000, 0x000000070b600000|  0%| F|  |TS  0|AC  0|TAMS 0x000000070b500000, 0x000000070b500000|
| 182|0x000000070b600000, 0x000000070b600000, 0x000000070b700000|  0%| F|  |TS  0|AC  0|TAMS 0x000000070b600000, 0x000000070b600000|
| 183|0x000000070b700000, 0x000000070b700000, 0x000000070b800000|  0%| F|  |TS  0|AC  0|TAMS 0x000000070b700000, 0x000000070b700000|
| 184|0x000000070b800000, 0x000000070b800000, 0x000000070b900000|  0%| F|  |TS  0|AC  0|TAMS 0x000000070b800000, 0x000000070b800000|
| 185|0x000000070b900000, 0x000000070b900000, 0x000000070ba00000|  0%| F|  |TS  0|AC  0|TAMS 0x000000070b900000, 0x000000070b900000|
| 186|0x000000070ba00000, 0x000000070ba00000, 0x000000070bb00000|  0%| F|  |TS  0|AC  0|TAMS 0x000000070ba00000, 0x000000070ba00000|
| 187|0x000000070bb00000, 0x000000070bb00000, 0x000000070bc00000|  0%| F|  |TS  0|AC  0|TAMS 0x000000070bb00000, 0x000000070bb00000|
| 188|0x000000070bc00000, 0x000000070bc00000, 0x000000070bd00000|  0%| F|  |TS  0|AC  0|TAMS 0x000000070bc00000, 0x000000070bc00000|
| 189|0x000000070bd00000, 0x000000070bd00000, 0x000000070be00000|  0%| F|  |TS  3|AC  0|TAMS 0x000000070bd00000, 0x000000070bd00000|
| 190|0x000000070be00000, 0x000000070be00000, 0x000000070bf00000|  0%| F|  |TS  1|AC  0|TAMS 0x000000070be00000, 0x000000070be00000|
| 191|0x000000070bf00000, 0x000000070bf00000, 0x000000070c000000|  0%| F|  |TS  1|AC  0|TAMS 0x000000070bf00000, 0x000000070bf00000|
| 192|0x000000070c000000, 0x000000070c000000, 0x000000070c100000|  0%| F|  |TS  1|AC  0|TAMS 0x000000070c000000, 0x000000070c000000|
| 193|0x000000070c100000, 0x000000070c100000, 0x000000070c200000|  0%| F|  |TS  1|AC  0|TAMS 0x000000070c100000, 0x000000070c100000|
| 194|0x000000070c200000, 0x000000070c200000, 0x000000070c300000|  0%| F|  |TS  1|AC  0|TAMS 0x000000070c200000, 0x000000070c200000|
| 195|0x000000070c300000, 0x000000070c300000, 0x000000070c400000|  0%| F|  |TS  1|AC  0|TAMS 0x000000070c300000, 0x000000070c300000|
| 196|0x000000070c400000, 0x000000070c400000, 0x000000070c500000|  0%| F|  |TS  1|AC  0|TAMS 0x000000070c400000, 0x000000070c400000|
| 197|0x000000070c500000, 0x000000070c500000, 0x000000070c600000|  0%| F|  |TS  1|AC  0|TAMS 0x000000070c500000, 0x000000070c500000|
| 198|0x000000070c600000, 0x000000070c600000, 0x000000070c700000|  0%| F|  |TS  1|AC  0|TAMS 0x000000070c600000, 0x000000070c600000|
| 199|0x000000070c700000, 0x000000070c700000, 0x000000070c800000|  0%| F|  |TS  1|AC  0|TAMS 0x000000070c700000, 0x000000070c700000|
| 200|0x000000070c800000, 0x000000070c800000, 0x000000070c900000|  0%| F|  |TS  1|AC  0|TAMS 0x000000070c800000, 0x000000070c800000|
| 201|0x000000070c900000, 0x000000070c900000, 0x000000070ca00000|  0%| F|  |TS  1|AC  0|TAMS 0x000000070c900000, 0x000000070c900000|
| 202|0x000000070ca00000, 0x000000070ca00000, 0x000000070cb00000|  0%| F|  |TS  1|AC  0|TAMS 0x000000070ca00000, 0x000000070ca00000|
| 203|0x000000070cb00000, 0x000000070cb00000, 0x000000070cc00000|  0%| F|  |TS  1|AC  0|TAMS 0x000000070cb00000, 0x000000070cb00000|
| 204|0x000000070cc00000, 0x000000070cc00000, 0x000000070cd00000|  0%| F|  |TS  1|AC  0|TAMS 0x000000070cc00000, 0x000000070cc00000|
| 205|0x000000070cd00000, 0x000000070cd00000, 0x000000070ce00000|  0%| F|  |TS  1|AC  0|TAMS 0x000000070cd00000, 0x000000070cd00000|
| 206|0x000000070ce00000, 0x000000070ce00000, 0x000000070cf00000|  0%| F|  |TS  1|AC  0|TAMS 0x000000070ce00000, 0x000000070ce00000|
| 207|0x000000070cf00000, 0x000000070cf00000, 0x000000070d000000|  0%| F|  |TS  1|AC  0|TAMS 0x000000070cf00000, 0x000000070cf00000|
| 208|0x000000070d000000, 0x000000070d000000, 0x000000070d100000|  0%| F|  |TS  1|AC  0|TAMS 0x000000070d000000, 0x000000070d000000|
| 209|0x000000070d100000, 0x000000070d100000, 0x000000070d200000|  0%| F|  |TS  1|AC  0|TAMS 0x000000070d100000, 0x000000070d100000|
| 210|0x000000070d200000, 0x000000070d200000, 0x000000070d300000|  0%| F|  |TS  1|AC  0|TAMS 0x000000070d200000, 0x000000070d200000|
| 211|0x000000070d300000, 0x000000070d300000, 0x000000070d400000|  0%| F|  |TS  1|AC  0|TAMS 0x000000070d300000, 0x000000070d300000|
| 212|0x000000070d400000, 0x000000070d400000, 0x000000070d500000|  0%| F|  |TS  1|AC  0|TAMS 0x000000070d400000, 0x000000070d400000|
| 213|0x000000070d500000, 0x000000070d500000, 0x000000070d600000|  0%| F|  |TS  1|AC  0|TAMS 0x000000070d500000, 0x000000070d500000|
| 214|0x000000070d600000, 0x000000070d600000, 0x000000070d700000|  0%| F|  |TS  1|AC  0|TAMS 0x000000070d600000, 0x000000070d600000|
| 215|0x000000070d700000, 0x000000070d700000, 0x000000070d800000|  0%| F|  |TS  1|AC  0|TAMS 0x000000070d700000, 0x000000070d700000|
| 216|0x000000070d800000, 0x000000070d800000, 0x000000070d900000|  0%| F|  |TS  1|AC  0|TAMS 0x000000070d800000, 0x000000070d800000|
| 217|0x000000070d900000, 0x000000070d900000, 0x000000070da00000|  0%| F|  |TS  1|AC  0|TAMS 0x000000070d900000, 0x000000070d900000|
| 218|0x000000070da00000, 0x000000070da00000, 0x000000070db00000|  0%| F|  |TS  1|AC  0|TAMS 0x000000070da00000, 0x000000070da00000|
| 219|0x000000070db00000, 0x000000070db00000, 0x000000070dc00000|  0%| F|  |TS  1|AC  0|TAMS 0x000000070db00000, 0x000000070db00000|
| 220|0x000000070dc00000, 0x000000070dc00000, 0x000000070dd00000|  0%| F|  |TS  1|AC  0|TAMS 0x000000070dc00000, 0x000000070dc00000|
| 221|0x000000070dd00000, 0x000000070dd00000, 0x000000070de00000|  0%| F|  |TS  1|AC  0|TAMS 0x000000070dd00000, 0x000000070dd00000|
| 222|0x000000070de00000, 0x000000070de00000, 0x000000070df00000|  0%| F|  |TS  1|AC  0|TAMS 0x000000070de00000, 0x000000070de00000|
| 223|0x000000070df00000, 0x000000070df00000, 0x000000070e000000|  0%| F|  |TS  1|AC  0|TAMS 0x000000070df00000, 0x000000070df00000|
| 224|0x000000070e000000, 0x000000070e000000, 0x000000070e100000|  0%| F|  |TS  1|AC  0|TAMS 0x000000070e000000, 0x000000070e000000|
| 225|0x000000070e100000, 0x000000070e100000, 0x000000070e200000|  0%| F|  |TS  1|AC  0|TAMS 0x000000070e100000, 0x000000070e100000|
| 226|0x000000070e200000, 0x000000070e200000, 0x000000070e300000|  0%| F|  |TS  1|AC  0|TAMS 0x000000070e200000, 0x000000070e200000|
| 227|0x000000070e300000, 0x000000070e300000, 0x000000070e400000|  0%| F|  |TS  1|AC  0|TAMS 0x000000070e300000, 0x000000070e300000|
| 228|0x000000070e400000, 0x000000070e400000, 0x000000070e500000|  0%| F|  |TS  1|AC  0|TAMS 0x000000070e400000, 0x000000070e400000|
| 229|0x000000070e500000, 0x000000070e500000, 0x000000070e600000|  0%| F|  |TS  1|AC  0|TAMS 0x000000070e500000, 0x000000070e500000|
| 230|0x000000070e600000, 0x000000070e600000, 0x000000070e700000|  0%| F|  |TS  1|AC  0|TAMS 0x000000070e600000, 0x000000070e600000|
| 231|0x000000070e700000, 0x000000070e700000, 0x000000070e800000|  0%| F|  |TS  1|AC  0|TAMS 0x000000070e700000, 0x000000070e700000|
| 232|0x000000070e800000, 0x000000070e800000, 0x000000070e900000|  0%| F|  |TS  1|AC  0|TAMS 0x000000070e800000, 0x000000070e800000|
| 233|0x000000070e900000, 0x000000070e900000, 0x000000070ea00000|  0%| F|  |TS  1|AC  0|TAMS 0x000000070e900000, 0x000000070e900000|
| 234|0x000000070ea00000, 0x000000070ea00000, 0x000000070eb00000|  0%| F|  |TS  1|AC  0|TAMS 0x000000070ea00000, 0x000000070ea00000|
| 235|0x000000070eb00000, 0x000000070eb00000, 0x000000070ec00000|  0%| F|  |TS  1|AC  0|TAMS 0x000000070eb00000, 0x000000070eb00000|
| 236|0x000000070ec00000, 0x000000070ec00000, 0x000000070ed00000|  0%| F|  |TS  1|AC  0|TAMS 0x000000070ec00000, 0x000000070ec00000|
| 237|0x000000070ed00000, 0x000000070ed00000, 0x000000070ee00000|  0%| F|  |TS  1|AC  0|TAMS 0x000000070ed00000, 0x000000070ed00000|
| 238|0x000000070ee00000, 0x000000070ee00000, 0x000000070ef00000|  0%| F|  |TS  1|AC  0|TAMS 0x000000070ee00000, 0x000000070ee00000|
| 239|0x000000070ef00000, 0x000000070ef00000, 0x000000070f000000|  0%| F|  |TS  1|AC  0|TAMS 0x000000070ef00000, 0x000000070ef00000|
| 240|0x000000070f000000, 0x000000070f000000, 0x000000070f100000|  0%| F|  |TS  1|AC  0|TAMS 0x000000070f000000, 0x000000070f000000|
| 241|0x000000070f100000, 0x000000070f100000, 0x000000070f200000|  0%| F|  |TS  1|AC  0|TAMS 0x000000070f100000, 0x000000070f100000|
| 242|0x000000070f200000, 0x000000070f200000, 0x000000070f300000|  0%| F|  |TS  1|AC  0|TAMS 0x000000070f200000, 0x000000070f200000|
| 243|0x000000070f300000, 0x000000070f300000, 0x000000070f400000|  0%| F|  |TS  1|AC  0|TAMS 0x000000070f300000, 0x000000070f300000|
| 244|0x000000070f400000, 0x000000070f400000, 0x000000070f500000|  0%| F|  |TS  1|AC  0|TAMS 0x000000070f400000, 0x000000070f400000|
| 245|0x000000070f500000, 0x000000070f500000, 0x000000070f600000|  0%| F|  |TS  1|AC  0|TAMS 0x000000070f500000, 0x000000070f500000|
| 246|0x000000070f600000, 0x000000070f600000, 0x000000070f700000|  0%| F|  |TS  1|AC  0|TAMS 0x000000070f600000, 0x000000070f600000|
| 247|0x000000070f700000, 0x000000070f700000, 0x000000070f800000|  0%| F|  |TS  1|AC  0|TAMS 0x000000070f700000, 0x000000070f700000|
| 248|0x000000070f800000, 0x000000070f800000, 0x000000070f900000|  0%| F|  |TS  1|AC  0|TAMS 0x000000070f800000, 0x000000070f800000|
| 249|0x000000070f900000, 0x000000070f900000, 0x000000070fa00000|  0%| F|  |TS  1|AC  0|TAMS 0x000000070f900000, 0x000000070f900000|
| 250|0x000000070fa00000, 0x000000070fa00000, 0x000000070fb00000|  0%| F|  |TS  1|AC  0|TAMS 0x000000070fa00000, 0x000000070fa00000|
| 251|0x000000070fb00000, 0x000000070fb00000, 0x000000070fc00000|  0%| F|  |TS  1|AC  0|TAMS 0x000000070fb00000, 0x000000070fb00000|
| 252|0x000000070fc00000, 0x000000070fc00000, 0x000000070fd00000|  0%| F|  |TS  1|AC  0|TAMS 0x000000070fc00000, 0x000000070fc00000|
| 253|0x000000070fd00000, 0x000000070fd00000, 0x000000070fe00000|  0%| F|  |TS  1|AC  0|TAMS 0x000000070fd00000, 0x000000070fd00000|
| 254|0x000000070fe00000, 0x000000070fe00000, 0x000000070ff00000|  0%| F|  |TS  1|AC  0|TAMS 0x000000070fe00000, 0x000000070fe00000|
| 255|0x000000070ff00000, 0x000000070ff00000, 0x0000000710000000|  0%| F|  |TS  1|AC  0|TAMS 0x000000070ff00000, 0x000000070ff00000|
| 256|0x0000000710000000, 0x0000000710000000, 0x0000000710100000|  0%| F|  |TS  1|AC  0|TAMS 0x0000000710000000, 0x0000000710000000|
| 257|0x0000000710100000, 0x0000000710100000, 0x0000000710200000|  0%| F|  |TS  1|AC  0|TAMS 0x0000000710100000, 0x0000000710100000|
| 258|0x0000000710200000, 0x0000000710200000, 0x0000000710300000|  0%| F|  |TS  1|AC  0|TAMS 0x0000000710200000, 0x0000000710200000|
| 259|0x0000000710300000, 0x0000000710300000, 0x0000000710400000|  0%| F|  |TS  1|AC  0|TAMS 0x0000000710300000, 0x0000000710300000|
| 260|0x0000000710400000, 0x0000000710400000, 0x0000000710500000|  0%| F|  |TS  1|AC  0|TAMS 0x0000000710400000, 0x0000000710400000|
| 261|0x0000000710500000, 0x0000000710512800, 0x0000000710600000|  7%| S|CS|TS 13|AC  0|TAMS 0x0000000710500000, 0x0000000710500000|
| 262|0x0000000710600000, 0x0000000710700000, 0x0000000710700000|100%| S|CS|TS 13|AC  0|TAMS 0x0000000710600000, 0x0000000710600000|
| 263|0x0000000710700000, 0x0000000710700000, 0x0000000710800000|  0%| F|  |TS 13|AC  0|TAMS 0x0000000710700000, 0x0000000710700000|
| 264|0x0000000710800000, 0x0000000710800000, 0x0000000710900000|  0%| F|  |TS 13|AC  0|TAMS 0x0000000710800000, 0x0000000710800000|
| 265|0x0000000710900000, 0x0000000710900000, 0x0000000710a00000|  0%| F|  |TS 13|AC  0|TAMS 0x0000000710900000, 0x0000000710900000|
| 266|0x0000000710a00000, 0x0000000710a00000, 0x0000000710b00000|  0%| F|  |TS 13|AC  0|TAMS 0x0000000710a00000, 0x0000000710a00000|
| 267|0x0000000710b00000, 0x0000000710b00000, 0x0000000710c00000|  0%| F|  |TS 13|AC  0|TAMS 0x0000000710b00000, 0x0000000710b00000|
| 268|0x0000000710c00000, 0x0000000710c00000, 0x0000000710d00000|  0%| F|  |TS 13|AC  0|TAMS 0x0000000710c00000, 0x0000000710c00000|
| 269|0x0000000710d00000, 0x0000000710d00000, 0x0000000710e00000|  0%| F|  |TS 13|AC  0|TAMS 0x0000000710d00000, 0x0000000710d00000|
| 270|0x0000000710e00000, 0x0000000710e00000, 0x0000000710f00000|  0%| F|  |TS 13|AC  0|TAMS 0x0000000710e00000, 0x0000000710e00000|
| 271|0x0000000710f00000, 0x0000000710f00000, 0x0000000711000000|  0%| F|  |TS 13|AC  0|TAMS 0x0000000710f00000, 0x0000000710f00000|
| 272|0x0000000711000000, 0x0000000711000000, 0x0000000711100000|  0%| F|  |TS 13|AC  0|TAMS 0x0000000711000000, 0x0000000711000000|
| 273|0x0000000711100000, 0x0000000711100000, 0x0000000711200000|  0%| F|  |TS 13|AC  0|TAMS 0x0000000711100000, 0x0000000711100000|
| 274|0x0000000711200000, 0x0000000711200000, 0x0000000711300000|  0%| F|  |TS 13|AC  0|TAMS 0x0000000711200000, 0x0000000711200000|
| 275|0x0000000711300000, 0x0000000711300000, 0x0000000711400000|  0%| F|  |TS 13|AC  0|TAMS 0x0000000711300000, 0x0000000711300000|
| 276|0x0000000711400000, 0x0000000711400000, 0x0000000711500000|  0%| F|  |TS 13|AC  0|TAMS 0x0000000711400000, 0x0000000711400000|
| 277|0x0000000711500000, 0x0000000711500000, 0x0000000711600000|  0%| F|  |TS 13|AC  0|TAMS 0x0000000711500000, 0x0000000711500000|
| 278|0x0000000711600000, 0x0000000711600000, 0x0000000711700000|  0%| F|  |TS 13|AC  0|TAMS 0x0000000711600000, 0x0000000711600000|
| 279|0x0000000711700000, 0x0000000711700000, 0x0000000711800000|  0%| F|  |TS 13|AC  0|TAMS 0x0000000711700000, 0x0000000711700000|
| 280|0x0000000711800000, 0x0000000711800000, 0x0000000711900000|  0%| F|  |TS 13|AC  0|TAMS 0x0000000711800000, 0x0000000711800000|
| 281|0x0000000711900000, 0x000000071199dea0, 0x0000000711a00000| 61%| E|  |TS 13|AC  0|TAMS 0x0000000711900000, 0x0000000711900000|
| 282|0x0000000711a00000, 0x0000000711b00000, 0x0000000711b00000|100%| E|CS|TS 13|AC  0|TAMS 0x0000000711a00000, 0x0000000711a00000|
| 283|0x0000000711b00000, 0x0000000711c00000, 0x0000000711c00000|100%| E|CS|TS 13|AC  0|TAMS 0x0000000711b00000, 0x0000000711b00000|
| 284|0x0000000711c00000, 0x0000000711d00000, 0x0000000711d00000|100%| E|CS|TS 13|AC  0|TAMS 0x0000000711c00000, 0x0000000711c00000|
| 285|0x0000000711d00000, 0x0000000711e00000, 0x0000000711e00000|100%| E|CS|TS 13|AC  0|TAMS 0x0000000711d00000, 0x0000000711d00000|
| 286|0x0000000711e00000, 0x0000000711f00000, 0x0000000711f00000|100%| E|CS|TS 13|AC  0|TAMS 0x0000000711e00000, 0x0000000711e00000|
| 287|0x0000000711f00000, 0x0000000712000000, 0x0000000712000000|100%| E|CS|TS 13|AC  0|TAMS 0x0000000711f00000, 0x0000000711f00000|
| 288|0x0000000712000000, 0x0000000712100000, 0x0000000712100000|100%| E|CS|TS 13|AC  0|TAMS 0x0000000712000000, 0x0000000712000000|
| 289|0x0000000712100000, 0x0000000712200000, 0x0000000712200000|100%| E|CS|TS 13|AC  0|TAMS 0x0000000712100000, 0x0000000712100000|
| 290|0x0000000712200000, 0x0000000712300000, 0x0000000712300000|100%| E|CS|TS 13|AC  0|TAMS 0x0000000712200000, 0x0000000712200000|
| 291|0x0000000712300000, 0x0000000712400000, 0x0000000712400000|100%| E|CS|TS 13|AC  0|TAMS 0x0000000712300000, 0x0000000712300000|
| 292|0x0000000712400000, 0x0000000712500000, 0x0000000712500000|100%| E|CS|TS 13|AC  0|TAMS 0x0000000712400000, 0x0000000712400000|
| 293|0x0000000712500000, 0x0000000712600000, 0x0000000712600000|100%| E|CS|TS 13|AC  0|TAMS 0x0000000712500000, 0x0000000712500000|
| 294|0x0000000712600000, 0x0000000712700000, 0x0000000712700000|100%| E|CS|TS 13|AC  0|TAMS 0x0000000712600000, 0x0000000712600000|
| 295|0x0000000712700000, 0x0000000712800000, 0x0000000712800000|100%| E|CS|TS 13|AC  0|TAMS 0x0000000712700000, 0x0000000712700000|
| 296|0x0000000712800000, 0x0000000712900000, 0x0000000712900000|100%| E|CS|TS 13|AC  0|TAMS 0x0000000712800000, 0x0000000712800000|
| 297|0x0000000712900000, 0x0000000712a00000, 0x0000000712a00000|100%| E|CS|TS 13|AC  0|TAMS 0x0000000712900000, 0x0000000712900000|
| 298|0x0000000712a00000, 0x0000000712b00000, 0x0000000712b00000|100%| E|CS|TS 13|AC  0|TAMS 0x0000000712a00000, 0x0000000712a00000|
| 299|0x0000000712b00000, 0x0000000712c00000, 0x0000000712c00000|100%| E|CS|TS 13|AC  0|TAMS 0x0000000712b00000, 0x0000000712b00000|
| 300|0x0000000712c00000, 0x0000000712d00000, 0x0000000712d00000|100%| E|CS|TS 13|AC  0|TAMS 0x0000000712c00000, 0x0000000712c00000|
| 301|0x0000000712d00000, 0x0000000712e00000, 0x0000000712e00000|100%| E|CS|TS 13|AC  0|TAMS 0x0000000712d00000, 0x0000000712d00000|
| 302|0x0000000712e00000, 0x0000000712f00000, 0x0000000712f00000|100%| E|CS|TS 13|AC  0|TAMS 0x0000000712e00000, 0x0000000712e00000|
| 303|0x0000000712f00000, 0x0000000713000000, 0x0000000713000000|100%| E|CS|TS 13|AC  0|TAMS 0x0000000712f00000, 0x0000000712f00000|
| 304|0x0000000713000000, 0x0000000713100000, 0x0000000713100000|100%| E|CS|TS 13|AC  0|TAMS 0x0000000713000000, 0x0000000713000000|
| 305|0x0000000713100000, 0x0000000713200000, 0x0000000713200000|100%| E|CS|TS 13|AC  0|TAMS 0x0000000713100000, 0x0000000713100000|
| 306|0x0000000713200000, 0x0000000713300000, 0x0000000713300000|100%| E|CS|TS 13|AC  0|TAMS 0x0000000713200000, 0x0000000713200000|
| 307|0x0000000713300000, 0x0000000713400000, 0x0000000713400000|100%| E|CS|TS 13|AC  0|TAMS 0x0000000713300000, 0x0000000713300000|
| 308|0x0000000713400000, 0x0000000713500000, 0x0000000713500000|100%| E|CS|TS 13|AC  0|TAMS 0x0000000713400000, 0x0000000713400000|
| 309|0x0000000713500000, 0x0000000713600000, 0x0000000713600000|100%| E|CS|TS 13|AC  0|TAMS 0x0000000713500000, 0x0000000713500000|
| 310|0x0000000713600000, 0x0000000713700000, 0x0000000713700000|100%| E|CS|TS 13|AC  0|TAMS 0x0000000713600000, 0x0000000713600000|
| 311|0x0000000713700000, 0x0000000713800000, 0x0000000713800000|100%| E|CS|TS 13|AC  0|TAMS 0x0000000713700000, 0x0000000713700000|
| 312|0x0000000713800000, 0x0000000713900000, 0x0000000713900000|100%| E|CS|TS 13|AC  0|TAMS 0x0000000713800000, 0x0000000713800000|
| 313|0x0000000713900000, 0x0000000713a00000, 0x0000000713a00000|100%| E|CS|TS 13|AC  0|TAMS 0x0000000713900000, 0x0000000713900000|
| 314|0x0000000713a00000, 0x0000000713b00000, 0x0000000713b00000|100%| E|CS|TS 13|AC  0|TAMS 0x0000000713a00000, 0x0000000713a00000|
| 315|0x0000000713b00000, 0x0000000713c00000, 0x0000000713c00000|100%| E|CS|TS 13|AC  0|TAMS 0x0000000713b00000, 0x0000000713b00000|
| 316|0x0000000713c00000, 0x0000000713d00000, 0x0000000713d00000|100%| E|CS|TS 13|AC  0|TAMS 0x0000000713c00000, 0x0000000713c00000|
| 317|0x0000000713d00000, 0x0000000713e00000, 0x0000000713e00000|100%| E|CS|TS 13|AC  0|TAMS 0x0000000713d00000, 0x0000000713d00000|
| 318|0x0000000713e00000, 0x0000000713f00000, 0x0000000713f00000|100%| E|CS|TS 13|AC  0|TAMS 0x0000000713e00000, 0x0000000713e00000|
| 319|0x0000000713f00000, 0x0000000714000000, 0x0000000714000000|100%| E|CS|TS 13|AC  0|TAMS 0x0000000713f00000, 0x0000000713f00000|
| 320|0x0000000714000000, 0x0000000714100000, 0x0000000714100000|100%| E|CS|TS 13|AC  0|TAMS 0x0000000714000000, 0x0000000714000000|
| 321|0x0000000714100000, 0x0000000714200000, 0x0000000714200000|100%| E|CS|TS 13|AC  0|TAMS 0x0000000714100000, 0x0000000714100000|
| 322|0x0000000714200000, 0x0000000714300000, 0x0000000714300000|100%| E|CS|TS 13|AC  0|TAMS 0x0000000714200000, 0x0000000714200000|

Card table byte_map: [0x000002e01d920000,0x000002e01df20000] byte_map_base: 0x000002e01a120000

Marking Bits (Prev, Next): (CMBitMap*) 0x000002e03358b6f8, (CMBitMap*) 0x000002e03358b6c0
 Prev Bits: [0x000002e02a630000, 0x000002e02d630000)
 Next Bits: [0x000002e027630000, 0x000002e02a630000)

Polling page: 0x000002e015c10000

CodeHeap 'non-profiled nmethods': size=120000Kb used=19526Kb max_used=19526Kb free=100473Kb
 bounds [0x000002e03bf10000, 0x000002e03d230000, 0x000002e043440000]
CodeHeap 'profiled nmethods': size=120000Kb used=42036Kb max_used=42036Kb free=77963Kb
 bounds [0x000002e0349e0000, 0x000002e037320000, 0x000002e03bf10000]
CodeHeap 'non-nmethods': size=5760Kb used=1826Kb max_used=1873Kb free=3933Kb
 bounds [0x000002e034440000, 0x000002e0346b0000, 0x000002e0349e0000]
 total_blobs=29659 nmethods=16743 adapters=1181
 compilation: enabled

Compilation events (10 events):
Event: 782.479 Thread 0x000002e033860800 20540       3       java.awt.GradientPaintContext::dispose (24 bytes)
Event: 782.479 Thread 0x000002e033860800 nmethod 20540 0x000002e03731a310 code [0x000002e03731a4c0, 0x000002e03731a6d0]
Event: 782.735 Thread 0x000002e033860800 20541       3       ui.views.cZ::a (194 bytes)
Event: 782.737 Thread 0x000002e033860800 nmethod 20541 0x000002e03731a790 code [0x000002e03731ab00, 0x000002e03731c490]
Event: 782.746 Thread 0x000002e033860800 20542       3       sun.java2d.pipe.ValidatePipe::draw (20 bytes)
Event: 782.746 Thread 0x000002e033860800 nmethod 20542 0x000002e03731ca90 code [0x000002e03731cc80, 0x000002e03731d270]
Event: 782.752 Thread 0x000002e033860800 20543       3       java.awt.FlowLayout::<init> (25 bytes)
Event: 782.753 Thread 0x000002e033860800 nmethod 20543 0x000002e03731d490 code [0x000002e03731d640, 0x000002e03731d8d0]
Event: 782.778 Thread 0x000002e03385f000 20544 % !   4       java.awt.GradientPaintContext::<init> @ 541 (649 bytes)
Event: 782.790 Thread 0x000002e03385f000 nmethod 20544% 0x000002e03d220c10 code [0x000002e03d220e20, 0x000002e03d2218d8]

GC Heap History (10 events):
Event: 768.723 GC heap before
{Heap before GC invocations=124 (full 7):
 garbage-first heap   total 330752K, used 160131K [0x0000000700000000, 0x0000000700100a18, 0x00000007c0000000)
  region size 1024K, 60 young (61440K), 1 survivors (1024K)
 Metaspace       used 91836K, capacity 98529K, committed 98560K, reserved 1132544K
  class space    used 13430K, capacity 14578K, committed 14592K, reserved 1048576K
}
Event: 768.727 GC heap after
{Heap after GC invocations=125 (full 7):
 garbage-first heap   total 330752K, used 99951K [0x0000000700000000, 0x0000000700100a18, 0x00000007c0000000)
  region size 1024K, 1 young (1024K), 1 survivors (1024K)
 Metaspace       used 91836K, capacity 98529K, committed 98560K, reserved 1132544K
  class space    used 13430K, capacity 14578K, committed 14592K, reserved 1048576K
}
Event: 769.121 GC heap before
{Heap before GC invocations=125 (full 7):
 garbage-first heap   total 330752K, used 160367K [0x0000000700000000, 0x0000000700100a18, 0x00000007c0000000)
  region size 1024K, 60 young (61440K), 1 survivors (1024K)
 Metaspace       used 91847K, capacity 98529K, committed 98560K, reserved 1132544K
  class space    used 13430K, capacity 14578K, committed 14592K, reserved 1048576K
}
Event: 769.125 GC heap after
{Heap after GC invocations=126 (full 7):
 garbage-first heap   total 330752K, used 99963K [0x0000000700000000, 0x0000000700100a18, 0x00000007c0000000)
  region size 1024K, 1 young (1024K), 1 survivors (1024K)
 Metaspace       used 91847K, capacity 98529K, committed 98560K, reserved 1132544K
  class space    used 13430K, capacity 14578K, committed 14592K, reserved 1048576K
}
Event: 771.002 GC heap before
{Heap before GC invocations=126 (full 7):
 garbage-first heap   total 330752K, used 164475K [0x0000000700000000, 0x0000000700100a18, 0x00000007c0000000)
  region size 1024K, 60 young (61440K), 1 survivors (1024K)
 Metaspace       used 91855K, capacity 98529K, committed 98560K, reserved 1132544K
  class space    used 13430K, capacity 14578K, committed 14592K, reserved 1048576K
}
Event: 771.005 GC heap after
{Heap after GC invocations=127 (full 7):
 garbage-first heap   total 330752K, used 104194K [0x0000000700000000, 0x0000000700100a18, 0x00000007c0000000)
  region size 1024K, 1 young (1024K), 1 survivors (1024K)
 Metaspace       used 91855K, capacity 98529K, committed 98560K, reserved 1132544K
  class space    used 13430K, capacity 14578K, committed 14592K, reserved 1048576K
}
Event: 774.756 GC heap before
{Heap before GC invocations=127 (full 7):
 garbage-first heap   total 330752K, used 168706K [0x0000000700000000, 0x0000000700100a18, 0x00000007c0000000)
  region size 1024K, 60 young (61440K), 1 survivors (1024K)
 Metaspace       used 91905K, capacity 98593K, committed 98816K, reserved 1134592K
  class space    used 13437K, capacity 14578K, committed 14592K, reserved 1048576K
}
Event: 774.760 GC heap after
{Heap after GC invocations=128 (full 7):
 garbage-first heap   total 330752K, used 108624K [0x0000000700000000, 0x0000000700100a18, 0x00000007c0000000)
  region size 1024K, 1 young (1024K), 1 survivors (1024K)
 Metaspace       used 91905K, capacity 98593K, committed 98816K, reserved 1134592K
  class space    used 13437K, capacity 14578K, committed 14592K, reserved 1048576K
}
Event: 780.063 GC heap before
{Heap before GC invocations=128 (full 7):
 garbage-first heap   total 330752K, used 169040K [0x0000000700000000, 0x0000000700100a18, 0x00000007c0000000)
  region size 1024K, 60 young (61440K), 1 survivors (1024K)
 Metaspace       used 91906K, capacity 98593K, committed 98816K, reserved 1134592K
  class space    used 13437K, capacity 14578K, committed 14592K, reserved 1048576K
}
Event: 780.068 GC heap after
{Heap after GC invocations=129 (full 7):
 garbage-first heap   total 330752K, used 104683K [0x0000000700000000, 0x0000000700100a18, 0x00000007c0000000)
  region size 1024K, 2 young (2048K), 2 survivors (2048K)
 Metaspace       used 91906K, capacity 98593K, committed 98816K, reserved 1134592K
  class space    used 13437K, capacity 14578K, committed 14592K, reserved 1048576K
}

Deoptimization events (10 events):
Event: 761.612 Thread 0x000002e01cc8b800 Uncommon trap: reason=unstable_if action=reinterpret pc=0x000002e03c112030 method=javax.swing.JComponent.getInsets(Ljava/awt/Insets;)Ljava/awt/Insets; @ 30 c2
Event: 770.968 Thread 0x000002e01cc8b800 Uncommon trap: reason=unstable_if action=reinterpret pc=0x000002e03ca999b4 method=java.awt.Container.clearMostRecentFocusOwnerOnHide()V @ 66 c2
Event: 771.553 Thread 0x000002e01cc8b800 Uncommon trap: reason=unstable_if action=reinterpret pc=0x000002e03d1496b0 method=sun.font.CMap.getControlCodeGlyph(IZ)I @ 64 c2
Event: 771.833 Thread 0x000002e01cc8b800 Uncommon trap: reason=unstable_if action=reinterpret pc=0x000002e03cf9b750 method=de.javasoft.synthetica.plain.GraphicsUtils.paintText(Ljavax/swing/plaf/synth/SynthContext;Ljava/awt/Graphics;Ljava/lang/String;III)V @ 151 c2
Event: 772.556 Thread 0x000002e01cc8b800 Uncommon trap: reason=class_check action=maybe_recompile pc=0x000002e03ce81324 method=com.jidesoft.swing.JideSwingUtilities.getButtonState(Ljavax/swing/AbstractButton;)I @ 37 c2
Event: 772.860 Thread 0x000002e01cc8b800 Uncommon trap: reason=class_check action=maybe_recompile pc=0x000002e03cf3e0d0 method=javax.swing.AbstractButton.setEnabled(Z)V @ 21 c2
Event: 774.705 Thread 0x000002e01cc8b800 Uncommon trap: reason=class_check action=maybe_recompile pc=0x000002e03c6618ec method=javax.swing.plaf.synth.ParsedSynthStyle$DelegatingPainter.paintPanelBackground(Ljavax/swing/plaf/synth/SynthContext;Ljava/awt/Graphics;IIII)V @ 16 c2
Event: 774.789 Thread 0x000002e01cc8b800 Uncommon trap: reason=class_check action=maybe_recompile pc=0x000002e03c6618ec method=javax.swing.plaf.synth.ParsedSynthStyle$DelegatingPainter.paintPanelBackground(Ljavax/swing/plaf/synth/SynthContext;Ljava/awt/Graphics;IIII)V @ 16 c2
Event: 774.947 Thread 0x000002e01cc8b800 Uncommon trap: reason=class_check action=maybe_recompile pc=0x000002e03c6618ec method=javax.swing.plaf.synth.ParsedSynthStyle$DelegatingPainter.paintPanelBackground(Ljavax/swing/plaf/synth/SynthContext;Ljava/awt/Graphics;IIII)V @ 16 c2
Event: 782.503 Thread 0x000002e01cc8b800 Uncommon trap: reason=class_check action=maybe_recompile pc=0x000002e03c6618ec method=javax.swing.plaf.synth.ParsedSynthStyle$DelegatingPainter.paintPanelBackground(Ljavax/swing/plaf/synth/SynthContext;Ljava/awt/Graphics;IIII)V @ 16 c2

Classes redefined (0 events):
No events

Internal exceptions (10 events):
Event: 741.383 Thread 0x000002e01cc8b800 Exception <a 'java/lang/NoSuchMethodError'{0x000000070eb0e810}: java.lang.invoke.DirectMethodHandle$Holder.invokeSpecial(Ljava/lang/Object;Ljava/lang/Object;JJ)Ljava/lang/Object;> (0x000000070eb0e810) thrown at [t:/workspace/hotspot/src/share/vm/interpret
Event: 741.461 Thread 0x000002e01cc8b800 Exception <a 'java/lang/ClassNotFoundException'{0x000000070e8767c0}: ui/views/waveform/f/nBeanInfo> (0x000000070e8767c0) thrown at [t:/workspace/hotspot/src/share/vm/classfile/systemDictionary.cpp, line 218]
Event: 741.461 Thread 0x000002e01cc8b800 Exception <a 'java/lang/ClassNotFoundException'{0x000000070e891618}: ui/views/waveform/f/nCustomizer> (0x000000070e891618) thrown at [t:/workspace/hotspot/src/share/vm/classfile/systemDictionary.cpp, line 218]
Event: 741.558 Thread 0x000002e01cc8b800 Exception <a 'java/lang/NoSuchMethodError'{0x000000070e3dafc0}: java.lang.invoke.DirectMethodHandle$Holder.invokeSpecial(Ljava/lang/Object;Ljava/lang/Object;IIIJJJ)Ljava/lang/Object;> (0x000000070e3dafc0) thrown at [t:/workspace/hotspot/src/share/vm/inter
Event: 741.558 Thread 0x000002e01cc8b800 Exception <a 'java/lang/NoSuchMethodError'{0x000000070e3de398}: java.lang.invoke.DelegatingMethodHandle$Holder.reinvoke_L(Ljava/lang/Object;IIIJJJ)Ljava/lang/Object;> (0x000000070e3de398) thrown at [t:/workspace/hotspot/src/share/vm/interpreter/linkResolv
Event: 741.558 Thread 0x000002e01cc8b800 Exception <a 'java/lang/NoSuchMethodError'{0x000000070e3eca20}: method resolution failed> (0x000000070e3eca20) thrown at [t:/workspace/hotspot/src/share/vm/prims/methodHandles.cpp, line 1256]
Event: 749.451 Thread 0x000002e01cc8b800 Implicit null exception at 0x000002e03ce87484 to 0x000002e03ce88b19
Event: 760.279 Thread 0x000002e01cc8b800 Exception <a 'java/lang/NoSuchMethodError'{0x000000070f086b08}: java.lang.invoke.DirectMethodHandle$Holder.invokeSpecial(Ljava/lang/Object;Ljava/lang/Object;ILjava/lang/Object;)V> (0x000000070f086b08) thrown at [t:/workspace/hotspot/src/share/vm/interpret
Event: 760.279 Thread 0x000002e01cc8b800 Exception <a 'java/lang/NoSuchMethodError'{0x000000070f08c430}: java.lang.invoke.DirectMethodHandle$Holder.invokeStatic(Ljava/lang/Object;Ljava/lang/Object;ILjava/lang/Object;)Ljava/lang/Object;> (0x000000070f08c430) thrown at [t:/workspace/hotspot/src/sh
Event: 763.304 Thread 0x000002e01cc8b800 Exception <a 'java/lang/NoSuchMethodError'{0x000000070cce6e88}: method resolution failed> (0x000000070cce6e88) thrown at [t:/workspace/hotspot/src/share/vm/prims/methodHandles.cpp, line 1256]

Events (10 events):
Event: 781.265 Thread 0x000002e058448800 Thread added: 0x000002e058448800
Event: 781.272 Thread 0x000002e058448800 Thread exited: 0x000002e058448800
Event: 782.277 Thread 0x000002e058448800 Thread added: 0x000002e058448800
Event: 782.287 Thread 0x000002e058448800 Thread exited: 0x000002e058448800
Event: 782.368 Executing VM operation: BulkRevokeBias
Event: 782.368 Executing VM operation: BulkRevokeBias done
Event: 782.463 Thread 0x000002e058448800 Thread added: 0x000002e058448800
Event: 782.503 Thread 0x000002e01cc8b800 Uncommon trap: trap_request=0xffffffde fr.pc=0x000002e03c6618ec relative=0x0000000000000f8c
Event: 782.503 Thread 0x000002e01cc8b800 DEOPT PACKING pc=0x000002e03c6618ec sp=0x000000f1637fad50
Event: 782.503 Thread 0x000002e01cc8b800 DEOPT UNPACKING pc=0x000002e03448df29 sp=0x000000f1637fac80 mode 2


Dynamic libraries:
0x00007ff7017d0000 - 0x00007ff701800000 	D:\Xilinx\Vivado\2020.1\bin\unwrapped\win64.o\vivado.exe
0x00007ffd4ec90000 - 0x00007ffd4eea7000 	C:\WINDOWS\SYSTEM32\ntdll.dll
0x00007ffd4cb20000 - 0x00007ffd4cbe4000 	C:\WINDOWS\System32\KERNEL32.DLL
0x00007ffd4bf90000 - 0x00007ffd4c349000 	C:\WINDOWS\System32\KERNELBASE.dll
0x00007ffd4c830000 - 0x00007ffd4c941000 	C:\WINDOWS\System32\ucrtbase.dll
0x00007ffd3b8f0000 - 0x00007ffd3b97d000 	C:\WINDOWS\SYSTEM32\MSVCP140.dll
0x00007ffd3b8d0000 - 0x00007ffd3b8ee000 	C:\WINDOWS\SYSTEM32\VCRUNTIME140.dll
0x00007ffd3b8c0000 - 0x00007ffd3b8cc000 	C:\WINDOWS\SYSTEM32\VCRUNTIME140_1.dll
0x00007ffce9560000 - 0x00007ffce957a000 	D:\Xilinx\Vivado\2020.1\lib\win64.o\librdi_commonmain.dll
0x00007ffce69d0000 - 0x00007ffce69e4000 	D:\Xilinx\Vivado\2020.1\lib\win64.o\libboost_signals.dll
0x00007ffd20210000 - 0x00007ffd2021a000 	D:\Xilinx\Vivado\2020.1\lib\win64.o\librdi_commonversion.dll
0x00007ffcdef10000 - 0x00007ffcdef36000 	D:\Xilinx\Vivado\2020.1\lib\win64.o\libboost_filesystem.dll
0x00007ffd4cea0000 - 0x00007ffd4cf52000 	C:\WINDOWS\System32\ADVAPI32.dll
0x00007ffd4d200000 - 0x00007ffd4d2a7000 	C:\WINDOWS\System32\msvcrt.dll
0x00007ffd4db30000 - 0x00007ffd4dbd7000 	C:\WINDOWS\System32\sechost.dll
0x00007ffd4c950000 - 0x00007ffd4c978000 	C:\WINDOWS\System32\bcrypt.dll
0x00007ffd4c9b0000 - 0x00007ffd4cac4000 	C:\WINDOWS\System32\RPCRT4.dll
0x00007ffcdeb60000 - 0x00007ffcded01000 	D:\Xilinx\Vivado\2020.1\lib\win64.o\librdi_commonxillic.dll
0x00007ffd4d050000 - 0x00007ffd4d1fe000 	C:\WINDOWS\System32\USER32.dll
0x00007ffd4c980000 - 0x00007ffd4c9a6000 	C:\WINDOWS\System32\win32u.dll
0x00007ffd4e5c0000 - 0x00007ffd4e5e9000 	C:\WINDOWS\System32\GDI32.dll
0x00007ffd4c710000 - 0x00007ffd4c82b000 	C:\WINDOWS\System32\gdi32full.dll
0x00007ffd4c670000 - 0x00007ffd4c70a000 	C:\WINDOWS\System32\msvcp_win.dll
0x00007ffd4eba0000 - 0x00007ffd4ec11000 	C:\WINDOWS\System32\WS2_32.dll
0x00000000587d0000 - 0x00000000588fb000 	D:\Xilinx\Vivado\2020.1\lib\win64.o\tcl85t.dll
0x00007ffd1f010000 - 0x00007ffd1f01b000 	D:\Xilinx\Vivado\2020.1\lib\win64.o\libboost_system.dll
0x00007ffcde880000 - 0x00007ffcdeb5b000 	D:\Xilinx\Vivado\2020.1\lib\win64.o\libXil_lmgr11.dll
0x00007ffd4e740000 - 0x00007ffd4e83f000 	C:\WINDOWS\System32\COMDLG32.dll
0x00007ffd4dbe0000 - 0x00007ffd4df6f000 	C:\WINDOWS\System32\combase.dll
0x00007ffd4eaa0000 - 0x00007ffd4eb99000 	C:\WINDOWS\System32\shcore.dll
0x00007ffd4e860000 - 0x00007ffd4e8be000 	C:\WINDOWS\System32\SHLWAPI.dll
0x00007ffd4d2b0000 - 0x00007ffd4db26000 	C:\WINDOWS\System32\SHELL32.dll
0x00007ffd4cf70000 - 0x00007ffd4d047000 	C:\WINDOWS\System32\OLEAUT32.dll
0x00007ffd4cc00000 - 0x00007ffd4cda5000 	C:\WINDOWS\System32\ole32.dll
0x00007ffd4c540000 - 0x00007ffd4c5ac000 	C:\WINDOWS\System32\WINTRUST.dll
0x00007ffd4c3d0000 - 0x00007ffd4c536000 	C:\WINDOWS\System32\CRYPT32.dll
0x00007ffcdedf0000 - 0x00007ffcdef04000 	D:\Xilinx\Vivado\2020.1\lib\win64.o\libboost_regex.dll
0x00007ffcdcbf0000 - 0x00007ffcddcb6000 	D:\Xilinx\Vivado\2020.1\lib\win64.o\librdi_common.dll
0x00007ffd3b000000 - 0x00007ffd3b019000 	C:\WINDOWS\SYSTEM32\NETAPI32.dll
0x00007ffd2f110000 - 0x00007ffd2f1c3000 	C:\WINDOWS\WinSxS\amd64_microsoft.windows.common-controls_6595b64144ccf1df_5.82.22621.3527_none_b43b7f4b638cc64f\COMCTL32.dll
0x00007ffd34450000 - 0x00007ffd34459000 	C:\WINDOWS\SYSTEM32\WSOCK32.dll
0x00007ffd464f0000 - 0x00007ffd4650f000 	C:\WINDOWS\SYSTEM32\dhcpcsvc.DLL
0x00007ffce0790000 - 0x00007ffce07a4000 	D:\Xilinx\Vivado\2020.1\lib\win64.o\libboost_date_time.dll
0x00007ffcde800000 - 0x00007ffcde87f000 	D:\Xilinx\Vivado\2020.1\lib\win64.o\libboost_program_options.dll
0x00007ffcdc880000 - 0x00007ffcdcbee000 	D:\Xilinx\Vivado\2020.1\lib\win64.o\libCOIN-all.dll
0x00007ffcde7d0000 - 0x00007ffcde7f1000 	D:\Xilinx\Vivado\2020.1\lib\win64.o\libboost_thread.dll
0x00007ffcde740000 - 0x00007ffcde7c2000 	D:\Xilinx\Vivado\2020.1\lib\win64.o\libhdlpsolve.dll
0x00007ffd1eb20000 - 0x00007ffd1eb2f000 	D:\Xilinx\Vivado\2020.1\lib\win64.o\libboost_xilinx.dll
0x00007ffcde710000 - 0x00007ffcde73e000 	D:\Xilinx\Vivado\2020.1\lib\win64.o\libisl_sysinfo.dll
0x00007ffcde660000 - 0x00007ffcde705000 	D:\Xilinx\Vivado\2020.1\lib\win64.o\libhdxml.dll
0x00007ffcde5f0000 - 0x00007ffcde655000 	D:\Xilinx\Vivado\2020.1\lib\win64.o\liblmx6.0.dll
0x00007ffcde5d0000 - 0x00007ffcde5ea000 	D:\Xilinx\Vivado\2020.1\lib\win64.o\pthreadVC2.dll
0x00007ffcd93f0000 - 0x00007ffcda0a5a00 	D:\Xilinx\Vivado\2020.1\lib\win64.o\libisl_iostreams.dll
0x00007ffd35bd0000 - 0x00007ffd360ce000 	C:\WINDOWS\SYSTEM32\WININET.dll
0x00007ffd477c0000 - 0x00007ffd478f6000 	C:\WINDOWS\SYSTEM32\WINHTTP.dll
0x00007ffd32c70000 - 0x00007ffd32e60000 	C:\WINDOWS\SYSTEM32\urlmon.dll
0x00007ffcde5b0000 - 0x00007ffcde5cc000 	D:\Xilinx\Vivado\2020.1\lib\win64.o\librdiconfig.dll
0x00007ffcdc850000 - 0x00007ffcdc880000 	C:\WINDOWS\SYSTEM32\VCOMP140.DLL
0x00007ffcdc820000 - 0x00007ffcdc841000 	D:\Xilinx\Vivado\2020.1\lib\win64.o\librdizlib.dll
0x00007ffd1e510000 - 0x00007ffd1e51d000 	D:\Xilinx\Vivado\2020.1\lib\win64.o\libboost_chrono.dll
0x00007ffcde510000 - 0x00007ffcde52b000 	D:\Xilinx\Vivado\2020.1\lib\win64.o\libboost_iostreams.dll
0x00007ffd329b0000 - 0x00007ffd32c6e000 	C:\WINDOWS\SYSTEM32\iertutil.dll
0x00007ffd32980000 - 0x00007ffd329a8000 	C:\WINDOWS\SYSTEM32\srvcli.dll
0x00007ffd4aa60000 - 0x00007ffd4aa6c000 	C:\WINDOWS\SYSTEM32\netutils.dll
0x00007ffcc0c30000 - 0x00007ffcc1ac1000 	D:\Xilinx\Vivado\2020.1\lib\win64.o\gurobi65.dll
0x00007ffcdc7f0000 - 0x00007ffcdc815000 	D:\Xilinx\Vivado\2020.1\lib\win64.o\libisl_iosutils.dll
0x0000000012000000 - 0x0000000012270000 	D:\Xilinx\Vivado\2020.1\lib\win64.o\xerces-c_3_1.dll
0x00007ffd4b500000 - 0x00007ffd4b569000 	C:\WINDOWS\SYSTEM32\MSWSOCK.DLL
0x00007ffd4e6a0000 - 0x00007ffd4e6d1000 	C:\WINDOWS\System32\IMM32.DLL
0x00007ffd4b7d0000 - 0x00007ffd4b7e2000 	C:\WINDOWS\SYSTEM32\MSASN1.dll
0x00007ffd4b090000 - 0x00007ffd4b0a8000 	C:\WINDOWS\SYSTEM32\kernel.appcore.dll
0x00007ffcdc2f0000 - 0x00007ffcdc7ec000 	D:\Xilinx\Vivado\2020.1\lib\win64.o\librdi_commontasks.dll
0x00007ffd425f0000 - 0x00007ffd425fa000 	C:\WINDOWS\SYSTEM32\VERSION.dll
0x00007ffcdc000000 - 0x00007ffcdc2e4000 	D:\Xilinx\Vivado\2020.1\lib\win64.o\librdi_sio.dll
0x00007ffd4aa70000 - 0x00007ffd4aa9d000 	C:\WINDOWS\SYSTEM32\IPHLPAPI.DLL
0x0000000057da0000 - 0x00000000587c5000 	D:\Xilinx\Vivado\2020.1\tps\win64\jre9.0.4\bin\server\jvm.dll
0x00007ffd4cbf0000 - 0x00007ffd4cbf8000 	C:\WINDOWS\System32\PSAPI.DLL
0x00007ffd45fc0000 - 0x00007ffd45ff4000 	C:\WINDOWS\SYSTEM32\WINMM.dll
0x00007ffcffa00000 - 0x00007ffcffaef000 	C:\WINDOWS\SYSTEM32\MSVCR120.dll
0x00007ffd49e90000 - 0x00007ffd4a793000 	C:\WINDOWS\SYSTEM32\windows.storage.dll
0x00007ffd49d50000 - 0x00007ffd49e8f000 	C:\WINDOWS\SYSTEM32\wintypes.dll
0x00007ffcbe590000 - 0x00007ffcc0c25000 	D:\Xilinx\Vivado\2020.1\lib\win64.o\librdi_tcltasks.dll
0x00007ffcded70000 - 0x00007ffcdedeb000 	D:\Xilinx\Vivado\2020.1\lib\win64.o\librdi_boarddep.dll
0x00007ffcda380000 - 0x00007ffcda846000 	D:\Xilinx\Vivado\2020.1\lib\win64.o\librdi_bitstream.dll
0x00007ffcdbf00000 - 0x00007ffcdbff6000 	D:\Xilinx\Vivado\2020.1\lib\win64.o\librdi_chipscope.dll
0x00007ffcd8ff0000 - 0x00007ffcd91a3000 	D:\Xilinx\Vivado\2020.1\lib\win64.o\librdi_board.dll
0x00007ffcd8e20000 - 0x00007ffcd8fe1000 	D:\Xilinx\Vivado\2020.1\lib\win64.o\librdi_chipscopeimpl.dll
0x00007ffcdbda0000 - 0x00007ffcdbefb000 	D:\Xilinx\Vivado\2020.1\lib\win64.o\librdi_containers.dll
0x00007ffcb6ca0000 - 0x00007ffcbafce000 	D:\Xilinx\Vivado\2020.1\lib\win64.o\librdi_designutils.dll
0x00007ffcbc960000 - 0x00007ffcbe58a000 	D:\Xilinx\Vivado\2020.1\lib\win64.o\librdi_constraints.dll
0x00007ffcbc280000 - 0x00007ffcbc959000 	D:\Xilinx\Vivado\2020.1\lib\win64.o\librdi_coregenipxact.dll
0x00007ffcbbf30000 - 0x00007ffcbc27b000 	D:\Xilinx\Vivado\2020.1\lib\win64.o\librdi_dlyest.dll
0x00007ffcda190000 - 0x00007ffcda254000 	D:\Xilinx\Vivado\2020.1\lib\win64.o\librdi_dsp.dll
0x00007ffcbb910000 - 0x00007ffcbbf2e000 	D:\Xilinx\Vivado\2020.1\lib\win64.o\librdi_drc.dll
0x00007ffcbb5f0000 - 0x00007ffcbb90c000 	D:\Xilinx\Vivado\2020.1\lib\win64.o\librdi_guitools.dll
0x00007ffc9cc60000 - 0x00007ffc9edcd000 	D:\Xilinx\Vivado\2020.1\lib\win64.o\librdi_coregen.dll
0x00007ffc9edd0000 - 0x00007ffcb6ca0000 	D:\Xilinx\Vivado\2020.1\lib\win64.o\librdi_device.dll
0x00007ffc9c5d0000 - 0x00007ffc9cc56000 	D:\Xilinx\Vivado\2020.1\lib\win64.o\librdi_filemgmt.dll
0x00007ffcd8bc0000 - 0x00007ffcd8e15000 	D:\Xilinx\Vivado\2020.1\lib\win64.o\librdi_hip_devdesign.dll
0x00007ffcda300000 - 0x00007ffcda377000 	D:\Xilinx\Vivado\2020.1\lib\win64.o\librdi_hdf.dll
0x00007ffcbb4a0000 - 0x00007ffcbb5e8000 	D:\Xilinx\Vivado\2020.1\lib\win64.o\librdi_hip_perf_analysis.dll
0x00007ffcd9370000 - 0x00007ffcd93e4000 	D:\Xilinx\Vivado\2020.1\lib\win64.o\librdi_memoryarray.dll
0x00007ffc9bf90000 - 0x00007ffc9c5ce000 	D:\Xilinx\Vivado\2020.1\lib\win64.o\librdi_memdata.dll
0x00007ffc94e30000 - 0x00007ffc97ca7000 	D:\Xilinx\Vivado\2020.1\lib\win64.o\librdi_mig.dll
0x00007ffc934e0000 - 0x00007ffc94e2a000 	D:\Xilinx\Vivado\2020.1\lib\win64.o\librdi_implflow.dll
0x00007ffcda140000 - 0x00007ffcda18e000 	D:\Xilinx\Vivado\2020.1\lib\win64.o\librdi_pfi.dll
0x00007ffc9b880000 - 0x00007ffc9bf83000 	D:\Xilinx\Vivado\2020.1\lib\win64.o\librdi_netlist.dll
0x00007ffc9b040000 - 0x00007ffc9b874000 	D:\Xilinx\Vivado\2020.1\lib\win64.o\librdi_power.dll
0x00007ffcbb140000 - 0x00007ffcbb491000 	D:\Xilinx\Vivado\2020.1\lib\win64.o\librdi_platform.dll
0x00007ffc9aa40000 - 0x00007ffc9b035000 	D:\Xilinx\Vivado\2020.1\lib\win64.o\librdi_project.dll
0x00007ffc996d0000 - 0x00007ffc99e3f000 	D:\Xilinx\Vivado\2020.1\lib\win64.o\librdi_rsb.dll
0x00007ffc99fb0000 - 0x00007ffc9a6ec000 	D:\Xilinx\Vivado\2020.1\lib\win64.o\librdi_psta.dll
0x00007ffc90960000 - 0x00007ffc934d1000 	D:\Xilinx\Vivado\2020.1\lib\win64.o\librdi_place.dll
0x00007ffc9a7c0000 - 0x00007ffc9aa35000 	D:\Xilinx\Vivado\2020.1\lib\win64.o\librdi_simdata.dll
0x00007ffc98f50000 - 0x00007ffc993ea000 	D:\Xilinx\Vivado\2020.1\lib\win64.o\librdi_runs.dll
0x00007ffc995c0000 - 0x00007ffc996c8000 	D:\Xilinx\Vivado\2020.1\lib\win64.o\librdi_runsbase.dll
0x00007ffc994c0000 - 0x00007ffc995bf000 	D:\Xilinx\Vivado\2020.1\lib\win64.o\librdi_xhub.dll
0x00007ffcd8b10000 - 0x00007ffcd8bb8000 	D:\Xilinx\Vivado\2020.1\lib\win64.o\librdi_xhubtasks.dll
0x00007ffc98040000 - 0x00007ffc98f4a000 	D:\Xilinx\Vivado\2020.1\lib\win64.o\librdi_timing.dll
0x00007ffc97e60000 - 0x00007ffc98033000 	D:\Xilinx\Vivado\2020.1\lib\win64.o\librdi_advchipscopeimpl.dll
0x00007ffcd9320000 - 0x00007ffcd936c000 	D:\Xilinx\Vivado\2020.1\lib\win64.o\libboost_serialization.dll
0x00007ffc90870000 - 0x00007ffc90958000 	D:\Xilinx\Vivado\2020.1\lib\win64.o\librdi_ipconfig_readwrite.dll
0x00007ffc9a750000 - 0x00007ffc9a7bc000 	D:\Xilinx\Vivado\2020.1\lib\win64.o\librdi_noc_frameworks.dll
0x00007ffc90670000 - 0x00007ffc90863000 	D:\Xilinx\Vivado\2020.1\lib\win64.o\librdi_hip_config.dll
0x00007ffc90120000 - 0x00007ffc9066e000 	D:\Xilinx\Vivado\2020.1\lib\win64.o\librdi_xdm.dll
0x00007ffc90080000 - 0x00007ffc9011e000 	D:\Xilinx\Vivado\2020.1\lib\win64.o\libise.dll
0x00007ffcd92d0000 - 0x00007ffcd931b000 	D:\Xilinx\Vivado\2020.1\lib\win64.o\librdi_wavedata_SimpleApi.dll
0x00007ffcbb0f0000 - 0x00007ffcbb13d000 	D:\Xilinx\Vivado\2020.1\lib\win64.o\libboost_graph.dll

VM Arguments:
jvm_args: -Dsun.java2d.pmoffscreen=false -Dsun.java2d.xrender=false -Dsun.java2d.d3d=false -Dsun.awt.nopixfmt=true -Dsun.java2d.dpiaware=true -Dsun.java2d.uiScale.enabled=false -Xverify:none -Dswing.aatext=true -XX:-UsePerfData -Djdk.map.althashing.threshold=512 -XX:StringTableSize=4072 --add-opens=java.base/java.nio=ALL-UNNAMED --add-opens=java.desktop/sun.swing=ALL-UNNAMED --add-opens=java.desktop/javax.swing=ALL-UNNAMED --add-opens=java.desktop/javax.swing.tree=ALL-UNNAMED --add-opens=java.desktop/javax.swing.plaf.basic=ALL-UNNAMED --add-opens=java.desktop/javax.swing.plaf.synth=ALL-UNNAMED --add-opens=java.desktop/com.sun.awt=ALL-UNNAMED -XX:NewSize=60m -XX:MaxNewSize=60m -Xms128m -Xmx3072m -Xss5m 
java_command: <unknown>
java_class_path (initial): D:/Xilinx/Vivado/2020.1\lib\classes\alloy.jar;D:/Xilinx/Vivado/2020.1\lib\classes\ArchiveSummary.jar;D:/Xilinx/Vivado/2020.1\lib\classes\autoesl-models.jar;D:/Xilinx/Vivado/2020.1\lib\classes\autopilot.scelaborator.jar;D:/Xilinx/Vivado/2020.1\lib\classes\autopilot.sourceprocessor.jar;D:/Xilinx/Vivado/2020.1\lib\classes\autopilot.tbprocessor.jar;D:/Xilinx/Vivado/2020.1\lib\classes\batik-anim.jar;D:/Xilinx/Vivado/2020.1\lib\classes\batik-awt-util.jar;D:/Xilinx/Vivado/2020.1\lib\classes\batik-bridge.jar;D:/Xilinx/Vivado/2020.1\lib\classes\batik-codec.jar;D:/Xilinx/Vivado/2020.1\lib\classes\batik-css.jar;D:/Xilinx/Vivado/2020.1\lib\classes\batik-dom.jar;D:/Xilinx/Vivado/2020.1\lib\classes\batik-ext.jar;D:/Xilinx/Vivado/2020.1\lib\classes\batik-gui-util.jar;D:/Xilinx/Vivado/2020.1\lib\classes\batik-gvt.jar;D:/Xilinx/Vivado/2020.1\lib\classes\batik-parser.jar;D:/Xilinx/Vivado/2020.1\lib\classes\batik-script.jar;D:/Xilinx/Vivado/2020.1\lib\classes\batik-svg-dom.jar;D:/Xilinx/Vivado/2020.1\lib\classes\batik-swing.jar;D:/Xilinx/Vivado/2020.1\lib\classes\batik-transcoder.jar;D:/Xilinx/Vivado/2020.1\lib\classes\batik-util.jar;D:/Xilinx/Vivado/2020.1\lib\classes\batik-xml.jar;D:/Xilinx/Vivado/2020.1\lib\classes\com.google.gson_2.8.2.v20180104-1110.jar;D:/Xilinx/Vivado/2020.1\lib\classes\com.google.guava_27.1.0.v20190517-1946.jar;D:/Xilinx/Vivado/2020.1\lib\classes\com.ibm.icu_4.4.2.v20110208.jar;D:/Xilinx/Vivado/2020.1\lib\classes\com.sigasi.hdt.connection_4.8.0.202004151336.jar;D:/Xilinx/Vivado/2020.1\lib\classes\com.sigasi.hdt.epl_4.8.0.202004151336.jar;D:/Xilinx/Vivado/2020.1\lib\classes\com.sigasi.hdt.project_4.8.0.202004151336.jar;D:/Xilinx/Vivado/2020.1\lib\classes\com.sigasi.hdt.readonlyfilesystem_4.8.0.202004151336.jar;D:/Xilinx/Vivado/2020.1\lib\classes\com.sigasi.lcm_4.8.0.202004151336.jar;D:/Xilinx/Vivado/2020.1\lib\classes\com.sigasi.sdk.client_4.8.0.202004151336.jar;D:/Xilinx/Vivado/2020.1\lib\classes\com.xilinx.hls.services.jar;D:/Xili
Launcher Type: generic

Logging:
Log output configuration:
#0: stdout all=warning uptime,level,tags
#1: stderr all=off uptime,level,tags

Environment Variables:
PATH=D:/Xilinx/Vivado/2020.1\gnuwin\bin;D:/Xilinx/Vivado/2020.1\gnu\microblaze\nt\bin;D:/Xilinx/Vivado/2020.1/bin;D:/Xilinx/Vivado/2020.1/lib/win64.o;D:/Xilinx/Vivado/2020.1/tps/win64/jre9.0.4/bin/server;D:/Xilinx/Vivado/2020.1/tps/win64/jre9.0.4/bin;D:/Xilinx/Vivado/2020.1/ids_lite/ISE/bin/nt64;D:/Xilinx/Vivado/2020.1/ids_lite/ISE/lib/nt64;D:\Program Files\Python312\Scripts\;D:\Program Files\Python312\;C:\Program Files\Common Files\Oracle\Java\javapath;D:\Program Files\mingw64\bin;C:\Windows\System32\HWAudioDriverLibs;C:\Windows\system32;C:\Windows;C:\Windows\System32\Wbem;C:\Windows\System32\WindowsPowerShell\v1.0\;C:\Windows\System32\OpenSSH\;C:\Windows\system32\config\systemprofile\AppData\Local\Microsoft\WindowsApps;D:\Program Files\MATLAB\R2023a\bin;D:\Program Files\Bandizip\;D:\Program Files\Git\cmd;D:\Program Files\Wolfram Research\WolframScript\;C:\Program Files\dotnet\;D:\Windows Kits\10\Windows Performance Toolkit\;D:\Program Files\010 Editor;C:\Users\89652\AppData\Roaming\Python\Python312\Scripts;D:\zlearning\virtual_machine\software\hashcat-6.2.6\hashcat-6.2.6;C:\Users\89652\AppData\Local\SageMath 9.3\runtime\bin;;C:\Program Files\Docker\Docker\resources\bin;D:\Program Files\nodejs\;C:\ProgramData\chocolatey\bin;C:\Users\89652\AppData\Local\Microsoft\WindowsApps;D:\Program Files\Microsoft VS Code\bin;C:\Users\89652\.dotnet\tools;D:\Program Files\Nmap;D:\Program Files\JetBrains\IntelliJ IDEA Community Edition 2024.2.3\bin;C:\Users\89652\AppData\Roaming\npm;D:/Xilinx/Vivado/2020.1\tps\mingw\6.2.0\win64.o\nt\bin;D:/Xilinx/Vivado/2020.1\tps\mingw\6.2.0\win64.o\nt\libexec\gcc\x86_64-w64-mingw32\6.2.0;D:/Xilinx/Vivado/2020.1\tps\win64\python-2.7.16;D:/Xilinx/Vivado/2020.1\tps\win64\python-2.7.16\bin;D:/Xilinx/Vivado/2020.1\tps\win64\python-2.7.16\lib;D:/Xilinx/Vivado/2020.1\tps\win64\python-2.7.16\Lib\lib-tk;D:/Xilinx/Vivado/2020.1\tps\win64\python-2.7.16\lib\site-packages
USERNAME=89652
OS=Windows_NT
PROCESSOR_IDENTIFIER=Intel64 Family 6 Model 140 Stepping 1, GenuineIntel



---------------  S Y S T E M  ---------------

OS: Windows 10 , 64 bit Build 22621 (10.0.22621.4391)

CPU:total 8 (initial active 8) (4 cores per cpu, 2 threads per core) family 6 model 140 stepping 1, cmov, cx8, fxsr, mmx, sse, sse2, sse3, ssse3, sse4.1, sse4.2, popcnt, avx, avx2, aes, clmul, erms, 3dnowpref, lzcnt, ht, tsc, tscinvbit, bmi1, bmi2, adx, sha, fma

Memory: 4k page, physical 16571704k(5853064k free), swap 18125464k(5599976k free)

vm_info: Java HotSpot(TM) 64-Bit Server VM (9.0.4+11) for windows-amd64 JRE (9.0.4+11), built on Dec 20 2017 02:18:54 by "mach5one" with MS VC++ 12.0 (VS2013)

END.
