#
# A fatal error has been detected by the Java Runtime Environment:
#
#  EXCEPTION_ACCESS_VIOLATION (0xc0000005) at pc=0x00007ffcd99afde0, pid=4396, tid=12256
#
# JRE version: Java(TM) SE Runtime Environment (9.0+11) (build 9.0.4+11)
# Java VM: Java HotSpot(TM) 64-Bit Server VM (9.0.4+11, mixed mode, tiered, compressed oops, g1 gc, windows-amd64)
# Problematic frame:
# C  0x00007ffcd99afde0
#
# No core dump will be written. Minidumps are not enabled by default on client versions of Windows
#
# If you would like to submit a bug report, please visit:
#   http://bugreport.java.com/bugreport/crash.jsp
# The crash happened outside the Java Virtual Machine in native code.
# See problematic frame for where to report the bug.
#

---------------  S U M M A R Y ------------

Command Line: -Dsun.java2d.pmoffscreen=false -Dsun.java2d.xrender=false -Dsun.java2d.d3d=false -Dsun.awt.nopixfmt=true -Dsun.java2d.dpiaware=true -Dsun.java2d.uiScale.enabled=false -Xverify:none -Dswing.aatext=true -XX:-UsePerfData -Djdk.map.althashing.threshold=512 -XX:StringTableSize=4072 --add-opens=java.base/java.nio=ALL-UNNAMED --add-opens=java.desktop/sun.swing=ALL-UNNAMED --add-opens=java.desktop/javax.swing=ALL-UNNAMED --add-opens=java.desktop/javax.swing.tree=ALL-UNNAMED --add-opens=java.desktop/javax.swing.plaf.basic=ALL-UNNAMED --add-opens=java.desktop/javax.swing.plaf.synth=ALL-UNNAMED --add-opens=java.desktop/com.sun.awt=ALL-UNNAMED -XX:NewSize=60m -XX:MaxNewSize=60m -Xms128m -Xmx3072m -Xss5m 

Host: 11th Gen Intel(R) Core(TM) i7-1165G7 @ 2.80GHz, 8 cores, 15G,  Windows 10 , 64 bit Build 22621 (10.0.22621.4391)
Time: Sun Nov 17 14:41:42 2024 ?D1¨²¡À¨º¡Á?¨º¡À?? elapsed time: 2887 seconds (0d 0h 48m 7s)

---------------  T H R E A D  ---------------

Current thread (0x00000195a39fc000):  JavaThread "AWT-EventQueue-0" [_thread_in_native, id=12256, stack(0x0000000101400000,0x0000000101900000)]

Stack: [0x0000000101400000,0x0000000101900000],  sp=0x00000001018f4208,  free space=5072k
Native frames: (J=compiled Java code, j=interpreted, Vv=VM code, C=native code)
C  0x00007ffcd99afde0

Java frames: (J=compiled Java code, j=interpreted, Vv=VM code)
J 24488  ui.views.waveform.waveformi.WVExecutive_getGraphicsDataSize(J)J (0 bytes) @ 0x000001958f196ea1 [0x000001958f196e60+0x0000000000000041]
J 24487 c1 ui.views.waveform.executive.a.jBs()Ljava/io/ByteArrayInputStream; (93 bytes) @ 0x0000019588a3452c [0x0000019588a34440+0x00000000000000ec]
J 25269 c1 ui.views.waveform.b.a.jAN()V (144 bytes) @ 0x00000195882f05b4 [0x00000195882f04a0+0x0000000000000114]
J 24389 c1 ui.views.waveform.w.aE(ZZ)V (48 bytes) @ 0x00000195885b274c [0x00000195885b1fe0+0x000000000000076c]
J 22566 c1 ui.views.waveform.c.b.j(Lui/frmwork/b/i;)V (581 bytes) @ 0x000001958964b4d4 [0x0000019589641f00+0x00000000000095d4]
J 22565 c1 ui.views.waveform.w.a(Lui/frmwork/b/i;)V (17 bytes) @ 0x00000195887bbe94 [0x00000195887bbdc0+0x00000000000000d4]
J 25128 c2 ui.frmwork.b.l.d(Lui/frmwork/b/i;)V (61 bytes) @ 0x000001958f5f4664 [0x000001958f5f4440+0x0000000000000224]
J 23864 c2 ui.frmwork.G.i(JZ)V (471 bytes) @ 0x000001958fcb39dc [0x000001958fcb2660+0x000000000000137c]
J 25627 c2 ui.frmwork.G.fireTclEvent(J)I (113 bytes) @ 0x000001958fe9e984 [0x000001958fe9d9e0+0x0000000000000fa4]
v  ~StubRoutines::call_stub
J 24506  ui.views.waveform.waveformi.WVExecutive_processModelEvent(JJ)V (0 bytes) @ 0x000001958f19c8a4 [0x000001958f19c860+0x0000000000000044]
J 24373 c1 ui.views.waveform.c.b.ft(J)V (109 bytes) @ 0x00000195883383e4 [0x00000195883382a0+0x0000000000000144]
J 22566 c1 ui.views.waveform.c.b.j(Lui/frmwork/b/i;)V (581 bytes) @ 0x000001958964c1cc [0x0000019589641f00+0x000000000000a2cc]
J 22565 c1 ui.views.waveform.w.a(Lui/frmwork/b/i;)V (17 bytes) @ 0x00000195887bbe94 [0x00000195887bbdc0+0x00000000000000d4]
J 25128 c2 ui.frmwork.b.l.d(Lui/frmwork/b/i;)V (61 bytes) @ 0x000001958f5f4664 [0x000001958f5f4440+0x0000000000000224]
J 23864 c2 ui.frmwork.G.i(JZ)V (471 bytes) @ 0x000001958fcb39dc [0x000001958fcb2660+0x000000000000137c]
J 25627 c2 ui.frmwork.G.fireTclEvent(J)I (113 bytes) @ 0x000001958fe9e984 [0x000001958fe9d9e0+0x0000000000000fa4]
v  ~StubRoutines::call_stub
J 24506  ui.views.waveform.waveformi.WVExecutive_processModelEvent(JJ)V (0 bytes) @ 0x000001958f19c8a4 [0x000001958f19c860+0x0000000000000044]
J 24373 c1 ui.views.waveform.c.b.ft(J)V (109 bytes) @ 0x00000195883383e4 [0x00000195883382a0+0x0000000000000144]
j  ui.views.waveform.c.e.actionPerformed(Ljava/awt/event/ActionEvent;)V+8
J 19704 c2 javax.swing.Timer.fireActionPerformed(Ljava/awt/event/ActionEvent;)V java.desktop@9.0.4 (46 bytes) @ 0x000001958ef46f60 [0x000001958ef46e40+0x0000000000000120]
J 19712 c2 javax.swing.Timer$DoPostEvent.run()V java.desktop@9.0.4 (82 bytes) @ 0x000001958efcf06c [0x000001958efced60+0x000000000000030c]
J 13548 c2 java.awt.event.InvocationEvent.dispatch()V java.desktop@9.0.4 (69 bytes) @ 0x000001958f06b39c [0x000001958f06b340+0x000000000000005c]
J 14288 c2 java.awt.EventQueue$3.run()Ljava/lang/Object; java.desktop@9.0.4 (5 bytes) @ 0x000001958f16ff38 [0x000001958f16fe60+0x00000000000000d8]
v  ~StubRoutines::call_stub
J 4234  java.security.AccessController.doPrivileged(Ljava/security/PrivilegedAction;Ljava/security/AccessControlContext;)Ljava/lang/Object; java.base@9.0.4 (0 bytes) @ 0x000001958e8aa5c6 [0x000001958e8aa560+0x0000000000000066]
J 18675 c2 ui.frmwork.b.d.dispatchEvent(Ljava/awt/AWTEvent;)V (34 bytes) @ 0x000001958f6fe000 [0x000001958f6fda00+0x0000000000000600]
J 22000 c2 java.awt.EventDispatchThread.pumpOneEventForFilters(I)V java.desktop@9.0.4 (218 bytes) @ 0x000001958f4f071c [0x000001958f4f0280+0x000000000000049c]
J 23184 c2 java.awt.EventDispatchThread.pumpEventsForFilter(ILjava/awt/Conditional;Ljava/awt/EventFilter;)V java.desktop@9.0.4 (47 bytes) @ 0x000001958fba2b8c [0x000001958fba29e0+0x00000000000001ac]
j  java.awt.EventDispatchThread.pumpEventsForFilter(Ljava/awt/Conditional;Ljava/awt/EventFilter;)V+4 java.desktop@9.0.4
j  java.awt.WaitDispatchSupport$2.run()V+59 java.desktop@9.0.4
j  java.awt.WaitDispatchSupport$4.run()Ljava/lang/Void;+4 java.desktop@9.0.4
j  java.awt.WaitDispatchSupport$4.run()Ljava/lang/Object;+1 java.desktop@9.0.4
v  ~StubRoutines::call_stub
J 1039  java.security.AccessController.doPrivileged(Ljava/security/PrivilegedAction;)Ljava/lang/Object; java.base@9.0.4 (0 bytes) @ 0x000001958e69b532 [0x000001958e69b4e0+0x0000000000000052]
j  java.awt.WaitDispatchSupport.enter()Z+260 java.desktop@9.0.4
j  java.awt.Dialog.show()V+225 java.desktop@9.0.4
J 25729 c1 java.awt.Window.setVisible(Z)V java.desktop@9.0.4 (6 bytes) @ 0x000001958830d784 [0x000001958830d560+0x0000000000000224]
j  java.awt.Dialog.setVisible(Z)V+2 java.desktop@9.0.4
j  ui.b.c.g.setVisible(Z)V+2
j  ui.b.c.bz.showDialog()V+64
j  ui.b.c.bI.actionPerformed(Ljava/awt/event/ActionEvent;)V+8
j  ui.b.c.bz.eWx()V+390
j  ui.views.c.t.b.a.run()V+60
j  ui.frmwork.a.gJb()Z+66
j  ui.frmwork.Y.gKQ()V+42
j  ui.bn.actionPerformed(Ljava/awt/event/ActionEvent;)V+25
j  javax.swing.AbstractButton.fireActionPerformed(Ljava/awt/event/ActionEvent;)V+84 java.desktop@9.0.4
j  ui.utils.swing.b.E.fireActionPerformed(Ljava/awt/event/ActionEvent;)V+7
j  javax.swing.AbstractButton$Handler.actionPerformed(Ljava/awt/event/ActionEvent;)V+5 java.desktop@9.0.4
j  javax.swing.DefaultButtonModel.fireActionPerformed(Ljava/awt/event/ActionEvent;)V+34 java.desktop@9.0.4
J 24704 c1 javax.swing.DefaultButtonModel.setPressed(Z)V java.desktop@9.0.4 (125 bytes) @ 0x0000019588a5d044 [0x0000019588a5c180+0x0000000000000ec4]
j  javax.swing.plaf.basic.BasicButtonListener.mouseReleased(Ljava/awt/event/MouseEvent;)V+35 java.desktop@9.0.4
j  com.jidesoft.plaf.basic.BasicJideButtonListener.mouseReleased(Ljava/awt/event/MouseEvent;)V+61
J 20030 c1 java.awt.AWTEventMulticaster.mouseReleased(Ljava/awt/event/MouseEvent;)V java.desktop@9.0.4 (27 bytes) @ 0x0000019588c7e18c [0x0000019588c7df80+0x000000000000020c]
J 20030 c1 java.awt.AWTEventMulticaster.mouseReleased(Ljava/awt/event/MouseEvent;)V java.desktop@9.0.4 (27 bytes) @ 0x0000019588c7e18c [0x0000019588c7df80+0x000000000000020c]
J 20030 c1 java.awt.AWTEventMulticaster.mouseReleased(Ljava/awt/event/MouseEvent;)V java.desktop@9.0.4 (27 bytes) @ 0x0000019588c7e18c [0x0000019588c7df80+0x000000000000020c]
J 24503 c2 javax.swing.JComponent.processMouseEvent(Ljava/awt/event/MouseEvent;)V java.desktop@9.0.4 (27 bytes) @ 0x000001958f3b5190 [0x000001958f3b4fa0+0x00000000000001f0]
J 21925 c2 java.awt.Container.processEvent(Ljava/awt/AWTEvent;)V java.desktop@9.0.4 (22 bytes) @ 0x000001958f052658 [0x000001958f052540+0x0000000000000118]
J 26134 c1 java.awt.Component.dispatchEventImpl(Ljava/awt/AWTEvent;)V java.desktop@9.0.4 (739 bytes) @ 0x000001958952934c [0x0000019589525540+0x0000000000003e0c]
J 24430 c2 java.awt.Container.dispatchEventImpl(Ljava/awt/AWTEvent;)V java.desktop@9.0.4 (129 bytes) @ 0x000001958f17b260 [0x000001958f17b180+0x00000000000000e0]
J 21920 c2 java.awt.LightweightDispatcher.retargetMouseEvent(Ljava/awt/Component;ILjava/awt/event/MouseEvent;)V java.desktop@9.0.4 (350 bytes) @ 0x000001958f0662d4 [0x000001958f065d20+0x00000000000005b4]
J 21904 c2 java.awt.LightweightDispatcher.processMouseEvent(Ljava/awt/event/MouseEvent;)Z java.desktop@9.0.4 (265 bytes) @ 0x000001958f068ebc [0x000001958f0689c0+0x00000000000004fc]
J 24430 c2 java.awt.Container.dispatchEventImpl(Ljava/awt/AWTEvent;)V java.desktop@9.0.4 (129 bytes) @ 0x000001958f17b4a0 [0x000001958f17b180+0x0000000000000320]
J 19617 c2 java.awt.Window.dispatchEventImpl(Ljava/awt/AWTEvent;)V java.desktop@9.0.4 (23 bytes) @ 0x000001958edd538c [0x000001958edd5340+0x000000000000004c]
J 14288 c2 java.awt.EventQueue$3.run()Ljava/lang/Object; java.desktop@9.0.4 (5 bytes) @ 0x000001958f16ffc4 [0x000001958f16fe60+0x0000000000000164]
v  ~StubRoutines::call_stub
J 4234  java.security.AccessController.doPrivileged(Ljava/security/PrivilegedAction;Ljava/security/AccessControlContext;)Ljava/lang/Object; java.base@9.0.4 (0 bytes) @ 0x000001958e8aa5c6 [0x000001958e8aa560+0x0000000000000066]
J 17464 c2 java.awt.EventQueue$4.run()Ljava/lang/Object; java.desktop@9.0.4 (5 bytes) @ 0x000001958f59d740 [0x000001958f59d4e0+0x0000000000000260]
v  ~StubRoutines::call_stub
J 4234  java.security.AccessController.doPrivileged(Ljava/security/PrivilegedAction;Ljava/security/AccessControlContext;)Ljava/lang/Object; java.base@9.0.4 (0 bytes) @ 0x000001958e8aa5c6 [0x000001958e8aa560+0x0000000000000066]
J 18675 c2 ui.frmwork.b.d.dispatchEvent(Ljava/awt/AWTEvent;)V (34 bytes) @ 0x000001958f6fde28 [0x000001958f6fda00+0x0000000000000428]
J 22000 c2 java.awt.EventDispatchThread.pumpOneEventForFilters(I)V java.desktop@9.0.4 (218 bytes) @ 0x000001958f4f071c [0x000001958f4f0280+0x000000000000049c]
J 23030% c2 java.awt.EventDispatchThread.pumpEventsForFilter(ILjava/awt/Conditional;Ljava/awt/EventFilter;)V java.desktop@9.0.4 (47 bytes) @ 0x000001958fb402d8 [0x000001958fb401c0+0x0000000000000118]
j  java.awt.EventDispatchThread.pumpEventsForHierarchy(ILjava/awt/Conditional;Ljava/awt/Component;)V+11 java.desktop@9.0.4
j  java.awt.EventDispatchThread.pumpEvents(ILjava/awt/Conditional;)V+4 java.desktop@9.0.4
j  java.awt.EventDispatchThread.pumpEvents(Ljava/awt/Conditional;)V+3 java.desktop@9.0.4
j  java.awt.EventDispatchThread.run()V+9 java.desktop@9.0.4
v  ~StubRoutines::call_stub

siginfo: EXCEPTION_ACCESS_VIOLATION (0xc0000005), data execution prevention violation at address 0x00007ffcd99afde0


Register to memory mapping:

RIP=0x00007ffcd99afde0 is an unknown value
RAX=0x00007ffcd9953610 is an unknown value
RBX=0x00000001018f4670 is pointing into the stack for thread: 0x00000195a39fc000
RCX=0x00000195a8692e40 is an unknown value
RDX=0x00000195a8692e40 is an unknown value
RSP=0x00000001018f4208 is pointing into the stack for thread: 0x00000195a39fc000
RBP=0x00000001018f4310 is pointing into the stack for thread: 0x00000195a39fc000
RSI=0x00000195a8692e40 is an unknown value
RDI=0x00000195b4d8ed68 is an unknown value
R8 =0x000000000005572b is an unknown value
R9 =0x0000000000055732 is an unknown value
R10=0x0000000000000003 is an unknown value
R11=0x00000001018f4440 is pointing into the stack for thread: 0x00000195a39fc000
R12=0x00000195b8fe9a10 is an unknown value
R13=0x0000000000000000 is an unknown value
R14=0x000000000005572b is an unknown value
R15=0x00000001018f46c0 is pointing into the stack for thread: 0x00000195a39fc000


Registers:
RAX=0x00007ffcd9953610, RBX=0x00000001018f4670, RCX=0x00000195a8692e40, RDX=0x00000195a8692e40
RSP=0x00000001018f4208, RBP=0x00000001018f4310, RSI=0x00000195a8692e40, RDI=0x00000195b4d8ed68
R8 =0x000000000005572b, R9 =0x0000000000055732, R10=0x0000000000000003, R11=0x00000001018f4440
R12=0x00000195b8fe9a10, R13=0x0000000000000000, R14=0x000000000005572b, R15=0x00000001018f46c0
RIP=0x00007ffcd99afde0, EFLAGS=0x0000000000010202

Top of Stack: (sp=0x00000001018f4208)
0x00000001018f4208:   00007ffcd966cbb3 0000000100000001
0x00000001018f4218:   00000001018f4350 00000001018f4310
0x00000001018f4228:   00000195b747c030 fffffffffffffffe
0x00000001018f4238:   00000001018f4600 00000195afe0fd18
0x00000001018f4248:   0000000000000008 0000000000000000
0x00000001018f4258:   0000000000000010 00000001018f46c0
0x00000001018f4268:   0000000000000001 0000000000000000
0x00000001018f4278:   00000195b6897c98 00000001018f4670
0x00000001018f4288:   0000000000055732 0000000000000000
0x00000001018f4298:   0000000000000000 0000000000000000
0x00000001018f42a8:   0000000000000000 000000000005572b
0x00000001018f42b8:   0000000000000000 00000195ad6c167f
0x00000001018f42c8:   0000000100000238 00000001018f44b8
0x00000001018f42d8:   00000195a8692e40 00000195ad6bce30
0x00000001018f42e8:   fffffffffffffffe fffffffffffffffe
0x00000001018f42f8:   00000000ffffffff 0000000000000000 

Instructions: (pc=0x00007ffcd99afde0)
0x00007ffcd99afdc0:   00 00 00 00 ff ff ff ff 00 00 00 00 40 00 00 00
0x00007ffcd99afdd0:   90 fd 46 00 00 00 00 00 00 00 00 00 00 00 00 00
0x00007ffcd99afde0:   01 00 00 00 00 00 00 00 00 00 00 00 40 9d 5a 00
0x00007ffcd99afdf0:   08 fe 46 00 e0 fd 46 00 00 00 00 00 00 00 00 00 



---------------  P R O C E S S  ---------------

Java Threads: ( => current thread )
  0x00000195a70be000 JavaThread "Relaunch Simulation Thread" [_thread_blocked, id=10144, stack(0x0000000105700000,0x0000000105c00000)]
  0x00000195b3545000 JavaThread "SyntheticaAnimation 50" daemon [_thread_blocked, id=14472, stack(0x0000000106f00000,0x0000000107400000)]
  0x00000195a3864000 JavaThread "Image Animator 3" daemon [_thread_blocked, id=11444, stack(0x0000000107e00000,0x0000000108300000)]
  0x00000195b3546800 JavaThread "SyntheticaAnimation 50" daemon [_thread_blocked, id=7516, stack(0x0000000102300000,0x0000000102800000)]
  0x00000195b3543800 JavaThread "Update Runs Swing Worker Thread" [_thread_blocked, id=7068, stack(0x0000000105d00000,0x0000000106200000)]
  0x00000195b3545800 JavaThread "hw_ila_monitor" [_thread_blocked, id=14612, stack(0x0000000104e00000,0x0000000105300000)]
  0x00000195f9e09800 JavaThread "Refresh Filesets Swing Worker Thread" [_thread_blocked, id=1100, stack(0x0000000104400000,0x0000000104900000)]
  0x00000195f9e09000 JavaThread "SyntheticaAnimation 70" daemon [_thread_blocked, id=16116, stack(0x0000000103f00000,0x0000000104400000)]
  0x00000195f9e0c800 JavaThread "Swing-Shell" daemon [_thread_blocked, id=4168, stack(0x0000000100f00000,0x0000000101400000)]
  0x00000195f9e07800 JavaThread "SyntheticaAnimation 25" daemon [_thread_blocked, id=12920, stack(0x0000000103a00000,0x0000000103f00000)]
  0x00000195f9e0e000 JavaThread "SyntheticaAnimation 50" daemon [_thread_blocked, id=9644, stack(0x0000000103500000,0x0000000103a00000)]
  0x00000195f9e0b000 JavaThread "Monitor HEventQueue Thread" [_thread_blocked, id=17968, stack(0x0000000103000000,0x0000000103500000)]
  0x00000195f9e0d800 JavaThread "SyntheticaCleanerThread" daemon [_thread_blocked, id=2416, stack(0x0000000102800000,0x0000000102d00000)]
  0x00000195f9e0c000 JavaThread "Batik CleanerThread" daemon [_thread_blocked, id=18224, stack(0x0000000101900000,0x0000000101e00000)]
  0x00000195a4309000 JavaThread "Process Messages Thread" [_thread_blocked, id=16320, stack(0x0000000101e00000,0x0000000102300000)]
  0x00000195a4173800 JavaThread "Thread-1" [_thread_in_native, id=5236, stack(0x000000017a600000,0x000000017ba00000)]
=>0x00000195a39fc000 JavaThread "AWT-EventQueue-0" [_thread_in_native, id=12256, stack(0x0000000101400000,0x0000000101900000)]
  0x00000195a35db000 JavaThread "TimerQueue" daemon [_thread_blocked, id=3664, stack(0x0000000100a00000,0x0000000100f00000)]
  0x00000195f9db2000 JavaThread "AWT-Windows" daemon [_thread_in_native, id=8916, stack(0x0000000100500000,0x0000000100a00000)]
  0x00000195f9db1800 JavaThread "AWT-Shutdown" [_thread_blocked, id=6408, stack(0x0000000100000000,0x0000000100500000)]
  0x00000195f9ddc800 JavaThread "Java2D Disposer" daemon [_thread_blocked, id=17256, stack(0x000000017fa00000,0x000000017ff00000)]
  0x00000195f9822800 JavaThread "Service Thread" daemon [_thread_blocked, id=10480, stack(0x000000017f400000,0x000000017f900000)]
  0x00000195fcd42800 JavaThread "Common-Cleaner" daemon [_thread_blocked, id=10864, stack(0x000000017ef00000,0x000000017f400000)]
  0x00000195fcd32000 JavaThread "Sweeper thread" daemon [_thread_blocked, id=14668, stack(0x000000017ea00000,0x000000017ef00000)]
  0x00000195fcd31000 JavaThread "C1 CompilerThread3" daemon [_thread_blocked, id=5996, stack(0x000000017e900000,0x000000017ea00000)]
  0x00000195fcd30000 JavaThread "C2 CompilerThread2" daemon [_thread_blocked, id=16996, stack(0x000000017e800000,0x000000017e900000)]
  0x00000195fcd2e800 JavaThread "C2 CompilerThread1" daemon [_thread_blocked, id=12932, stack(0x000000017e700000,0x000000017e800000)]
  0x00000195f8b75000 JavaThread "C2 CompilerThread0" daemon [_thread_blocked, id=13116, stack(0x000000017e600000,0x000000017e700000)]
  0x00000195f8b74800 JavaThread "Attach Listener" daemon [_thread_blocked, id=18128, stack(0x000000017e100000,0x000000017e600000)]
  0x00000195fccee000 JavaThread "Signal Dispatcher" daemon [_thread_blocked, id=14372, stack(0x000000017dc00000,0x000000017e100000)]
  0x00000195f835d000 JavaThread "Finalizer" daemon [_thread_blocked, id=9332, stack(0x000000017d700000,0x000000017dc00000)]
  0x00000195f835c800 JavaThread "Reference Handler" daemon [_thread_blocked, id=5336, stack(0x000000017d200000,0x000000017d700000)]
  0x00000195fb060800 JavaThread "main" [_thread_blocked, id=2524, stack(0x000000017a500000,0x000000017a600000)]

Other Threads:
  0x00000195f94a0800 VMThread "VM Thread" [stack: 0x000000017d100000,0x000000017d200000] [id=14260]
  0x00000195f98fe000 WatcherThread [stack: 0x000000017f900000,0x000000017fa00000] [id=15456]
  0x00000195f8979800 GCTaskThread "GC Thread#0" [stack: 0x000000017bd00000,0x000000017be00000] [id=12072]
  0x00000195f897a000 GCTaskThread "GC Thread#1" [stack: 0x000000017be00000,0x000000017bf00000] [id=18004]
  0x00000195f64c5800 GCTaskThread "GC Thread#2" [stack: 0x000000017bf00000,0x000000017c000000] [id=16188]
  0x00000195f64c6000 GCTaskThread "GC Thread#3" [stack: 0x000000017c000000,0x000000017c100000] [id=2724]
  0x00000195f8c73800 GCTaskThread "GC Thread#4" [stack: 0x000000017c100000,0x000000017c200000] [id=13832]
  0x00000195fe9aa800 GCTaskThread "GC Thread#5" [stack: 0x000000017c200000,0x000000017c300000] [id=11056]
  0x00000195fb28b800 GCTaskThread "GC Thread#6" [stack: 0x000000017c300000,0x000000017c400000] [id=17384]
  0x00000195fc5fb000 GCTaskThread "GC Thread#7" [stack: 0x000000017c400000,0x000000017c500000] [id=10504]
  0x00000195f8a78800 ConcurrentGCThread "G1 Main Marker" [stack: 0x000000017ce00000,0x000000017cf00000] [id=16148]
  0x00000195f8a79000 ConcurrentGCThread "G1 Marker#0" [stack: 0x000000017cf00000,0x000000017d000000] [id=17628]
  0x00000195f8a79800 ConcurrentGCThread "G1 Marker#1" [stack: 0x000000017d000000,0x000000017d100000] [id=4604]
  0x00000195f66ac000 ConcurrentGCThread "G1 Refine#0" [stack: 0x000000017cc00000,0x000000017cd00000] [id=3752]
  0x00000195fbfbb800 ConcurrentGCThread "G1 Refine#1" [stack: 0x000000017cb00000,0x000000017cc00000] [id=11088]
  0x00000195f66b6800 ConcurrentGCThread "G1 Refine#2" [stack: 0x000000017ca00000,0x000000017cb00000] [id=15964]
  0x00000195f66b6000 ConcurrentGCThread "G1 Refine#3" [stack: 0x000000017c900000,0x000000017ca00000] [id=17072]
  0x00000195f66b5800 ConcurrentGCThread "G1 Refine#4" [stack: 0x000000017c800000,0x000000017c900000] [id=14360]
  0x00000195f857d000 ConcurrentGCThread "G1 Refine#5" [stack: 0x000000017c700000,0x000000017c800000] [id=13300]
  0x00000195f857c800 ConcurrentGCThread "G1 Refine#6" [stack: 0x000000017c600000,0x000000017c700000] [id=13964]
  0x00000195f8380000 ConcurrentGCThread "G1 Refine#7" [stack: 0x000000017c500000,0x000000017c600000] [id=9624]
  0x00000195f66ac800 ConcurrentGCThread "G1 Young RemSet Sampling" [stack: 0x000000017cd00000,0x000000017ce00000] [id=2752]

Threads with active compile tasks:

VM state:not at safepoint (normal execution)

VM Mutex/Monitor currently owned by a thread: None

Heap address: 0x0000000700000000, size: 3072 MB, Compressed Oops mode: Zero based, Oop shift amount: 3
Narrow klass base: 0x0000000000000000, Narrow klass shift: 3
Compressed class space size: 1073741824 Address: 0x00000007c0000000

Heap:
 garbage-first heap   total 247808K, used 160444K [0x0000000700000000, 0x0000000700100790, 0x00000007c0000000)
  region size 1024K, 53 young (54272K), 1 survivors (1024K)
 Metaspace       used 92924K, capacity 100359K, committed 100556K, reserved 1134592K
  class space    used 13227K, capacity 14507K, committed 14540K, reserved 1048576K
Heap Regions: E=young(eden), S=young(survivor), O=old, HS=humongous(starts), HC=humongous(continues), CS=collection set, F=free, A=archive, TS=gc time stamp, AC=allocation context, TAMS=top-at-mark-start (previous, next)
|   0|0x0000000700000000, 0x00000007000fa5f0, 0x0000000700100000| 97%| O|  |TS  0|AC  0|TAMS 0x0000000700000000, 0x0000000700000000|
|   1|0x0000000700100000, 0x00000007001f8c18, 0x0000000700200000| 97%| O|  |TS  0|AC  0|TAMS 0x0000000700100000, 0x0000000700100000|
|   2|0x0000000700200000, 0x0000000700300000, 0x0000000700300000|100%|HS|  |TS  0|AC  0|TAMS 0x0000000700200000, 0x0000000700200000|
|   3|0x0000000700300000, 0x0000000700400000, 0x0000000700400000|100%|HC|  |TS  0|AC  0|TAMS 0x0000000700300000, 0x0000000700300000|
|   4|0x0000000700400000, 0x0000000700500000, 0x0000000700500000|100%|HS|  |TS  0|AC  0|TAMS 0x0000000700400000, 0x0000000700400000|
|   5|0x0000000700500000, 0x00000007005fffd8, 0x0000000700600000| 99%| O|  |TS  0|AC  0|TAMS 0x0000000700500000, 0x0000000700500000|
|   6|0x0000000700600000, 0x00000007006bf858, 0x0000000700700000| 74%| O|  |TS  0|AC  0|TAMS 0x0000000700600000, 0x0000000700600000|
|   7|0x0000000700700000, 0x00000007007fdf70, 0x0000000700800000| 99%| O|  |TS  0|AC  0|TAMS 0x0000000700700000, 0x0000000700700000|
|   8|0x0000000700800000, 0x00000007008f3648, 0x0000000700900000| 95%| O|  |TS  0|AC  0|TAMS 0x0000000700800000, 0x0000000700800000|
|   9|0x0000000700900000, 0x00000007009d7698, 0x0000000700a00000| 84%| O|  |TS  0|AC  0|TAMS 0x0000000700900000, 0x0000000700900000|
|  10|0x0000000700a00000, 0x0000000700aff428, 0x0000000700b00000| 99%| O|  |TS  0|AC  0|TAMS 0x0000000700a00000, 0x0000000700a00000|
|  11|0x0000000700b00000, 0x0000000700bfffe8, 0x0000000700c00000| 99%| O|  |TS  0|AC  0|TAMS 0x0000000700b00000, 0x0000000700b00000|
|  12|0x0000000700c00000, 0x0000000700cffff0, 0x0000000700d00000| 99%| O|  |TS  0|AC  0|TAMS 0x0000000700c00000, 0x0000000700c00000|
|  13|0x0000000700d00000, 0x0000000700dffff0, 0x0000000700e00000| 99%| O|  |TS  0|AC  0|TAMS 0x0000000700d00000, 0x0000000700d00000|
|  14|0x0000000700e00000, 0x0000000700effff8, 0x0000000700f00000| 99%| O|  |TS  0|AC  0|TAMS 0x0000000700e00000, 0x0000000700e00000|
|  15|0x0000000700f00000, 0x0000000700ff9268, 0x0000000701000000| 97%| O|  |TS  0|AC  0|TAMS 0x0000000700f00000, 0x0000000700f00000|
|  16|0x0000000701000000, 0x0000000701100000, 0x0000000701100000|100%| O|  |TS  0|AC  0|TAMS 0x0000000701000000, 0x0000000701000000|
|  17|0x0000000701100000, 0x00000007011f7708, 0x0000000701200000| 96%| O|  |TS  0|AC  0|TAMS 0x0000000701100000, 0x0000000701100000|
|  18|0x0000000701200000, 0x00000007012ffff8, 0x0000000701300000| 99%| O|  |TS  0|AC  0|TAMS 0x0000000701200000, 0x0000000701200000|
|  19|0x0000000701300000, 0x00000007013fff98, 0x0000000701400000| 99%| O|  |TS  0|AC  0|TAMS 0x0000000701300000, 0x0000000701300000|
|  20|0x0000000701400000, 0x0000000701500000, 0x0000000701500000|100%| O|  |TS  0|AC  0|TAMS 0x0000000701400000, 0x0000000701400000|
|  21|0x0000000701500000, 0x00000007015fffe0, 0x0000000701600000| 99%| O|  |TS  0|AC  0|TAMS 0x0000000701500000, 0x0000000701500000|
|  22|0x0000000701600000, 0x0000000701700000, 0x0000000701700000|100%| O|  |TS  0|AC  0|TAMS 0x0000000701600000, 0x0000000701600000|
|  23|0x0000000701700000, 0x00000007017ffff8, 0x0000000701800000| 99%| O|  |TS  0|AC  0|TAMS 0x0000000701700000, 0x0000000701700000|
|  24|0x0000000701800000, 0x0000000701900000, 0x0000000701900000|100%| O|  |TS  0|AC  0|TAMS 0x0000000701800000, 0x0000000701800000|
|  25|0x0000000701900000, 0x0000000701a00000, 0x0000000701a00000|100%| O|  |TS  0|AC  0|TAMS 0x0000000701900000, 0x0000000701900000|
|  26|0x0000000701a00000, 0x0000000701b00000, 0x0000000701b00000|100%| O|  |TS  0|AC  0|TAMS 0x0000000701a00000, 0x0000000701a00000|
|  27|0x0000000701b00000, 0x0000000701bfffe8, 0x0000000701c00000| 99%| O|  |TS  0|AC  0|TAMS 0x0000000701b00000, 0x0000000701b00000|
|  28|0x0000000701c00000, 0x0000000701cfffe8, 0x0000000701d00000| 99%| O|  |TS  0|AC  0|TAMS 0x0000000701c00000, 0x0000000701c00000|
|  29|0x0000000701d00000, 0x0000000701dfffe8, 0x0000000701e00000| 99%| O|  |TS  0|AC  0|TAMS 0x0000000701d00000, 0x0000000701d00000|
|  30|0x0000000701e00000, 0x0000000701efffe0, 0x0000000701f00000| 99%| O|  |TS  0|AC  0|TAMS 0x0000000701e00000, 0x0000000701e00000|
|  31|0x0000000701f00000, 0x0000000701ffffd8, 0x0000000702000000| 99%| O|  |TS  0|AC  0|TAMS 0x0000000701f00000, 0x0000000701f00000|
|  32|0x0000000702000000, 0x0000000702100000, 0x0000000702100000|100%| O|  |TS  0|AC  0|TAMS 0x0000000702000000, 0x0000000702000000|
|  33|0x0000000702100000, 0x00000007021fffd8, 0x0000000702200000| 99%| O|  |TS  0|AC  0|TAMS 0x0000000702100000, 0x0000000702100000|
|  34|0x0000000702200000, 0x00000007022fffe8, 0x0000000702300000| 99%| O|  |TS  0|AC  0|TAMS 0x0000000702200000, 0x0000000702200000|
|  35|0x0000000702300000, 0x00000007023ffff0, 0x0000000702400000| 99%| O|  |TS  0|AC  0|TAMS 0x0000000702300000, 0x0000000702300000|
|  36|0x0000000702400000, 0x00000007024fffa0, 0x0000000702500000| 99%| O|  |TS  0|AC  0|TAMS 0x0000000702400000, 0x0000000702400000|
|  37|0x0000000702500000, 0x00000007025fbdc8, 0x0000000702600000| 98%| O|  |TS  0|AC  0|TAMS 0x0000000702500000, 0x0000000702500000|
|  38|0x0000000702600000, 0x00000007026fffc8, 0x0000000702700000| 99%| O|  |TS  0|AC  0|TAMS 0x0000000702600000, 0x0000000702600000|
|  39|0x0000000702700000, 0x00000007027fe120, 0x0000000702800000| 99%| O|  |TS  0|AC  0|TAMS 0x0000000702700000, 0x0000000702700000|
|  40|0x0000000702800000, 0x00000007028fffd0, 0x0000000702900000| 99%| O|  |TS  0|AC  0|TAMS 0x0000000702800000, 0x0000000702800000|
|  41|0x0000000702900000, 0x00000007029fda40, 0x0000000702a00000| 99%| O|  |TS  0|AC  0|TAMS 0x0000000702900000, 0x0000000702900000|
|  42|0x0000000702a00000, 0x0000000702afff18, 0x0000000702b00000| 99%| O|  |TS  0|AC  0|TAMS 0x0000000702a00000, 0x0000000702a00000|
|  43|0x0000000702b00000, 0x0000000702bfffe8, 0x0000000702c00000| 99%| O|  |TS  0|AC  0|TAMS 0x0000000702b00000, 0x0000000702b00000|
|  44|0x0000000702c00000, 0x0000000702cffff8, 0x0000000702d00000| 99%| O|  |TS  0|AC  0|TAMS 0x0000000702c00000, 0x0000000702c00000|
|  45|0x0000000702d00000, 0x0000000702dfeae8, 0x0000000702e00000| 99%| O|  |TS  0|AC  0|TAMS 0x0000000702d00000, 0x0000000702d00000|
|  46|0x0000000702e00000, 0x0000000702f00000, 0x0000000702f00000|100%| O|  |TS  0|AC  0|TAMS 0x0000000702e00000, 0x0000000702e00000|
|  47|0x0000000702f00000, 0x0000000702ffffa0, 0x0000000703000000| 99%| O|  |TS  0|AC  0|TAMS 0x0000000702f00000, 0x0000000702f00000|
|  48|0x0000000703000000, 0x0000000703100000, 0x0000000703100000|100%|HS|  |TS  0|AC  0|TAMS 0x0000000703000000, 0x0000000703000000|
|  49|0x0000000703100000, 0x0000000703200000, 0x0000000703200000|100%|HC|  |TS  0|AC  0|TAMS 0x0000000703100000, 0x0000000703100000|
|  50|0x0000000703200000, 0x0000000703300000, 0x0000000703300000|100%|HC|  |TS  0|AC  0|TAMS 0x0000000703200000, 0x0000000703200000|
|  51|0x0000000703300000, 0x0000000703400000, 0x0000000703400000|100%|HC|  |TS  0|AC  0|TAMS 0x0000000703300000, 0x0000000703300000|
|  52|0x0000000703400000, 0x0000000703500000, 0x0000000703500000|100%|HC|  |TS  0|AC  0|TAMS 0x0000000703400000, 0x0000000703400000|
|  53|0x0000000703500000, 0x0000000703600000, 0x0000000703600000|100%|HC|  |TS  0|AC  0|TAMS 0x0000000703500000, 0x0000000703500000|
|  54|0x0000000703600000, 0x0000000703700000, 0x0000000703700000|100%|HC|  |TS  0|AC  0|TAMS 0x0000000703600000, 0x0000000703600000|
|  55|0x0000000703700000, 0x0000000703800000, 0x0000000703800000|100%|HC|  |TS  0|AC  0|TAMS 0x0000000703700000, 0x0000000703700000|
|  56|0x0000000703800000, 0x00000007038fff88, 0x0000000703900000| 99%| O|  |TS  0|AC  0|TAMS 0x0000000703800000, 0x0000000703800000|
|  57|0x0000000703900000, 0x00000007039ffff8, 0x0000000703a00000| 99%| O|  |TS  0|AC  0|TAMS 0x0000000703900000, 0x0000000703900000|
|  58|0x0000000703a00000, 0x0000000703affec0, 0x0000000703b00000| 99%| O|  |TS  0|AC  0|TAMS 0x0000000703a00000, 0x0000000703a00000|
|  59|0x0000000703b00000, 0x0000000703c00000, 0x0000000703c00000|100%| O|  |TS  0|AC  0|TAMS 0x0000000703b00000, 0x0000000703b00000|
|  60|0x0000000703c00000, 0x0000000703cffe78, 0x0000000703d00000| 99%| O|  |TS  0|AC  0|TAMS 0x0000000703c00000, 0x0000000703c00000|
|  61|0x0000000703d00000, 0x0000000703dfffe8, 0x0000000703e00000| 99%| O|  |TS  0|AC  0|TAMS 0x0000000703d00000, 0x0000000703d00000|
|  62|0x0000000703e00000, 0x0000000703f00000, 0x0000000703f00000|100%| O|  |TS  0|AC  0|TAMS 0x0000000703e00000, 0x0000000703e00000|
|  63|0x0000000703f00000, 0x0000000703ffffe8, 0x0000000704000000| 99%| O|  |TS  0|AC  0|TAMS 0x0000000703f00000, 0x0000000703f00000|
|  64|0x0000000704000000, 0x00000007040fffe8, 0x0000000704100000| 99%| O|  |TS  0|AC  0|TAMS 0x0000000704000000, 0x0000000704000000|
|  65|0x0000000704100000, 0x00000007041ffff0, 0x0000000704200000| 99%| O|  |TS  0|AC  0|TAMS 0x0000000704100000, 0x0000000704100000|
|  66|0x0000000704200000, 0x00000007042ffff8, 0x0000000704300000| 99%| O|  |TS  0|AC  0|TAMS 0x0000000704200000, 0x0000000704200000|
|  67|0x0000000704300000, 0x00000007043fffd8, 0x0000000704400000| 99%| O|  |TS  0|AC  0|TAMS 0x0000000704300000, 0x0000000704300000|
|  68|0x0000000704400000, 0x00000007044fffe8, 0x0000000704500000| 99%| O|  |TS  0|AC  0|TAMS 0x0000000704400000, 0x0000000704400000|
|  69|0x0000000704500000, 0x00000007045fe558, 0x0000000704600000| 99%| O|  |TS  0|AC  0|TAMS 0x0000000704500000, 0x0000000704500000|
|  70|0x0000000704600000, 0x00000007046fffd8, 0x0000000704700000| 99%| O|  |TS  0|AC  0|TAMS 0x0000000704600000, 0x0000000704600000|
|  71|0x0000000704700000, 0x00000007047fffe0, 0x0000000704800000| 99%| O|  |TS  0|AC  0|TAMS 0x0000000704700000, 0x0000000704700000|
|  72|0x0000000704800000, 0x00000007048fffe8, 0x0000000704900000| 99%| O|  |TS  0|AC  0|TAMS 0x0000000704800000, 0x0000000704800000|
|  73|0x0000000704900000, 0x00000007049fffe0, 0x0000000704a00000| 99%| O|  |TS  0|AC  0|TAMS 0x0000000704900000, 0x0000000704900000|
|  74|0x0000000704a00000, 0x0000000704affff8, 0x0000000704b00000| 99%| O|  |TS  0|AC  0|TAMS 0x0000000704a00000, 0x0000000704a00000|
|  75|0x0000000704b00000, 0x0000000704c00000, 0x0000000704c00000|100%| O|  |TS  0|AC  0|TAMS 0x0000000704b00000, 0x0000000704b00000|
|  76|0x0000000704c00000, 0x0000000704cff1c8, 0x0000000704d00000| 99%| O|  |TS  0|AC  0|TAMS 0x0000000704c00000, 0x0000000704c00000|
|  77|0x0000000704d00000, 0x0000000704dfffe8, 0x0000000704e00000| 99%| O|  |TS  0|AC  0|TAMS 0x0000000704d00000, 0x0000000704d00000|
|  78|0x0000000704e00000, 0x0000000704effea8, 0x0000000704f00000| 99%| O|  |TS  0|AC  0|TAMS 0x0000000704e00000, 0x0000000704e00000|
|  79|0x0000000704f00000, 0x0000000704fff4b0, 0x0000000705000000| 99%| O|  |TS  0|AC  0|TAMS 0x0000000704f00000, 0x0000000704f00000|
|  80|0x0000000705000000, 0x00000007050ffff0, 0x0000000705100000| 99%| O|  |TS  0|AC  0|TAMS 0x0000000705000000, 0x0000000705000000|
|  81|0x0000000705100000, 0x00000007051ffff8, 0x0000000705200000| 99%| O|  |TS  0|AC  0|TAMS 0x0000000705100000, 0x0000000705100000|
|  82|0x0000000705200000, 0x00000007052ffff8, 0x0000000705300000| 99%| O|  |TS  0|AC  0|TAMS 0x0000000705200000, 0x0000000705200000|
|  83|0x0000000705300000, 0x00000007053fffc0, 0x0000000705400000| 99%| O|  |TS  0|AC  0|TAMS 0x0000000705300000, 0x0000000705300000|
|  84|0x0000000705400000, 0x00000007054fff40, 0x0000000705500000| 99%| O|  |TS  0|AC  0|TAMS 0x0000000705400000, 0x0000000705400000|
|  85|0x0000000705500000, 0x00000007055fffc0, 0x0000000705600000| 99%| O|  |TS  0|AC  0|TAMS 0x0000000705500000, 0x0000000705500000|
|  86|0x0000000705600000, 0x00000007056fffc8, 0x0000000705700000| 99%| O|  |TS  0|AC  0|TAMS 0x0000000705600000, 0x0000000705600000|
|  87|0x0000000705700000, 0x00000007057fff48, 0x0000000705800000| 99%| O|  |TS  0|AC  0|TAMS 0x0000000705700000, 0x0000000705700000|
|  88|0x0000000705800000, 0x0000000705900000, 0x0000000705900000|100%| O|  |TS  0|AC  0|TAMS 0x0000000705800000, 0x0000000705800000|
|  89|0x0000000705900000, 0x00000007059fc070, 0x0000000705a00000| 98%| O|  |TS  0|AC  0|TAMS 0x0000000705900000, 0x0000000705900000|
|  90|0x0000000705a00000, 0x0000000705ae0d70, 0x0000000705b00000| 87%| O|  |TS  0|AC  0|TAMS 0x0000000705a00000, 0x0000000705a00000|
|  91|0x0000000705b00000, 0x0000000705bffff0, 0x0000000705c00000| 99%| O|  |TS  0|AC  0|TAMS 0x0000000705b00000, 0x0000000705b00000|
|  92|0x0000000705c00000, 0x0000000705d00000, 0x0000000705d00000|100%| O|  |TS  0|AC  0|TAMS 0x0000000705c00000, 0x0000000705c00000|
|  93|0x0000000705d00000, 0x0000000705dfffe8, 0x0000000705e00000| 99%| O|  |TS  0|AC  0|TAMS 0x0000000705d00000, 0x0000000705d00000|
|  94|0x0000000705e00000, 0x0000000705efffe8, 0x0000000705f00000| 99%| O|  |TS  0|AC  0|TAMS 0x0000000705e00000, 0x0000000705e00000|
|  95|0x0000000705f00000, 0x0000000706000000, 0x0000000706000000|100%| O|  |TS  0|AC  0|TAMS 0x0000000705f00000, 0x0000000705f00000|
|  96|0x0000000706000000, 0x00000007060fffc8, 0x0000000706100000| 99%| O|  |TS  0|AC  0|TAMS 0x0000000706000000, 0x0000000706000000|
|  97|0x0000000706100000, 0x00000007061dff08, 0x0000000706200000| 87%| O|  |TS  0|AC  0|TAMS 0x0000000706100000, 0x0000000706100000|
|  98|0x0000000706200000, 0x0000000706200000, 0x0000000706300000|  0%| F|  |TS  0|AC  0|TAMS 0x0000000706200000, 0x0000000706200000|
|  99|0x0000000706300000, 0x0000000706300000, 0x0000000706400000|  0%| F|  |TS  0|AC  0|TAMS 0x0000000706300000, 0x0000000706300000|
| 100|0x0000000706400000, 0x0000000706500000, 0x0000000706500000|100%|HS|  |TS  0|AC  0|TAMS 0x0000000706400000, 0x0000000706400000|
| 101|0x0000000706500000, 0x0000000706600000, 0x0000000706600000|100%|HC|  |TS  0|AC  0|TAMS 0x0000000706500000, 0x0000000706500000|
| 102|0x0000000706600000, 0x0000000706700000, 0x0000000706700000|100%|HC|  |TS  0|AC  0|TAMS 0x0000000706600000, 0x0000000706600000|
| 103|0x0000000706700000, 0x0000000706800000, 0x0000000706800000|100%|HC|  |TS  0|AC  0|TAMS 0x0000000706700000, 0x0000000706700000|
| 104|0x0000000706800000, 0x0000000706900000, 0x0000000706900000|100%|HC|  |TS  0|AC  0|TAMS 0x0000000706800000, 0x0000000706800000|
| 105|0x0000000706900000, 0x0000000706a00000, 0x0000000706a00000|100%|HC|  |TS  0|AC  0|TAMS 0x0000000706900000, 0x0000000706900000|
| 106|0x0000000706a00000, 0x0000000706a00000, 0x0000000706b00000|  0%| F|  |TS  0|AC  0|TAMS 0x0000000706a00000, 0x0000000706a00000|
| 107|0x0000000706b00000, 0x0000000706b00000, 0x0000000706c00000|  0%| F|  |TS  0|AC  0|TAMS 0x0000000706b00000, 0x0000000706b00000|
| 108|0x0000000706c00000, 0x0000000706c00000, 0x0000000706d00000|  0%| F|  |TS  0|AC  0|TAMS 0x0000000706c00000, 0x0000000706c00000|
| 109|0x0000000706d00000, 0x0000000706d00000, 0x0000000706e00000|  0%| F|  |TS  0|AC  0|TAMS 0x0000000706d00000, 0x0000000706d00000|
| 110|0x0000000706e00000, 0x0000000706e00000, 0x0000000706f00000|  0%| F|  |TS  0|AC  0|TAMS 0x0000000706e00000, 0x0000000706e00000|
| 111|0x0000000706f00000, 0x0000000706f00000, 0x0000000707000000|  0%| F|  |TS  0|AC  0|TAMS 0x0000000706f00000, 0x0000000706f00000|
| 112|0x0000000707000000, 0x0000000707100000, 0x0000000707100000|100%|HS|  |TS  0|AC  0|TAMS 0x0000000707000000, 0x0000000707000000|
| 113|0x0000000707100000, 0x0000000707200000, 0x0000000707200000|100%|HC|  |TS  0|AC  0|TAMS 0x0000000707100000, 0x0000000707100000|
| 114|0x0000000707200000, 0x0000000707200000, 0x0000000707300000|  0%| F|  |TS  0|AC  0|TAMS 0x0000000707200000, 0x0000000707200000|
| 115|0x0000000707300000, 0x0000000707300000, 0x0000000707400000|  0%| F|  |TS  0|AC  0|TAMS 0x0000000707300000, 0x0000000707300000|
| 116|0x0000000707400000, 0x0000000707400000, 0x0000000707500000|  0%| F|  |TS  0|AC  0|TAMS 0x0000000707400000, 0x0000000707400000|
| 117|0x0000000707500000, 0x0000000707500000, 0x0000000707600000|  0%| F|  |TS  0|AC  0|TAMS 0x0000000707500000, 0x0000000707500000|
| 118|0x0000000707600000, 0x0000000707600000, 0x0000000707700000|  0%| F|  |TS  0|AC  0|TAMS 0x0000000707600000, 0x0000000707600000|
| 119|0x0000000707700000, 0x0000000707700000, 0x0000000707800000|  0%| F|  |TS  0|AC  0|TAMS 0x0000000707700000, 0x0000000707700000|
| 120|0x0000000707800000, 0x0000000707800000, 0x0000000707900000|  0%| F|  |TS  0|AC  0|TAMS 0x0000000707800000, 0x0000000707800000|
| 121|0x0000000707900000, 0x0000000707900000, 0x0000000707a00000|  0%| F|  |TS  0|AC  0|TAMS 0x0000000707900000, 0x0000000707900000|
| 122|0x0000000707a00000, 0x0000000707a00000, 0x0000000707b00000|  0%| F|  |TS  0|AC  0|TAMS 0x0000000707a00000, 0x0000000707a00000|
| 123|0x0000000707b00000, 0x0000000707b00000, 0x0000000707c00000|  0%| F|  |TS  0|AC  0|TAMS 0x0000000707b00000, 0x0000000707b00000|
| 124|0x0000000707c00000, 0x0000000707c00000, 0x0000000707d00000|  0%| F|  |TS  0|AC  0|TAMS 0x0000000707c00000, 0x0000000707c00000|
| 125|0x0000000707d00000, 0x0000000707d00000, 0x0000000707e00000|  0%| F|  |TS  0|AC  0|TAMS 0x0000000707d00000, 0x0000000707d00000|
| 126|0x0000000707e00000, 0x0000000707e00000, 0x0000000707f00000|  0%| F|  |TS  0|AC  0|TAMS 0x0000000707e00000, 0x0000000707e00000|
| 127|0x0000000707f00000, 0x0000000707f00000, 0x0000000708000000|  0%| F|  |TS  0|AC  0|TAMS 0x0000000707f00000, 0x0000000707f00000|
| 128|0x0000000708000000, 0x0000000708000000, 0x0000000708100000|  0%| F|  |TS  0|AC  0|TAMS 0x0000000708000000, 0x0000000708000000|
| 129|0x0000000708100000, 0x0000000708100000, 0x0000000708200000|  0%| F|  |TS  0|AC  0|TAMS 0x0000000708100000, 0x0000000708100000|
| 130|0x0000000708200000, 0x0000000708200000, 0x0000000708300000|  0%| F|  |TS  0|AC  0|TAMS 0x0000000708200000, 0x0000000708200000|
| 131|0x0000000708300000, 0x0000000708300000, 0x0000000708400000|  0%| F|  |TS  0|AC  0|TAMS 0x0000000708300000, 0x0000000708300000|
| 132|0x0000000708400000, 0x0000000708400000, 0x0000000708500000|  0%| F|  |TS  0|AC  0|TAMS 0x0000000708400000, 0x0000000708400000|
| 133|0x0000000708500000, 0x0000000708500000, 0x0000000708600000|  0%| F|  |TS  0|AC  0|TAMS 0x0000000708500000, 0x0000000708500000|
| 134|0x0000000708600000, 0x0000000708600000, 0x0000000708700000|  0%| F|  |TS  0|AC  0|TAMS 0x0000000708600000, 0x0000000708600000|
| 135|0x0000000708700000, 0x0000000708700000, 0x0000000708800000|  0%| F|  |TS  0|AC  0|TAMS 0x0000000708700000, 0x0000000708700000|
| 136|0x0000000708800000, 0x0000000708800000, 0x0000000708900000|  0%| F|  |TS  0|AC  0|TAMS 0x0000000708800000, 0x0000000708800000|
| 137|0x0000000708900000, 0x0000000708900000, 0x0000000708a00000|  0%| F|  |TS  0|AC  0|TAMS 0x0000000708900000, 0x0000000708900000|
| 138|0x0000000708a00000, 0x0000000708a00000, 0x0000000708b00000|  0%| F|  |TS  0|AC  0|TAMS 0x0000000708a00000, 0x0000000708a00000|
| 139|0x0000000708b00000, 0x0000000708b00000, 0x0000000708c00000|  0%| F|  |TS  0|AC  0|TAMS 0x0000000708b00000, 0x0000000708b00000|
| 140|0x0000000708c00000, 0x0000000708c00000, 0x0000000708d00000|  0%| F|  |TS  0|AC  0|TAMS 0x0000000708c00000, 0x0000000708c00000|
| 141|0x0000000708d00000, 0x0000000708d00000, 0x0000000708e00000|  0%| F|  |TS  0|AC  0|TAMS 0x0000000708d00000, 0x0000000708d00000|
| 142|0x0000000708e00000, 0x0000000708e00000, 0x0000000708f00000|  0%| F|  |TS  0|AC  0|TAMS 0x0000000708e00000, 0x0000000708e00000|
| 143|0x0000000708f00000, 0x0000000708f00000, 0x0000000709000000|  0%| F|  |TS  0|AC  0|TAMS 0x0000000708f00000, 0x0000000708f00000|
| 144|0x0000000709000000, 0x0000000709000000, 0x0000000709100000|  0%| F|  |TS  0|AC  0|TAMS 0x0000000709000000, 0x0000000709000000|
| 145|0x0000000709100000, 0x0000000709100000, 0x0000000709200000|  0%| F|  |TS  0|AC  0|TAMS 0x0000000709100000, 0x0000000709100000|
| 146|0x0000000709200000, 0x0000000709200000, 0x0000000709300000|  0%| F|  |TS  0|AC  0|TAMS 0x0000000709200000, 0x0000000709200000|
| 147|0x0000000709300000, 0x0000000709300000, 0x0000000709400000|  0%| F|  |TS  0|AC  0|TAMS 0x0000000709300000, 0x0000000709300000|
| 148|0x0000000709400000, 0x0000000709400000, 0x0000000709500000|  0%| F|  |TS  0|AC  0|TAMS 0x0000000709400000, 0x0000000709400000|
| 149|0x0000000709500000, 0x0000000709500000, 0x0000000709600000|  0%| F|  |TS  0|AC  0|TAMS 0x0000000709500000, 0x0000000709500000|
| 150|0x0000000709600000, 0x0000000709600000, 0x0000000709700000|  0%| F|  |TS  0|AC  0|TAMS 0x0000000709600000, 0x0000000709600000|
| 151|0x0000000709700000, 0x0000000709700000, 0x0000000709800000|  0%| F|  |TS  0|AC  0|TAMS 0x0000000709700000, 0x0000000709700000|
| 152|0x0000000709800000, 0x0000000709800000, 0x0000000709900000|  0%| F|  |TS  0|AC  0|TAMS 0x0000000709800000, 0x0000000709800000|
| 153|0x0000000709900000, 0x0000000709900000, 0x0000000709a00000|  0%| F|  |TS  0|AC  0|TAMS 0x0000000709900000, 0x0000000709900000|
| 154|0x0000000709a00000, 0x0000000709a00000, 0x0000000709b00000|  0%| F|  |TS  0|AC  0|TAMS 0x0000000709a00000, 0x0000000709a00000|
| 155|0x0000000709b00000, 0x0000000709b00000, 0x0000000709c00000|  0%| F|  |TS  0|AC  0|TAMS 0x0000000709b00000, 0x0000000709b00000|
| 156|0x0000000709c00000, 0x0000000709c00000, 0x0000000709d00000|  0%| F|  |TS  0|AC  0|TAMS 0x0000000709c00000, 0x0000000709c00000|
| 157|0x0000000709d00000, 0x0000000709d00000, 0x0000000709e00000|  0%| F|  |TS  0|AC  0|TAMS 0x0000000709d00000, 0x0000000709d00000|
| 158|0x0000000709e00000, 0x0000000709e00000, 0x0000000709f00000|  0%| F|  |TS  0|AC  0|TAMS 0x0000000709e00000, 0x0000000709e00000|
| 159|0x0000000709f00000, 0x0000000709f00000, 0x000000070a000000|  0%| F|  |TS  0|AC  0|TAMS 0x0000000709f00000, 0x0000000709f00000|
| 160|0x000000070a000000, 0x000000070a000000, 0x000000070a100000|  0%| F|  |TS  0|AC  0|TAMS 0x000000070a000000, 0x000000070a000000|
| 161|0x000000070a100000, 0x000000070a100000, 0x000000070a200000|  0%| F|  |TS  0|AC  0|TAMS 0x000000070a100000, 0x000000070a100000|
| 162|0x000000070a200000, 0x000000070a200000, 0x000000070a300000|  0%| F|  |TS  0|AC  0|TAMS 0x000000070a200000, 0x000000070a200000|
| 163|0x000000070a300000, 0x000000070a300000, 0x000000070a400000|  0%| F|  |TS  0|AC  0|TAMS 0x000000070a300000, 0x000000070a300000|
| 164|0x000000070a400000, 0x000000070a400000, 0x000000070a500000|  0%| F|  |TS  0|AC  0|TAMS 0x000000070a400000, 0x000000070a400000|
| 165|0x000000070a500000, 0x000000070a500000, 0x000000070a600000|  0%| F|  |TS  0|AC  0|TAMS 0x000000070a500000, 0x000000070a500000|
| 166|0x000000070a600000, 0x000000070a600000, 0x000000070a700000|  0%| F|  |TS  0|AC  0|TAMS 0x000000070a600000, 0x000000070a600000|
| 167|0x000000070a700000, 0x000000070a700000, 0x000000070a800000|  0%| F|  |TS  0|AC  0|TAMS 0x000000070a700000, 0x000000070a700000|
| 168|0x000000070a800000, 0x000000070a800000, 0x000000070a900000|  0%| F|  |TS  0|AC  0|TAMS 0x000000070a800000, 0x000000070a800000|
| 169|0x000000070a900000, 0x000000070a900000, 0x000000070aa00000|  0%| F|  |TS  0|AC  0|TAMS 0x000000070a900000, 0x000000070a900000|
| 170|0x000000070aa00000, 0x000000070aa00000, 0x000000070ab00000|  0%| F|  |TS  0|AC  0|TAMS 0x000000070aa00000, 0x000000070aa00000|
| 171|0x000000070ab00000, 0x000000070ab00000, 0x000000070ac00000|  0%| F|  |TS  0|AC  0|TAMS 0x000000070ab00000, 0x000000070ab00000|
| 172|0x000000070ac00000, 0x000000070ac00000, 0x000000070ad00000|  0%| F|  |TS  0|AC  0|TAMS 0x000000070ac00000, 0x000000070ac00000|
| 173|0x000000070ad00000, 0x000000070ad00000, 0x000000070ae00000|  0%| F|  |TS  0|AC  0|TAMS 0x000000070ad00000, 0x000000070ad00000|
| 174|0x000000070ae00000, 0x000000070ae00000, 0x000000070af00000|  0%| F|  |TS  0|AC  0|TAMS 0x000000070ae00000, 0x000000070ae00000|
| 175|0x000000070af00000, 0x000000070af00000, 0x000000070b000000|  0%| F|  |TS  0|AC  0|TAMS 0x000000070af00000, 0x000000070af00000|
| 176|0x000000070b000000, 0x000000070b000000, 0x000000070b100000|  0%| F|  |TS  0|AC  0|TAMS 0x000000070b000000, 0x000000070b000000|
| 177|0x000000070b100000, 0x000000070b100000, 0x000000070b200000|  0%| F|  |TS  0|AC  0|TAMS 0x000000070b100000, 0x000000070b100000|
| 178|0x000000070b200000, 0x000000070b200000, 0x000000070b300000|  0%| F|  |TS  0|AC  0|TAMS 0x000000070b200000, 0x000000070b200000|
| 179|0x000000070b300000, 0x000000070b300000, 0x000000070b400000|  0%| F|  |TS  0|AC  0|TAMS 0x000000070b300000, 0x000000070b300000|
| 180|0x000000070b400000, 0x000000070b400000, 0x000000070b500000|  0%| F|  |TS  0|AC  0|TAMS 0x000000070b400000, 0x000000070b400000|
| 181|0x000000070b500000, 0x000000070b500000, 0x000000070b600000|  0%| F|  |TS 11|AC  0|TAMS 0x000000070b500000, 0x000000070b500000|
| 182|0x000000070b600000, 0x000000070b694c30, 0x000000070b700000| 58%| S|CS|TS 11|AC  0|TAMS 0x000000070b600000, 0x000000070b600000|
| 183|0x000000070b700000, 0x000000070b700000, 0x000000070b800000|  0%| F|  |TS 11|AC  0|TAMS 0x000000070b700000, 0x000000070b700000|
| 184|0x000000070b800000, 0x000000070b800000, 0x000000070b900000|  0%| F|  |TS 11|AC  0|TAMS 0x000000070b800000, 0x000000070b800000|
| 185|0x000000070b900000, 0x000000070b900000, 0x000000070ba00000|  0%| F|  |TS 11|AC  0|TAMS 0x000000070b900000, 0x000000070b900000|
| 186|0x000000070ba00000, 0x000000070ba00000, 0x000000070bb00000|  0%| F|  |TS 11|AC  0|TAMS 0x000000070ba00000, 0x000000070ba00000|
| 187|0x000000070bb00000, 0x000000070bb00000, 0x000000070bc00000|  0%| F|  |TS 11|AC  0|TAMS 0x000000070bb00000, 0x000000070bb00000|
| 188|0x000000070bc00000, 0x000000070bc00000, 0x000000070bd00000|  0%| F|  |TS 11|AC  0|TAMS 0x000000070bc00000, 0x000000070bc00000|
| 189|0x000000070bd00000, 0x000000070bd00000, 0x000000070be00000|  0%| F|  |TS 11|AC  0|TAMS 0x000000070bd00000, 0x000000070bd00000|
| 190|0x000000070be00000, 0x000000070be061a8, 0x000000070bf00000|  2%| E|  |TS 11|AC  0|TAMS 0x000000070be00000, 0x000000070be00000|
| 191|0x000000070bf00000, 0x000000070c000000, 0x000000070c000000|100%| E|CS|TS 11|AC  0|TAMS 0x000000070bf00000, 0x000000070bf00000|
| 192|0x000000070c000000, 0x000000070c100000, 0x000000070c100000|100%| E|CS|TS 11|AC  0|TAMS 0x000000070c000000, 0x000000070c000000|
| 193|0x000000070c100000, 0x000000070c200000, 0x000000070c200000|100%| E|CS|TS 11|AC  0|TAMS 0x000000070c100000, 0x000000070c100000|
| 194|0x000000070c200000, 0x000000070c300000, 0x000000070c300000|100%| E|CS|TS 11|AC  0|TAMS 0x000000070c200000, 0x000000070c200000|
| 195|0x000000070c300000, 0x000000070c400000, 0x000000070c400000|100%| E|CS|TS 11|AC  0|TAMS 0x000000070c300000, 0x000000070c300000|
| 196|0x000000070c400000, 0x000000070c500000, 0x000000070c500000|100%| E|CS|TS 11|AC  0|TAMS 0x000000070c400000, 0x000000070c400000|
| 197|0x000000070c500000, 0x000000070c600000, 0x000000070c600000|100%| E|CS|TS 11|AC  0|TAMS 0x000000070c500000, 0x000000070c500000|
| 198|0x000000070c600000, 0x000000070c700000, 0x000000070c700000|100%| E|CS|TS 11|AC  0|TAMS 0x000000070c600000, 0x000000070c600000|
| 199|0x000000070c700000, 0x000000070c800000, 0x000000070c800000|100%| E|CS|TS 11|AC  0|TAMS 0x000000070c700000, 0x000000070c700000|
| 200|0x000000070c800000, 0x000000070c900000, 0x000000070c900000|100%| E|CS|TS 11|AC  0|TAMS 0x000000070c800000, 0x000000070c800000|
| 201|0x000000070c900000, 0x000000070ca00000, 0x000000070ca00000|100%| E|CS|TS 11|AC  0|TAMS 0x000000070c900000, 0x000000070c900000|
| 202|0x000000070ca00000, 0x000000070cb00000, 0x000000070cb00000|100%| E|CS|TS 11|AC  0|TAMS 0x000000070ca00000, 0x000000070ca00000|
| 203|0x000000070cb00000, 0x000000070cc00000, 0x000000070cc00000|100%| E|CS|TS 11|AC  0|TAMS 0x000000070cb00000, 0x000000070cb00000|
| 204|0x000000070cc00000, 0x000000070cd00000, 0x000000070cd00000|100%| E|CS|TS 11|AC  0|TAMS 0x000000070cc00000, 0x000000070cc00000|
| 205|0x000000070cd00000, 0x000000070ce00000, 0x000000070ce00000|100%| E|CS|TS 11|AC  0|TAMS 0x000000070cd00000, 0x000000070cd00000|
| 206|0x000000070ce00000, 0x000000070cf00000, 0x000000070cf00000|100%| E|CS|TS 11|AC  0|TAMS 0x000000070ce00000, 0x000000070ce00000|
| 207|0x000000070cf00000, 0x000000070d000000, 0x000000070d000000|100%| E|CS|TS 11|AC  0|TAMS 0x000000070cf00000, 0x000000070cf00000|
| 208|0x000000070d000000, 0x000000070d100000, 0x000000070d100000|100%| E|CS|TS 11|AC  0|TAMS 0x000000070d000000, 0x000000070d000000|
| 209|0x000000070d100000, 0x000000070d200000, 0x000000070d200000|100%| E|CS|TS 11|AC  0|TAMS 0x000000070d100000, 0x000000070d100000|
| 210|0x000000070d200000, 0x000000070d300000, 0x000000070d300000|100%| E|CS|TS 11|AC  0|TAMS 0x000000070d200000, 0x000000070d200000|
| 211|0x000000070d300000, 0x000000070d400000, 0x000000070d400000|100%| E|CS|TS 11|AC  0|TAMS 0x000000070d300000, 0x000000070d300000|
| 212|0x000000070d400000, 0x000000070d500000, 0x000000070d500000|100%| E|CS|TS 11|AC  0|TAMS 0x000000070d400000, 0x000000070d400000|
| 213|0x000000070d500000, 0x000000070d600000, 0x000000070d600000|100%| E|CS|TS 11|AC  0|TAMS 0x000000070d500000, 0x000000070d500000|
| 214|0x000000070d600000, 0x000000070d700000, 0x000000070d700000|100%| E|CS|TS 11|AC  0|TAMS 0x000000070d600000, 0x000000070d600000|
| 215|0x000000070d700000, 0x000000070d800000, 0x000000070d800000|100%| E|CS|TS 11|AC  0|TAMS 0x000000070d700000, 0x000000070d700000|
| 216|0x000000070d800000, 0x000000070d900000, 0x000000070d900000|100%| E|CS|TS 11|AC  0|TAMS 0x000000070d800000, 0x000000070d800000|
| 217|0x000000070d900000, 0x000000070da00000, 0x000000070da00000|100%| E|CS|TS 11|AC  0|TAMS 0x000000070d900000, 0x000000070d900000|
| 218|0x000000070da00000, 0x000000070db00000, 0x000000070db00000|100%| E|CS|TS 11|AC  0|TAMS 0x000000070da00000, 0x000000070da00000|
| 219|0x000000070db00000, 0x000000070dc00000, 0x000000070dc00000|100%| E|CS|TS 11|AC  0|TAMS 0x000000070db00000, 0x000000070db00000|
| 220|0x000000070dc00000, 0x000000070dd00000, 0x000000070dd00000|100%| E|CS|TS 11|AC  0|TAMS 0x000000070dc00000, 0x000000070dc00000|
| 221|0x000000070dd00000, 0x000000070de00000, 0x000000070de00000|100%| E|CS|TS 11|AC  0|TAMS 0x000000070dd00000, 0x000000070dd00000|
| 222|0x000000070de00000, 0x000000070df00000, 0x000000070df00000|100%| E|CS|TS 11|AC  0|TAMS 0x000000070de00000, 0x000000070de00000|
| 223|0x000000070df00000, 0x000000070e000000, 0x000000070e000000|100%| E|CS|TS 11|AC  0|TAMS 0x000000070df00000, 0x000000070df00000|
| 224|0x000000070e000000, 0x000000070e100000, 0x000000070e100000|100%| E|CS|TS 11|AC  0|TAMS 0x000000070e000000, 0x000000070e000000|
| 225|0x000000070e100000, 0x000000070e200000, 0x000000070e200000|100%| E|CS|TS 11|AC  0|TAMS 0x000000070e100000, 0x000000070e100000|
| 226|0x000000070e200000, 0x000000070e300000, 0x000000070e300000|100%| E|CS|TS 11|AC  0|TAMS 0x000000070e200000, 0x000000070e200000|
| 227|0x000000070e300000, 0x000000070e400000, 0x000000070e400000|100%| E|CS|TS 11|AC  0|TAMS 0x000000070e300000, 0x000000070e300000|
| 228|0x000000070e400000, 0x000000070e500000, 0x000000070e500000|100%| E|CS|TS 11|AC  0|TAMS 0x000000070e400000, 0x000000070e400000|
| 229|0x000000070e500000, 0x000000070e600000, 0x000000070e600000|100%| E|CS|TS 11|AC  0|TAMS 0x000000070e500000, 0x000000070e500000|
| 230|0x000000070e600000, 0x000000070e700000, 0x000000070e700000|100%| E|CS|TS 11|AC  0|TAMS 0x000000070e600000, 0x000000070e600000|
| 231|0x000000070e700000, 0x000000070e800000, 0x000000070e800000|100%| E|CS|TS 11|AC  0|TAMS 0x000000070e700000, 0x000000070e700000|
| 232|0x000000070e800000, 0x000000070e900000, 0x000000070e900000|100%| E|CS|TS 11|AC  0|TAMS 0x000000070e800000, 0x000000070e800000|
| 233|0x000000070e900000, 0x000000070ea00000, 0x000000070ea00000|100%| E|CS|TS 11|AC  0|TAMS 0x000000070e900000, 0x000000070e900000|
| 234|0x000000070ea00000, 0x000000070eb00000, 0x000000070eb00000|100%| E|CS|TS 11|AC  0|TAMS 0x000000070ea00000, 0x000000070ea00000|
| 235|0x000000070eb00000, 0x000000070ec00000, 0x000000070ec00000|100%| E|CS|TS 11|AC  0|TAMS 0x000000070eb00000, 0x000000070eb00000|
| 236|0x000000070ec00000, 0x000000070ed00000, 0x000000070ed00000|100%| E|CS|TS 11|AC  0|TAMS 0x000000070ec00000, 0x000000070ec00000|
| 237|0x000000070ed00000, 0x000000070ee00000, 0x000000070ee00000|100%| E|CS|TS 11|AC  0|TAMS 0x000000070ed00000, 0x000000070ed00000|
| 238|0x000000070ee00000, 0x000000070ef00000, 0x000000070ef00000|100%| E|CS|TS 11|AC  0|TAMS 0x000000070ee00000, 0x000000070ee00000|
| 239|0x000000070ef00000, 0x000000070f000000, 0x000000070f000000|100%| E|CS|TS 11|AC  0|TAMS 0x000000070ef00000, 0x000000070ef00000|
| 240|0x000000070f000000, 0x000000070f100000, 0x000000070f100000|100%| E|CS|TS 11|AC  0|TAMS 0x000000070f000000, 0x000000070f000000|
| 241|0x000000070f100000, 0x000000070f200000, 0x000000070f200000|100%| E|CS|TS 11|AC  0|TAMS 0x000000070f100000, 0x000000070f100000|

Card table byte_map: [0x00000195971d0000,0x00000195977d0000] byte_map_base: 0x00000195939d0000

Marking Bits (Prev, Next): (CMBitMap*) 0x00000195f88769c8, (CMBitMap*) 0x00000195f8876990
 Prev Bits: [0x000001959add0000, 0x000001959ddd0000)
 Next Bits: [0x0000019597dd0000, 0x000001959add0000)

Polling page: 0x0000019580000000

CodeHeap 'non-profiled nmethods': size=120000Kb used=26597Kb max_used=26597Kb free=93402Kb
 bounds [0x000001958e630000, 0x0000019590030000, 0x0000019595b60000]
CodeHeap 'profiled nmethods': size=120000Kb used=47328Kb max_used=48533Kb free=72671Kb
 bounds [0x0000019587100000, 0x000001958a120000, 0x000001958e630000]
CodeHeap 'non-nmethods': size=5760Kb used=1820Kb max_used=1868Kb free=3939Kb
 bounds [0x0000019586b60000, 0x0000019586dd0000, 0x0000019587100000]
 total_blobs=38733 nmethods=19985 adapters=1163
 compilation: enabled

Compilation events (10 events):
Event: 2884.199 Thread 0x00000195fcd30000 26280       4       ui.views.c.t.a.f::aES (33 bytes)
Event: 2884.200 Thread 0x00000195fcd30000 nmethod 26280 0x000001959002af10 code [0x000001959002b0c0, 0x000001959002b228]
Event: 2884.891 Thread 0x00000195fcd31000 26281       3       java.awt.Window::isFocused (16 bytes)
Event: 2884.892 Thread 0x00000195fcd31000 nmethod 26281 0x0000019588fd2690 code [0x0000019588fd28c0, 0x0000019588fd2f70]
Event: 2886.012 Thread 0x00000195f8b75000 26282       4       ui.views.c.t.a.a::aES (19 bytes)
Event: 2886.012 Thread 0x00000195fcd2e800 26283       4       ui.views.c.t.a.k::aES (33 bytes)
Event: 2886.013 Thread 0x00000195f8b75000 nmethod 26282 0x000001959002b410 code [0x000001959002b5c0, 0x000001959002b6c8]
Event: 2886.014 Thread 0x00000195fcd2e800 nmethod 26283 0x000001959002b810 code [0x000001959002b9c0, 0x000001959002bb28]
Event: 2886.777 Thread 0x00000195fcd31000 26284       3       java.util.concurrent.locks.AbstractQueuedSynchronizer$Node::predecessor (19 bytes)
Event: 2886.778 Thread 0x00000195fcd31000 nmethod 26284 0x0000019588e35590 code [0x0000019588e35740, 0x0000019588e35990]

GC Heap History (10 events):
Event: 2881.026 GC heap before
{Heap before GC invocations=603 (full 58):
 garbage-first heap   total 247808K, used 168866K [0x0000000700000000, 0x0000000700100790, 0x00000007c0000000)
  region size 1024K, 60 young (61440K), 1 survivors (1024K)
 Metaspace       used 92916K, capacity 100359K, committed 100556K, reserved 1134592K
  class space    used 13227K, capacity 14507K, committed 14540K, reserved 1048576K
}
Event: 2881.028 GC heap after
{Heap after GC invocations=604 (full 58):
 garbage-first heap   total 247808K, used 108188K [0x0000000700000000, 0x0000000700100790, 0x00000007c0000000)
  region size 1024K, 1 young (1024K), 1 survivors (1024K)
 Metaspace       used 92916K, capacity 100359K, committed 100556K, reserved 1134592K
  class space    used 13227K, capacity 14507K, committed 14540K, reserved 1048576K
}
Event: 2882.414 GC heap before
{Heap before GC invocations=604 (full 58):
 garbage-first heap   total 247808K, used 168604K [0x0000000700000000, 0x0000000700100790, 0x00000007c0000000)
  region size 1024K, 60 young (61440K), 1 survivors (1024K)
 Metaspace       used 92921K, capacity 100359K, committed 100556K, reserved 1134592K
  class space    used 13227K, capacity 14507K, committed 14540K, reserved 1048576K
}
Event: 2882.416 GC heap after
{Heap after GC invocations=605 (full 58):
 garbage-first heap   total 247808K, used 108571K [0x0000000700000000, 0x0000000700100790, 0x00000007c0000000)
  region size 1024K, 1 young (1024K), 1 survivors (1024K)
 Metaspace       used 92921K, capacity 100359K, committed 100556K, reserved 1134592K
  class space    used 13227K, capacity 14507K, committed 14540K, reserved 1048576K
}
Event: 2882.815 GC heap before
{Heap before GC invocations=605 (full 58):
 garbage-first heap   total 247808K, used 168987K [0x0000000700000000, 0x0000000700100790, 0x00000007c0000000)
  region size 1024K, 60 young (61440K), 1 survivors (1024K)
 Metaspace       used 92923K, capacity 100359K, committed 100556K, reserved 1134592K
  class space    used 13227K, capacity 14507K, committed 14540K, reserved 1048576K
}
Event: 2882.817 GC heap after
{Heap after GC invocations=606 (full 58):
 garbage-first heap   total 247808K, used 108133K [0x0000000700000000, 0x0000000700100790, 0x00000007c0000000)
  region size 1024K, 1 young (1024K), 1 survivors (1024K)
 Metaspace       used 92923K, capacity 100359K, committed 100556K, reserved 1134592K
  class space    used 13227K, capacity 14507K, committed 14540K, reserved 1048576K
}
Event: 2884.168 GC heap before
{Heap before GC invocations=606 (full 58):
 garbage-first heap   total 247808K, used 168549K [0x0000000700000000, 0x0000000700100790, 0x00000007c0000000)
  region size 1024K, 60 young (61440K), 1 survivors (1024K)
 Metaspace       used 92924K, capacity 100359K, committed 100556K, reserved 1134592K
  class space    used 13227K, capacity 14507K, committed 14540K, reserved 1048576K
}
Event: 2884.171 GC heap after
{Heap after GC invocations=607 (full 58):
 garbage-first heap   total 247808K, used 108264K [0x0000000700000000, 0x0000000700100790, 0x00000007c0000000)
  region size 1024K, 1 young (1024K), 1 survivors (1024K)
 Metaspace       used 92924K, capacity 100359K, committed 100556K, reserved 1134592K
  class space    used 13227K, capacity 14507K, committed 14540K, reserved 1048576K
}
Event: 2884.848 GC heap before
{Heap before GC invocations=607 (full 58):
 garbage-first heap   total 247808K, used 168680K [0x0000000700000000, 0x0000000700100790, 0x00000007c0000000)
  region size 1024K, 60 young (61440K), 1 survivors (1024K)
 Metaspace       used 92924K, capacity 100359K, committed 100556K, reserved 1134592K
  class space    used 13227K, capacity 14507K, committed 14540K, reserved 1048576K
}
Event: 2884.851 GC heap after
{Heap after GC invocations=608 (full 58):
 garbage-first heap   total 247808K, used 108220K [0x0000000700000000, 0x0000000700100790, 0x00000007c0000000)
  region size 1024K, 1 young (1024K), 1 survivors (1024K)
 Metaspace       used 92924K, capacity 100359K, committed 100556K, reserved 1134592K
  class space    used 13227K, capacity 14507K, committed 14540K, reserved 1048576K
}

Deoptimization events (10 events):
Event: 2867.502 Thread 0x00000195a39fc000 Uncommon trap: reason=class_check action=maybe_recompile pc=0x000001958f741ea4 method=com.jidesoft.editor.CodeEditor.getIntegerOffsetToX(I)I @ 205 c2
Event: 2867.502 Thread 0x00000195a39fc000 Uncommon trap: reason=class_check action=maybe_recompile pc=0x000001958f8f3508 method=com.jidesoft.editor.c.<init>(Lcom/jidesoft/editor/CodeEditor;I)V @ 40 c2
Event: 2867.502 Thread 0x00000195a39fc000 Uncommon trap: reason=unstable_if action=reinterpret pc=0x000001958f9e71bc method=ui.utils.swing.ab.y(Ljava/awt/Container;)V @ 192 c2
Event: 2867.566 Thread 0x00000195a39fc000 Uncommon trap: reason=unstable_if action=reinterpret pc=0x000001958fb9ef60 method=java.awt.Component.dispatchEventImpl(Ljava/awt/AWTEvent;)V @ 302 c2
Event: 2867.566 Thread 0x00000195a39fc000 Uncommon trap: reason=unstable_if action=reinterpret pc=0x000001958e8229ec method=sun.awt.im.InputContext.getComponentWindow(Ljava/awt/Component;)Ljava/awt/Window; @ 1 c2
Event: 2873.690 Thread 0x00000195a39fc000 Uncommon trap: reason=unstable_if action=reinterpret pc=0x000001958f12fbb0 method=java.util.regex.Pattern$BnM.match(Ljava/util/regex/Matcher;ILjava/lang/CharSequence;)Z @ 56 c2
Event: 2873.691 Thread 0x00000195a39fc000 Uncommon trap: reason=unstable_if action=reinterpret pc=0x000001958ff4ae4c method=ui.views.w.b.p.iKW()Lui/views/w/b/al; @ 39 c2
Event: 2873.719 Thread 0x00000195a39fc000 Uncommon trap: reason=unstable_if action=reinterpret pc=0x000001958e8d9950 method=java.lang.AbstractStringBuilder.append(I)Ljava/lang/AbstractStringBuilder; @ 21 c2
Event: 2879.904 Thread 0x00000195a35db000 Uncommon trap: reason=unstable_if action=reinterpret pc=0x000001958f7c1ee8 method=java.util.concurrent.locks.LockSupport.unpark(Ljava/lang/Thread;)V @ 1 c2
Event: 2886.643 Thread 0x00000195a35db000 Uncommon trap: reason=unstable_if action=reinterpret pc=0x000001958eca919c method=java.util.concurrent.locks.AbstractQueuedSynchronizer.acquireQueued(Ljava/util/concurrent/locks/AbstractQueuedSynchronizer$Node;I)Z @ 14 c2

Classes redefined (0 events):
No events

Internal exceptions (10 events):
Event: 2867.502 Thread 0x00000195f9e0a800 Exception <a 'java/lang/InterruptedException'{0x000000070ee02c20}: sleep interrupted> (0x000000070ee02c20) thrown at [t:/workspace/hotspot/src/share/vm/prims/jvm.cpp, line 3023]
Event: 2867.566 Thread 0x00000195a39fc000 Implicit null exception at 0x000001958fb9cef3 to 0x000001958fb9ef35
Event: 2868.991 Thread 0x00000195a39fc000 Exception <a 'java/io/FileNotFoundException'{0x000000070d1dc320}> (0x000000070d1dc320) thrown at [t:/workspace/hotspot/src/share/vm/prims/jni.cpp, line 604]
Event: 2870.845 Thread 0x00000195a39fc000 Exception <a 'java/io/FileNotFoundException'{0x000000070c8c4a80}> (0x000000070c8c4a80) thrown at [t:/workspace/hotspot/src/share/vm/prims/jni.cpp, line 604]
Event: 2875.260 Thread 0x00000195a70bf000 Exception <a 'java/lang/InterruptedException'{0x000000070c780d30}: sleep interrupted> (0x000000070c780d30) thrown at [t:/workspace/hotspot/src/share/vm/prims/jvm.cpp, line 2984]
Event: 2875.573 Thread 0x00000195a39fc000 Exception <a 'java/io/FileNotFoundException'{0x000000070e1122a8}> (0x000000070e1122a8) thrown at [t:/workspace/hotspot/src/share/vm/prims/jni.cpp, line 604]
Event: 2875.876 Thread 0x00000195a39fc000 Exception <a 'java/io/FileNotFoundException'{0x000000070c01f6a8}> (0x000000070c01f6a8) thrown at [t:/workspace/hotspot/src/share/vm/prims/jni.cpp, line 604]
Event: 2880.846 Thread 0x00000195a39fc000 Exception <a 'java/io/FileNotFoundException'{0x000000070e058f48}> (0x000000070e058f48) thrown at [t:/workspace/hotspot/src/share/vm/prims/jni.cpp, line 604]
Event: 2881.074 Thread 0x00000195a39fc000 Exception <a 'java/io/FileNotFoundException'{0x000000070e034d10}> (0x000000070e034d10) thrown at [t:/workspace/hotspot/src/share/vm/prims/jni.cpp, line 604]
Event: 2885.847 Thread 0x00000195a39fc000 Exception <a 'java/io/FileNotFoundException'{0x000000070c477ee8}> (0x000000070c477ee8) thrown at [t:/workspace/hotspot/src/share/vm/prims/jni.cpp, line 604]

Events (10 events):
Event: 2885.411 Thread 0x00000195a70c1000 Thread added: 0x00000195a70c1000
Event: 2885.414 Thread 0x00000195a70c1000 Thread exited: 0x00000195a70c1000
Event: 2885.979 Thread 0x00000195a70be000 Thread added: 0x00000195a70be000
Event: 2885.984 Executing VM operation: RevokeBias
Event: 2885.984 Executing VM operation: RevokeBias done
Event: 2886.412 Thread 0x00000195a70bb000 Thread added: 0x00000195a70bb000
Event: 2886.414 Thread 0x00000195a70bb000 Thread exited: 0x00000195a70bb000
Event: 2886.643 Thread 0x00000195a35db000 Uncommon trap: trap_request=0xffffff5d fr.pc=0x000001958eca919c relative=0x000000000000045c
Event: 2886.643 Thread 0x00000195a35db000 DEOPT PACKING pc=0x000001958eca919c sp=0x0000000100eff110
Event: 2886.643 Thread 0x00000195a35db000 DEOPT UNPACKING pc=0x0000019586badf29 sp=0x0000000100eff0d8 mode 2


Dynamic libraries:
0x00007ff6c65f0000 - 0x00007ff6c6620000 	D:\Xilinx\Vivado\2020.1\bin\unwrapped\win64.o\vivado.exe
0x00007ffd4ec90000 - 0x00007ffd4eea7000 	C:\WINDOWS\SYSTEM32\ntdll.dll
0x00007ffd4cb20000 - 0x00007ffd4cbe4000 	C:\WINDOWS\System32\KERNEL32.DLL
0x00007ffd4bf90000 - 0x00007ffd4c349000 	C:\WINDOWS\System32\KERNELBASE.dll
0x00007ffd4c830000 - 0x00007ffd4c941000 	C:\WINDOWS\System32\ucrtbase.dll
0x00007ffd3b8f0000 - 0x00007ffd3b97d000 	C:\WINDOWS\SYSTEM32\MSVCP140.dll
0x00007ffd40620000 - 0x00007ffd40634000 	D:\Xilinx\Vivado\2020.1\lib\win64.o\libboost_signals.dll
0x00007ffd3c370000 - 0x00007ffd3c38a000 	D:\Xilinx\Vivado\2020.1\lib\win64.o\librdi_commonmain.dll
0x00007ffd3b8d0000 - 0x00007ffd3b8ee000 	C:\WINDOWS\SYSTEM32\VCRUNTIME140.dll
0x00007ffd3b8c0000 - 0x00007ffd3b8cc000 	C:\WINDOWS\SYSTEM32\VCRUNTIME140_1.dll
0x00007ffd3c340000 - 0x00007ffd3c366000 	D:\Xilinx\Vivado\2020.1\lib\win64.o\libboost_filesystem.dll
0x00007ffd4cea0000 - 0x00007ffd4cf52000 	C:\WINDOWS\System32\ADVAPI32.dll
0x00007ffd4d200000 - 0x00007ffd4d2a7000 	C:\WINDOWS\System32\msvcrt.dll
0x00007ffd4db30000 - 0x00007ffd4dbd7000 	C:\WINDOWS\System32\sechost.dll
0x00007ffd46880000 - 0x00007ffd4688a000 	D:\Xilinx\Vivado\2020.1\lib\win64.o\librdi_commonversion.dll
0x00007ffd4c950000 - 0x00007ffd4c978000 	C:\WINDOWS\System32\bcrypt.dll
0x00007ffd4c9b0000 - 0x00007ffd4cac4000 	C:\WINDOWS\System32\RPCRT4.dll
0x00007ffd2c0d0000 - 0x00007ffd2c271000 	D:\Xilinx\Vivado\2020.1\lib\win64.o\librdi_commonxillic.dll
0x00000000587d0000 - 0x00000000588fb000 	D:\Xilinx\Vivado\2020.1\lib\win64.o\tcl85t.dll
0x00007ffd4d050000 - 0x00007ffd4d1fe000 	C:\WINDOWS\System32\USER32.dll
0x00007ffcecfe0000 - 0x00007ffcee0a6000 	D:\Xilinx\Vivado\2020.1\lib\win64.o\librdi_common.dll
0x00007ffd4eba0000 - 0x00007ffd4ec11000 	C:\WINDOWS\System32\WS2_32.dll
0x00007ffd4c980000 - 0x00007ffd4c9a6000 	C:\WINDOWS\System32\win32u.dll
0x00007ffd4e5c0000 - 0x00007ffd4e5e9000 	C:\WINDOWS\System32\GDI32.dll
0x00007ffd4d2b0000 - 0x00007ffd4db26000 	C:\WINDOWS\System32\SHELL32.dll
0x00007ffd4c710000 - 0x00007ffd4c82b000 	C:\WINDOWS\System32\gdi32full.dll
0x00007ffd4c670000 - 0x00007ffd4c70a000 	C:\WINDOWS\System32\msvcp_win.dll
0x00007ffd467b0000 - 0x00007ffd467bb000 	D:\Xilinx\Vivado\2020.1\lib\win64.o\libboost_system.dll
0x00007ffcfe570000 - 0x00007ffcfe684000 	D:\Xilinx\Vivado\2020.1\lib\win64.o\libboost_regex.dll
0x00007ffcfcd40000 - 0x00007ffcfd01b000 	D:\Xilinx\Vivado\2020.1\lib\win64.o\libXil_lmgr11.dll
0x00007ffd4e740000 - 0x00007ffd4e83f000 	C:\WINDOWS\System32\COMDLG32.dll
0x00007ffd4dbe0000 - 0x00007ffd4df6f000 	C:\WINDOWS\System32\combase.dll
0x00007ffd4eaa0000 - 0x00007ffd4eb99000 	C:\WINDOWS\System32\shcore.dll
0x00007ffcf6740000 - 0x00007ffcf6aae000 	D:\Xilinx\Vivado\2020.1\lib\win64.o\libCOIN-all.dll
0x00007ffd3c260000 - 0x00007ffd3c274000 	D:\Xilinx\Vivado\2020.1\lib\win64.o\libboost_date_time.dll
0x00007ffd4e860000 - 0x00007ffd4e8be000 	C:\WINDOWS\System32\SHLWAPI.dll
0x00007ffd4cf70000 - 0x00007ffd4d047000 	C:\WINDOWS\System32\OLEAUT32.dll
0x00007ffd4cc00000 - 0x00007ffd4cda5000 	C:\WINDOWS\System32\ole32.dll
0x00007ffd4c540000 - 0x00007ffd4c5ac000 	C:\WINDOWS\System32\WINTRUST.dll
0x00007ffd4c3d0000 - 0x00007ffd4c536000 	C:\WINDOWS\System32\CRYPT32.dll
0x00007ffd15d10000 - 0x00007ffd15d8f000 	D:\Xilinx\Vivado\2020.1\lib\win64.o\libboost_program_options.dll
0x00007ffd3c230000 - 0x00007ffd3c251000 	D:\Xilinx\Vivado\2020.1\lib\win64.o\libboost_thread.dll
0x00007ffd45990000 - 0x00007ffd4599f000 	D:\Xilinx\Vivado\2020.1\lib\win64.o\libboost_xilinx.dll
0x00007ffcfe780000 - 0x00007ffcfe802000 	D:\Xilinx\Vivado\2020.1\lib\win64.o\libhdlpsolve.dll
0x00007ffcfc460000 - 0x00007ffcfc505000 	D:\Xilinx\Vivado\2020.1\lib\win64.o\libhdxml.dll
0x00007ffd3c180000 - 0x00007ffd3c1ae000 	D:\Xilinx\Vivado\2020.1\lib\win64.o\libisl_sysinfo.dll
0x00007ffd2e610000 - 0x00007ffd2e675000 	D:\Xilinx\Vivado\2020.1\lib\win64.o\liblmx6.0.dll
0x00007ffd3c210000 - 0x00007ffd3c22a000 	D:\Xilinx\Vivado\2020.1\lib\win64.o\pthreadVC2.dll
0x00007ffd2e2a0000 - 0x00007ffd2e2bc000 	D:\Xilinx\Vivado\2020.1\lib\win64.o\librdiconfig.dll
0x00007ffd2c860000 - 0x00007ffd2c881000 	D:\Xilinx\Vivado\2020.1\lib\win64.o\librdizlib.dll
0x0000000012000000 - 0x0000000012270000 	D:\Xilinx\Vivado\2020.1\lib\win64.o\xerces-c_3_1.dll
0x00007ffd3b000000 - 0x00007ffd3b019000 	C:\WINDOWS\SYSTEM32\NETAPI32.dll
0x00007ffd35bd0000 - 0x00007ffd360ce000 	C:\WINDOWS\SYSTEM32\WININET.dll
0x00007ffd477c0000 - 0x00007ffd478f6000 	C:\WINDOWS\SYSTEM32\WINHTTP.dll
0x00007ffd32c70000 - 0x00007ffd32e60000 	C:\WINDOWS\SYSTEM32\urlmon.dll
0x00007ffcf4e50000 - 0x00007ffcf5b05a00 	D:\Xilinx\Vivado\2020.1\lib\win64.o\libisl_iostreams.dll
0x00007ffd34450000 - 0x00007ffd34459000 	C:\WINDOWS\SYSTEM32\WSOCK32.dll
0x00007ffd1f080000 - 0x00007ffd1f0b0000 	C:\WINDOWS\SYSTEM32\VCOMP140.DLL
0x00007ffcf3410000 - 0x00007ffcf42a1000 	D:\Xilinx\Vivado\2020.1\lib\win64.o\gurobi65.dll
0x00007ffd2f110000 - 0x00007ffd2f1c3000 	C:\WINDOWS\WinSxS\amd64_microsoft.windows.common-controls_6595b64144ccf1df_5.82.22621.3527_none_b43b7f4b638cc64f\COMCTL32.dll
0x00007ffd464f0000 - 0x00007ffd4650f000 	C:\WINDOWS\SYSTEM32\dhcpcsvc.DLL
0x00007ffd329b0000 - 0x00007ffd32c6e000 	C:\WINDOWS\SYSTEM32\iertutil.dll
0x00007ffd40760000 - 0x00007ffd4076d000 	D:\Xilinx\Vivado\2020.1\lib\win64.o\libboost_chrono.dll
0x00007ffd32980000 - 0x00007ffd329a8000 	C:\WINDOWS\SYSTEM32\srvcli.dll
0x00007ffd4aa60000 - 0x00007ffd4aa6c000 	C:\WINDOWS\SYSTEM32\netutils.dll
0x00007ffd1e810000 - 0x00007ffd1e835000 	D:\Xilinx\Vivado\2020.1\lib\win64.o\libisl_iosutils.dll
0x00007ffd2bdd0000 - 0x00007ffd2bdeb000 	D:\Xilinx\Vivado\2020.1\lib\win64.o\libboost_iostreams.dll
0x00007ffd4b500000 - 0x00007ffd4b569000 	C:\WINDOWS\SYSTEM32\MSWSOCK.DLL
0x00007ffd4e6a0000 - 0x00007ffd4e6d1000 	C:\WINDOWS\System32\IMM32.DLL
0x00007ffd4b7d0000 - 0x00007ffd4b7e2000 	C:\WINDOWS\SYSTEM32\MSASN1.dll
0x00007ffd4b090000 - 0x00007ffd4b0a8000 	C:\WINDOWS\SYSTEM32\kernel.appcore.dll
0x00007ffcecae0000 - 0x00007ffcecfdc000 	D:\Xilinx\Vivado\2020.1\lib\win64.o\librdi_commontasks.dll
0x00007ffd425f0000 - 0x00007ffd425fa000 	C:\WINDOWS\SYSTEM32\VERSION.dll
0x0000000057da0000 - 0x00000000587c5000 	D:\Xilinx\Vivado\2020.1\tps\win64\jre9.0.4\bin\server\jvm.dll
0x00007ffcf5ec0000 - 0x00007ffcf61a4000 	D:\Xilinx\Vivado\2020.1\lib\win64.o\librdi_sio.dll
0x00007ffd4cbf0000 - 0x00007ffd4cbf8000 	C:\WINDOWS\System32\PSAPI.DLL
0x00007ffd45fc0000 - 0x00007ffd45ff4000 	C:\WINDOWS\SYSTEM32\WINMM.dll
0x00007ffd4aa70000 - 0x00007ffd4aa9d000 	C:\WINDOWS\SYSTEM32\IPHLPAPI.DLL
0x00007ffd15360000 - 0x00007ffd1544f000 	C:\WINDOWS\SYSTEM32\MSVCR120.dll
0x00007ffd49e90000 - 0x00007ffd4a793000 	C:\WINDOWS\SYSTEM32\windows.storage.dll
0x00007ffd49d50000 - 0x00007ffd49e8f000 	C:\WINDOWS\SYSTEM32\wintypes.dll
0x00007ffcea440000 - 0x00007ffcecad5000 	D:\Xilinx\Vivado\2020.1\lib\win64.o\librdi_tcltasks.dll
0x00007ffce9f70000 - 0x00007ffcea436000 	D:\Xilinx\Vivado\2020.1\lib\win64.o\librdi_bitstream.dll
0x00007ffcfc3e0000 - 0x00007ffcfc45b000 	D:\Xilinx\Vivado\2020.1\lib\win64.o\librdi_boarddep.dll
0x00007ffcf75f0000 - 0x00007ffcf76e6000 	D:\Xilinx\Vivado\2020.1\lib\win64.o\librdi_chipscope.dll
0x00007ffcf7100000 - 0x00007ffcf72b3000 	D:\Xilinx\Vivado\2020.1\lib\win64.o\librdi_board.dll
0x00007ffcf5d60000 - 0x00007ffcf5ebb000 	D:\Xilinx\Vivado\2020.1\lib\win64.o\librdi_containers.dll
0x00007ffcf4c80000 - 0x00007ffcf4e41000 	D:\Xilinx\Vivado\2020.1\lib\win64.o\librdi_chipscopeimpl.dll
0x00007ffce5c40000 - 0x00007ffce9f6e000 	D:\Xilinx\Vivado\2020.1\lib\win64.o\librdi_designutils.dll
0x00007ffce4010000 - 0x00007ffce5c3a000 	D:\Xilinx\Vivado\2020.1\lib\win64.o\librdi_constraints.dll
0x00007ffcf26d0000 - 0x00007ffcf2a1b000 	D:\Xilinx\Vivado\2020.1\lib\win64.o\librdi_dlyest.dll
0x00007ffce39f0000 - 0x00007ffce400e000 	D:\Xilinx\Vivado\2020.1\lib\win64.o\librdi_drc.dll
0x00007ffce1880000 - 0x00007ffce39ed000 	D:\Xilinx\Vivado\2020.1\lib\win64.o\librdi_coregen.dll
0x00007ffcfc310000 - 0x00007ffcfc3d4000 	D:\Xilinx\Vivado\2020.1\lib\win64.o\librdi_dsp.dll
0x00007ffce11a0000 - 0x00007ffce1879000 	D:\Xilinx\Vivado\2020.1\lib\win64.o\librdi_coregenipxact.dll
0x00007ffce0e80000 - 0x00007ffce119c000 	D:\Xilinx\Vivado\2020.1\lib\win64.o\librdi_guitools.dll
0x00007ffcf7080000 - 0x00007ffcf70f7000 	D:\Xilinx\Vivado\2020.1\lib\win64.o\librdi_hdf.dll
0x00007ffcf44e0000 - 0x00007ffcf4735000 	D:\Xilinx\Vivado\2020.1\lib\win64.o\librdi_hip_devdesign.dll
0x00007ffcf4b30000 - 0x00007ffcf4c78000 	D:\Xilinx\Vivado\2020.1\lib\win64.o\librdi_hip_perf_analysis.dll
0x00007ffce07f0000 - 0x00007ffce0e76000 	D:\Xilinx\Vivado\2020.1\lib\win64.o\librdi_filemgmt.dll
0x00007ffcf7570000 - 0x00007ffcf75e4000 	D:\Xilinx\Vivado\2020.1\lib\win64.o\librdi_memoryarray.dll
0x00007ffcdfe40000 - 0x00007ffce047e000 	D:\Xilinx\Vivado\2020.1\lib\win64.o\librdi_memdata.dll
0x00007ffc76900000 - 0x00007ffc8e7d0000 	D:\Xilinx\Vivado\2020.1\lib\win64.o\librdi_device.dll
0x00007ffcdcb50000 - 0x00007ffcde49a000 	D:\Xilinx\Vivado\2020.1\lib\win64.o\librdi_implflow.dll
0x00007ffcdf730000 - 0x00007ffcdfe33000 	D:\Xilinx\Vivado\2020.1\lib\win64.o\librdi_netlist.dll
0x00007ffd1d610000 - 0x00007ffd1d65e000 	D:\Xilinx\Vivado\2020.1\lib\win64.o\librdi_pfi.dll
0x00007ffcdeef0000 - 0x00007ffcdf724000 	D:\Xilinx\Vivado\2020.1\lib\win64.o\librdi_power.dll
0x00007ffcd5a20000 - 0x00007ffcd8897000 	D:\Xilinx\Vivado\2020.1\lib\win64.o\librdi_mig.dll
0x00007ffcdeb90000 - 0x00007ffcdeee1000 	D:\Xilinx\Vivado\2020.1\lib\win64.o\librdi_platform.dll
0x00007ffcde590000 - 0x00007ffcdeb85000 	D:\Xilinx\Vivado\2020.1\lib\win64.o\librdi_project.dll
0x00007ffcdc3e0000 - 0x00007ffcdcb4f000 	D:\Xilinx\Vivado\2020.1\lib\win64.o\librdi_rsb.dll
0x00007ffcdbca0000 - 0x00007ffcdc3dc000 	D:\Xilinx\Vivado\2020.1\lib\win64.o\librdi_psta.dll
0x00007ffcdba20000 - 0x00007ffcdbc95000 	D:\Xilinx\Vivado\2020.1\lib\win64.o\librdi_simdata.dll
0x00007ffcdb580000 - 0x00007ffcdba1a000 	D:\Xilinx\Vivado\2020.1\lib\win64.o\librdi_runs.dll
0x00007ffcd2ea0000 - 0x00007ffcd5a11000 	D:\Xilinx\Vivado\2020.1\lib\win64.o\librdi_place.dll
0x00007ffcf0fe0000 - 0x00007ffcf10e8000 	D:\Xilinx\Vivado\2020.1\lib\win64.o\librdi_runsbase.dll
0x00007ffcf2b40000 - 0x00007ffcf2c3f000 	D:\Xilinx\Vivado\2020.1\lib\win64.o\librdi_xhub.dll
0x00007ffcdb3a0000 - 0x00007ffcdb573000 	D:\Xilinx\Vivado\2020.1\lib\win64.o\librdi_advchipscopeimpl.dll
0x00007ffcffc10000 - 0x00007ffcffc5c000 	D:\Xilinx\Vivado\2020.1\lib\win64.o\libboost_serialization.dll
0x00007ffcf4910000 - 0x00007ffcf49b8000 	D:\Xilinx\Vivado\2020.1\lib\win64.o\librdi_xhubtasks.dll
0x00007ffcdb2b0000 - 0x00007ffcdb398000 	D:\Xilinx\Vivado\2020.1\lib\win64.o\librdi_ipconfig_readwrite.dll
0x00007ffcdb0b0000 - 0x00007ffcdb2a3000 	D:\Xilinx\Vivado\2020.1\lib\win64.o\librdi_hip_config.dll
0x00007ffcd1f90000 - 0x00007ffcd2e9a000 	D:\Xilinx\Vivado\2020.1\lib\win64.o\librdi_timing.dll
0x00007ffcda560000 - 0x00007ffcdb0a7000 	D:\Xilinx\Vivado\2020.1\lib\win64.o\libverific.dll
0x00007ffcfe710000 - 0x00007ffcfe77c000 	D:\Xilinx\Vivado\2020.1\lib\win64.o\librdi_noc_frameworks.dll
0x00007ffcf74d0000 - 0x00007ffcf756e000 	D:\Xilinx\Vivado\2020.1\lib\win64.o\libise.dll
0x00007ffcd9b60000 - 0x00007ffcda0ae000 	D:\Xilinx\Vivado\2020.1\lib\win64.o\librdi_xdm.dll
0x00007ffcfdc70000 - 0x00007ffcfdcbc000 	D:\Xilinx\Vivado\2020.1\lib\win64.o\librdi_bva.dll

VM Arguments:
jvm_args: -Dsun.java2d.pmoffscreen=false -Dsun.java2d.xrender=false -Dsun.java2d.d3d=false -Dsun.awt.nopixfmt=true -Dsun.java2d.dpiaware=true -Dsun.java2d.uiScale.enabled=false -Xverify:none -Dswing.aatext=true -XX:-UsePerfData -Djdk.map.althashing.threshold=512 -XX:StringTableSize=4072 --add-opens=java.base/java.nio=ALL-UNNAMED --add-opens=java.desktop/sun.swing=ALL-UNNAMED --add-opens=java.desktop/javax.swing=ALL-UNNAMED --add-opens=java.desktop/javax.swing.tree=ALL-UNNAMED --add-opens=java.desktop/javax.swing.plaf.basic=ALL-UNNAMED --add-opens=java.desktop/javax.swing.plaf.synth=ALL-UNNAMED --add-opens=java.desktop/com.sun.awt=ALL-UNNAMED -XX:NewSize=60m -XX:MaxNewSize=60m -Xms128m -Xmx3072m -Xss5m 
java_command: <unknown>
java_class_path (initial): D:/Xilinx/Vivado/2020.1\lib\classes\alloy.jar;D:/Xilinx/Vivado/2020.1\lib\classes\ArchiveSummary.jar;D:/Xilinx/Vivado/2020.1\lib\classes\autoesl-models.jar;D:/Xilinx/Vivado/2020.1\lib\classes\autopilot.scelaborator.jar;D:/Xilinx/Vivado/2020.1\lib\classes\autopilot.sourceprocessor.jar;D:/Xilinx/Vivado/2020.1\lib\classes\autopilot.tbprocessor.jar;D:/Xilinx/Vivado/2020.1\lib\classes\batik-anim.jar;D:/Xilinx/Vivado/2020.1\lib\classes\batik-awt-util.jar;D:/Xilinx/Vivado/2020.1\lib\classes\batik-bridge.jar;D:/Xilinx/Vivado/2020.1\lib\classes\batik-codec.jar;D:/Xilinx/Vivado/2020.1\lib\classes\batik-css.jar;D:/Xilinx/Vivado/2020.1\lib\classes\batik-dom.jar;D:/Xilinx/Vivado/2020.1\lib\classes\batik-ext.jar;D:/Xilinx/Vivado/2020.1\lib\classes\batik-gui-util.jar;D:/Xilinx/Vivado/2020.1\lib\classes\batik-gvt.jar;D:/Xilinx/Vivado/2020.1\lib\classes\batik-parser.jar;D:/Xilinx/Vivado/2020.1\lib\classes\batik-script.jar;D:/Xilinx/Vivado/2020.1\lib\classes\batik-svg-dom.jar;D:/Xilinx/Vivado/2020.1\lib\classes\batik-swing.jar;D:/Xilinx/Vivado/2020.1\lib\classes\batik-transcoder.jar;D:/Xilinx/Vivado/2020.1\lib\classes\batik-util.jar;D:/Xilinx/Vivado/2020.1\lib\classes\batik-xml.jar;D:/Xilinx/Vivado/2020.1\lib\classes\com.google.gson_2.8.2.v20180104-1110.jar;D:/Xilinx/Vivado/2020.1\lib\classes\com.google.guava_27.1.0.v20190517-1946.jar;D:/Xilinx/Vivado/2020.1\lib\classes\com.ibm.icu_4.4.2.v20110208.jar;D:/Xilinx/Vivado/2020.1\lib\classes\com.sigasi.hdt.connection_4.8.0.202004151336.jar;D:/Xilinx/Vivado/2020.1\lib\classes\com.sigasi.hdt.epl_4.8.0.202004151336.jar;D:/Xilinx/Vivado/2020.1\lib\classes\com.sigasi.hdt.project_4.8.0.202004151336.jar;D:/Xilinx/Vivado/2020.1\lib\classes\com.sigasi.hdt.readonlyfilesystem_4.8.0.202004151336.jar;D:/Xilinx/Vivado/2020.1\lib\classes\com.sigasi.lcm_4.8.0.202004151336.jar;D:/Xilinx/Vivado/2020.1\lib\classes\com.sigasi.sdk.client_4.8.0.202004151336.jar;D:/Xilinx/Vivado/2020.1\lib\classes\com.xilinx.hls.services.jar;D:/Xili
Launcher Type: generic

Logging:
Log output configuration:
#0: stdout all=warning uptime,level,tags
#1: stderr all=off uptime,level,tags

Environment Variables:
PATH=D:/Xilinx/Vivado/2020.1\gnuwin\bin;D:/Xilinx/Vivado/2020.1\gnu\microblaze\nt\bin;D:/Xilinx/Vivado/2020.1/bin;D:/Xilinx/Vivado/2020.1/lib/win64.o;D:/Xilinx/Vivado/2020.1/tps/win64/jre9.0.4/bin/server;D:/Xilinx/Vivado/2020.1/tps/win64/jre9.0.4/bin;D:/Xilinx/Vivado/2020.1/ids_lite/ISE/bin/nt64;D:/Xilinx/Vivado/2020.1/ids_lite/ISE/lib/nt64;D:\Program Files\Python312\Scripts\;D:\Program Files\Python312\;C:\Program Files\Common Files\Oracle\Java\javapath;D:\Program Files\mingw64\bin;C:\Windows\System32\HWAudioDriverLibs;C:\Windows\system32;C:\Windows;C:\Windows\System32\Wbem;C:\Windows\System32\WindowsPowerShell\v1.0\;C:\Windows\System32\OpenSSH\;C:\Windows\system32\config\systemprofile\AppData\Local\Microsoft\WindowsApps;D:\Program Files\MATLAB\R2023a\bin;D:\Program Files\Bandizip\;D:\Program Files\Git\cmd;D:\Program Files\Wolfram Research\WolframScript\;C:\Program Files\dotnet\;D:\Windows Kits\10\Windows Performance Toolkit\;D:\Program Files\010 Editor;C:\Users\89652\AppData\Roaming\Python\Python312\Scripts;D:\zlearning\virtual_machine\software\hashcat-6.2.6\hashcat-6.2.6;C:\Users\89652\AppData\Local\SageMath 9.3\runtime\bin;;C:\Program Files\Docker\Docker\resources\bin;D:\Program Files\nodejs\;C:\ProgramData\chocolatey\bin;C:\Users\89652\AppData\Local\Microsoft\WindowsApps;D:\Program Files\Microsoft VS Code\bin;C:\Users\89652\.dotnet\tools;D:\Program Files\Nmap;D:\Program Files\JetBrains\IntelliJ IDEA Community Edition 2024.2.3\bin;C:\Users\89652\AppData\Roaming\npm;D:/Xilinx/Vivado/2020.1\tps\mingw\6.2.0\win64.o\nt\bin;D:/Xilinx/Vivado/2020.1\tps\mingw\6.2.0\win64.o\nt\libexec\gcc\x86_64-w64-mingw32\6.2.0;D:/Xilinx/Vivado/2020.1\tps\win64\python-2.7.16;D:/Xilinx/Vivado/2020.1\tps\win64\python-2.7.16\bin;D:/Xilinx/Vivado/2020.1\tps\win64\python-2.7.16\lib;D:/Xilinx/Vivado/2020.1\tps\win64\python-2.7.16\Lib\lib-tk;D:/Xilinx/Vivado/2020.1\tps\win64\python-2.7.16\lib\site-packages
USERNAME=89652
OS=Windows_NT
PROCESSOR_IDENTIFIER=Intel64 Family 6 Model 140 Stepping 1, GenuineIntel



---------------  S Y S T E M  ---------------

OS: Windows 10 , 64 bit Build 22621 (10.0.22621.4391)

CPU:total 8 (initial active 8) (4 cores per cpu, 2 threads per core) family 6 model 140 stepping 1, cmov, cx8, fxsr, mmx, sse, sse2, sse3, ssse3, sse4.1, sse4.2, popcnt, avx, avx2, aes, clmul, erms, 3dnowpref, lzcnt, ht, tsc, tscinvbit, bmi1, bmi2, adx, sha, fma

Memory: 4k page, physical 16571704k(8498744k free), swap 17620280k(7676596k free)

vm_info: Java HotSpot(TM) 64-Bit Server VM (9.0.4+11) for windows-amd64 JRE (9.0.4+11), built on Dec 20 2017 02:18:54 by "mach5one" with MS VC++ 12.0 (VS2013)

END.
