#
# A fatal error has been detected by the Java Runtime Environment:
#
#  EXCEPTION_ACCESS_VIOLATION (0xc0000005) at pc=0x00007ffc0173f555, pid=32788, tid=884
#
# JRE version: Java(TM) SE Runtime Environment (9.0+11) (build 9.0.4+11)
# Java VM: Java HotSpot(TM) 64-Bit Server VM (9.0.4+11, mixed mode, tiered, compressed oops, g1 gc, windows-amd64)
# Problematic frame:
# C  [librdi_common.dll+0x18f555]
#
# No core dump will be written. Minidumps are not enabled by default on client versions of Windows
#
# If you would like to submit a bug report, please visit:
#   http://bugreport.java.com/bugreport/crash.jsp
# The crash happened outside the Java Virtual Machine in native code.
# See problematic frame for where to report the bug.
#

---------------  S U M M A R Y ------------

Command Line: -Dsun.java2d.pmoffscreen=false -Dsun.java2d.xrender=false -Dsun.java2d.d3d=false -Dsun.awt.nopixfmt=true -Dsun.java2d.dpiaware=true -Dsun.java2d.uiScale.enabled=false -Xverify:none -Dswing.aatext=true -XX:-UsePerfData -Djdk.map.althashing.threshold=512 -XX:StringTableSize=4072 --add-opens=java.base/java.nio=ALL-UNNAMED --add-opens=java.desktop/sun.swing=ALL-UNNAMED --add-opens=java.desktop/javax.swing=ALL-UNNAMED --add-opens=java.desktop/javax.swing.tree=ALL-UNNAMED --add-opens=java.desktop/javax.swing.plaf.basic=ALL-UNNAMED --add-opens=java.desktop/javax.swing.plaf.synth=ALL-UNNAMED --add-opens=java.desktop/com.sun.awt=ALL-UNNAMED -XX:NewSize=60m -XX:MaxNewSize=60m -Xms128m -Xmx3072m -Xss5m 

Host: 11th Gen Intel(R) Core(TM) i7-1165G7 @ 2.80GHz, 8 cores, 15G,  Windows 10 , 64 bit Build 22621 (10.0.22621.4391)
Time: Thu Dec 12 23:32:52 2024 ?D1¨²¡À¨º¡Á?¨º¡À?? elapsed time: 2831 seconds (0d 0h 47m 11s)

---------------  T H R E A D  ---------------

Current thread (0x000001ccc5cce800):  JavaThread "AWT-EventQueue-0" [_thread_in_native, id=884, stack(0x000000102e500000,0x000000102ea00000)]

Stack: [0x000000102e500000,0x000000102ea00000],  sp=0x000000102e9fada0,  free space=5099k
Native frames: (J=compiled Java code, j=interpreted, Vv=VM code, C=native code)
C  [librdi_common.dll+0x18f555]
C  [librdi_common.dll+0x1842d5]
C  [librdi_common.dll+0x14d40a]
C  0x00007ffbdcfe1faf
C  0x00007ffbdd062fbf
C  0x00007ffbdd06acd9
C  0x00007ffbdd03b40b
C  0x00007ffbdd077c67
C  0x000001cce6b4af3a

Java frames: (J=compiled Java code, j=interpreted, Vv=VM code)
J 17335  ui.views.waveform.waveformi.WVExecutive_getTooltipTextDelayed(J)Ljava/lang/String; (0 bytes) @ 0x000001cce6b4aea1 [0x000001cce6b4ae60+0x0000000000000041]
J 20394 c2 ui.views.waveform.b.a.bV(Ljava/awt/event/MouseEvent;)V (28 bytes) @ 0x000001cce6df920c [0x000001cce6df90a0+0x000000000000016c]
J 20404 c2 ui.views.waveform.b.a.mouseMoved(Ljava/awt/event/MouseEvent;)V (32 bytes) @ 0x000001cce6f12830 [0x000001cce6f127c0+0x0000000000000070]
J 18273 c2 java.awt.AWTEventMulticaster.mouseMoved(Ljava/awt/event/MouseEvent;)V java.desktop@9.0.4 (27 bytes) @ 0x000001cce75c3174 [0x000001cce75c30c0+0x00000000000000b4]
J 18273 c2 java.awt.AWTEventMulticaster.mouseMoved(Ljava/awt/event/MouseEvent;)V java.desktop@9.0.4 (27 bytes) @ 0x000001cce75c3134 [0x000001cce75c30c0+0x0000000000000074]
J 20378 c2 ui.frmwork.c.i.processMouseMotionEvent(Ljava/awt/event/MouseEvent;)V (131 bytes) @ 0x000001cce6dfd8d0 [0x000001cce6dfd5c0+0x0000000000000310]
J 14202 c2 java.awt.Container.processEvent(Ljava/awt/AWTEvent;)V java.desktop@9.0.4 (22 bytes) @ 0x000001cce70c6c98 [0x000001cce70c6b20+0x0000000000000178]
J 21770 c2 java.awt.Component.dispatchEventImpl(Ljava/awt/AWTEvent;)V java.desktop@9.0.4 (739 bytes) @ 0x000001cce7a08d3c [0x000001cce7a080e0+0x0000000000000c5c]
J 21765 c2 java.awt.Container.dispatchEventImpl(Ljava/awt/AWTEvent;)V java.desktop@9.0.4 (129 bytes) @ 0x000001cce7a0615c [0x000001cce7a06100+0x000000000000005c]
J 17449 c2 java.awt.LightweightDispatcher.retargetMouseEvent(Ljava/awt/Component;ILjava/awt/event/MouseEvent;)V java.desktop@9.0.4 (350 bytes) @ 0x000001cce7027300 [0x000001cce7026d60+0x00000000000005a0]
J 18658 c2 java.awt.LightweightDispatcher.processMouseEvent(Ljava/awt/event/MouseEvent;)Z java.desktop@9.0.4 (265 bytes) @ 0x000001cce765e50c [0x000001cce765dd80+0x000000000000078c]
J 21765 c2 java.awt.Container.dispatchEventImpl(Ljava/awt/AWTEvent;)V java.desktop@9.0.4 (129 bytes) @ 0x000001cce7a063bc [0x000001cce7a06100+0x00000000000002bc]
J 18622 c2 java.awt.Window.dispatchEventImpl(Ljava/awt/AWTEvent;)V java.desktop@9.0.4 (23 bytes) @ 0x000001cce7653a0c [0x000001cce76539c0+0x000000000000004c]
J 13780 c2 java.awt.EventQueue$3.run()Ljava/lang/Object; java.desktop@9.0.4 (5 bytes) @ 0x000001cce6ab32b4 [0x000001cce6ab3160+0x0000000000000154]
v  ~StubRoutines::call_stub
J 4163  java.security.AccessController.doPrivileged(Ljava/security/PrivilegedAction;Ljava/security/AccessControlContext;)Ljava/lang/Object; java.base@9.0.4 (0 bytes) @ 0x000001cce6843446 [0x000001cce68433e0+0x0000000000000066]
J 17987 c2 java.awt.EventQueue$4.run()Ljava/lang/Object; java.desktop@9.0.4 (5 bytes) @ 0x000001cce6c4ecd8 [0x000001cce6c4ec60+0x0000000000000078]
v  ~StubRoutines::call_stub
J 4163  java.security.AccessController.doPrivileged(Ljava/security/PrivilegedAction;Ljava/security/AccessControlContext;)Ljava/lang/Object; java.base@9.0.4 (0 bytes) @ 0x000001cce6843446 [0x000001cce68433e0+0x0000000000000066]
J 19374 c2 ui.frmwork.b.d.dispatchEvent(Ljava/awt/AWTEvent;)V (34 bytes) @ 0x000001cce7166f68 [0x000001cce7166d00+0x0000000000000268]
J 22536 c2 java.awt.EventDispatchThread.pumpOneEventForFilters(I)V java.desktop@9.0.4 (218 bytes) @ 0x000001cce7ba82c8 [0x000001cce7ba7f20+0x00000000000003a8]
J 20612% c2 java.awt.EventDispatchThread.pumpEventsForFilter(ILjava/awt/Conditional;Ljava/awt/EventFilter;)V java.desktop@9.0.4 (47 bytes) @ 0x000001cce738a5c0 [0x000001cce738a4c0+0x0000000000000100]
j  java.awt.EventDispatchThread.pumpEventsForHierarchy(ILjava/awt/Conditional;Ljava/awt/Component;)V+11 java.desktop@9.0.4
j  java.awt.EventDispatchThread.pumpEvents(ILjava/awt/Conditional;)V+4 java.desktop@9.0.4
j  java.awt.EventDispatchThread.pumpEvents(Ljava/awt/Conditional;)V+3 java.desktop@9.0.4
j  java.awt.EventDispatchThread.run()V+9 java.desktop@9.0.4
v  ~StubRoutines::call_stub

siginfo: EXCEPTION_ACCESS_VIOLATION (0xc0000005), reading address 0xffffffffffffffff


Register to memory mapping:

RIP=0x00007ffc0173f555 librdi_common.dll
RAX=0x000001ccbecd4301 is an unknown value
RBX=0x8805fa00e82028e1 is an unknown value
RCX=0x000001ccbecd4330 is an unknown value
RDX=0x8805fa00e82028e1 is an unknown value
RSP=0x000000102e9fada0 is pointing into the stack for thread: 0x000001ccc5cce800
RBP=0x000000102e9faed0 is pointing into the stack for thread: 0x000001ccc5cce800
RSI=0x000001cc806c6910 is an unknown value
RDI=0x000000102e9fafb8 is pointing into the stack for thread: 0x000001ccc5cce800
R8 =0x000000102e9fafb8 is pointing into the stack for thread: 0x000001ccc5cce800
R9 =0x0000000000000000 is an unknown value
R10=0x00007ffc5b0b0000 VCRUNTIME140.dll
R11=0xde77bfa3fbffddfb is an unknown value
R12=0x000000102e9fafb8 is pointing into the stack for thread: 0x000001ccc5cce800
R13=0x0000000000000000 is an unknown value
R14=0x000001ccbc37e620 is an unknown value
R15=0x8805fa00e82028e1 is an unknown value


Registers:
RAX=0x000001ccbecd4301, RBX=0x8805fa00e82028e1, RCX=0x000001ccbecd4330, RDX=0x8805fa00e82028e1
RSP=0x000000102e9fada0, RBP=0x000000102e9faed0, RSI=0x000001cc806c6910, RDI=0x000000102e9fafb8
R8 =0x000000102e9fafb8, R9 =0x0000000000000000, R10=0x00007ffc5b0b0000, R11=0xde77bfa3fbffddfb
R12=0x000000102e9fafb8, R13=0x0000000000000000, R14=0x000001ccbc37e620, R15=0x8805fa00e82028e1
RIP=0x00007ffc0173f555, EFLAGS=0x0000000000010202

Top of Stack: (sp=0x000000102e9fada0)
0x000000102e9fada0:   0000000000000018 000001cc82e3a190
0x000000102e9fadb0:   0000000000000374 8805fa00e82028e1
0x000000102e9fadc0:   8805fa00e82028e1 00007ffc017342d5
0x000000102e9fadd0:   000000000002d49c 00007ffc5b172758
0x000000102e9fade0:   fffffffffffffffe 0000000000000000
0x000000102e9fadf0:   0000e9a2560eef26 000001cc82e3a128
0x000000102e9fae00:   0000000000000002 00007ffc0179cfe5
0x000000102e9fae10:   000001ccc654c7c0 000001cc82e3a148
0x000000102e9fae20:   000000102e9fb150 00007ffc025ae630
0x000000102e9fae30:   fffffffffffffffe 00007ffc01dfd489
0x000000102e9fae40:   fffffffffffffffe 00007ffc025ae630
0x000000102e9fae50:   000001cc82e3a100 000001ccbc2f2888
0x000000102e9fae60:   000000102e9fafb8 00007ffc0179c2d6
0x000000102e9fae70:   000001cc82e3a100 000000102e9fafb8
0x000000102e9fae80:   000001cc00000002 0000000000000000
0x000000102e9fae90:   fffffffffffffffe 000000000000000f 

Instructions: (pc=0x00007ffc0173f555)
0x00007ffc0173f535:   20 48 8b d9 e8 22 c4 04 00 48 8b c8 48 8b d3 e8
0x00007ffc0173f545:   27 0d 05 00 84 c0 75 08 33 c0 48 83 c4 20 5b c3
0x00007ffc0173f555:   48 8b 4b 50 48 85 c9 74 0a 48 83 c4 20 5b e9 68
0x00007ffc0173f565:   e2 04 00 48 8b d3 48 8d 0d 36 71 84 00 e8 59 b7 



---------------  P R O C E S S  ---------------

Java Threads: ( => current thread )
  0x000001ccd94e2800 JavaThread "Relaunch Simulation Thread" [_thread_blocked, id=29408, stack(0x0000001033f00000,0x0000001034400000)]
  0x000001ccd94e8000 JavaThread "Monitor File Timestamp Swing Worker Thread" [_thread_blocked, id=2852, stack(0x0000001033500000,0x0000001033a00000)]
  0x000001ccd94e7000 JavaThread "Timer-2" [_thread_blocked, id=9496, stack(0x000000102f400000,0x000000102f900000)]
  0x000001ccd94e5800 JavaThread "Image Animator 3" daemon [_thread_blocked, id=15036, stack(0x0000001033a00000,0x0000001033f00000)]
  0x000001ccd94de000 JavaThread "Monitor File Timestamp Swing Worker Thread" [_thread_blocked, id=30472, stack(0x0000001032b00000,0x0000001033000000)]
  0x000001ccd94e5000 JavaThread "Timer-0" [_thread_blocked, id=29284, stack(0x0000001032600000,0x0000001032b00000)]
  0x000001ccd94e2000 JavaThread "SyntheticaAnimation 50" daemon [_thread_blocked, id=12840, stack(0x0000001032100000,0x0000001032600000)]
  0x000001ccd94e4000 JavaThread "Update Runs Swing Worker Thread" [_thread_blocked, id=33036, stack(0x0000001033000000,0x0000001033500000)]
  0x000001ccd94df000 JavaThread "hw_ila_monitor" [_thread_blocked, id=7092, stack(0x0000001031c00000,0x0000001032100000)]
  0x000001ccd94e1000 JavaThread "Refresh Filesets Swing Worker Thread" [_thread_blocked, id=27364, stack(0x000000102e000000,0x000000102e500000)]
  0x000001ccddcb3000 JavaThread "SyntheticaAnimation 70" daemon [_thread_blocked, id=24588, stack(0x0000001031700000,0x0000001031c00000)]
  0x000001ccddcb0000 JavaThread "Swing-Shell" daemon [_thread_blocked, id=28024, stack(0x0000001030f00000,0x0000001031400000)]
  0x000001ccddcb4800 JavaThread "SyntheticaAnimation 25" daemon [_thread_blocked, id=8532, stack(0x0000001030a00000,0x0000001030f00000)]
  0x000001ccddcb0800 JavaThread "SyntheticaAnimation 50" daemon [_thread_blocked, id=8112, stack(0x0000001030500000,0x0000001030a00000)]
  0x000001ccddcb2000 JavaThread "Monitor HEventQueue Thread" [_thread_blocked, id=32020, stack(0x0000001030000000,0x0000001030500000)]
  0x000001ccddcb1800 JavaThread "SyntheticaCleanerThread" daemon [_thread_blocked, id=8716, stack(0x000000102f900000,0x000000102fe00000)]
  0x000001ccddcb5000 JavaThread "Batik CleanerThread" daemon [_thread_blocked, id=33552, stack(0x000000102ea00000,0x000000102ef00000)]
  0x000001ccc5cdf000 JavaThread "Process Messages Thread" [_thread_blocked, id=8168, stack(0x000000102ef00000,0x000000102f400000)]
  0x000001ccc57d1000 JavaThread "Thread-1" [_thread_in_native, id=20356, stack(0x0000001027700000,0x0000001028b00000)]
=>0x000001ccc5cce800 JavaThread "AWT-EventQueue-0" [_thread_in_native, id=884, stack(0x000000102e500000,0x000000102ea00000)]
  0x000001ccc5aa4800 JavaThread "TimerQueue" daemon [_thread_blocked, id=22176, stack(0x000000102db00000,0x000000102e000000)]
  0x000001ccdcc1f800 JavaThread "AWT-Windows" daemon [_thread_in_native, id=1176, stack(0x000000102d600000,0x000000102db00000)]
  0x000001ccf82c6800 JavaThread "AWT-Shutdown" [_thread_blocked, id=22696, stack(0x000000102d100000,0x000000102d600000)]
  0x000001ccdcc39000 JavaThread "Java2D Disposer" daemon [_thread_blocked, id=9376, stack(0x000000102cc00000,0x000000102d100000)]
  0x000001ccdc95d800 JavaThread "Service Thread" daemon [_thread_blocked, id=33628, stack(0x000000102c600000,0x000000102cb00000)]
  0x000001ccde620000 JavaThread "Common-Cleaner" daemon [_thread_blocked, id=17836, stack(0x000000102c100000,0x000000102c600000)]
  0x000001ccddcb3800 JavaThread "Sweeper thread" daemon [_thread_blocked, id=8528, stack(0x000000102bc00000,0x000000102c100000)]
  0x000001ccddc93000 JavaThread "C1 CompilerThread3" daemon [_thread_blocked, id=25400, stack(0x000000102bb00000,0x000000102bc00000)]
  0x000001ccddc95000 JavaThread "C2 CompilerThread2" daemon [_thread_blocked, id=11712, stack(0x000000102ba00000,0x000000102bb00000)]
  0x000001ccddc94000 JavaThread "C2 CompilerThread1" daemon [_thread_blocked, id=21932, stack(0x000000102b900000,0x000000102ba00000)]
  0x000001ccf7c61800 JavaThread "C2 CompilerThread0" daemon [_thread_blocked, id=32232, stack(0x000000102b800000,0x000000102b900000)]
  0x000001ccc1f5c000 JavaThread "Attach Listener" daemon [_thread_blocked, id=21116, stack(0x000000102b300000,0x000000102b800000)]
  0x000001ccdbbe7800 JavaThread "Signal Dispatcher" daemon [_thread_blocked, id=27404, stack(0x000000102ae00000,0x000000102b300000)]
  0x000001ccf735f800 JavaThread "Finalizer" daemon [_thread_blocked, id=20048, stack(0x000000102a900000,0x000000102ae00000)]
  0x000001ccddd44800 JavaThread "Reference Handler" daemon [_thread_blocked, id=25216, stack(0x000000102a400000,0x000000102a900000)]
  0x000001ccf7a43800 JavaThread "main" [_thread_blocked, id=32672, stack(0x0000001028e00000,0x0000001028f00000)]

Other Threads:
  0x000001ccddd44000 VMThread "VM Thread" [stack: 0x000000102a300000,0x000000102a400000] [id=27292]
  0x000001ccdcaee800 WatcherThread [stack: 0x000000102cb00000,0x000000102cc00000] [id=33696]
  0x000001ccc1470000 GCTaskThread "GC Thread#0" [stack: 0x0000001028f00000,0x0000001029000000] [id=24592]
  0x000001ccdeb18800 GCTaskThread "GC Thread#1" [stack: 0x0000001029000000,0x0000001029100000] [id=28560]
  0x000001ccdeb16800 GCTaskThread "GC Thread#2" [stack: 0x0000001029100000,0x0000001029200000] [id=16844]
  0x000001ccdeb18000 GCTaskThread "GC Thread#3" [stack: 0x0000001029200000,0x0000001029300000] [id=28552]
  0x000001ccdeb15800 GCTaskThread "GC Thread#4" [stack: 0x0000001029300000,0x0000001029400000] [id=23660]
  0x000001ccdeb16000 GCTaskThread "GC Thread#5" [stack: 0x0000001029400000,0x0000001029500000] [id=31192]
  0x000001ccdeb17000 GCTaskThread "GC Thread#6" [stack: 0x0000001029500000,0x0000001029600000] [id=30960]
  0x000001ccdc513000 GCTaskThread "GC Thread#7" [stack: 0x0000001029600000,0x0000001029700000] [id=5548]
  0x000001ccc136b800 ConcurrentGCThread "G1 Main Marker" [stack: 0x000000102a000000,0x000000102a100000] [id=26360]
  0x000001ccdc516800 ConcurrentGCThread "G1 Marker#0" [stack: 0x000000102a100000,0x000000102a200000] [id=3976]
  0x000001ccdc516000 ConcurrentGCThread "G1 Marker#1" [stack: 0x000000102a200000,0x000000102a300000] [id=24916]
  0x000001ccdc449000 ConcurrentGCThread "G1 Refine#0" [stack: 0x0000001029e00000,0x0000001029f00000] [id=27432]
  0x000001ccdc448800 ConcurrentGCThread "G1 Refine#1" [stack: 0x0000001029d00000,0x0000001029e00000] [id=21808]
  0x000001ccf82ba800 ConcurrentGCThread "G1 Refine#2" [stack: 0x0000001029c00000,0x0000001029d00000] [id=33632]
  0x000001ccde99d800 ConcurrentGCThread "G1 Refine#3" [stack: 0x0000001029b00000,0x0000001029c00000] [id=27672]
  0x000001ccdbee2800 ConcurrentGCThread "G1 Refine#4" [stack: 0x0000001029a00000,0x0000001029b00000] [id=33608]
  0x000001ccf8176000 ConcurrentGCThread "G1 Refine#5" [stack: 0x0000001029900000,0x0000001029a00000] [id=23188]
  0x000001ccf8175800 ConcurrentGCThread "G1 Refine#6" [stack: 0x0000001029800000,0x0000001029900000] [id=33312]
  0x000001ccde904800 ConcurrentGCThread "G1 Refine#7" [stack: 0x0000001029700000,0x0000001029800000] [id=5488]
  0x000001ccdc526000 ConcurrentGCThread "G1 Young RemSet Sampling" [stack: 0x0000001029f00000,0x000000102a000000] [id=30808]

Threads with active compile tasks:

VM state:not at safepoint (normal execution)

VM Mutex/Monitor currently owned by a thread: None

Heap address: 0x0000000700000000, size: 3072 MB, Compressed Oops mode: Zero based, Oop shift amount: 3
Narrow klass base: 0x0000000000000000, Narrow klass shift: 3
Compressed class space size: 1073741824 Address: 0x00000007c0000000

Heap:
 garbage-first heap   total 286720K, used 151428K [0x0000000700000000, 0x00000007001008c0, 0x00000007c0000000)
  region size 1024K, 53 young (54272K), 1 survivors (1024K)
 Metaspace       used 93316K, capacity 100435K, committed 100556K, reserved 1134592K
  class space    used 13604K, capacity 14833K, committed 14848K, reserved 1048576K
Heap Regions: E=young(eden), S=young(survivor), O=old, HS=humongous(starts), HC=humongous(continues), CS=collection set, F=free, A=archive, TS=gc time stamp, AC=allocation context, TAMS=top-at-mark-start (previous, next)
|   0|0x0000000700000000, 0x00000007000fd048, 0x0000000700100000| 98%| O|  |TS  0|AC  0|TAMS 0x0000000700000000, 0x0000000700000000|
|   1|0x0000000700100000, 0x00000007001fd938, 0x0000000700200000| 99%| O|  |TS  0|AC  0|TAMS 0x0000000700100000, 0x0000000700100000|
|   2|0x0000000700200000, 0x0000000700300000, 0x0000000700300000|100%|HS|  |TS  0|AC  0|TAMS 0x0000000700200000, 0x0000000700200000|
|   3|0x0000000700300000, 0x0000000700400000, 0x0000000700400000|100%|HC|  |TS  0|AC  0|TAMS 0x0000000700300000, 0x0000000700300000|
|   4|0x0000000700400000, 0x0000000700500000, 0x0000000700500000|100%|HS|  |TS  0|AC  0|TAMS 0x0000000700400000, 0x0000000700400000|
|   5|0x0000000700500000, 0x00000007005f8548, 0x0000000700600000| 97%| O|  |TS  0|AC  0|TAMS 0x0000000700500000, 0x0000000700500000|
|   6|0x0000000700600000, 0x00000007006e0830, 0x0000000700700000| 87%| O|  |TS  0|AC  0|TAMS 0x0000000700600000, 0x0000000700600000|
|   7|0x0000000700700000, 0x00000007007ffff8, 0x0000000700800000| 99%| O|  |TS  0|AC  0|TAMS 0x0000000700700000, 0x0000000700700000|
|   8|0x0000000700800000, 0x00000007008e2060, 0x0000000700900000| 88%| O|  |TS  0|AC  0|TAMS 0x0000000700800000, 0x0000000700800000|
|   9|0x0000000700900000, 0x00000007009fffe0, 0x0000000700a00000| 99%| O|  |TS  0|AC  0|TAMS 0x0000000700900000, 0x0000000700900000|
|  10|0x0000000700a00000, 0x0000000700ae2ff0, 0x0000000700b00000| 88%| O|  |TS  0|AC  0|TAMS 0x0000000700a00000, 0x0000000700a00000|
|  11|0x0000000700b00000, 0x0000000700be11b8, 0x0000000700c00000| 87%| O|  |TS  0|AC  0|TAMS 0x0000000700b00000, 0x0000000700b00000|
|  12|0x0000000700c00000, 0x0000000700d00000, 0x0000000700d00000|100%| O|  |TS  0|AC  0|TAMS 0x0000000700c00000, 0x0000000700c00000|
|  13|0x0000000700d00000, 0x0000000700dfffc8, 0x0000000700e00000| 99%| O|  |TS  0|AC  0|TAMS 0x0000000700d00000, 0x0000000700d00000|
|  14|0x0000000700e00000, 0x0000000700effff0, 0x0000000700f00000| 99%| O|  |TS  0|AC  0|TAMS 0x0000000700e00000, 0x0000000700e00000|
|  15|0x0000000700f00000, 0x0000000700ffff40, 0x0000000701000000| 99%| O|  |TS  0|AC  0|TAMS 0x0000000700f00000, 0x0000000700f00000|
|  16|0x0000000701000000, 0x00000007010fff08, 0x0000000701100000| 99%| O|  |TS  0|AC  0|TAMS 0x0000000701000000, 0x0000000701000000|
|  17|0x0000000701100000, 0x00000007011fffe8, 0x0000000701200000| 99%| O|  |TS  0|AC  0|TAMS 0x0000000701100000, 0x0000000701100000|
|  18|0x0000000701200000, 0x00000007012ffff8, 0x0000000701300000| 99%| O|  |TS  0|AC  0|TAMS 0x0000000701200000, 0x0000000701200000|
|  19|0x0000000701300000, 0x00000007013ffff0, 0x0000000701400000| 99%| O|  |TS  0|AC  0|TAMS 0x0000000701300000, 0x0000000701300000|
|  20|0x0000000701400000, 0x00000007014ffff0, 0x0000000701500000| 99%| O|  |TS  0|AC  0|TAMS 0x0000000701400000, 0x0000000701400000|
|  21|0x0000000701500000, 0x00000007015ffb48, 0x0000000701600000| 99%| O|  |TS  0|AC  0|TAMS 0x0000000701500000, 0x0000000701500000|
|  22|0x0000000701600000, 0x00000007016ffff8, 0x0000000701700000| 99%| O|  |TS  0|AC  0|TAMS 0x0000000701600000, 0x0000000701600000|
|  23|0x0000000701700000, 0x00000007017fffe8, 0x0000000701800000| 99%| O|  |TS  0|AC  0|TAMS 0x0000000701700000, 0x0000000701700000|
|  24|0x0000000701800000, 0x00000007018ffff0, 0x0000000701900000| 99%| O|  |TS  0|AC  0|TAMS 0x0000000701800000, 0x0000000701800000|
|  25|0x0000000701900000, 0x00000007019fffd8, 0x0000000701a00000| 99%| O|  |TS  0|AC  0|TAMS 0x0000000701900000, 0x0000000701900000|
|  26|0x0000000701a00000, 0x0000000701b00000, 0x0000000701b00000|100%| O|  |TS  0|AC  0|TAMS 0x0000000701a00000, 0x0000000701a00000|
|  27|0x0000000701b00000, 0x0000000701bfffd8, 0x0000000701c00000| 99%| O|  |TS  0|AC  0|TAMS 0x0000000701b00000, 0x0000000701b00000|
|  28|0x0000000701c00000, 0x0000000701d00000, 0x0000000701d00000|100%| O|  |TS  0|AC  0|TAMS 0x0000000701c00000, 0x0000000701c00000|
|  29|0x0000000701d00000, 0x0000000701dfffc0, 0x0000000701e00000| 99%| O|  |TS  0|AC  0|TAMS 0x0000000701d00000, 0x0000000701d00000|
|  30|0x0000000701e00000, 0x0000000701efffd8, 0x0000000701f00000| 99%| O|  |TS  0|AC  0|TAMS 0x0000000701e00000, 0x0000000701e00000|
|  31|0x0000000701f00000, 0x0000000701fffa50, 0x0000000702000000| 99%| O|  |TS  0|AC  0|TAMS 0x0000000701f00000, 0x0000000701f00000|
|  32|0x0000000702000000, 0x00000007020d5520, 0x0000000702100000| 83%| O|  |TS  0|AC  0|TAMS 0x0000000702000000, 0x0000000702000000|
|  33|0x0000000702100000, 0x00000007021fffd8, 0x0000000702200000| 99%| O|  |TS  0|AC  0|TAMS 0x0000000702100000, 0x0000000702100000|
|  34|0x0000000702200000, 0x00000007022fffe0, 0x0000000702300000| 99%| O|  |TS  0|AC  0|TAMS 0x0000000702200000, 0x0000000702200000|
|  35|0x0000000702300000, 0x00000007023ffff8, 0x0000000702400000| 99%| O|  |TS  0|AC  0|TAMS 0x0000000702300000, 0x0000000702300000|
|  36|0x0000000702400000, 0x00000007024ffff0, 0x0000000702500000| 99%| O|  |TS  0|AC  0|TAMS 0x0000000702400000, 0x0000000702400000|
|  37|0x0000000702500000, 0x00000007025ffff0, 0x0000000702600000| 99%| O|  |TS  0|AC  0|TAMS 0x0000000702500000, 0x0000000702500000|
|  38|0x0000000702600000, 0x00000007026ffff8, 0x0000000702700000| 99%| O|  |TS  0|AC  0|TAMS 0x0000000702600000, 0x0000000702600000|
|  39|0x0000000702700000, 0x0000000702800000, 0x0000000702800000|100%| O|  |TS  0|AC  0|TAMS 0x0000000702700000, 0x0000000702700000|
|  40|0x0000000702800000, 0x00000007028ffff8, 0x0000000702900000| 99%| O|  |TS  0|AC  0|TAMS 0x0000000702800000, 0x0000000702800000|
|  41|0x0000000702900000, 0x00000007029ffef8, 0x0000000702a00000| 99%| O|  |TS  0|AC  0|TAMS 0x0000000702900000, 0x0000000702900000|
|  42|0x0000000702a00000, 0x0000000702affff8, 0x0000000702b00000| 99%| O|  |TS  0|AC  0|TAMS 0x0000000702a00000, 0x0000000702a00000|
|  43|0x0000000702b00000, 0x0000000702bfe5d0, 0x0000000702c00000| 99%| O|  |TS  0|AC  0|TAMS 0x0000000702b00000, 0x0000000702b00000|
|  44|0x0000000702c00000, 0x0000000702cffea0, 0x0000000702d00000| 99%| O|  |TS  0|AC  0|TAMS 0x0000000702c00000, 0x0000000702c00000|
|  45|0x0000000702d00000, 0x0000000702dffff0, 0x0000000702e00000| 99%| O|  |TS  0|AC  0|TAMS 0x0000000702d00000, 0x0000000702d00000|
|  46|0x0000000702e00000, 0x0000000702efffe0, 0x0000000702f00000| 99%| O|  |TS  0|AC  0|TAMS 0x0000000702e00000, 0x0000000702e00000|
|  47|0x0000000702f00000, 0x0000000703000000, 0x0000000703000000|100%| O|  |TS  0|AC  0|TAMS 0x0000000702f00000, 0x0000000702f00000|
|  48|0x0000000703000000, 0x00000007030ffff8, 0x0000000703100000| 99%| O|  |TS  0|AC  0|TAMS 0x0000000703000000, 0x0000000703000000|
|  49|0x0000000703100000, 0x00000007031ffff0, 0x0000000703200000| 99%| O|  |TS  0|AC  0|TAMS 0x0000000703100000, 0x0000000703100000|
|  50|0x0000000703200000, 0x0000000703300000, 0x0000000703300000|100%|HS|  |TS  0|AC  0|TAMS 0x0000000703200000, 0x0000000703200000|
|  51|0x0000000703300000, 0x0000000703400000, 0x0000000703400000|100%|HC|  |TS  0|AC  0|TAMS 0x0000000703300000, 0x0000000703300000|
|  52|0x0000000703400000, 0x0000000703500000, 0x0000000703500000|100%|HC|  |TS  0|AC  0|TAMS 0x0000000703400000, 0x0000000703400000|
|  53|0x0000000703500000, 0x0000000703600000, 0x0000000703600000|100%|HC|  |TS  0|AC  0|TAMS 0x0000000703500000, 0x0000000703500000|
|  54|0x0000000703600000, 0x0000000703700000, 0x0000000703700000|100%|HC|  |TS  0|AC  0|TAMS 0x0000000703600000, 0x0000000703600000|
|  55|0x0000000703700000, 0x0000000703800000, 0x0000000703800000|100%|HC|  |TS  0|AC  0|TAMS 0x0000000703700000, 0x0000000703700000|
|  56|0x0000000703800000, 0x0000000703900000, 0x0000000703900000|100%|HC|  |TS  0|AC  0|TAMS 0x0000000703800000, 0x0000000703800000|
|  57|0x0000000703900000, 0x0000000703a00000, 0x0000000703a00000|100%|HC|  |TS  0|AC  0|TAMS 0x0000000703900000, 0x0000000703900000|
|  58|0x0000000703a00000, 0x0000000703affff8, 0x0000000703b00000| 99%| O|  |TS  0|AC  0|TAMS 0x0000000703a00000, 0x0000000703a00000|
|  59|0x0000000703b00000, 0x0000000703bfffe8, 0x0000000703c00000| 99%| O|  |TS  0|AC  0|TAMS 0x0000000703b00000, 0x0000000703b00000|
|  60|0x0000000703c00000, 0x0000000703cffff8, 0x0000000703d00000| 99%| O|  |TS  0|AC  0|TAMS 0x0000000703c00000, 0x0000000703c00000|
|  61|0x0000000703d00000, 0x0000000703dfffd0, 0x0000000703e00000| 99%| O|  |TS  0|AC  0|TAMS 0x0000000703d00000, 0x0000000703d00000|
|  62|0x0000000703e00000, 0x0000000703efffe8, 0x0000000703f00000| 99%| O|  |TS  0|AC  0|TAMS 0x0000000703e00000, 0x0000000703e00000|
|  63|0x0000000703f00000, 0x0000000703ffffe8, 0x0000000704000000| 99%| O|  |TS  0|AC  0|TAMS 0x0000000703f00000, 0x0000000703f00000|
|  64|0x0000000704000000, 0x00000007040fffe0, 0x0000000704100000| 99%| O|  |TS  0|AC  0|TAMS 0x0000000704000000, 0x0000000704000000|
|  65|0x0000000704100000, 0x00000007041fa920, 0x0000000704200000| 97%| O|  |TS  0|AC  0|TAMS 0x0000000704100000, 0x0000000704100000|
|  66|0x0000000704200000, 0x0000000704300000, 0x0000000704300000|100%| O|  |TS  0|AC  0|TAMS 0x0000000704200000, 0x0000000704200000|
|  67|0x0000000704300000, 0x00000007043da920, 0x0000000704400000| 85%| O|  |TS  0|AC  0|TAMS 0x0000000704300000, 0x0000000704300000|
|  68|0x0000000704400000, 0x00000007044fffc8, 0x0000000704500000| 99%| O|  |TS  0|AC  0|TAMS 0x0000000704400000, 0x0000000704400000|
|  69|0x0000000704500000, 0x00000007045fffd8, 0x0000000704600000| 99%| O|  |TS  0|AC  0|TAMS 0x0000000704500000, 0x0000000704500000|
|  70|0x0000000704600000, 0x00000007046ffea8, 0x0000000704700000| 99%| O|  |TS  0|AC  0|TAMS 0x0000000704600000, 0x0000000704600000|
|  71|0x0000000704700000, 0x00000007047ffff0, 0x0000000704800000| 99%| O|  |TS  0|AC  0|TAMS 0x0000000704700000, 0x0000000704700000|
|  72|0x0000000704800000, 0x00000007048fffb8, 0x0000000704900000| 99%| O|  |TS  0|AC  0|TAMS 0x0000000704800000, 0x0000000704800000|
|  73|0x0000000704900000, 0x00000007049ffff8, 0x0000000704a00000| 99%| O|  |TS  0|AC  0|TAMS 0x0000000704900000, 0x0000000704900000|
|  74|0x0000000704a00000, 0x0000000704afffe8, 0x0000000704b00000| 99%| O|  |TS  0|AC  0|TAMS 0x0000000704a00000, 0x0000000704a00000|
|  75|0x0000000704b00000, 0x0000000704bfffc8, 0x0000000704c00000| 99%| O|  |TS  0|AC  0|TAMS 0x0000000704b00000, 0x0000000704b00000|
|  76|0x0000000704c00000, 0x0000000704cffff8, 0x0000000704d00000| 99%| O|  |TS  0|AC  0|TAMS 0x0000000704c00000, 0x0000000704c00000|
|  77|0x0000000704d00000, 0x0000000704e00000, 0x0000000704e00000|100%| O|  |TS  0|AC  0|TAMS 0x0000000704d00000, 0x0000000704d00000|
|  78|0x0000000704e00000, 0x0000000704effe10, 0x0000000704f00000| 99%| O|  |TS  0|AC  0|TAMS 0x0000000704e00000, 0x0000000704e00000|
|  79|0x0000000704f00000, 0x0000000704ffff28, 0x0000000705000000| 99%| O|  |TS  0|AC  0|TAMS 0x0000000704f00000, 0x0000000704f00000|
|  80|0x0000000705000000, 0x00000007050fffe8, 0x0000000705100000| 99%| O|  |TS  0|AC  0|TAMS 0x0000000705000000, 0x0000000705000000|
|  81|0x0000000705100000, 0x00000007051ffff8, 0x0000000705200000| 99%| O|  |TS  0|AC  0|TAMS 0x0000000705100000, 0x0000000705100000|
|  82|0x0000000705200000, 0x00000007052ffff0, 0x0000000705300000| 99%| O|  |TS  0|AC  0|TAMS 0x0000000705200000, 0x0000000705200000|
|  83|0x0000000705300000, 0x00000007053ffeb0, 0x0000000705400000| 99%| O|  |TS  0|AC  0|TAMS 0x0000000705300000, 0x0000000705300000|
|  84|0x0000000705400000, 0x00000007054ffff8, 0x0000000705500000| 99%| O|  |TS  0|AC  0|TAMS 0x0000000705400000, 0x0000000705400000|
|  85|0x0000000705500000, 0x00000007055ffe48, 0x0000000705600000| 99%| O|  |TS  0|AC  0|TAMS 0x0000000705500000, 0x0000000705500000|
|  86|0x0000000705600000, 0x00000007056fffd8, 0x0000000705700000| 99%| O|  |TS  0|AC  0|TAMS 0x0000000705600000, 0x0000000705600000|
|  87|0x0000000705700000, 0x00000007057ffff0, 0x0000000705800000| 99%| O|  |TS  0|AC  0|TAMS 0x0000000705700000, 0x0000000705700000|
|  88|0x0000000705800000, 0x00000007058fffe8, 0x0000000705900000| 99%| O|  |TS  0|AC  0|TAMS 0x0000000705800000, 0x0000000705800000|
|  89|0x0000000705900000, 0x0000000705924d00, 0x0000000705a00000| 14%| O|  |TS  0|AC  0|TAMS 0x0000000705900000, 0x0000000705900000|
|  90|0x0000000705a00000, 0x0000000705a00000, 0x0000000705b00000|  0%| F|  |TS  0|AC  0|TAMS 0x0000000705a00000, 0x0000000705a00000|
|  91|0x0000000705b00000, 0x0000000705b00000, 0x0000000705c00000|  0%| F|  |TS  0|AC  0|TAMS 0x0000000705b00000, 0x0000000705b00000|
|  92|0x0000000705c00000, 0x0000000705d00000, 0x0000000705d00000|100%|HS|  |TS  0|AC  0|TAMS 0x0000000705c00000, 0x0000000705c00000|
|  93|0x0000000705d00000, 0x0000000705e00000, 0x0000000705e00000|100%|HC|  |TS  0|AC  0|TAMS 0x0000000705d00000, 0x0000000705d00000|
|  94|0x0000000705e00000, 0x0000000705f00000, 0x0000000705f00000|100%|HS|  |TS  0|AC  0|TAMS 0x0000000705e00000, 0x0000000705e00000|
|  95|0x0000000705f00000, 0x0000000706000000, 0x0000000706000000|100%|HC|  |TS  0|AC  0|TAMS 0x0000000705f00000, 0x0000000705f00000|
|  96|0x0000000706000000, 0x0000000706100000, 0x0000000706100000|100%|HC|  |TS  0|AC  0|TAMS 0x0000000706000000, 0x0000000706000000|
|  97|0x0000000706100000, 0x0000000706200000, 0x0000000706200000|100%|HS|  |TS  0|AC  0|TAMS 0x0000000706100000, 0x0000000706100000|
|  98|0x0000000706200000, 0x0000000706300000, 0x0000000706300000|100%|HC|  |TS  0|AC  0|TAMS 0x0000000706200000, 0x0000000706200000|
|  99|0x0000000706300000, 0x0000000706400000, 0x0000000706400000|100%|HC|  |TS  0|AC  0|TAMS 0x0000000706300000, 0x0000000706300000|
| 100|0x0000000706400000, 0x0000000706400000, 0x0000000706500000|  0%| F|  |TS  0|AC  0|TAMS 0x0000000706400000, 0x0000000706400000|
| 101|0x0000000706500000, 0x0000000706500000, 0x0000000706600000|  0%| F|  |TS  0|AC  0|TAMS 0x0000000706500000, 0x0000000706500000|
| 102|0x0000000706600000, 0x0000000706600000, 0x0000000706700000|  0%| F|  |TS  0|AC  0|TAMS 0x0000000706600000, 0x0000000706600000|
| 103|0x0000000706700000, 0x0000000706700000, 0x0000000706800000|  0%| F|  |TS  0|AC  0|TAMS 0x0000000706700000, 0x0000000706700000|
| 104|0x0000000706800000, 0x0000000706800000, 0x0000000706900000|  0%| F|  |TS  0|AC  0|TAMS 0x0000000706800000, 0x0000000706800000|
| 105|0x0000000706900000, 0x0000000706900000, 0x0000000706a00000|  0%| F|  |TS  0|AC  0|TAMS 0x0000000706900000, 0x0000000706900000|
| 106|0x0000000706a00000, 0x0000000706a00000, 0x0000000706b00000|  0%| F|  |TS  0|AC  0|TAMS 0x0000000706a00000, 0x0000000706a00000|
| 107|0x0000000706b00000, 0x0000000706b00000, 0x0000000706c00000|  0%| F|  |TS  0|AC  0|TAMS 0x0000000706b00000, 0x0000000706b00000|
| 108|0x0000000706c00000, 0x0000000706c00000, 0x0000000706d00000|  0%| F|  |TS  0|AC  0|TAMS 0x0000000706c00000, 0x0000000706c00000|
| 109|0x0000000706d00000, 0x0000000706d00000, 0x0000000706e00000|  0%| F|  |TS  0|AC  0|TAMS 0x0000000706d00000, 0x0000000706d00000|
| 110|0x0000000706e00000, 0x0000000706e00000, 0x0000000706f00000|  0%| F|  |TS  0|AC  0|TAMS 0x0000000706e00000, 0x0000000706e00000|
| 111|0x0000000706f00000, 0x0000000706f00000, 0x0000000707000000|  0%| F|  |TS  0|AC  0|TAMS 0x0000000706f00000, 0x0000000706f00000|
| 112|0x0000000707000000, 0x0000000707000000, 0x0000000707100000|  0%| F|  |TS  0|AC  0|TAMS 0x0000000707000000, 0x0000000707000000|
| 113|0x0000000707100000, 0x0000000707100000, 0x0000000707200000|  0%| F|  |TS  0|AC  0|TAMS 0x0000000707100000, 0x0000000707100000|
| 114|0x0000000707200000, 0x0000000707200000, 0x0000000707300000|  0%| F|  |TS  0|AC  0|TAMS 0x0000000707200000, 0x0000000707200000|
| 115|0x0000000707300000, 0x0000000707300000, 0x0000000707400000|  0%| F|  |TS  0|AC  0|TAMS 0x0000000707300000, 0x0000000707300000|
| 116|0x0000000707400000, 0x0000000707400000, 0x0000000707500000|  0%| F|  |TS  0|AC  0|TAMS 0x0000000707400000, 0x0000000707400000|
| 117|0x0000000707500000, 0x0000000707500000, 0x0000000707600000|  0%| F|  |TS  0|AC  0|TAMS 0x0000000707500000, 0x0000000707500000|
| 118|0x0000000707600000, 0x0000000707600000, 0x0000000707700000|  0%| F|  |TS  0|AC  0|TAMS 0x0000000707600000, 0x0000000707600000|
| 119|0x0000000707700000, 0x0000000707700000, 0x0000000707800000|  0%| F|  |TS  0|AC  0|TAMS 0x0000000707700000, 0x0000000707700000|
| 120|0x0000000707800000, 0x0000000707800000, 0x0000000707900000|  0%| F|  |TS  0|AC  0|TAMS 0x0000000707800000, 0x0000000707800000|
| 121|0x0000000707900000, 0x0000000707900000, 0x0000000707a00000|  0%| F|  |TS  0|AC  0|TAMS 0x0000000707900000, 0x0000000707900000|
| 122|0x0000000707a00000, 0x0000000707a00000, 0x0000000707b00000|  0%| F|  |TS  0|AC  0|TAMS 0x0000000707a00000, 0x0000000707a00000|
| 123|0x0000000707b00000, 0x0000000707b00000, 0x0000000707c00000|  0%| F|  |TS  0|AC  0|TAMS 0x0000000707b00000, 0x0000000707b00000|
| 124|0x0000000707c00000, 0x0000000707c00000, 0x0000000707d00000|  0%| F|  |TS  0|AC  0|TAMS 0x0000000707c00000, 0x0000000707c00000|
| 125|0x0000000707d00000, 0x0000000707d00000, 0x0000000707e00000|  0%| F|  |TS  0|AC  0|TAMS 0x0000000707d00000, 0x0000000707d00000|
| 126|0x0000000707e00000, 0x0000000707e00000, 0x0000000707f00000|  0%| F|  |TS  0|AC  0|TAMS 0x0000000707e00000, 0x0000000707e00000|
| 127|0x0000000707f00000, 0x0000000707f00000, 0x0000000708000000|  0%| F|  |TS  0|AC  0|TAMS 0x0000000707f00000, 0x0000000707f00000|
| 128|0x0000000708000000, 0x0000000708000000, 0x0000000708100000|  0%| F|  |TS  0|AC  0|TAMS 0x0000000708000000, 0x0000000708000000|
| 129|0x0000000708100000, 0x0000000708100000, 0x0000000708200000|  0%| F|  |TS  0|AC  0|TAMS 0x0000000708100000, 0x0000000708100000|
| 130|0x0000000708200000, 0x0000000708200000, 0x0000000708300000|  0%| F|  |TS  0|AC  0|TAMS 0x0000000708200000, 0x0000000708200000|
| 131|0x0000000708300000, 0x0000000708300000, 0x0000000708400000|  0%| F|  |TS  0|AC  0|TAMS 0x0000000708300000, 0x0000000708300000|
| 132|0x0000000708400000, 0x0000000708400000, 0x0000000708500000|  0%| F|  |TS  0|AC  0|TAMS 0x0000000708400000, 0x0000000708400000|
| 133|0x0000000708500000, 0x0000000708500000, 0x0000000708600000|  0%| F|  |TS  0|AC  0|TAMS 0x0000000708500000, 0x0000000708500000|
| 134|0x0000000708600000, 0x0000000708600000, 0x0000000708700000|  0%| F|  |TS  0|AC  0|TAMS 0x0000000708600000, 0x0000000708600000|
| 135|0x0000000708700000, 0x0000000708700000, 0x0000000708800000|  0%| F|  |TS  0|AC  0|TAMS 0x0000000708700000, 0x0000000708700000|
| 136|0x0000000708800000, 0x0000000708800000, 0x0000000708900000|  0%| F|  |TS  0|AC  0|TAMS 0x0000000708800000, 0x0000000708800000|
| 137|0x0000000708900000, 0x0000000708900000, 0x0000000708a00000|  0%| F|  |TS  0|AC  0|TAMS 0x0000000708900000, 0x0000000708900000|
| 138|0x0000000708a00000, 0x0000000708a00000, 0x0000000708b00000|  0%| F|  |TS  0|AC  0|TAMS 0x0000000708a00000, 0x0000000708a00000|
| 139|0x0000000708b00000, 0x0000000708b00000, 0x0000000708c00000|  0%| F|  |TS  0|AC  0|TAMS 0x0000000708b00000, 0x0000000708b00000|
| 140|0x0000000708c00000, 0x0000000708c00000, 0x0000000708d00000|  0%| F|  |TS  0|AC  0|TAMS 0x0000000708c00000, 0x0000000708c00000|
| 141|0x0000000708d00000, 0x0000000708d00000, 0x0000000708e00000|  0%| F|  |TS  0|AC  0|TAMS 0x0000000708d00000, 0x0000000708d00000|
| 142|0x0000000708e00000, 0x0000000708e00000, 0x0000000708f00000|  0%| F|  |TS  0|AC  0|TAMS 0x0000000708e00000, 0x0000000708e00000|
| 143|0x0000000708f00000, 0x0000000708f00000, 0x0000000709000000|  0%| F|  |TS  0|AC  0|TAMS 0x0000000708f00000, 0x0000000708f00000|
| 144|0x0000000709000000, 0x0000000709000000, 0x0000000709100000|  0%| F|  |TS  0|AC  0|TAMS 0x0000000709000000, 0x0000000709000000|
| 145|0x0000000709100000, 0x0000000709100000, 0x0000000709200000|  0%| F|  |TS  0|AC  0|TAMS 0x0000000709100000, 0x0000000709100000|
| 146|0x0000000709200000, 0x0000000709200000, 0x0000000709300000|  0%| F|  |TS  0|AC  0|TAMS 0x0000000709200000, 0x0000000709200000|
| 147|0x0000000709300000, 0x0000000709300000, 0x0000000709400000|  0%| F|  |TS  0|AC  0|TAMS 0x0000000709300000, 0x0000000709300000|
| 148|0x0000000709400000, 0x0000000709400000, 0x0000000709500000|  0%| F|  |TS  0|AC  0|TAMS 0x0000000709400000, 0x0000000709400000|
| 149|0x0000000709500000, 0x0000000709500000, 0x0000000709600000|  0%| F|  |TS  0|AC  0|TAMS 0x0000000709500000, 0x0000000709500000|
| 150|0x0000000709600000, 0x0000000709600000, 0x0000000709700000|  0%| F|  |TS  0|AC  0|TAMS 0x0000000709600000, 0x0000000709600000|
| 151|0x0000000709700000, 0x0000000709700000, 0x0000000709800000|  0%| F|  |TS  0|AC  0|TAMS 0x0000000709700000, 0x0000000709700000|
| 152|0x0000000709800000, 0x0000000709800000, 0x0000000709900000|  0%| F|  |TS  0|AC  0|TAMS 0x0000000709800000, 0x0000000709800000|
| 153|0x0000000709900000, 0x0000000709900000, 0x0000000709a00000|  0%| F|  |TS  0|AC  0|TAMS 0x0000000709900000, 0x0000000709900000|
| 154|0x0000000709a00000, 0x0000000709a00000, 0x0000000709b00000|  0%| F|  |TS  0|AC  0|TAMS 0x0000000709a00000, 0x0000000709a00000|
| 155|0x0000000709b00000, 0x0000000709b00000, 0x0000000709c00000|  0%| F|  |TS  0|AC  0|TAMS 0x0000000709b00000, 0x0000000709b00000|
| 156|0x0000000709c00000, 0x0000000709c00000, 0x0000000709d00000|  0%| F|  |TS  0|AC  0|TAMS 0x0000000709c00000, 0x0000000709c00000|
| 157|0x0000000709d00000, 0x0000000709d00000, 0x0000000709e00000|  0%| F|  |TS  0|AC  0|TAMS 0x0000000709d00000, 0x0000000709d00000|
| 158|0x0000000709e00000, 0x0000000709e00000, 0x0000000709f00000|  0%| F|  |TS  0|AC  0|TAMS 0x0000000709e00000, 0x0000000709e00000|
| 159|0x0000000709f00000, 0x0000000709f00000, 0x000000070a000000|  0%| F|  |TS  0|AC  0|TAMS 0x0000000709f00000, 0x0000000709f00000|
| 160|0x000000070a000000, 0x000000070a000000, 0x000000070a100000|  0%| F|  |TS  0|AC  0|TAMS 0x000000070a000000, 0x000000070a000000|
| 161|0x000000070a100000, 0x000000070a100000, 0x000000070a200000|  0%| F|  |TS  0|AC  0|TAMS 0x000000070a100000, 0x000000070a100000|
| 162|0x000000070a200000, 0x000000070a200000, 0x000000070a300000|  0%| F|  |TS  0|AC  0|TAMS 0x000000070a200000, 0x000000070a200000|
| 163|0x000000070a300000, 0x000000070a300000, 0x000000070a400000|  0%| F|  |TS  0|AC  0|TAMS 0x000000070a300000, 0x000000070a300000|
| 164|0x000000070a400000, 0x000000070a400000, 0x000000070a500000|  0%| F|  |TS  0|AC  0|TAMS 0x000000070a400000, 0x000000070a400000|
| 165|0x000000070a500000, 0x000000070a500000, 0x000000070a600000|  0%| F|  |TS  0|AC  0|TAMS 0x000000070a500000, 0x000000070a500000|
| 166|0x000000070a600000, 0x000000070a600000, 0x000000070a700000|  0%| F|  |TS  0|AC  0|TAMS 0x000000070a600000, 0x000000070a600000|
| 167|0x000000070a700000, 0x000000070a700000, 0x000000070a800000|  0%| F|  |TS  0|AC  0|TAMS 0x000000070a700000, 0x000000070a700000|
| 168|0x000000070a800000, 0x000000070a800000, 0x000000070a900000|  0%| F|  |TS  0|AC  0|TAMS 0x000000070a800000, 0x000000070a800000|
| 169|0x000000070a900000, 0x000000070a900000, 0x000000070aa00000|  0%| F|  |TS  0|AC  0|TAMS 0x000000070a900000, 0x000000070a900000|
| 170|0x000000070aa00000, 0x000000070aa00000, 0x000000070ab00000|  0%| F|  |TS  0|AC  0|TAMS 0x000000070aa00000, 0x000000070aa00000|
| 171|0x000000070ab00000, 0x000000070ab00000, 0x000000070ac00000|  0%| F|  |TS  0|AC  0|TAMS 0x000000070ab00000, 0x000000070ab00000|
| 172|0x000000070ac00000, 0x000000070ac00000, 0x000000070ad00000|  0%| F|  |TS  0|AC  0|TAMS 0x000000070ac00000, 0x000000070ac00000|
| 173|0x000000070ad00000, 0x000000070ad00000, 0x000000070ae00000|  0%| F|  |TS  0|AC  0|TAMS 0x000000070ad00000, 0x000000070ad00000|
| 174|0x000000070ae00000, 0x000000070ae00000, 0x000000070af00000|  0%| F|  |TS  0|AC  0|TAMS 0x000000070ae00000, 0x000000070ae00000|
| 175|0x000000070af00000, 0x000000070af00000, 0x000000070b000000|  0%| F|  |TS  0|AC  0|TAMS 0x000000070af00000, 0x000000070af00000|
| 176|0x000000070b000000, 0x000000070b000000, 0x000000070b100000|  0%| F|  |TS  0|AC  0|TAMS 0x000000070b000000, 0x000000070b000000|
| 177|0x000000070b100000, 0x000000070b100000, 0x000000070b200000|  0%| F|  |TS  0|AC  0|TAMS 0x000000070b100000, 0x000000070b100000|
| 178|0x000000070b200000, 0x000000070b200000, 0x000000070b300000|  0%| F|  |TS  0|AC  0|TAMS 0x000000070b200000, 0x000000070b200000|
| 179|0x000000070b300000, 0x000000070b300000, 0x000000070b400000|  0%| F|  |TS  0|AC  0|TAMS 0x000000070b300000, 0x000000070b300000|
| 180|0x000000070b400000, 0x000000070b400000, 0x000000070b500000|  0%| F|  |TS  0|AC  0|TAMS 0x000000070b400000, 0x000000070b400000|
| 181|0x000000070b500000, 0x000000070b500000, 0x000000070b600000|  0%| F|  |TS  0|AC  0|TAMS 0x000000070b500000, 0x000000070b500000|
| 182|0x000000070b600000, 0x000000070b600000, 0x000000070b700000|  0%| F|  |TS  0|AC  0|TAMS 0x000000070b600000, 0x000000070b600000|
| 183|0x000000070b700000, 0x000000070b700000, 0x000000070b800000|  0%| F|  |TS  0|AC  0|TAMS 0x000000070b700000, 0x000000070b700000|
| 184|0x000000070b800000, 0x000000070b800000, 0x000000070b900000|  0%| F|  |TS  0|AC  0|TAMS 0x000000070b800000, 0x000000070b800000|
| 185|0x000000070b900000, 0x000000070b900000, 0x000000070ba00000|  0%| F|  |TS  0|AC  0|TAMS 0x000000070b900000, 0x000000070b900000|
| 186|0x000000070ba00000, 0x000000070ba00000, 0x000000070bb00000|  0%| F|  |TS  0|AC  0|TAMS 0x000000070ba00000, 0x000000070ba00000|
| 187|0x000000070bb00000, 0x000000070bb00000, 0x000000070bc00000|  0%| F|  |TS  0|AC  0|TAMS 0x000000070bb00000, 0x000000070bb00000|
| 188|0x000000070bc00000, 0x000000070bc00000, 0x000000070bd00000|  0%| F|  |TS  0|AC  0|TAMS 0x000000070bc00000, 0x000000070bc00000|
| 189|0x000000070bd00000, 0x000000070bd00000, 0x000000070be00000|  0%| F|  |TS  0|AC  0|TAMS 0x000000070bd00000, 0x000000070bd00000|
| 190|0x000000070be00000, 0x000000070be00000, 0x000000070bf00000|  0%| F|  |TS  0|AC  0|TAMS 0x000000070be00000, 0x000000070be00000|
| 191|0x000000070bf00000, 0x000000070bf00000, 0x000000070c000000|  0%| F|  |TS  0|AC  0|TAMS 0x000000070bf00000, 0x000000070bf00000|
| 192|0x000000070c000000, 0x000000070c000000, 0x000000070c100000|  0%| F|  |TS  0|AC  0|TAMS 0x000000070c000000, 0x000000070c000000|
| 193|0x000000070c100000, 0x000000070c100000, 0x000000070c200000|  0%| F|  |TS  0|AC  0|TAMS 0x000000070c100000, 0x000000070c100000|
| 194|0x000000070c200000, 0x000000070c200000, 0x000000070c300000|  0%| F|  |TS  0|AC  0|TAMS 0x000000070c200000, 0x000000070c200000|
| 195|0x000000070c300000, 0x000000070c300000, 0x000000070c400000|  0%| F|  |TS  0|AC  0|TAMS 0x000000070c300000, 0x000000070c300000|
| 196|0x000000070c400000, 0x000000070c400000, 0x000000070c500000|  0%| F|  |TS  0|AC  0|TAMS 0x000000070c400000, 0x000000070c400000|
| 197|0x000000070c500000, 0x000000070c500000, 0x000000070c600000|  0%| F|  |TS  0|AC  0|TAMS 0x000000070c500000, 0x000000070c500000|
| 198|0x000000070c600000, 0x000000070c600000, 0x000000070c700000|  0%| F|  |TS  0|AC  0|TAMS 0x000000070c600000, 0x000000070c600000|
| 199|0x000000070c700000, 0x000000070c700000, 0x000000070c800000|  0%| F|  |TS  0|AC  0|TAMS 0x000000070c700000, 0x000000070c700000|
| 200|0x000000070c800000, 0x000000070c800000, 0x000000070c900000|  0%| F|  |TS  0|AC  0|TAMS 0x000000070c800000, 0x000000070c800000|
| 201|0x000000070c900000, 0x000000070c900000, 0x000000070ca00000|  0%| F|  |TS  0|AC  0|TAMS 0x000000070c900000, 0x000000070c900000|
| 202|0x000000070ca00000, 0x000000070ca00000, 0x000000070cb00000|  0%| F|  |TS  0|AC  0|TAMS 0x000000070ca00000, 0x000000070ca00000|
| 203|0x000000070cb00000, 0x000000070cb00000, 0x000000070cc00000|  0%| F|  |TS  0|AC  0|TAMS 0x000000070cb00000, 0x000000070cb00000|
| 204|0x000000070cc00000, 0x000000070cc00000, 0x000000070cd00000|  0%| F|  |TS  0|AC  0|TAMS 0x000000070cc00000, 0x000000070cc00000|
| 205|0x000000070cd00000, 0x000000070cd00000, 0x000000070ce00000|  0%| F|  |TS  0|AC  0|TAMS 0x000000070cd00000, 0x000000070cd00000|
| 206|0x000000070ce00000, 0x000000070ce00000, 0x000000070cf00000|  0%| F|  |TS  0|AC  0|TAMS 0x000000070ce00000, 0x000000070ce00000|
| 207|0x000000070cf00000, 0x000000070cf00000, 0x000000070d000000|  0%| F|  |TS  0|AC  0|TAMS 0x000000070cf00000, 0x000000070cf00000|
| 208|0x000000070d000000, 0x000000070d000000, 0x000000070d100000|  0%| F|  |TS  0|AC  0|TAMS 0x000000070d000000, 0x000000070d000000|
| 209|0x000000070d100000, 0x000000070d100000, 0x000000070d200000|  0%| F|  |TS  0|AC  0|TAMS 0x000000070d100000, 0x000000070d100000|
| 210|0x000000070d200000, 0x000000070d200000, 0x000000070d300000|  0%| F|  |TS  0|AC  0|TAMS 0x000000070d200000, 0x000000070d200000|
| 211|0x000000070d300000, 0x000000070d300000, 0x000000070d400000|  0%| F|  |TS  0|AC  0|TAMS 0x000000070d300000, 0x000000070d300000|
| 212|0x000000070d400000, 0x000000070d400000, 0x000000070d500000|  0%| F|  |TS  0|AC  0|TAMS 0x000000070d400000, 0x000000070d400000|
| 213|0x000000070d500000, 0x000000070d500000, 0x000000070d600000|  0%| F|  |TS  0|AC  0|TAMS 0x000000070d500000, 0x000000070d500000|
| 214|0x000000070d600000, 0x000000070d600000, 0x000000070d700000|  0%| F|  |TS  0|AC  0|TAMS 0x000000070d600000, 0x000000070d600000|
| 215|0x000000070d700000, 0x000000070d700000, 0x000000070d800000|  0%| F|  |TS  0|AC  0|TAMS 0x000000070d700000, 0x000000070d700000|
| 216|0x000000070d800000, 0x000000070d800000, 0x000000070d900000|  0%| F|  |TS  0|AC  0|TAMS 0x000000070d800000, 0x000000070d800000|
| 217|0x000000070d900000, 0x000000070d900000, 0x000000070da00000|  0%| F|  |TS  0|AC  0|TAMS 0x000000070d900000, 0x000000070d900000|
| 218|0x000000070da00000, 0x000000070da00000, 0x000000070db00000|  0%| F|  |TS  0|AC  0|TAMS 0x000000070da00000, 0x000000070da00000|
| 219|0x000000070db00000, 0x000000070db00000, 0x000000070dc00000|  0%| F|  |TS  3|AC  0|TAMS 0x000000070db00000, 0x000000070db00000|
| 220|0x000000070dc00000, 0x000000070dc9b750, 0x000000070dd00000| 60%| S|CS|TS  3|AC  0|TAMS 0x000000070dc00000, 0x000000070dc00000|
| 221|0x000000070dd00000, 0x000000070dd00000, 0x000000070de00000|  0%| F|  |TS  3|AC  0|TAMS 0x000000070dd00000, 0x000000070dd00000|
| 222|0x000000070de00000, 0x000000070de00000, 0x000000070df00000|  0%| F|  |TS  3|AC  0|TAMS 0x000000070de00000, 0x000000070de00000|
| 223|0x000000070df00000, 0x000000070df00000, 0x000000070e000000|  0%| F|  |TS  3|AC  0|TAMS 0x000000070df00000, 0x000000070df00000|
| 224|0x000000070e000000, 0x000000070e000000, 0x000000070e100000|  0%| F|  |TS  3|AC  0|TAMS 0x000000070e000000, 0x000000070e000000|
| 225|0x000000070e100000, 0x000000070e100000, 0x000000070e200000|  0%| F|  |TS  3|AC  0|TAMS 0x000000070e100000, 0x000000070e100000|
| 226|0x000000070e200000, 0x000000070e200000, 0x000000070e300000|  0%| F|  |TS  3|AC  0|TAMS 0x000000070e200000, 0x000000070e200000|
| 227|0x000000070e300000, 0x000000070e300000, 0x000000070e400000|  0%| F|  |TS  3|AC  0|TAMS 0x000000070e300000, 0x000000070e300000|
| 228|0x000000070e400000, 0x000000070e4a07e8, 0x000000070e500000| 62%| E|  |TS  3|AC  0|TAMS 0x000000070e400000, 0x000000070e400000|
| 229|0x000000070e500000, 0x000000070e600000, 0x000000070e600000|100%| E|CS|TS  3|AC  0|TAMS 0x000000070e500000, 0x000000070e500000|
| 230|0x000000070e600000, 0x000000070e700000, 0x000000070e700000|100%| E|CS|TS  3|AC  0|TAMS 0x000000070e600000, 0x000000070e600000|
| 231|0x000000070e700000, 0x000000070e800000, 0x000000070e800000|100%| E|CS|TS  3|AC  0|TAMS 0x000000070e700000, 0x000000070e700000|
| 232|0x000000070e800000, 0x000000070e900000, 0x000000070e900000|100%| E|CS|TS  3|AC  0|TAMS 0x000000070e800000, 0x000000070e800000|
| 233|0x000000070e900000, 0x000000070ea00000, 0x000000070ea00000|100%| E|CS|TS  3|AC  0|TAMS 0x000000070e900000, 0x000000070e900000|
| 234|0x000000070ea00000, 0x000000070eb00000, 0x000000070eb00000|100%| E|CS|TS  3|AC  0|TAMS 0x000000070ea00000, 0x000000070ea00000|
| 235|0x000000070eb00000, 0x000000070ec00000, 0x000000070ec00000|100%| E|CS|TS  3|AC  0|TAMS 0x000000070eb00000, 0x000000070eb00000|
| 236|0x000000070ec00000, 0x000000070ed00000, 0x000000070ed00000|100%| E|CS|TS  3|AC  0|TAMS 0x000000070ec00000, 0x000000070ec00000|
| 237|0x000000070ed00000, 0x000000070ee00000, 0x000000070ee00000|100%| E|CS|TS  3|AC  0|TAMS 0x000000070ed00000, 0x000000070ed00000|
| 238|0x000000070ee00000, 0x000000070ef00000, 0x000000070ef00000|100%| E|CS|TS  3|AC  0|TAMS 0x000000070ee00000, 0x000000070ee00000|
| 239|0x000000070ef00000, 0x000000070f000000, 0x000000070f000000|100%| E|CS|TS  3|AC  0|TAMS 0x000000070ef00000, 0x000000070ef00000|
| 240|0x000000070f000000, 0x000000070f100000, 0x000000070f100000|100%| E|CS|TS  3|AC  0|TAMS 0x000000070f000000, 0x000000070f000000|
| 241|0x000000070f100000, 0x000000070f200000, 0x000000070f200000|100%| E|CS|TS  3|AC  0|TAMS 0x000000070f100000, 0x000000070f100000|
| 242|0x000000070f200000, 0x000000070f300000, 0x000000070f300000|100%| E|CS|TS  3|AC  0|TAMS 0x000000070f200000, 0x000000070f200000|
| 243|0x000000070f300000, 0x000000070f400000, 0x000000070f400000|100%| E|CS|TS  3|AC  0|TAMS 0x000000070f300000, 0x000000070f300000|
| 244|0x000000070f400000, 0x000000070f500000, 0x000000070f500000|100%| E|CS|TS  3|AC  0|TAMS 0x000000070f400000, 0x000000070f400000|
| 245|0x000000070f500000, 0x000000070f600000, 0x000000070f600000|100%| E|CS|TS  3|AC  0|TAMS 0x000000070f500000, 0x000000070f500000|
| 246|0x000000070f600000, 0x000000070f700000, 0x000000070f700000|100%| E|CS|TS  3|AC  0|TAMS 0x000000070f600000, 0x000000070f600000|
| 247|0x000000070f700000, 0x000000070f800000, 0x000000070f800000|100%| E|CS|TS  3|AC  0|TAMS 0x000000070f700000, 0x000000070f700000|
| 248|0x000000070f800000, 0x000000070f900000, 0x000000070f900000|100%| E|CS|TS  3|AC  0|TAMS 0x000000070f800000, 0x000000070f800000|
| 249|0x000000070f900000, 0x000000070fa00000, 0x000000070fa00000|100%| E|CS|TS  3|AC  0|TAMS 0x000000070f900000, 0x000000070f900000|
| 250|0x000000070fa00000, 0x000000070fb00000, 0x000000070fb00000|100%| E|CS|TS  3|AC  0|TAMS 0x000000070fa00000, 0x000000070fa00000|
| 251|0x000000070fb00000, 0x000000070fc00000, 0x000000070fc00000|100%| E|CS|TS  3|AC  0|TAMS 0x000000070fb00000, 0x000000070fb00000|
| 252|0x000000070fc00000, 0x000000070fd00000, 0x000000070fd00000|100%| E|CS|TS  3|AC  0|TAMS 0x000000070fc00000, 0x000000070fc00000|
| 253|0x000000070fd00000, 0x000000070fe00000, 0x000000070fe00000|100%| E|CS|TS  3|AC  0|TAMS 0x000000070fd00000, 0x000000070fd00000|
| 254|0x000000070fe00000, 0x000000070ff00000, 0x000000070ff00000|100%| E|CS|TS  3|AC  0|TAMS 0x000000070fe00000, 0x000000070fe00000|
| 255|0x000000070ff00000, 0x0000000710000000, 0x0000000710000000|100%| E|CS|TS  3|AC  0|TAMS 0x000000070ff00000, 0x000000070ff00000|
| 256|0x0000000710000000, 0x0000000710100000, 0x0000000710100000|100%| E|CS|TS  3|AC  0|TAMS 0x0000000710000000, 0x0000000710000000|
| 257|0x0000000710100000, 0x0000000710200000, 0x0000000710200000|100%| E|CS|TS  3|AC  0|TAMS 0x0000000710100000, 0x0000000710100000|
| 258|0x0000000710200000, 0x0000000710300000, 0x0000000710300000|100%| E|CS|TS  3|AC  0|TAMS 0x0000000710200000, 0x0000000710200000|
| 259|0x0000000710300000, 0x0000000710400000, 0x0000000710400000|100%| E|CS|TS  3|AC  0|TAMS 0x0000000710300000, 0x0000000710300000|
| 260|0x0000000710400000, 0x0000000710500000, 0x0000000710500000|100%| E|CS|TS  3|AC  0|TAMS 0x0000000710400000, 0x0000000710400000|
| 261|0x0000000710500000, 0x0000000710600000, 0x0000000710600000|100%| E|CS|TS  3|AC  0|TAMS 0x0000000710500000, 0x0000000710500000|
| 262|0x0000000710600000, 0x0000000710700000, 0x0000000710700000|100%| E|CS|TS  3|AC  0|TAMS 0x0000000710600000, 0x0000000710600000|
| 263|0x0000000710700000, 0x0000000710800000, 0x0000000710800000|100%| E|CS|TS  3|AC  0|TAMS 0x0000000710700000, 0x0000000710700000|
| 264|0x0000000710800000, 0x0000000710900000, 0x0000000710900000|100%| E|CS|TS  3|AC  0|TAMS 0x0000000710800000, 0x0000000710800000|
| 265|0x0000000710900000, 0x0000000710a00000, 0x0000000710a00000|100%| E|CS|TS  3|AC  0|TAMS 0x0000000710900000, 0x0000000710900000|
| 266|0x0000000710a00000, 0x0000000710b00000, 0x0000000710b00000|100%| E|CS|TS  3|AC  0|TAMS 0x0000000710a00000, 0x0000000710a00000|
| 267|0x0000000710b00000, 0x0000000710c00000, 0x0000000710c00000|100%| E|CS|TS  3|AC  0|TAMS 0x0000000710b00000, 0x0000000710b00000|
| 268|0x0000000710c00000, 0x0000000710d00000, 0x0000000710d00000|100%| E|CS|TS  3|AC  0|TAMS 0x0000000710c00000, 0x0000000710c00000|
| 269|0x0000000710d00000, 0x0000000710e00000, 0x0000000710e00000|100%| E|CS|TS  3|AC  0|TAMS 0x0000000710d00000, 0x0000000710d00000|
| 270|0x0000000710e00000, 0x0000000710f00000, 0x0000000710f00000|100%| E|CS|TS  3|AC  0|TAMS 0x0000000710e00000, 0x0000000710e00000|
| 271|0x0000000710f00000, 0x0000000711000000, 0x0000000711000000|100%| E|CS|TS  3|AC  0|TAMS 0x0000000710f00000, 0x0000000710f00000|
| 272|0x0000000711000000, 0x0000000711100000, 0x0000000711100000|100%| E|CS|TS  3|AC  0|TAMS 0x0000000711000000, 0x0000000711000000|
| 273|0x0000000711100000, 0x0000000711200000, 0x0000000711200000|100%| E|CS|TS  3|AC  0|TAMS 0x0000000711100000, 0x0000000711100000|
| 274|0x0000000711200000, 0x0000000711300000, 0x0000000711300000|100%| E|CS|TS  3|AC  0|TAMS 0x0000000711200000, 0x0000000711200000|
| 275|0x0000000711300000, 0x0000000711400000, 0x0000000711400000|100%| E|CS|TS  3|AC  0|TAMS 0x0000000711300000, 0x0000000711300000|
| 276|0x0000000711400000, 0x0000000711500000, 0x0000000711500000|100%| E|CS|TS  3|AC  0|TAMS 0x0000000711400000, 0x0000000711400000|
| 277|0x0000000711500000, 0x0000000711600000, 0x0000000711600000|100%| E|CS|TS  3|AC  0|TAMS 0x0000000711500000, 0x0000000711500000|
| 278|0x0000000711600000, 0x0000000711700000, 0x0000000711700000|100%| E|CS|TS  3|AC  0|TAMS 0x0000000711600000, 0x0000000711600000|
| 279|0x0000000711700000, 0x0000000711800000, 0x0000000711800000|100%| E|CS|TS  3|AC  0|TAMS 0x0000000711700000, 0x0000000711700000|

Card table byte_map: [0x000001ccced80000,0x000001cccf380000] byte_map_base: 0x000001cccb580000

Marking Bits (Prev, Next): (CMBitMap*) 0x000001ccde895508, (CMBitMap*) 0x000001ccde8954d0
 Prev Bits: [0x000001ccd2980000, 0x000001ccd5980000)
 Next Bits: [0x000001cccf980000, 0x000001ccd2980000)

Polling page: 0x000001ccbde10000

CodeHeap 'non-profiled nmethods': size=120000Kb used=20574Kb max_used=22494Kb free=99425Kb
 bounds [0x000001cce65f0000, 0x000001cce7bf0000, 0x000001ccedb20000]
CodeHeap 'profiled nmethods': size=120000Kb used=40717Kb max_used=45319Kb free=79282Kb
 bounds [0x000001ccdf0c0000, 0x000001cce1d50000, 0x000001cce65f0000]
CodeHeap 'non-nmethods': size=5760Kb used=1820Kb max_used=1926Kb free=3939Kb
 bounds [0x000001ccdeb20000, 0x000001ccded90000, 0x000001ccdf0c0000]
 total_blobs=33797 nmethods=17503 adapters=1168
 compilation: enabled

Compilation events (10 events):
Event: 2831.398 Thread 0x000001ccddc93000 23199       3       java.awt.AWTEvent$1::setSystemGenerated (7 bytes)
Event: 2831.398 Thread 0x000001ccddc93000 nmethod 23199 0x000001ccdfc1a310 code [0x000001ccdfc1a4c0, 0x000001ccdfc1a678]
Event: 2831.398 Thread 0x000001ccddc93000 23200       3       java.awt.AWTEvent::access$002 (7 bytes)
Event: 2831.398 Thread 0x000001ccddc93000 nmethod 23200 0x000001ccdfc00990 code [0x000001ccdfc00b40, 0x000001ccdfc00c98]
Event: 2831.533 Thread 0x000001ccddc93000 23201       3       ui.views.V.a.J::aE (24 bytes)
Event: 2831.533 Thread 0x000001ccddc93000 nmethod 23201 0x000001ccdfe45410 code [0x000001ccdfe455e0, 0x000001ccdfe45960]
Event: 2831.643 Thread 0x000001ccddc93000 23202       1       com.jidesoft.docking.DockableFrame::getTabForeground (5 bytes)
Event: 2831.643 Thread 0x000001ccddc93000 nmethod 23202 0x000001cce6e63a10 code [0x000001cce6e63bc0, 0x000001cce6e63cd8]
Event: 2831.661 Thread 0x000001ccddc94000 23203       4       sun.java2d.SurfaceData::canRenderParallelograms (137 bytes)
Event: 2831.663 Thread 0x000001ccddc94000 nmethod 23203 0x000001cce6e63490 code [0x000001cce6e63640, 0x000001cce6e63808]

GC Heap History (10 events):
Event: 2823.510 GC heap before
{Heap before GC invocations=349 (full 180):
 garbage-first heap   total 286720K, used 101784K [0x0000000700000000, 0x00000007001008c0, 0x00000007c0000000)
  region size 1024K, 8 young (8192K), 1 survivors (1024K)
 Metaspace       used 93253K, capacity 100365K, committed 100556K, reserved 1134592K
  class space    used 13604K, capacity 14832K, committed 14848K, reserved 1048576K
}
Event: 2823.810 GC heap after
{Heap after GC invocations=350 (full 181):
 garbage-first heap   total 286720K, used 92905K [0x0000000700000000, 0x00000007001008c0, 0x00000007c0000000)
  region size 1024K, 0 young (0K), 0 survivors (0K)
 Metaspace       used 93253K, capacity 100365K, committed 100556K, reserved 1134592K
  class space    used 13604K, capacity 14832K, committed 14848K, reserved 1048576K
}
Event: 2826.935 GC heap before
{Heap before GC invocations=350 (full 181):
 garbage-first heap   total 286720K, used 156393K [0x0000000700000000, 0x00000007001008c0, 0x00000007c0000000)
  region size 1024K, 60 young (61440K), 0 survivors (0K)
 Metaspace       used 93303K, capacity 100365K, committed 100556K, reserved 1134592K
  class space    used 13604K, capacity 14832K, committed 14848K, reserved 1048576K
}
Event: 2826.939 GC heap after
{Heap after GC invocations=351 (full 181):
 garbage-first heap   total 286720K, used 95634K [0x0000000700000000, 0x00000007001008c0, 0x00000007c0000000)
  region size 1024K, 1 young (1024K), 1 survivors (1024K)
 Metaspace       used 93303K, capacity 100365K, committed 100556K, reserved 1134592K
  class space    used 13604K, capacity 14832K, committed 14848K, reserved 1048576K
}
Event: 2827.440 GC heap before
{Heap before GC invocations=351 (full 181):
 garbage-first heap   total 286720K, used 144786K [0x0000000700000000, 0x00000007001008c0, 0x00000007c0000000)
  region size 1024K, 50 young (51200K), 1 survivors (1024K)
 Metaspace       used 93307K, capacity 100365K, committed 100556K, reserved 1134592K
  class space    used 13604K, capacity 14832K, committed 14848K, reserved 1048576K
}
Event: 2827.756 GC heap after
{Heap after GC invocations=352 (full 182):
 garbage-first heap   total 286720K, used 92438K [0x0000000700000000, 0x00000007001008c0, 0x00000007c0000000)
  region size 1024K, 0 young (0K), 0 survivors (0K)
 Metaspace       used 93307K, capacity 100365K, committed 100556K, reserved 1134592K
  class space    used 13604K, capacity 14832K, committed 14848K, reserved 1048576K
}
Event: 2829.177 GC heap before
{Heap before GC invocations=352 (full 182):
 garbage-first heap   total 286720K, used 153878K [0x0000000700000000, 0x00000007001008c0, 0x00000007c0000000)
  region size 1024K, 60 young (61440K), 0 survivors (0K)
 Metaspace       used 93311K, capacity 100365K, committed 100556K, reserved 1134592K
  class space    used 13604K, capacity 14832K, committed 14848K, reserved 1048576K
}
Event: 2829.180 GC heap after
{Heap after GC invocations=353 (full 182):
 garbage-first heap   total 286720K, used 92810K [0x0000000700000000, 0x00000007001008c0, 0x00000007c0000000)
  region size 1024K, 1 young (1024K), 1 survivors (1024K)
 Metaspace       used 93311K, capacity 100365K, committed 100556K, reserved 1134592K
  class space    used 13604K, capacity 14832K, committed 14848K, reserved 1048576K
}
Event: 2830.365 GC heap before
{Heap before GC invocations=353 (full 182):
 garbage-first heap   total 286720K, used 159370K [0x0000000700000000, 0x00000007001008c0, 0x00000007c0000000)
  region size 1024K, 60 young (61440K), 1 survivors (1024K)
 Metaspace       used 93315K, capacity 100371K, committed 100556K, reserved 1134592K
  class space    used 13604K, capacity 14833K, committed 14848K, reserved 1048576K
}
Event: 2830.370 GC heap after
{Heap after GC invocations=354 (full 182):
 garbage-first heap   total 286720K, used 99204K [0x0000000700000000, 0x00000007001008c0, 0x00000007c0000000)
  region size 1024K, 1 young (1024K), 1 survivors (1024K)
 Metaspace       used 93315K, capacity 100371K, committed 100556K, reserved 1134592K
  class space    used 13604K, capacity 14833K, committed 14848K, reserved 1048576K
}

Deoptimization events (10 events):
Event: 2829.326 Thread 0x000001ccc5cce800 Uncommon trap: reason=unstable_if action=reinterpret pc=0x000001cce6e7c3ac method=sun.java2d.SunGraphics2D.validateBasicStroke(Ljava/awt/BasicStroke;)V @ 287 c2
Event: 2829.326 Thread 0x000001ccc5cce800 Uncommon trap: reason=unstable_if action=reinterpret pc=0x000001cce6ffe968 method=sun.java2d.SunGraphics2D.translate(II)V @ 16 c2
Event: 2829.326 Thread 0x000001ccc5cce800 Uncommon trap: reason=unstable_if action=reinterpret pc=0x000001cce79fb544 method=sun.java2d.SurfaceData.validatePipe(Lsun/java2d/SunGraphics2D;)V @ 670 c2
Event: 2829.326 Thread 0x000001ccc5cce800 Uncommon trap: reason=unstable_if action=reinterpret pc=0x000001cce7263890 method=sun.java2d.SunGraphics2D.checkFontInfo(Lsun/java2d/loops/FontInfo;Ljava/awt/Font;Ljava/awt/font/FontRenderContext;)Lsun/java2d/loops/FontInfo; @ 232 c2
Event: 2829.327 Thread 0x000001ccc5cce800 Uncommon trap: reason=unstable_if action=reinterpret pc=0x000001cce729cb98 method=sun.java2d.pipe.GlyphListPipe.drawString(Lsun/java2d/SunGraphics2D;Ljava/lang/String;DD)V @ 35 c2
Event: 2829.327 Thread 0x000001ccc5cce800 Uncommon trap: reason=unstable_if action=reinterpret pc=0x000001cce702dccc method=sun.java2d.pipe.GlyphListPipe.drawString(Lsun/java2d/SunGraphics2D;Ljava/lang/String;DD)V @ 35 c2
Event: 2829.665 Thread 0x000001ccc5cce800 Uncommon trap: reason=unstable_fused_if action=reinterpret pc=0x000001cce66ba9ec method=sun.font.FontUtilities.isComplexCharCode(I)Z @ 20 c2
Event: 2829.665 Thread 0x000001ccc5cce800 Uncommon trap: reason=unstable_if action=reinterpret pc=0x000001cce776cab8 method=sun.font.CMap.getControlCodeGlyph(IZ)I @ 64 c2
Event: 2829.667 Thread 0x000001ccc5cce800 Uncommon trap: reason=unstable_fused_if action=reinterpret pc=0x000001cce7a57b08 method=sun.font.FontUtilities.isComplexCharCode(I)Z @ 20 c2
Event: 2830.388 Thread 0x000001ccc5cce800 Uncommon trap: reason=class_check action=maybe_recompile pc=0x000001cce733abd0 method=javax.swing.AbstractButton.setEnabled(Z)V @ 21 c2

Classes redefined (0 events):
No events

Internal exceptions (10 events):
Event: 2175.409 Thread 0x000001ccc5cce800 Implicit null exception at 0x000001cce7028ec4 to 0x000001cce702917d
Event: 2176.534 Thread 0x000001ccc5cce800 Implicit null exception at 0x000001cce768f645 to 0x000001cce768fa2d
Event: 2176.535 Thread 0x000001ccc5cce800 Implicit null exception at 0x000001cce7a8de5c to 0x000001cce7a902a9
Event: 2176.535 Thread 0x000001ccc5cce800 Implicit null exception at 0x000001cce766dab1 to 0x000001cce766dd25
Event: 2806.825 Thread 0x000001ccd94eb000 Exception <a 'java/lang/InterruptedException'{0x000000070e8020b0}: sleep interrupted> (0x000000070e8020b0) thrown at [t:/workspace/hotspot/src/share/vm/prims/jvm.cpp, line 3023]
Event: 2816.448 Thread 0x000001ccd94e2800 Exception <a 'java/lang/InterruptedException'{0x000000071158afc8}: sleep interrupted> (0x000000071158afc8) thrown at [t:/workspace/hotspot/src/share/vm/prims/jvm.cpp, line 3023]
Event: 2819.528 Thread 0x000001ccd94ea000 Exception <a 'java/lang/InterruptedException'{0x0000000711581668}: sleep interrupted> (0x0000000711581668) thrown at [t:/workspace/hotspot/src/share/vm/prims/jvm.cpp, line 2984]
Event: 2820.152 Thread 0x000001ccc5cce800 Implicit null exception at 0x000001cce7a32089 to 0x000001cce7a326c9
Event: 2820.153 Thread 0x000001ccc5cce800 Implicit null exception at 0x000001cce7591537 to 0x000001cce7591af5
Event: 2820.760 Thread 0x000001ccd94e2000 Implicit null exception at 0x000001cce79f43a6 to 0x000001cce79f6361

Events (10 events):
Event: 2830.310 Executing VM operation: RevokeBias done
Event: 2830.365 Executing VM operation: G1IncCollectionPause
Event: 2830.370 Executing VM operation: G1IncCollectionPause done
Event: 2830.388 Thread 0x000001ccc5cce800 Uncommon trap: trap_request=0xffffffde fr.pc=0x000001cce733abd0 relative=0x0000000000000110
Event: 2830.388 Thread 0x000001ccc5cce800 DEOPT PACKING pc=0x000001cce733abd0 sp=0x000000102e9f6bb0
Event: 2830.389 Thread 0x000001ccc5cce800 DEOPT UNPACKING pc=0x000001ccdeb6df29 sp=0x000000102e9f6ae0 mode 2
Event: 2830.418 Thread 0x000001ccd94dd800 Thread added: 0x000001ccd94dd800
Event: 2830.423 Thread 0x000001ccd94dd800 Thread exited: 0x000001ccd94dd800
Event: 2831.513 Thread 0x000001ccd94dd800 Thread added: 0x000001ccd94dd800
Event: 2831.516 Thread 0x000001ccd94dd800 Thread exited: 0x000001ccd94dd800


Dynamic libraries:
0x00007ff73bd90000 - 0x00007ff73bdc0000 	D:\Xilinx\Vivado\2020.1\bin\unwrapped\win64.o\vivado.exe
0x00007ffc735d0000 - 0x00007ffc737e7000 	C:\WINDOWS\SYSTEM32\ntdll.dll
0x00007ffc71b20000 - 0x00007ffc71be4000 	C:\WINDOWS\System32\KERNEL32.DLL
0x00007ffc70b10000 - 0x00007ffc70ec9000 	C:\WINDOWS\System32\KERNELBASE.dll
0x00007ffc70930000 - 0x00007ffc70a41000 	C:\WINDOWS\System32\ucrtbase.dll
0x00007ffc5b160000 - 0x00007ffc5b1ed000 	C:\WINDOWS\SYSTEM32\MSVCP140.dll
0x00007ffc5b0b0000 - 0x00007ffc5b0ce000 	C:\WINDOWS\SYSTEM32\VCRUNTIME140.dll
0x00007ffc4e4e0000 - 0x00007ffc4e4f4000 	D:\Xilinx\Vivado\2020.1\lib\win64.o\libboost_signals.dll
0x00007ffc4e4c0000 - 0x00007ffc4e4da000 	D:\Xilinx\Vivado\2020.1\lib\win64.o\librdi_commonmain.dll
0x00007ffc015b0000 - 0x00007ffc02676000 	D:\Xilinx\Vivado\2020.1\lib\win64.o\librdi_common.dll
0x00007ffc5b080000 - 0x00007ffc5b08c000 	C:\WINDOWS\SYSTEM32\VCRUNTIME140_1.dll
0x00007ffc714e0000 - 0x00007ffc7168e000 	C:\WINDOWS\System32\USER32.dll
0x00007ffc70900000 - 0x00007ffc70926000 	C:\WINDOWS\System32\win32u.dll
0x00007ffc714b0000 - 0x00007ffc714d9000 	C:\WINDOWS\System32\GDI32.dll
0x00007ffc4ced0000 - 0x00007ffc4cef6000 	D:\Xilinx\Vivado\2020.1\lib\win64.o\libboost_filesystem.dll
0x00007ffc70ed0000 - 0x00007ffc70feb000 	C:\WINDOWS\System32\gdi32full.dll
0x00007ffc71a60000 - 0x00007ffc71b12000 	C:\WINDOWS\System32\ADVAPI32.dll
0x00007ffc6ca10000 - 0x00007ffc6ca1a000 	D:\Xilinx\Vivado\2020.1\lib\win64.o\librdi_commonversion.dll
0x00007ffc71250000 - 0x00007ffc712ea000 	C:\WINDOWS\System32\msvcp_win.dll
0x00007ffc731b0000 - 0x00007ffc73257000 	C:\WINDOWS\System32\msvcrt.dll
0x00007ffc17880000 - 0x00007ffc17a21000 	D:\Xilinx\Vivado\2020.1\lib\win64.o\librdi_commonxillic.dll
0x00007ffc734e0000 - 0x00007ffc73587000 	C:\WINDOWS\System32\sechost.dll
0x00007ffc72200000 - 0x00007ffc72a76000 	C:\WINDOWS\System32\SHELL32.dll
0x00007ffc71380000 - 0x00007ffc713f1000 	C:\WINDOWS\System32\WS2_32.dll
0x00007ffc708d0000 - 0x00007ffc708f8000 	C:\WINDOWS\System32\bcrypt.dll
0x00007ffc716a0000 - 0x00007ffc717b4000 	C:\WINDOWS\System32\RPCRT4.dll
0x000000006d010000 - 0x000000006d13b000 	D:\Xilinx\Vivado\2020.1\lib\win64.o\tcl85t.dll
0x00007ffc4ceb0000 - 0x00007ffc4cec4000 	D:\Xilinx\Vivado\2020.1\lib\win64.o\libboost_date_time.dll
0x00007ffc01240000 - 0x00007ffc015ae000 	D:\Xilinx\Vivado\2020.1\lib\win64.o\libCOIN-all.dll
0x00007ffc26880000 - 0x00007ffc268ff000 	D:\Xilinx\Vivado\2020.1\lib\win64.o\libboost_program_options.dll
0x00007ffc18500000 - 0x00007ffc18614000 	D:\Xilinx\Vivado\2020.1\lib\win64.o\libboost_regex.dll
0x00007ffc68910000 - 0x00007ffc6891b000 	D:\Xilinx\Vivado\2020.1\lib\win64.o\libboost_system.dll
0x00007ffc49d90000 - 0x00007ffc49db1000 	D:\Xilinx\Vivado\2020.1\lib\win64.o\libboost_thread.dll
0x00007ffc68210000 - 0x00007ffc6821f000 	D:\Xilinx\Vivado\2020.1\lib\win64.o\libboost_xilinx.dll
0x00007ffc19060000 - 0x00007ffc19105000 	D:\Xilinx\Vivado\2020.1\lib\win64.o\libhdxml.dll
0x00007ffc19510000 - 0x00007ffc19592000 	D:\Xilinx\Vivado\2020.1\lib\win64.o\libhdlpsolve.dll
0x00007ffc41100000 - 0x00007ffc4112e000 	D:\Xilinx\Vivado\2020.1\lib\win64.o\libisl_sysinfo.dll
0x00007ffc401b0000 - 0x00007ffc40215000 	D:\Xilinx\Vivado\2020.1\lib\win64.o\liblmx6.0.dll
0x00007ffc4bfb0000 - 0x00007ffc4bfca000 	D:\Xilinx\Vivado\2020.1\lib\win64.o\pthreadVC2.dll
0x00007ffc4bba0000 - 0x00007ffc4bbbc000 	D:\Xilinx\Vivado\2020.1\lib\win64.o\librdiconfig.dll
0x00007ffc41060000 - 0x00007ffc41081000 	D:\Xilinx\Vivado\2020.1\lib\win64.o\librdizlib.dll
0x0000000012000000 - 0x0000000012270000 	D:\Xilinx\Vivado\2020.1\lib\win64.o\xerces-c_3_1.dll
0x00007ffc5b7e0000 - 0x00007ffc5b7f9000 	C:\WINDOWS\SYSTEM32\NETAPI32.dll
0x00007ffc5b2a0000 - 0x00007ffc5b79e000 	C:\WINDOWS\SYSTEM32\WININET.dll
0x00007ffc002a0000 - 0x00007ffc0057b000 	D:\Xilinx\Vivado\2020.1\lib\win64.o\libXil_lmgr11.dll
0x00007ffc6d6b0000 - 0x00007ffc6d7e6000 	C:\WINDOWS\SYSTEM32\WINHTTP.dll
0x00007ffc72f00000 - 0x00007ffc72fff000 	C:\WINDOWS\System32\COMDLG32.dll
0x00007ffc71ca0000 - 0x00007ffc7202f000 	C:\WINDOWS\System32\combase.dll
0x00007ffc571b0000 - 0x00007ffc573a0000 	C:\WINDOWS\SYSTEM32\urlmon.dll
0x00007ffc73260000 - 0x00007ffc73359000 	C:\WINDOWS\System32\shcore.dll
0x00007ffc72030000 - 0x00007ffc7208e000 	C:\WINDOWS\System32\SHLWAPI.dll
0x00007ffc72120000 - 0x00007ffc721f7000 	C:\WINDOWS\System32\OLEAUT32.dll
0x00007ffc73000000 - 0x00007ffc731a5000 	C:\WINDOWS\System32\ole32.dll
0x00007ffc70ff0000 - 0x00007ffc7105c000 	C:\WINDOWS\System32\WINTRUST.dll
0x00007ffc71060000 - 0x00007ffc711c6000 	C:\WINDOWS\System32\CRYPT32.dll
0x00007ffbfdc10000 - 0x00007ffbfeaa1000 	D:\Xilinx\Vivado\2020.1\lib\win64.o\gurobi65.dll
0x00007ffc573a0000 - 0x00007ffc573a9000 	C:\WINDOWS\SYSTEM32\WSOCK32.dll
0x00007ffc408a0000 - 0x00007ffc408d0000 	C:\WINDOWS\SYSTEM32\VCOMP140.DLL
0x00007ffc00580000 - 0x00007ffc01235a00 	D:\Xilinx\Vivado\2020.1\lib\win64.o\libisl_iostreams.dll
0x00007ffc67070000 - 0x00007ffc6707d000 	D:\Xilinx\Vivado\2020.1\lib\win64.o\libboost_chrono.dll
0x00007ffc5e5b0000 - 0x00007ffc5e86e000 	C:\WINDOWS\SYSTEM32\iertutil.dll
0x00007ffc61d00000 - 0x00007ffc61d28000 	C:\WINDOWS\SYSTEM32\srvcli.dll
0x00007ffc6f3a0000 - 0x00007ffc6f3ac000 	C:\WINDOWS\SYSTEM32\netutils.dll
0x00007ffc4f7e0000 - 0x00007ffc4f893000 	C:\WINDOWS\WinSxS\amd64_microsoft.windows.common-controls_6595b64144ccf1df_5.82.22621.3527_none_b43b7f4b638cc64f\COMCTL32.dll
0x00007ffc6cce0000 - 0x00007ffc6ccff000 	C:\WINDOWS\SYSTEM32\dhcpcsvc.DLL
0x00007ffc41040000 - 0x00007ffc4105b000 	D:\Xilinx\Vivado\2020.1\lib\win64.o\libboost_iostreams.dll
0x00007ffc40870000 - 0x00007ffc40895000 	D:\Xilinx\Vivado\2020.1\lib\win64.o\libisl_iosutils.dll
0x00007ffc6fe40000 - 0x00007ffc6fea9000 	C:\WINDOWS\SYSTEM32\MSWSOCK.DLL
0x00007ffc71a20000 - 0x00007ffc71a51000 	C:\WINDOWS\System32\IMM32.DLL
0x00007ffc70110000 - 0x00007ffc70122000 	C:\WINDOWS\SYSTEM32\MSASN1.dll
0x00007ffc6f9c0000 - 0x00007ffc6f9d8000 	C:\WINDOWS\SYSTEM32\kernel.appcore.dll
0x00007ffbff9b0000 - 0x00007ffbffeac000 	D:\Xilinx\Vivado\2020.1\lib\win64.o\librdi_commontasks.dll
0x00007ffc69040000 - 0x00007ffc6904a000 	C:\WINDOWS\SYSTEM32\VERSION.dll
0x00007ffbff3b0000 - 0x00007ffbff694000 	D:\Xilinx\Vivado\2020.1\lib\win64.o\librdi_sio.dll
0x000000006c5e0000 - 0x000000006d005000 	D:\Xilinx\Vivado\2020.1\tps\win64\jre9.0.4\bin\server\jvm.dll
0x00007ffc6f3b0000 - 0x00007ffc6f3dd000 	C:\WINDOWS\SYSTEM32\IPHLPAPI.DLL
0x00007ffc71690000 - 0x00007ffc71698000 	C:\WINDOWS\System32\PSAPI.DLL
0x00007ffc6c4c0000 - 0x00007ffc6c4f4000 	C:\WINDOWS\SYSTEM32\WINMM.dll
0x00007ffc41b10000 - 0x00007ffc41bff000 	C:\WINDOWS\SYSTEM32\MSVCR120.dll
0x00007ffc6e7d0000 - 0x00007ffc6f0d3000 	C:\WINDOWS\SYSTEM32\windows.storage.dll
0x00007ffc6e690000 - 0x00007ffc6e7cf000 	C:\WINDOWS\SYSTEM32\wintypes.dll
0x00007ffbf2890000 - 0x00007ffbf4f25000 	D:\Xilinx\Vivado\2020.1\lib\win64.o\librdi_tcltasks.dll
0x00007ffbfd260000 - 0x00007ffbfd726000 	D:\Xilinx\Vivado\2020.1\lib\win64.o\librdi_bitstream.dll
0x00007ffc15ea0000 - 0x00007ffc16053000 	D:\Xilinx\Vivado\2020.1\lib\win64.o\librdi_board.dll
0x00007ffc17f10000 - 0x00007ffc18006000 	D:\Xilinx\Vivado\2020.1\lib\win64.o\librdi_chipscope.dll
0x00007ffc18d20000 - 0x00007ffc18d9b000 	D:\Xilinx\Vivado\2020.1\lib\win64.o\librdi_boarddep.dll
0x00007ffc134f0000 - 0x00007ffc136b1000 	D:\Xilinx\Vivado\2020.1\lib\win64.o\librdi_chipscopeimpl.dll
0x00007ffbff250000 - 0x00007ffbff3ab000 	D:\Xilinx\Vivado\2020.1\lib\win64.o\librdi_containers.dll
0x00007ffbefcd0000 - 0x00007ffbf18fa000 	D:\Xilinx\Vivado\2020.1\lib\win64.o\librdi_constraints.dll
0x00007ffbf5240000 - 0x00007ffbf5919000 	D:\Xilinx\Vivado\2020.1\lib\win64.o\librdi_coregenipxact.dll
0x00007ffbedb60000 - 0x00007ffbefccd000 	D:\Xilinx\Vivado\2020.1\lib\win64.o\librdi_coregen.dll
0x00007ffbfc440000 - 0x00007ffbfc78b000 	D:\Xilinx\Vivado\2020.1\lib\win64.o\librdi_dlyest.dll
0x00007ffbe9830000 - 0x00007ffbedb5e000 	D:\Xilinx\Vivado\2020.1\lib\win64.o\librdi_designutils.dll
0x00007ffc167c0000 - 0x00007ffc16884000 	D:\Xilinx\Vivado\2020.1\lib\win64.o\librdi_dsp.dll
0x00007ffbf2270000 - 0x00007ffbf288e000 	D:\Xilinx\Vivado\2020.1\lib\win64.o\librdi_drc.dll
0x00007ffbf1be0000 - 0x00007ffbf2266000 	D:\Xilinx\Vivado\2020.1\lib\win64.o\librdi_filemgmt.dll
0x00007ffbfef30000 - 0x00007ffbff24c000 	D:\Xilinx\Vivado\2020.1\lib\win64.o\librdi_guitools.dll
0x00007ffbfd9b0000 - 0x00007ffbfdc05000 	D:\Xilinx\Vivado\2020.1\lib\win64.o\librdi_hip_devdesign.dll
0x00007ffbfd110000 - 0x00007ffbfd258000 	D:\Xilinx\Vivado\2020.1\lib\win64.o\librdi_hip_perf_analysis.dll
0x00007ffc18480000 - 0x00007ffc184f7000 	D:\Xilinx\Vivado\2020.1\lib\win64.o\librdi_hdf.dll
0x00007ffbe7ee0000 - 0x00007ffbe982a000 	D:\Xilinx\Vivado\2020.1\lib\win64.o\librdi_implflow.dll
0x00007ffc18240000 - 0x00007ffc182b4000 	D:\Xilinx\Vivado\2020.1\lib\win64.o\librdi_memoryarray.dll
0x00007ffbe78a0000 - 0x00007ffbe7ede000 	D:\Xilinx\Vivado\2020.1\lib\win64.o\librdi_memdata.dll
0x00007ffc400e0000 - 0x00007ffc4012e000 	D:\Xilinx\Vivado\2020.1\lib\win64.o\librdi_pfi.dll
0x00007ffbbad60000 - 0x00007ffbd2c30000 	D:\Xilinx\Vivado\2020.1\lib\win64.o\librdi_device.dll
0x00007ffbe4310000 - 0x00007ffbe4a13000 	D:\Xilinx\Vivado\2020.1\lib\win64.o\librdi_netlist.dll
0x00007ffbfbb10000 - 0x00007ffbfbe61000 	D:\Xilinx\Vivado\2020.1\lib\win64.o\librdi_platform.dll
0x00007ffbe0f50000 - 0x00007ffbe1784000 	D:\Xilinx\Vivado\2020.1\lib\win64.o\librdi_power.dll
0x00007ffbe0210000 - 0x00007ffbe094c000 	D:\Xilinx\Vivado\2020.1\lib\win64.o\librdi_psta.dll
0x00007ffbe0950000 - 0x00007ffbe0f45000 	D:\Xilinx\Vivado\2020.1\lib\win64.o\librdi_project.dll
0x00007ffbdfaa0000 - 0x00007ffbe020f000 	D:\Xilinx\Vivado\2020.1\lib\win64.o\librdi_rsb.dll
0x00007ffbf5a80000 - 0x00007ffbf5f1a000 	D:\Xilinx\Vivado\2020.1\lib\win64.o\librdi_runs.dll
0x00007ffbfd000000 - 0x00007ffbfd108000 	D:\Xilinx\Vivado\2020.1\lib\win64.o\librdi_runsbase.dll
0x00007ffbe1790000 - 0x00007ffbe4301000 	D:\Xilinx\Vivado\2020.1\lib\win64.o\librdi_place.dll
0x00007ffbe4a20000 - 0x00007ffbe7897000 	D:\Xilinx\Vivado\2020.1\lib\win64.o\librdi_mig.dll
0x00007ffbfd820000 - 0x00007ffbfd8c8000 	D:\Xilinx\Vivado\2020.1\lib\win64.o\librdi_xhubtasks.dll
0x00007ffbfc860000 - 0x00007ffbfc95f000 	D:\Xilinx\Vivado\2020.1\lib\win64.o\librdi_xhub.dll
0x00007ffbf1a00000 - 0x00007ffbf1bd3000 	D:\Xilinx\Vivado\2020.1\lib\win64.o\librdi_advchipscopeimpl.dll
0x00007ffbf4fc0000 - 0x00007ffbf5235000 	D:\Xilinx\Vivado\2020.1\lib\win64.o\librdi_simdata.dll
0x00007ffbdeb90000 - 0x00007ffbdfa9a000 	D:\Xilinx\Vivado\2020.1\lib\win64.o\librdi_timing.dll
0x00007ffc39ef0000 - 0x00007ffc39f3c000 	D:\Xilinx\Vivado\2020.1\lib\win64.o\libboost_serialization.dll
0x00007ffc26160000 - 0x00007ffc261cc000 	D:\Xilinx\Vivado\2020.1\lib\win64.o\librdi_noc_frameworks.dll
0x00007ffbfc170000 - 0x00007ffbfc258000 	D:\Xilinx\Vivado\2020.1\lib\win64.o\librdi_ipconfig_readwrite.dll
0x00007ffc39970000 - 0x00007ffc399bd000 	D:\Xilinx\Vivado\2020.1\lib\win64.o\libboost_graph.dll
0x00007ffc37be0000 - 0x00007ffc37c2c000 	D:\Xilinx\Vivado\2020.1\lib\win64.o\librdi_bva.dll
0x00007ffbfcf60000 - 0x00007ffbfcffe000 	D:\Xilinx\Vivado\2020.1\lib\win64.o\libise.dll
0x00007ffbde990000 - 0x00007ffbdeb83000 	D:\Xilinx\Vivado\2020.1\lib\win64.o\librdi_hip_config.dll
0x00007ffbde440000 - 0x00007ffbde98e000 	D:\Xilinx\Vivado\2020.1\lib\win64.o\librdi_xdm.dll

VM Arguments:
jvm_args: -Dsun.java2d.pmoffscreen=false -Dsun.java2d.xrender=false -Dsun.java2d.d3d=false -Dsun.awt.nopixfmt=true -Dsun.java2d.dpiaware=true -Dsun.java2d.uiScale.enabled=false -Xverify:none -Dswing.aatext=true -XX:-UsePerfData -Djdk.map.althashing.threshold=512 -XX:StringTableSize=4072 --add-opens=java.base/java.nio=ALL-UNNAMED --add-opens=java.desktop/sun.swing=ALL-UNNAMED --add-opens=java.desktop/javax.swing=ALL-UNNAMED --add-opens=java.desktop/javax.swing.tree=ALL-UNNAMED --add-opens=java.desktop/javax.swing.plaf.basic=ALL-UNNAMED --add-opens=java.desktop/javax.swing.plaf.synth=ALL-UNNAMED --add-opens=java.desktop/com.sun.awt=ALL-UNNAMED -XX:NewSize=60m -XX:MaxNewSize=60m -Xms128m -Xmx3072m -Xss5m 
java_command: <unknown>
java_class_path (initial): D:/Xilinx/Vivado/2020.1\lib\classes\alloy.jar;D:/Xilinx/Vivado/2020.1\lib\classes\ArchiveSummary.jar;D:/Xilinx/Vivado/2020.1\lib\classes\autoesl-models.jar;D:/Xilinx/Vivado/2020.1\lib\classes\autopilot.scelaborator.jar;D:/Xilinx/Vivado/2020.1\lib\classes\autopilot.sourceprocessor.jar;D:/Xilinx/Vivado/2020.1\lib\classes\autopilot.tbprocessor.jar;D:/Xilinx/Vivado/2020.1\lib\classes\batik-anim.jar;D:/Xilinx/Vivado/2020.1\lib\classes\batik-awt-util.jar;D:/Xilinx/Vivado/2020.1\lib\classes\batik-bridge.jar;D:/Xilinx/Vivado/2020.1\lib\classes\batik-codec.jar;D:/Xilinx/Vivado/2020.1\lib\classes\batik-css.jar;D:/Xilinx/Vivado/2020.1\lib\classes\batik-dom.jar;D:/Xilinx/Vivado/2020.1\lib\classes\batik-ext.jar;D:/Xilinx/Vivado/2020.1\lib\classes\batik-gui-util.jar;D:/Xilinx/Vivado/2020.1\lib\classes\batik-gvt.jar;D:/Xilinx/Vivado/2020.1\lib\classes\batik-parser.jar;D:/Xilinx/Vivado/2020.1\lib\classes\batik-script.jar;D:/Xilinx/Vivado/2020.1\lib\classes\batik-svg-dom.jar;D:/Xilinx/Vivado/2020.1\lib\classes\batik-swing.jar;D:/Xilinx/Vivado/2020.1\lib\classes\batik-transcoder.jar;D:/Xilinx/Vivado/2020.1\lib\classes\batik-util.jar;D:/Xilinx/Vivado/2020.1\lib\classes\batik-xml.jar;D:/Xilinx/Vivado/2020.1\lib\classes\com.google.gson_2.8.2.v20180104-1110.jar;D:/Xilinx/Vivado/2020.1\lib\classes\com.google.guava_27.1.0.v20190517-1946.jar;D:/Xilinx/Vivado/2020.1\lib\classes\com.ibm.icu_4.4.2.v20110208.jar;D:/Xilinx/Vivado/2020.1\lib\classes\com.sigasi.hdt.connection_4.8.0.202004151336.jar;D:/Xilinx/Vivado/2020.1\lib\classes\com.sigasi.hdt.epl_4.8.0.202004151336.jar;D:/Xilinx/Vivado/2020.1\lib\classes\com.sigasi.hdt.project_4.8.0.202004151336.jar;D:/Xilinx/Vivado/2020.1\lib\classes\com.sigasi.hdt.readonlyfilesystem_4.8.0.202004151336.jar;D:/Xilinx/Vivado/2020.1\lib\classes\com.sigasi.lcm_4.8.0.202004151336.jar;D:/Xilinx/Vivado/2020.1\lib\classes\com.sigasi.sdk.client_4.8.0.202004151336.jar;D:/Xilinx/Vivado/2020.1\lib\classes\com.xilinx.hls.services.jar;D:/Xili
Launcher Type: generic

Logging:
Log output configuration:
#0: stdout all=warning uptime,level,tags
#1: stderr all=off uptime,level,tags

Environment Variables:
PATH=D:/Xilinx/Vivado/2020.1\gnuwin\bin;D:/Xilinx/Vivado/2020.1\gnu\microblaze\nt\bin;D:/Xilinx/Vivado/2020.1/bin;D:/Xilinx/Vivado/2020.1/lib/win64.o;D:/Xilinx/Vivado/2020.1/tps/win64/jre9.0.4/bin/server;D:/Xilinx/Vivado/2020.1/tps/win64/jre9.0.4/bin;D:/Xilinx/Vivado/2020.1/ids_lite/ISE/bin/nt64;D:/Xilinx/Vivado/2020.1/ids_lite/ISE/lib/nt64;D:\anaconda;D:\anaconda\Scripts;C:\Program Files\Common Files\Oracle\Java\javapath;D:\Program Files\mingw64\bin;C:\Windows\System32\HWAudioDriverLibs;C:\Windows\system32;C:\Windows;C:\Windows\System32\Wbem;C:\Windows\System32\WindowsPowerShell\v1.0\;C:\Windows\System32\OpenSSH\;C:\Windows\system32\config\systemprofile\AppData\Local\Microsoft\WindowsApps;D:\Program Files\Bandizip\;D:\Program Files\Git\cmd;D:\Windows Kits\10\Windows Performance Toolkit\;C:\Users\89652\AppData\Roaming\Python\Python312\Scripts;D:\zlearning\virtual_machine\software\hashcat-6.2.6\hashcat-6.2.6;C:\Program Files\Docker\Docker\resources\bin;D:\Program Files\nodejs\;C:\ProgramData\chocolatey\bin;D:\anaconda\Library\bin;D:\anaconda\Library\mingw-w64\bin;D:\Program Files\MATLAB\R2023a\bin;C:\Users\89652\AppData\Local\SageMath 9.3\runtime\bin;D:\Program Files\Wolfram Research\WolframScript\;C:\Program Files\dotnet\;D:\Program Files\010 Editor;C:\Users\89652\AppData\Local\Microsoft\WindowsApps;D:\Program Files\Microsoft VS Code\bin;C:\Users\89652\.dotnet\tools;D:\Program Files\Nmap;;D:\Program Files\JetBrains\IntelliJ IDEA Community Edition 2024.2.3\bin;C:\Users\89652\AppData\Roaming\npm;D:/Xilinx/Vivado/2020.1\tps\mingw\6.2.0\win64.o\nt\bin;D:/Xilinx/Vivado/2020.1\tps\mingw\6.2.0\win64.o\nt\libexec\gcc\x86_64-w64-mingw32\6.2.0;D:/Xilinx/Vivado/2020.1\tps\win64\python-2.7.16;D:/Xilinx/Vivado/2020.1\tps\win64\python-2.7.16\bin;D:/Xilinx/Vivado/2020.1\tps\win64\python-2.7.16\lib;D:/Xilinx/Vivado/2020.1\tps\win64\python-2.7.16\Lib\lib-tk;D:/Xilinx/Vivado/2020.1\tps\win64\python-2.7.16\lib\site-packages
USERNAME=89652
OS=Windows_NT
PROCESSOR_IDENTIFIER=Intel64 Family 6 Model 140 Stepping 1, GenuineIntel



---------------  S Y S T E M  ---------------

OS: Windows 10 , 64 bit Build 22621 (10.0.22621.4391)

CPU:total 8 (initial active 8) (4 cores per cpu, 2 threads per core) family 6 model 140 stepping 1, cmov, cx8, fxsr, mmx, sse, sse2, sse3, ssse3, sse4.1, sse4.2, popcnt, avx, avx2, aes, clmul, erms, 3dnowpref, lzcnt, ht, tsc, tscinvbit, bmi1, bmi2, adx, sha, fma

Memory: 4k page, physical 16571704k(7589320k free), swap 17620280k(6625020k free)

vm_info: Java HotSpot(TM) 64-Bit Server VM (9.0.4+11) for windows-amd64 JRE (9.0.4+11), built on Dec 20 2017 02:18:54 by "mach5one" with MS VC++ 12.0 (VS2013)

END.
