#
# A fatal error has been detected by the Java Runtime Environment:
#
#  EXCEPTION_ACCESS_VIOLATION (0xc0000005) at pc=0x00007ffb132df555, pid=2084, tid=14808
#
# JRE version: Java(TM) SE Runtime Environment (9.0+11) (build 9.0.4+11)
# Java VM: Java HotSpot(TM) 64-Bit Server VM (9.0.4+11, mixed mode, tiered, compressed oops, g1 gc, windows-amd64)
# Problematic frame:
# C  [librdi_common.dll+0x18f555]
#
# No core dump will be written. Minidumps are not enabled by default on client versions of Windows
#
# If you would like to submit a bug report, please visit:
#   http://bugreport.java.com/bugreport/crash.jsp
# The crash happened outside the Java Virtual Machine in native code.
# See problematic frame for where to report the bug.
#

---------------  S U M M A R Y ------------

Command Line: -Dsun.java2d.pmoffscreen=false -Dsun.java2d.xrender=false -Dsun.java2d.d3d=false -Dsun.awt.nopixfmt=true -Dsun.java2d.dpiaware=true -Dsun.java2d.uiScale.enabled=false -Xverify:none -Dswing.aatext=true -XX:-UsePerfData -Djdk.map.althashing.threshold=512 -XX:StringTableSize=4072 --add-opens=java.base/java.nio=ALL-UNNAMED --add-opens=java.desktop/sun.swing=ALL-UNNAMED --add-opens=java.desktop/javax.swing=ALL-UNNAMED --add-opens=java.desktop/javax.swing.tree=ALL-UNNAMED --add-opens=java.desktop/javax.swing.plaf.basic=ALL-UNNAMED --add-opens=java.desktop/javax.swing.plaf.synth=ALL-UNNAMED --add-opens=java.desktop/com.sun.awt=ALL-UNNAMED -XX:NewSize=60m -XX:MaxNewSize=60m -Xms128m -Xmx3072m -Xss5m 

Host: 11th Gen Intel(R) Core(TM) i7-1165G7 @ 2.80GHz, 8 cores, 15G,  Windows 10 , 64 bit Build 22621 (10.0.22621.4391)
Time: Fri Dec 13 17:03:01 2024 ?D1¨²¡À¨º¡Á?¨º¡À?? elapsed time: 1230 seconds (0d 0h 20m 30s)

---------------  T H R E A D  ---------------

Current thread (0x000001ccbd8b6000):  JavaThread "AWT-EventQueue-0" [_thread_in_native, id=14808, stack(0x000000793b300000,0x000000793b800000)]

Stack: [0x000000793b300000,0x000000793b800000],  sp=0x000000793b7fb210,  free space=5100k
Native frames: (J=compiled Java code, j=interpreted, Vv=VM code, C=native code)
C  [librdi_common.dll+0x18f555]
C  [librdi_common.dll+0x1842d5]
C  [librdi_common.dll+0x14d40a]
C  0x00007ffae0841faf
C  0x00007ffae08c2fbf
C  0x00007ffae08cacd9
C  0x00007ffae089b40b
C  0x00007ffae08d7c67
C  0x000001ccc96c9a3a

Java frames: (J=compiled Java code, j=interpreted, Vv=VM code)
J 17943  ui.views.waveform.waveformi.WVExecutive_getTooltipTextDelayed(J)Ljava/lang/String; (0 bytes) @ 0x000001ccc96c99a1 [0x000001ccc96c9960+0x0000000000000041]
J 24454 c2 ui.views.waveform.b.a.mouseMoved(Ljava/awt/event/MouseEvent;)V (32 bytes) @ 0x000001ccc9d584c4 [0x000001ccc9d58320+0x00000000000001a4]
J 18367 c2 java.awt.AWTEventMulticaster.mouseMoved(Ljava/awt/event/MouseEvent;)V java.desktop@9.0.4 (27 bytes) @ 0x000001ccc9713374 [0x000001ccc97132c0+0x00000000000000b4]
J 18367 c2 java.awt.AWTEventMulticaster.mouseMoved(Ljava/awt/event/MouseEvent;)V java.desktop@9.0.4 (27 bytes) @ 0x000001ccc9713334 [0x000001ccc97132c0+0x0000000000000074]
J 24453 c2 ui.frmwork.c.i.processMouseMotionEvent(Ljava/awt/event/MouseEvent;)V (131 bytes) @ 0x000001ccc9d5ac74 [0x000001ccc9d5a8a0+0x00000000000003d4]
J 14003 c2 java.awt.Container.processEvent(Ljava/awt/AWTEvent;)V java.desktop@9.0.4 (22 bytes) @ 0x000001ccc8c26b18 [0x000001ccc8c269a0+0x0000000000000178]
J 22448 c2 java.awt.Component.dispatchEventImpl(Ljava/awt/AWTEvent;)V java.desktop@9.0.4 (739 bytes) @ 0x000001ccc8dc38bc [0x000001ccc8dc30a0+0x000000000000081c]
J 24086 c2 java.awt.Container.dispatchEventImpl(Ljava/awt/AWTEvent;)V java.desktop@9.0.4 (129 bytes) @ 0x000001ccc992b998 [0x000001ccc992b820+0x0000000000000178]
J 18592 c2 java.awt.LightweightDispatcher.retargetMouseEvent(Ljava/awt/Component;ILjava/awt/event/MouseEvent;)V java.desktop@9.0.4 (350 bytes) @ 0x000001ccc976daa0 [0x000001ccc976d4e0+0x00000000000005c0]
J 19116 c2 java.awt.LightweightDispatcher.processMouseEvent(Ljava/awt/event/MouseEvent;)Z java.desktop@9.0.4 (265 bytes) @ 0x000001ccc98740fc [0x000001ccc9873920+0x00000000000007dc]
J 24086 c2 java.awt.Container.dispatchEventImpl(Ljava/awt/AWTEvent;)V java.desktop@9.0.4 (129 bytes) @ 0x000001ccc992b8cc [0x000001ccc992b820+0x00000000000000ac]
J 19038 c2 java.awt.Window.dispatchEventImpl(Ljava/awt/AWTEvent;)V java.desktop@9.0.4 (23 bytes) @ 0x000001ccc985c68c [0x000001ccc985c640+0x000000000000004c]
J 17853 c2 java.awt.EventQueue$3.run()Ljava/lang/Object; java.desktop@9.0.4 (5 bytes) @ 0x000001ccc969d1c4 [0x000001ccc969d060+0x0000000000000164]
v  ~StubRoutines::call_stub
J 4195  java.security.AccessController.doPrivileged(Ljava/security/PrivilegedAction;Ljava/security/AccessControlContext;)Ljava/lang/Object; java.base@9.0.4 (0 bytes) @ 0x000001ccc87a6046 [0x000001ccc87a5fe0+0x0000000000000066]
J 18168 c2 java.awt.EventQueue$4.run()Ljava/lang/Object; java.desktop@9.0.4 (5 bytes) @ 0x000001ccc90291c0 [0x000001ccc9028f60+0x0000000000000260]
v  ~StubRoutines::call_stub
J 4195  java.security.AccessController.doPrivileged(Ljava/security/PrivilegedAction;Ljava/security/AccessControlContext;)Ljava/lang/Object; java.base@9.0.4 (0 bytes) @ 0x000001ccc87a6046 [0x000001ccc87a5fe0+0x0000000000000066]
J 13360 c2 ui.frmwork.b.d.dispatchEvent(Ljava/awt/AWTEvent;)V (34 bytes) @ 0x000001ccc90c9528 [0x000001ccc90c9100+0x0000000000000428]
J 19561 c2 java.awt.EventDispatchThread.pumpOneEventForFilters(I)V java.desktop@9.0.4 (218 bytes) @ 0x000001ccc98f9dbc [0x000001ccc98f9a80+0x000000000000033c]
J 22524% c2 java.awt.EventDispatchThread.pumpEventsForFilter(ILjava/awt/Conditional;Ljava/awt/EventFilter;)V java.desktop@9.0.4 (47 bytes) @ 0x000001ccc8c7ea58 [0x000001ccc8c7e940+0x0000000000000118]
j  java.awt.EventDispatchThread.pumpEventsForHierarchy(ILjava/awt/Conditional;Ljava/awt/Component;)V+11 java.desktop@9.0.4
j  java.awt.EventDispatchThread.pumpEvents(ILjava/awt/Conditional;)V+4 java.desktop@9.0.4
j  java.awt.EventDispatchThread.pumpEvents(Ljava/awt/Conditional;)V+3 java.desktop@9.0.4
j  java.awt.EventDispatchThread.run()V+9 java.desktop@9.0.4
v  ~StubRoutines::call_stub

siginfo: EXCEPTION_ACCESS_VIOLATION (0xc0000005), reading address 0xffffffffffffffff


Register to memory mapping:

RIP=0x00007ffb132df555 librdi_common.dll
RAX=0x000001cca26bb101 is an unknown value
RBX=0x8806060080620c2e is an unknown value
RCX=0x000001cca26bb100 is an unknown value
RDX=0x8806060080620c2e is an unknown value
RSP=0x000000793b7fb210 is pointing into the stack for thread: 0x000001ccbd8b6000
RBP=0x000000793b7fb340 is pointing into the stack for thread: 0x000001ccbd8b6000
RSI=0x000001cd1b61c0e0 is an unknown value
RDI=0x000000793b7fb428 is pointing into the stack for thread: 0x000001ccbd8b6000
R8 =0x000000793b7fb428 is pointing into the stack for thread: 0x000001ccbd8b6000
R9 =0x0000000000000000 is an unknown value
R10=0x00007ffb74a40000 VCRUNTIME140.dll
R11=0x0000009000900200 is an unknown value
R12=0x000000793b7fb428 is pointing into the stack for thread: 0x000001ccbd8b6000
R13=0x0000000000000000 is an unknown value
R14=0x000001cca0c4a8f0 is an unknown value
R15=0x8806060080620c2e is an unknown value


Registers:
RAX=0x000001cca26bb101, RBX=0x8806060080620c2e, RCX=0x000001cca26bb100, RDX=0x8806060080620c2e
RSP=0x000000793b7fb210, RBP=0x000000793b7fb340, RSI=0x000001cd1b61c0e0, RDI=0x000000793b7fb428
R8 =0x000000793b7fb428, R9 =0x0000000000000000, R10=0x00007ffb74a40000, R11=0x0000009000900200
R12=0x000000793b7fb428, R13=0x0000000000000000, R14=0x000001cca0c4a8f0, R15=0x8806060080620c2e
RIP=0x00007ffb132df555, EFLAGS=0x0000000000010202

Top of Stack: (sp=0x000000793b7fb210)
0x000000793b7fb210:   0000000000000018 000001cce4f5e480
0x000000793b7fb220:   00000000000039d8 8806060080620c2e
0x000000793b7fb230:   8806060080620c2e 00007ffb132d42d5
0x000000793b7fb240:   000000000000c15c 00007ffb74ab2758
0x000000793b7fb250:   fffffffffffffffe 0000000000000000
0x000000793b7fb260:   0000779877104ef5 000001cce4f5e418
0x000000793b7fb270:   0000000000000002 00007ffb1333cfe5
0x000000793b7fb280:   000001ccbed5b8b0 000001cce4f5e438
0x000000793b7fb290:   000000793b7fb5c0 00007ffb1414e630
0x000000793b7fb2a0:   fffffffffffffffe 00007ffb1399d489
0x000000793b7fb2b0:   fffffffffffffffe 00007ffb1414e630
0x000000793b7fb2c0:   000001cce4f5e3f0 000001cca0cb6368
0x000000793b7fb2d0:   000000793b7fb428 00007ffb1333c2d6
0x000000793b7fb2e0:   000001cce4f5e3f0 000000793b7fb428
0x000000793b7fb2f0:   000001cc00000002 0000000000000000
0x000000793b7fb300:   fffffffffffffffe 000000000000000f 

Instructions: (pc=0x00007ffb132df555)
0x00007ffb132df535:   20 48 8b d9 e8 22 c4 04 00 48 8b c8 48 8b d3 e8
0x00007ffb132df545:   27 0d 05 00 84 c0 75 08 33 c0 48 83 c4 20 5b c3
0x00007ffb132df555:   48 8b 4b 50 48 85 c9 74 0a 48 83 c4 20 5b e9 68
0x00007ffb132df565:   e2 04 00 48 8b d3 48 8d 0d 36 71 84 00 e8 59 b7 



---------------  P R O C E S S  ---------------

Java Threads: ( => current thread )
  0x000001ccd35c2000 JavaThread "Relaunch Simulation Thread" [_thread_blocked, id=11420, stack(0x0000007941700000,0x0000007941c00000)]
  0x000001ccd35c3800 JavaThread "Image Fetcher 0" daemon [_thread_blocked, id=10664, stack(0x000000793fe00000,0x0000007940300000)]
  0x000001ccd35bd000 JavaThread "Thread-724" [_thread_in_native, id=8264, stack(0x000000793ce00000,0x000000793cf00000)]
  0x000001ccd35c0000 JavaThread "SyntheticaAnimation 50" daemon [_thread_blocked, id=5388, stack(0x0000007941200000,0x0000007941700000)]
  0x000001ccd35c1800 JavaThread "Monitor File Timestamp Swing Worker Thread" [_thread_blocked, id=15172, stack(0x0000007940d00000,0x0000007941200000)]
  0x000001ccd35ba000 JavaThread "Timer-0" [_thread_blocked, id=6304, stack(0x0000007940800000,0x0000007940d00000)]
  0x000001ccd35bc000 JavaThread "Update Runs Swing Worker Thread" [_thread_blocked, id=15032, stack(0x0000007940300000,0x0000007940800000)]
  0x000001ccd35bd800 JavaThread "Image Animator 3" daemon [_thread_blocked, id=11452, stack(0x000000793f900000,0x000000793fe00000)]
  0x000001ccd35c0800 JavaThread "hw_ila_monitor" [_thread_blocked, id=11444, stack(0x000000793ef00000,0x000000793f400000)]
  0x000001ccd35bb800 JavaThread "Refresh Filesets Swing Worker Thread" [_thread_blocked, id=12916, stack(0x000000793e500000,0x000000793ea00000)]
  0x000001ccdb0ac800 JavaThread "SyntheticaAnimation 70" daemon [_thread_blocked, id=14844, stack(0x000000793d100000,0x000000793d600000)]
  0x000001ccdb0ae800 JavaThread "Swing-Shell" daemon [_thread_blocked, id=2292, stack(0x000000793c200000,0x000000793c700000)]
  0x000001ccdb0ae000 JavaThread "SyntheticaAnimation 25" daemon [_thread_blocked, id=2552, stack(0x000000793e000000,0x000000793e500000)]
  0x000001ccdb0b1800 JavaThread "SyntheticaAnimation 50" daemon [_thread_blocked, id=13912, stack(0x000000793db00000,0x000000793e000000)]
  0x000001ccdb0ad000 JavaThread "Monitor HEventQueue Thread" [_thread_blocked, id=6260, stack(0x000000793d600000,0x000000793db00000)]
  0x000001ccdb0b2800 JavaThread "SyntheticaCleanerThread" daemon [_thread_blocked, id=11820, stack(0x000000793c700000,0x000000793cc00000)]
  0x000001ccdb0b3000 JavaThread "Batik CleanerThread" daemon [_thread_blocked, id=1312, stack(0x000000793b800000,0x000000793bd00000)]
  0x000001ccbd912000 JavaThread "Process Messages Thread" [_thread_blocked, id=12712, stack(0x000000793bd00000,0x000000793c200000)]
  0x000001ccbd911800 JavaThread "Thread-1" [_thread_in_native, id=9616, stack(0x0000007934600000,0x0000007935a00000)]
=>0x000001ccbd8b6000 JavaThread "AWT-EventQueue-0" [_thread_in_native, id=14808, stack(0x000000793b300000,0x000000793b800000)]
  0x000001ccaaad6000 JavaThread "TimerQueue" daemon [_thread_blocked, id=4100, stack(0x000000793a900000,0x000000793ae00000)]
  0x000001ccaaa53000 JavaThread "AWT-Windows" daemon [_thread_in_native, id=13328, stack(0x000000793a400000,0x000000793a900000)]
  0x000001ccaaa52000 JavaThread "AWT-Shutdown" [_thread_blocked, id=13424, stack(0x0000007939f00000,0x000000793a400000)]
  0x000001ccaa434000 JavaThread "Java2D Disposer" daemon [_thread_blocked, id=2688, stack(0x0000007939a00000,0x0000007939f00000)]
  0x000001ccaa559000 JavaThread "Service Thread" daemon [_thread_blocked, id=13592, stack(0x0000007939400000,0x0000007939900000)]
  0x000001ccdc95e000 JavaThread "Common-Cleaner" daemon [_thread_blocked, id=2256, stack(0x0000007938f00000,0x0000007939400000)]
  0x000001ccdb0b0000 JavaThread "Sweeper thread" daemon [_thread_blocked, id=8408, stack(0x0000007938a00000,0x0000007938f00000)]
  0x000001ccaa0f3800 JavaThread "C1 CompilerThread3" daemon [_thread_blocked, id=6548, stack(0x0000007938900000,0x0000007938a00000)]
  0x000001ccaa0f1800 JavaThread "C2 CompilerThread2" daemon [_thread_blocked, id=8332, stack(0x0000007938800000,0x0000007938900000)]
  0x000001ccaa0f1000 JavaThread "C2 CompilerThread1" daemon [_thread_blocked, id=12524, stack(0x0000007938700000,0x0000007938800000)]
  0x000001ccaa0e7000 JavaThread "C2 CompilerThread0" daemon [_thread_blocked, id=2968, stack(0x0000007938600000,0x0000007938700000)]
  0x000001ccaa0e6800 JavaThread "Attach Listener" daemon [_thread_blocked, id=9012, stack(0x0000007938100000,0x0000007938600000)]
  0x000001cca4fc3800 JavaThread "Signal Dispatcher" daemon [_thread_blocked, id=8644, stack(0x0000007937c00000,0x0000007938100000)]
  0x000001ccaa09e800 JavaThread "Finalizer" daemon [_thread_blocked, id=12232, stack(0x0000007937700000,0x0000007937c00000)]
  0x000001ccbff93000 JavaThread "Reference Handler" daemon [_thread_blocked, id=14564, stack(0x0000007937200000,0x0000007937700000)]
  0x000001ccdc82d800 JavaThread "main" [_thread_blocked, id=14924, stack(0x0000007934500000,0x0000007934600000)]

Other Threads:
  0x000001ccdc94e000 VMThread "VM Thread" [stack: 0x0000007937100000,0x0000007937200000] [id=10600]
  0x000001ccaa219800 WatcherThread [stack: 0x0000007939900000,0x0000007939a00000] [id=14608]
  0x000001ccdbfcf000 GCTaskThread "GC Thread#0" [stack: 0x0000007935d00000,0x0000007935e00000] [id=7696]
  0x000001ccdbfd1800 GCTaskThread "GC Thread#1" [stack: 0x0000007935e00000,0x0000007935f00000] [id=5924]
  0x000001ccdbfd4000 GCTaskThread "GC Thread#2" [stack: 0x0000007935f00000,0x0000007936000000] [id=11036]
  0x000001ccdbfd0000 GCTaskThread "GC Thread#3" [stack: 0x0000007936000000,0x0000007936100000] [id=9432]
  0x000001ccdbfd0800 GCTaskThread "GC Thread#4" [stack: 0x0000007936100000,0x0000007936200000] [id=5700]
  0x000001ccdbfce000 GCTaskThread "GC Thread#5" [stack: 0x0000007936200000,0x0000007936300000] [id=3700]
  0x000001ccdbfd1000 GCTaskThread "GC Thread#6" [stack: 0x0000007936300000,0x0000007936400000] [id=2512]
  0x000001ccdbfcd800 GCTaskThread "GC Thread#7" [stack: 0x0000007936400000,0x0000007936500000] [id=2868]
  0x000001ccc0aa1800 ConcurrentGCThread "G1 Main Marker" [stack: 0x0000007936e00000,0x0000007936f00000] [id=5900]
  0x000001ccdbfce800 ConcurrentGCThread "G1 Marker#0" [stack: 0x0000007936f00000,0x0000007937000000] [id=9936]
  0x000001ccdbfd2800 ConcurrentGCThread "G1 Marker#1" [stack: 0x0000007937000000,0x0000007937100000] [id=10844]
  0x000001ccdbfdb000 ConcurrentGCThread "G1 Refine#0" [stack: 0x0000007936c00000,0x0000007936d00000] [id=15176]
  0x000001ccdbfda800 ConcurrentGCThread "G1 Refine#1" [stack: 0x0000007936b00000,0x0000007936c00000] [id=14960]
  0x000001ccdbfdc800 ConcurrentGCThread "G1 Refine#2" [stack: 0x0000007936a00000,0x0000007936b00000] [id=3064]
  0x000001ccdbfd5800 ConcurrentGCThread "G1 Refine#3" [stack: 0x0000007936900000,0x0000007936a00000] [id=8108]
  0x000001ccdbfd9000 ConcurrentGCThread "G1 Refine#4" [stack: 0x0000007936800000,0x0000007936900000] [id=14348]
  0x000001ccdb3de800 ConcurrentGCThread "G1 Refine#5" [stack: 0x0000007936700000,0x0000007936800000] [id=6472]
  0x000001ccc0c8d800 ConcurrentGCThread "G1 Refine#6" [stack: 0x0000007936600000,0x0000007936700000] [id=14340]
  0x000001cca5c5e000 ConcurrentGCThread "G1 Refine#7" [stack: 0x0000007936500000,0x0000007936600000] [id=13768]
  0x000001ccc03a5800 ConcurrentGCThread "G1 Young RemSet Sampling" [stack: 0x0000007936d00000,0x0000007936e00000] [id=5892]

Threads with active compile tasks:

VM state:not at safepoint (normal execution)

VM Mutex/Monitor currently owned by a thread: None

Heap address: 0x0000000700000000, size: 3072 MB, Compressed Oops mode: Zero based, Oop shift amount: 3
Narrow klass base: 0x0000000000000000, Narrow klass shift: 3
Compressed class space size: 1073741824 Address: 0x00000007c0000000

Heap:
 garbage-first heap   total 349184K, used 151731K [0x0000000700000000, 0x0000000700100aa8, 0x00000007c0000000)
  region size 1024K, 47 young (48128K), 1 survivors (1024K)
 Metaspace       used 95539K, capacity 102739K, committed 102860K, reserved 1136640K
  class space    used 13771K, capacity 15015K, committed 15104K, reserved 1048576K
Heap Regions: E=young(eden), S=young(survivor), O=old, HS=humongous(starts), HC=humongous(continues), CS=collection set, F=free, A=archive, TS=gc time stamp, AC=allocation context, TAMS=top-at-mark-start (previous, next)
|   0|0x0000000700000000, 0x00000007000fea78, 0x0000000700100000| 99%| O|  |TS  0|AC  0|TAMS 0x0000000700000000, 0x0000000700000000|
|   1|0x0000000700100000, 0x00000007001f7cc0, 0x0000000700200000| 96%| O|  |TS  0|AC  0|TAMS 0x0000000700100000, 0x0000000700100000|
|   2|0x0000000700200000, 0x0000000700300000, 0x0000000700300000|100%|HS|  |TS  0|AC  0|TAMS 0x0000000700200000, 0x0000000700200000|
|   3|0x0000000700300000, 0x0000000700400000, 0x0000000700400000|100%|HC|  |TS  0|AC  0|TAMS 0x0000000700300000, 0x0000000700300000|
|   4|0x0000000700400000, 0x0000000700500000, 0x0000000700500000|100%|HS|  |TS  0|AC  0|TAMS 0x0000000700400000, 0x0000000700400000|
|   5|0x0000000700500000, 0x00000007005f9818, 0x0000000700600000| 97%| O|  |TS  0|AC  0|TAMS 0x0000000700500000, 0x0000000700500000|
|   6|0x0000000700600000, 0x00000007006f6b30, 0x0000000700700000| 96%| O|  |TS  0|AC  0|TAMS 0x0000000700600000, 0x0000000700600000|
|   7|0x0000000700700000, 0x00000007007febe8, 0x0000000700800000| 99%| O|  |TS  0|AC  0|TAMS 0x0000000700700000, 0x0000000700700000|
|   8|0x0000000700800000, 0x00000007008ff310, 0x0000000700900000| 99%| O|  |TS  0|AC  0|TAMS 0x0000000700800000, 0x0000000700800000|
|   9|0x0000000700900000, 0x00000007009c2178, 0x0000000700a00000| 75%| O|  |TS  0|AC  0|TAMS 0x0000000700900000, 0x0000000700900000|
|  10|0x0000000700a00000, 0x0000000700af63a0, 0x0000000700b00000| 96%| O|  |TS  0|AC  0|TAMS 0x0000000700a00000, 0x0000000700a00000|
|  11|0x0000000700b00000, 0x0000000700bfffb8, 0x0000000700c00000| 99%| O|  |TS  0|AC  0|TAMS 0x0000000700b00000, 0x0000000700b00000|
|  12|0x0000000700c00000, 0x0000000700d00000, 0x0000000700d00000|100%| O|  |TS  0|AC  0|TAMS 0x0000000700c00000, 0x0000000700c00000|
|  13|0x0000000700d00000, 0x0000000700dffff0, 0x0000000700e00000| 99%| O|  |TS  0|AC  0|TAMS 0x0000000700d00000, 0x0000000700d00000|
|  14|0x0000000700e00000, 0x0000000700eff668, 0x0000000700f00000| 99%| O|  |TS  0|AC  0|TAMS 0x0000000700e00000, 0x0000000700e00000|
|  15|0x0000000700f00000, 0x0000000700fffff8, 0x0000000701000000| 99%| O|  |TS  0|AC  0|TAMS 0x0000000700f00000, 0x0000000700f00000|
|  16|0x0000000701000000, 0x00000007010ffff0, 0x0000000701100000| 99%| O|  |TS  0|AC  0|TAMS 0x0000000701000000, 0x0000000701000000|
|  17|0x0000000701100000, 0x00000007011fffb8, 0x0000000701200000| 99%| O|  |TS  0|AC  0|TAMS 0x0000000701100000, 0x0000000701100000|
|  18|0x0000000701200000, 0x00000007012fffe0, 0x0000000701300000| 99%| O|  |TS  0|AC  0|TAMS 0x0000000701200000, 0x0000000701200000|
|  19|0x0000000701300000, 0x00000007013fffc0, 0x0000000701400000| 99%| O|  |TS  0|AC  0|TAMS 0x0000000701300000, 0x0000000701300000|
|  20|0x0000000701400000, 0x00000007014fff58, 0x0000000701500000| 99%| O|  |TS  0|AC  0|TAMS 0x0000000701400000, 0x0000000701400000|
|  21|0x0000000701500000, 0x00000007015ae268, 0x0000000701600000| 68%| O|  |TS  0|AC  0|TAMS 0x0000000701500000, 0x0000000701500000|
|  22|0x0000000701600000, 0x00000007016f7dc0, 0x0000000701700000| 96%| O|  |TS  0|AC  0|TAMS 0x0000000701600000, 0x0000000701600000|
|  23|0x0000000701700000, 0x00000007017fffc8, 0x0000000701800000| 99%| O|  |TS  0|AC  0|TAMS 0x0000000701700000, 0x0000000701700000|
|  24|0x0000000701800000, 0x0000000701900000, 0x0000000701900000|100%| O|  |TS  0|AC  0|TAMS 0x0000000701800000, 0x0000000701800000|
|  25|0x0000000701900000, 0x00000007019ffff8, 0x0000000701a00000| 99%| O|  |TS  0|AC  0|TAMS 0x0000000701900000, 0x0000000701900000|
|  26|0x0000000701a00000, 0x0000000701affff0, 0x0000000701b00000| 99%| O|  |TS  0|AC  0|TAMS 0x0000000701a00000, 0x0000000701a00000|
|  27|0x0000000701b00000, 0x0000000701bfe198, 0x0000000701c00000| 99%| O|  |TS  0|AC  0|TAMS 0x0000000701b00000, 0x0000000701b00000|
|  28|0x0000000701c00000, 0x0000000701cfffe0, 0x0000000701d00000| 99%| O|  |TS  0|AC  0|TAMS 0x0000000701c00000, 0x0000000701c00000|
|  29|0x0000000701d00000, 0x0000000701dfffd0, 0x0000000701e00000| 99%| O|  |TS  0|AC  0|TAMS 0x0000000701d00000, 0x0000000701d00000|
|  30|0x0000000701e00000, 0x0000000701f00000, 0x0000000701f00000|100%| O|  |TS  0|AC  0|TAMS 0x0000000701e00000, 0x0000000701e00000|
|  31|0x0000000701f00000, 0x0000000701fffff8, 0x0000000702000000| 99%| O|  |TS  0|AC  0|TAMS 0x0000000701f00000, 0x0000000701f00000|
|  32|0x0000000702000000, 0x00000007020fffe8, 0x0000000702100000| 99%| O|  |TS  0|AC  0|TAMS 0x0000000702000000, 0x0000000702000000|
|  33|0x0000000702100000, 0x00000007021ffff0, 0x0000000702200000| 99%| O|  |TS  0|AC  0|TAMS 0x0000000702100000, 0x0000000702100000|
|  34|0x0000000702200000, 0x00000007022fffd0, 0x0000000702300000| 99%| O|  |TS  0|AC  0|TAMS 0x0000000702200000, 0x0000000702200000|
|  35|0x0000000702300000, 0x00000007023ffee0, 0x0000000702400000| 99%| O|  |TS  0|AC  0|TAMS 0x0000000702300000, 0x0000000702300000|
|  36|0x0000000702400000, 0x00000007024ffec8, 0x0000000702500000| 99%| O|  |TS  0|AC  0|TAMS 0x0000000702400000, 0x0000000702400000|
|  37|0x0000000702500000, 0x00000007025f97b8, 0x0000000702600000| 97%| O|  |TS  0|AC  0|TAMS 0x0000000702500000, 0x0000000702500000|
|  38|0x0000000702600000, 0x00000007026ffff0, 0x0000000702700000| 99%| O|  |TS  0|AC  0|TAMS 0x0000000702600000, 0x0000000702600000|
|  39|0x0000000702700000, 0x00000007027ffbd0, 0x0000000702800000| 99%| O|  |TS  0|AC  0|TAMS 0x0000000702700000, 0x0000000702700000|
|  40|0x0000000702800000, 0x00000007028fff20, 0x0000000702900000| 99%| O|  |TS  0|AC  0|TAMS 0x0000000702800000, 0x0000000702800000|
|  41|0x0000000702900000, 0x00000007029ffff0, 0x0000000702a00000| 99%| O|  |TS  0|AC  0|TAMS 0x0000000702900000, 0x0000000702900000|
|  42|0x0000000702a00000, 0x0000000702afff78, 0x0000000702b00000| 99%| O|  |TS  0|AC  0|TAMS 0x0000000702a00000, 0x0000000702a00000|
|  43|0x0000000702b00000, 0x0000000702bffe80, 0x0000000702c00000| 99%| O|  |TS  0|AC  0|TAMS 0x0000000702b00000, 0x0000000702b00000|
|  44|0x0000000702c00000, 0x0000000702cffff8, 0x0000000702d00000| 99%| O|  |TS  0|AC  0|TAMS 0x0000000702c00000, 0x0000000702c00000|
|  45|0x0000000702d00000, 0x0000000702dffff0, 0x0000000702e00000| 99%| O|  |TS  0|AC  0|TAMS 0x0000000702d00000, 0x0000000702d00000|
|  46|0x0000000702e00000, 0x0000000702effff8, 0x0000000702f00000| 99%| O|  |TS  0|AC  0|TAMS 0x0000000702e00000, 0x0000000702e00000|
|  47|0x0000000702f00000, 0x0000000702ffffd0, 0x0000000703000000| 99%| O|  |TS  0|AC  0|TAMS 0x0000000702f00000, 0x0000000702f00000|
|  48|0x0000000703000000, 0x00000007030fffe8, 0x0000000703100000| 99%| O|  |TS  0|AC  0|TAMS 0x0000000703000000, 0x0000000703000000|
|  49|0x0000000703100000, 0x00000007031ffee0, 0x0000000703200000| 99%| O|  |TS  0|AC  0|TAMS 0x0000000703100000, 0x0000000703100000|
|  50|0x0000000703200000, 0x00000007032ffff0, 0x0000000703300000| 99%| O|  |TS  0|AC  0|TAMS 0x0000000703200000, 0x0000000703200000|
|  51|0x0000000703300000, 0x00000007033ffff0, 0x0000000703400000| 99%| O|  |TS  0|AC  0|TAMS 0x0000000703300000, 0x0000000703300000|
|  52|0x0000000703400000, 0x00000007034fffe8, 0x0000000703500000| 99%| O|  |TS  0|AC  0|TAMS 0x0000000703400000, 0x0000000703400000|
|  53|0x0000000703500000, 0x00000007035ff868, 0x0000000703600000| 99%| O|  |TS  0|AC  0|TAMS 0x0000000703500000, 0x0000000703500000|
|  54|0x0000000703600000, 0x0000000703700000, 0x0000000703700000|100%| O|  |TS  0|AC  0|TAMS 0x0000000703600000, 0x0000000703600000|
|  55|0x0000000703700000, 0x00000007037fffd8, 0x0000000703800000| 99%| O|  |TS  0|AC  0|TAMS 0x0000000703700000, 0x0000000703700000|
|  56|0x0000000703800000, 0x00000007038fff68, 0x0000000703900000| 99%| O|  |TS  0|AC  0|TAMS 0x0000000703800000, 0x0000000703800000|
|  57|0x0000000703900000, 0x00000007039ffee0, 0x0000000703a00000| 99%| O|  |TS  0|AC  0|TAMS 0x0000000703900000, 0x0000000703900000|
|  58|0x0000000703a00000, 0x0000000703b00000, 0x0000000703b00000|100%| O|  |TS  0|AC  0|TAMS 0x0000000703a00000, 0x0000000703a00000|
|  59|0x0000000703b00000, 0x0000000703bffff8, 0x0000000703c00000| 99%| O|  |TS  0|AC  0|TAMS 0x0000000703b00000, 0x0000000703b00000|
|  60|0x0000000703c00000, 0x0000000703cffff8, 0x0000000703d00000| 99%| O|  |TS  0|AC  0|TAMS 0x0000000703c00000, 0x0000000703c00000|
|  61|0x0000000703d00000, 0x0000000703dffff0, 0x0000000703e00000| 99%| O|  |TS  0|AC  0|TAMS 0x0000000703d00000, 0x0000000703d00000|
|  62|0x0000000703e00000, 0x0000000703effff8, 0x0000000703f00000| 99%| O|  |TS  0|AC  0|TAMS 0x0000000703e00000, 0x0000000703e00000|
|  63|0x0000000703f00000, 0x0000000703ffffe0, 0x0000000704000000| 99%| O|  |TS  0|AC  0|TAMS 0x0000000703f00000, 0x0000000703f00000|
|  64|0x0000000704000000, 0x0000000704100000, 0x0000000704100000|100%| O|  |TS  0|AC  0|TAMS 0x0000000704000000, 0x0000000704000000|
|  65|0x0000000704100000, 0x00000007041ffee8, 0x0000000704200000| 99%| O|  |TS  0|AC  0|TAMS 0x0000000704100000, 0x0000000704100000|
|  66|0x0000000704200000, 0x00000007042fffa8, 0x0000000704300000| 99%| O|  |TS  0|AC  0|TAMS 0x0000000704200000, 0x0000000704200000|
|  67|0x0000000704300000, 0x00000007043ffff0, 0x0000000704400000| 99%| O|  |TS  0|AC  0|TAMS 0x0000000704300000, 0x0000000704300000|
|  68|0x0000000704400000, 0x00000007044ffe80, 0x0000000704500000| 99%| O|  |TS  0|AC  0|TAMS 0x0000000704400000, 0x0000000704400000|
|  69|0x0000000704500000, 0x00000007045ffff0, 0x0000000704600000| 99%| O|  |TS  0|AC  0|TAMS 0x0000000704500000, 0x0000000704500000|
|  70|0x0000000704600000, 0x00000007046ffff0, 0x0000000704700000| 99%| O|  |TS  0|AC  0|TAMS 0x0000000704600000, 0x0000000704600000|
|  71|0x0000000704700000, 0x0000000704800000, 0x0000000704800000|100%| O|  |TS  0|AC  0|TAMS 0x0000000704700000, 0x0000000704700000|
|  72|0x0000000704800000, 0x00000007048ffff0, 0x0000000704900000| 99%| O|  |TS  0|AC  0|TAMS 0x0000000704800000, 0x0000000704800000|
|  73|0x0000000704900000, 0x00000007049ff9b8, 0x0000000704a00000| 99%| O|  |TS  0|AC  0|TAMS 0x0000000704900000, 0x0000000704900000|
|  74|0x0000000704a00000, 0x0000000704afffc8, 0x0000000704b00000| 99%| O|  |TS  0|AC  0|TAMS 0x0000000704a00000, 0x0000000704a00000|
|  75|0x0000000704b00000, 0x0000000704bffec0, 0x0000000704c00000| 99%| O|  |TS  0|AC  0|TAMS 0x0000000704b00000, 0x0000000704b00000|
|  76|0x0000000704c00000, 0x0000000704cfff08, 0x0000000704d00000| 99%| O|  |TS  0|AC  0|TAMS 0x0000000704c00000, 0x0000000704c00000|
|  77|0x0000000704d00000, 0x0000000704dffff0, 0x0000000704e00000| 99%| O|  |TS  0|AC  0|TAMS 0x0000000704d00000, 0x0000000704d00000|
|  78|0x0000000704e00000, 0x0000000704f00000, 0x0000000704f00000|100%| O|  |TS  0|AC  0|TAMS 0x0000000704e00000, 0x0000000704e00000|
|  79|0x0000000704f00000, 0x0000000705000000, 0x0000000705000000|100%| O|  |TS  0|AC  0|TAMS 0x0000000704f00000, 0x0000000704f00000|
|  80|0x0000000705000000, 0x00000007050fffe8, 0x0000000705100000| 99%| O|  |TS  0|AC  0|TAMS 0x0000000705000000, 0x0000000705000000|
|  81|0x0000000705100000, 0x0000000705200000, 0x0000000705200000|100%| O|  |TS  0|AC  0|TAMS 0x0000000705100000, 0x0000000705100000|
|  82|0x0000000705200000, 0x00000007052ffe20, 0x0000000705300000| 99%| O|  |TS  0|AC  0|TAMS 0x0000000705200000, 0x0000000705200000|
|  83|0x0000000705300000, 0x00000007053fffe0, 0x0000000705400000| 99%| O|  |TS  0|AC  0|TAMS 0x0000000705300000, 0x0000000705300000|
|  84|0x0000000705400000, 0x00000007054ffff0, 0x0000000705500000| 99%| O|  |TS  0|AC  0|TAMS 0x0000000705400000, 0x0000000705400000|
|  85|0x0000000705500000, 0x0000000705600000, 0x0000000705600000|100%| O|  |TS  0|AC  0|TAMS 0x0000000705500000, 0x0000000705500000|
|  86|0x0000000705600000, 0x00000007056833c8, 0x0000000705700000| 51%| O|  |TS  0|AC  0|TAMS 0x0000000705600000, 0x0000000705600000|
|  87|0x0000000705700000, 0x0000000705700000, 0x0000000705800000|  0%| F|  |TS  0|AC  0|TAMS 0x0000000705700000, 0x0000000705700000|
|  88|0x0000000705800000, 0x0000000705800000, 0x0000000705900000|  0%| F|  |TS  0|AC  0|TAMS 0x0000000705800000, 0x0000000705800000|
|  89|0x0000000705900000, 0x0000000705900000, 0x0000000705a00000|  0%| F|  |TS  0|AC  0|TAMS 0x0000000705900000, 0x0000000705900000|
|  90|0x0000000705a00000, 0x0000000705a00000, 0x0000000705b00000|  0%| F|  |TS  0|AC  0|TAMS 0x0000000705a00000, 0x0000000705a00000|
|  91|0x0000000705b00000, 0x0000000705b00000, 0x0000000705c00000|  0%| F|  |TS  0|AC  0|TAMS 0x0000000705b00000, 0x0000000705b00000|
|  92|0x0000000705c00000, 0x0000000705d00000, 0x0000000705d00000|100%|HS|  |TS  0|AC  0|TAMS 0x0000000705c00000, 0x0000000705c00000|
|  93|0x0000000705d00000, 0x0000000705e00000, 0x0000000705e00000|100%|HC|  |TS  0|AC  0|TAMS 0x0000000705d00000, 0x0000000705d00000|
|  94|0x0000000705e00000, 0x0000000705f00000, 0x0000000705f00000|100%|HC|  |TS  0|AC  0|TAMS 0x0000000705e00000, 0x0000000705e00000|
|  95|0x0000000705f00000, 0x0000000706000000, 0x0000000706000000|100%|HC|  |TS  0|AC  0|TAMS 0x0000000705f00000, 0x0000000705f00000|
|  96|0x0000000706000000, 0x0000000706100000, 0x0000000706100000|100%|HC|  |TS  0|AC  0|TAMS 0x0000000706000000, 0x0000000706000000|
|  97|0x0000000706100000, 0x0000000706200000, 0x0000000706200000|100%|HC|  |TS  0|AC  0|TAMS 0x0000000706100000, 0x0000000706100000|
|  98|0x0000000706200000, 0x0000000706300000, 0x0000000706300000|100%|HC|  |TS  0|AC  0|TAMS 0x0000000706200000, 0x0000000706200000|
|  99|0x0000000706300000, 0x0000000706400000, 0x0000000706400000|100%|HC|  |TS  0|AC  0|TAMS 0x0000000706300000, 0x0000000706300000|
| 100|0x0000000706400000, 0x0000000706500000, 0x0000000706500000|100%|HC|  |TS  0|AC  0|TAMS 0x0000000706400000, 0x0000000706400000|
| 101|0x0000000706500000, 0x0000000706600000, 0x0000000706600000|100%|HS|  |TS  0|AC  0|TAMS 0x0000000706500000, 0x0000000706500000|
| 102|0x0000000706600000, 0x0000000706700000, 0x0000000706700000|100%|HC|  |TS  0|AC  0|TAMS 0x0000000706600000, 0x0000000706600000|
| 103|0x0000000706700000, 0x0000000706800000, 0x0000000706800000|100%|HC|  |TS  0|AC  0|TAMS 0x0000000706700000, 0x0000000706700000|
| 104|0x0000000706800000, 0x0000000706900000, 0x0000000706900000|100%|HC|  |TS  0|AC  0|TAMS 0x0000000706800000, 0x0000000706800000|
| 105|0x0000000706900000, 0x0000000706a00000, 0x0000000706a00000|100%|HC|  |TS  0|AC  0|TAMS 0x0000000706900000, 0x0000000706900000|
| 106|0x0000000706a00000, 0x0000000706a00000, 0x0000000706b00000|  0%| F|  |TS  0|AC  0|TAMS 0x0000000706a00000, 0x0000000706a00000|
| 107|0x0000000706b00000, 0x0000000706b00000, 0x0000000706c00000|  0%| F|  |TS  0|AC  0|TAMS 0x0000000706b00000, 0x0000000706b00000|
| 108|0x0000000706c00000, 0x0000000706c00000, 0x0000000706d00000|  0%| F|  |TS  0|AC  0|TAMS 0x0000000706c00000, 0x0000000706c00000|
| 109|0x0000000706d00000, 0x0000000706e00000, 0x0000000706e00000|100%|HS|  |TS  0|AC  0|TAMS 0x0000000706d00000, 0x0000000706d00000|
| 110|0x0000000706e00000, 0x0000000706f00000, 0x0000000706f00000|100%|HC|  |TS  0|AC  0|TAMS 0x0000000706e00000, 0x0000000706e00000|
| 111|0x0000000706f00000, 0x0000000707000000, 0x0000000707000000|100%|HC|  |TS  0|AC  0|TAMS 0x0000000706f00000, 0x0000000706f00000|
| 112|0x0000000707000000, 0x0000000707000000, 0x0000000707100000|  0%| F|  |TS  0|AC  0|TAMS 0x0000000707000000, 0x0000000707000000|
| 113|0x0000000707100000, 0x0000000707100000, 0x0000000707200000|  0%| F|  |TS  0|AC  0|TAMS 0x0000000707100000, 0x0000000707100000|
| 114|0x0000000707200000, 0x0000000707200000, 0x0000000707300000|  0%| F|  |TS  0|AC  0|TAMS 0x0000000707200000, 0x0000000707200000|
| 115|0x0000000707300000, 0x0000000707300000, 0x0000000707400000|  0%| F|  |TS  0|AC  0|TAMS 0x0000000707300000, 0x0000000707300000|
| 116|0x0000000707400000, 0x0000000707400000, 0x0000000707500000|  0%| F|  |TS  0|AC  0|TAMS 0x0000000707400000, 0x0000000707400000|
| 117|0x0000000707500000, 0x0000000707500000, 0x0000000707600000|  0%| F|  |TS  0|AC  0|TAMS 0x0000000707500000, 0x0000000707500000|
| 118|0x0000000707600000, 0x0000000707600000, 0x0000000707700000|  0%| F|  |TS  0|AC  0|TAMS 0x0000000707600000, 0x0000000707600000|
| 119|0x0000000707700000, 0x0000000707700000, 0x0000000707800000|  0%| F|  |TS  0|AC  0|TAMS 0x0000000707700000, 0x0000000707700000|
| 120|0x0000000707800000, 0x0000000707800000, 0x0000000707900000|  0%| F|  |TS  0|AC  0|TAMS 0x0000000707800000, 0x0000000707800000|
| 121|0x0000000707900000, 0x0000000707900000, 0x0000000707a00000|  0%| F|  |TS  0|AC  0|TAMS 0x0000000707900000, 0x0000000707900000|
| 122|0x0000000707a00000, 0x0000000707a00000, 0x0000000707b00000|  0%| F|  |TS  0|AC  0|TAMS 0x0000000707a00000, 0x0000000707a00000|
| 123|0x0000000707b00000, 0x0000000707b00000, 0x0000000707c00000|  0%| F|  |TS  0|AC  0|TAMS 0x0000000707b00000, 0x0000000707b00000|
| 124|0x0000000707c00000, 0x0000000707c00000, 0x0000000707d00000|  0%| F|  |TS  0|AC  0|TAMS 0x0000000707c00000, 0x0000000707c00000|
| 125|0x0000000707d00000, 0x0000000707d00000, 0x0000000707e00000|  0%| F|  |TS  0|AC  0|TAMS 0x0000000707d00000, 0x0000000707d00000|
| 126|0x0000000707e00000, 0x0000000707e00000, 0x0000000707f00000|  0%| F|  |TS  0|AC  0|TAMS 0x0000000707e00000, 0x0000000707e00000|
| 127|0x0000000707f00000, 0x0000000707f00000, 0x0000000708000000|  0%| F|  |TS  0|AC  0|TAMS 0x0000000707f00000, 0x0000000707f00000|
| 128|0x0000000708000000, 0x0000000708000000, 0x0000000708100000|  0%| F|  |TS  0|AC  0|TAMS 0x0000000708000000, 0x0000000708000000|
| 129|0x0000000708100000, 0x0000000708100000, 0x0000000708200000|  0%| F|  |TS  0|AC  0|TAMS 0x0000000708100000, 0x0000000708100000|
| 130|0x0000000708200000, 0x0000000708200000, 0x0000000708300000|  0%| F|  |TS  0|AC  0|TAMS 0x0000000708200000, 0x0000000708200000|
| 131|0x0000000708300000, 0x0000000708300000, 0x0000000708400000|  0%| F|  |TS  0|AC  0|TAMS 0x0000000708300000, 0x0000000708300000|
| 132|0x0000000708400000, 0x0000000708400000, 0x0000000708500000|  0%| F|  |TS  0|AC  0|TAMS 0x0000000708400000, 0x0000000708400000|
| 133|0x0000000708500000, 0x0000000708500000, 0x0000000708600000|  0%| F|  |TS  0|AC  0|TAMS 0x0000000708500000, 0x0000000708500000|
| 134|0x0000000708600000, 0x0000000708600000, 0x0000000708700000|  0%| F|  |TS  0|AC  0|TAMS 0x0000000708600000, 0x0000000708600000|
| 135|0x0000000708700000, 0x0000000708700000, 0x0000000708800000|  0%| F|  |TS  0|AC  0|TAMS 0x0000000708700000, 0x0000000708700000|
| 136|0x0000000708800000, 0x0000000708800000, 0x0000000708900000|  0%| F|  |TS  0|AC  0|TAMS 0x0000000708800000, 0x0000000708800000|
| 137|0x0000000708900000, 0x0000000708900000, 0x0000000708a00000|  0%| F|  |TS  0|AC  0|TAMS 0x0000000708900000, 0x0000000708900000|
| 138|0x0000000708a00000, 0x0000000708a00000, 0x0000000708b00000|  0%| F|  |TS  0|AC  0|TAMS 0x0000000708a00000, 0x0000000708a00000|
| 139|0x0000000708b00000, 0x0000000708b00000, 0x0000000708c00000|  0%| F|  |TS  0|AC  0|TAMS 0x0000000708b00000, 0x0000000708b00000|
| 140|0x0000000708c00000, 0x0000000708c00000, 0x0000000708d00000|  0%| F|  |TS  0|AC  0|TAMS 0x0000000708c00000, 0x0000000708c00000|
| 141|0x0000000708d00000, 0x0000000708d00000, 0x0000000708e00000|  0%| F|  |TS  0|AC  0|TAMS 0x0000000708d00000, 0x0000000708d00000|
| 142|0x0000000708e00000, 0x0000000708e00000, 0x0000000708f00000|  0%| F|  |TS  0|AC  0|TAMS 0x0000000708e00000, 0x0000000708e00000|
| 143|0x0000000708f00000, 0x0000000708f00000, 0x0000000709000000|  0%| F|  |TS  0|AC  0|TAMS 0x0000000708f00000, 0x0000000708f00000|
| 144|0x0000000709000000, 0x0000000709000000, 0x0000000709100000|  0%| F|  |TS  0|AC  0|TAMS 0x0000000709000000, 0x0000000709000000|
| 145|0x0000000709100000, 0x0000000709100000, 0x0000000709200000|  0%| F|  |TS  0|AC  0|TAMS 0x0000000709100000, 0x0000000709100000|
| 146|0x0000000709200000, 0x0000000709200000, 0x0000000709300000|  0%| F|  |TS  0|AC  0|TAMS 0x0000000709200000, 0x0000000709200000|
| 147|0x0000000709300000, 0x0000000709300000, 0x0000000709400000|  0%| F|  |TS  0|AC  0|TAMS 0x0000000709300000, 0x0000000709300000|
| 148|0x0000000709400000, 0x0000000709400000, 0x0000000709500000|  0%| F|  |TS  0|AC  0|TAMS 0x0000000709400000, 0x0000000709400000|
| 149|0x0000000709500000, 0x0000000709500000, 0x0000000709600000|  0%| F|  |TS  0|AC  0|TAMS 0x0000000709500000, 0x0000000709500000|
| 150|0x0000000709600000, 0x0000000709600000, 0x0000000709700000|  0%| F|  |TS  0|AC  0|TAMS 0x0000000709600000, 0x0000000709600000|
| 151|0x0000000709700000, 0x0000000709700000, 0x0000000709800000|  0%| F|  |TS  0|AC  0|TAMS 0x0000000709700000, 0x0000000709700000|
| 152|0x0000000709800000, 0x0000000709800000, 0x0000000709900000|  0%| F|  |TS  0|AC  0|TAMS 0x0000000709800000, 0x0000000709800000|
| 153|0x0000000709900000, 0x0000000709900000, 0x0000000709a00000|  0%| F|  |TS  0|AC  0|TAMS 0x0000000709900000, 0x0000000709900000|
| 154|0x0000000709a00000, 0x0000000709a00000, 0x0000000709b00000|  0%| F|  |TS  0|AC  0|TAMS 0x0000000709a00000, 0x0000000709a00000|
| 155|0x0000000709b00000, 0x0000000709b00000, 0x0000000709c00000|  0%| F|  |TS  0|AC  0|TAMS 0x0000000709b00000, 0x0000000709b00000|
| 156|0x0000000709c00000, 0x0000000709c00000, 0x0000000709d00000|  0%| F|  |TS  0|AC  0|TAMS 0x0000000709c00000, 0x0000000709c00000|
| 157|0x0000000709d00000, 0x0000000709d00000, 0x0000000709e00000|  0%| F|  |TS  0|AC  0|TAMS 0x0000000709d00000, 0x0000000709d00000|
| 158|0x0000000709e00000, 0x0000000709e00000, 0x0000000709f00000|  0%| F|  |TS  0|AC  0|TAMS 0x0000000709e00000, 0x0000000709e00000|
| 159|0x0000000709f00000, 0x0000000709f00000, 0x000000070a000000|  0%| F|  |TS  0|AC  0|TAMS 0x0000000709f00000, 0x0000000709f00000|
| 160|0x000000070a000000, 0x000000070a000000, 0x000000070a100000|  0%| F|  |TS  0|AC  0|TAMS 0x000000070a000000, 0x000000070a000000|
| 161|0x000000070a100000, 0x000000070a100000, 0x000000070a200000|  0%| F|  |TS  0|AC  0|TAMS 0x000000070a100000, 0x000000070a100000|
| 162|0x000000070a200000, 0x000000070a200000, 0x000000070a300000|  0%| F|  |TS  0|AC  0|TAMS 0x000000070a200000, 0x000000070a200000|
| 163|0x000000070a300000, 0x000000070a300000, 0x000000070a400000|  0%| F|  |TS  0|AC  0|TAMS 0x000000070a300000, 0x000000070a300000|
| 164|0x000000070a400000, 0x000000070a400000, 0x000000070a500000|  0%| F|  |TS  0|AC  0|TAMS 0x000000070a400000, 0x000000070a400000|
| 165|0x000000070a500000, 0x000000070a500000, 0x000000070a600000|  0%| F|  |TS  0|AC  0|TAMS 0x000000070a500000, 0x000000070a500000|
| 166|0x000000070a600000, 0x000000070a600000, 0x000000070a700000|  0%| F|  |TS  0|AC  0|TAMS 0x000000070a600000, 0x000000070a600000|
| 167|0x000000070a700000, 0x000000070a700000, 0x000000070a800000|  0%| F|  |TS  0|AC  0|TAMS 0x000000070a700000, 0x000000070a700000|
| 168|0x000000070a800000, 0x000000070a800000, 0x000000070a900000|  0%| F|  |TS  0|AC  0|TAMS 0x000000070a800000, 0x000000070a800000|
| 169|0x000000070a900000, 0x000000070a900000, 0x000000070aa00000|  0%| F|  |TS  0|AC  0|TAMS 0x000000070a900000, 0x000000070a900000|
| 170|0x000000070aa00000, 0x000000070aa00000, 0x000000070ab00000|  0%| F|  |TS  0|AC  0|TAMS 0x000000070aa00000, 0x000000070aa00000|
| 171|0x000000070ab00000, 0x000000070ab00000, 0x000000070ac00000|  0%| F|  |TS  0|AC  0|TAMS 0x000000070ab00000, 0x000000070ab00000|
| 172|0x000000070ac00000, 0x000000070ac00000, 0x000000070ad00000|  0%| F|  |TS  0|AC  0|TAMS 0x000000070ac00000, 0x000000070ac00000|
| 173|0x000000070ad00000, 0x000000070ad00000, 0x000000070ae00000|  0%| F|  |TS  0|AC  0|TAMS 0x000000070ad00000, 0x000000070ad00000|
| 174|0x000000070ae00000, 0x000000070ae00000, 0x000000070af00000|  0%| F|  |TS  0|AC  0|TAMS 0x000000070ae00000, 0x000000070ae00000|
| 175|0x000000070af00000, 0x000000070af00000, 0x000000070b000000|  0%| F|  |TS  0|AC  0|TAMS 0x000000070af00000, 0x000000070af00000|
| 176|0x000000070b000000, 0x000000070b000000, 0x000000070b100000|  0%| F|  |TS  0|AC  0|TAMS 0x000000070b000000, 0x000000070b000000|
| 177|0x000000070b100000, 0x000000070b100000, 0x000000070b200000|  0%| F|  |TS  0|AC  0|TAMS 0x000000070b100000, 0x000000070b100000|
| 178|0x000000070b200000, 0x000000070b200000, 0x000000070b300000|  0%| F|  |TS  0|AC  0|TAMS 0x000000070b200000, 0x000000070b200000|
| 179|0x000000070b300000, 0x000000070b300000, 0x000000070b400000|  0%| F|  |TS  0|AC  0|TAMS 0x000000070b300000, 0x000000070b300000|
| 180|0x000000070b400000, 0x000000070b400000, 0x000000070b500000|  0%| F|  |TS  0|AC  0|TAMS 0x000000070b400000, 0x000000070b400000|
| 181|0x000000070b500000, 0x000000070b500000, 0x000000070b600000|  0%| F|  |TS  0|AC  0|TAMS 0x000000070b500000, 0x000000070b500000|
| 182|0x000000070b600000, 0x000000070b600000, 0x000000070b700000|  0%| F|  |TS  0|AC  0|TAMS 0x000000070b600000, 0x000000070b600000|
| 183|0x000000070b700000, 0x000000070b700000, 0x000000070b800000|  0%| F|  |TS  0|AC  0|TAMS 0x000000070b700000, 0x000000070b700000|
| 184|0x000000070b800000, 0x000000070b800000, 0x000000070b900000|  0%| F|  |TS  0|AC  0|TAMS 0x000000070b800000, 0x000000070b800000|
| 185|0x000000070b900000, 0x000000070b900000, 0x000000070ba00000|  0%| F|  |TS  0|AC  0|TAMS 0x000000070b900000, 0x000000070b900000|
| 186|0x000000070ba00000, 0x000000070ba00000, 0x000000070bb00000|  0%| F|  |TS  0|AC  0|TAMS 0x000000070ba00000, 0x000000070ba00000|
| 187|0x000000070bb00000, 0x000000070bb00000, 0x000000070bc00000|  0%| F|  |TS  0|AC  0|TAMS 0x000000070bb00000, 0x000000070bb00000|
| 188|0x000000070bc00000, 0x000000070bc00000, 0x000000070bd00000|  0%| F|  |TS  0|AC  0|TAMS 0x000000070bc00000, 0x000000070bc00000|
| 189|0x000000070bd00000, 0x000000070bd00000, 0x000000070be00000|  0%| F|  |TS  0|AC  0|TAMS 0x000000070bd00000, 0x000000070bd00000|
| 190|0x000000070be00000, 0x000000070be00000, 0x000000070bf00000|  0%| F|  |TS  0|AC  0|TAMS 0x000000070be00000, 0x000000070be00000|
| 191|0x000000070bf00000, 0x000000070bf00000, 0x000000070c000000|  0%| F|  |TS  0|AC  0|TAMS 0x000000070bf00000, 0x000000070bf00000|
| 192|0x000000070c000000, 0x000000070c000000, 0x000000070c100000|  0%| F|  |TS  0|AC  0|TAMS 0x000000070c000000, 0x000000070c000000|
| 193|0x000000070c100000, 0x000000070c100000, 0x000000070c200000|  0%| F|  |TS  0|AC  0|TAMS 0x000000070c100000, 0x000000070c100000|
| 194|0x000000070c200000, 0x000000070c200000, 0x000000070c300000|  0%| F|  |TS  0|AC  0|TAMS 0x000000070c200000, 0x000000070c200000|
| 195|0x000000070c300000, 0x000000070c300000, 0x000000070c400000|  0%| F|  |TS  0|AC  0|TAMS 0x000000070c300000, 0x000000070c300000|
| 196|0x000000070c400000, 0x000000070c400000, 0x000000070c500000|  0%| F|  |TS  0|AC  0|TAMS 0x000000070c400000, 0x000000070c400000|
| 197|0x000000070c500000, 0x000000070c500000, 0x000000070c600000|  0%| F|  |TS  0|AC  0|TAMS 0x000000070c500000, 0x000000070c500000|
| 198|0x000000070c600000, 0x000000070c600000, 0x000000070c700000|  0%| F|  |TS  0|AC  0|TAMS 0x000000070c600000, 0x000000070c600000|
| 199|0x000000070c700000, 0x000000070c700000, 0x000000070c800000|  0%| F|  |TS  0|AC  0|TAMS 0x000000070c700000, 0x000000070c700000|
| 200|0x000000070c800000, 0x000000070c800000, 0x000000070c900000|  0%| F|  |TS  0|AC  0|TAMS 0x000000070c800000, 0x000000070c800000|
| 201|0x000000070c900000, 0x000000070c900000, 0x000000070ca00000|  0%| F|  |TS  0|AC  0|TAMS 0x000000070c900000, 0x000000070c900000|
| 202|0x000000070ca00000, 0x000000070ca00000, 0x000000070cb00000|  0%| F|  |TS  0|AC  0|TAMS 0x000000070ca00000, 0x000000070ca00000|
| 203|0x000000070cb00000, 0x000000070cb00000, 0x000000070cc00000|  0%| F|  |TS  0|AC  0|TAMS 0x000000070cb00000, 0x000000070cb00000|
| 204|0x000000070cc00000, 0x000000070cc00000, 0x000000070cd00000|  0%| F|  |TS  0|AC  0|TAMS 0x000000070cc00000, 0x000000070cc00000|
| 205|0x000000070cd00000, 0x000000070cd00000, 0x000000070ce00000|  0%| F|  |TS  0|AC  0|TAMS 0x000000070cd00000, 0x000000070cd00000|
| 206|0x000000070ce00000, 0x000000070ce00000, 0x000000070cf00000|  0%| F|  |TS  0|AC  0|TAMS 0x000000070ce00000, 0x000000070ce00000|
| 207|0x000000070cf00000, 0x000000070cf00000, 0x000000070d000000|  0%| F|  |TS  0|AC  0|TAMS 0x000000070cf00000, 0x000000070cf00000|
| 208|0x000000070d000000, 0x000000070d000000, 0x000000070d100000|  0%| F|  |TS  0|AC  0|TAMS 0x000000070d000000, 0x000000070d000000|
| 209|0x000000070d100000, 0x000000070d100000, 0x000000070d200000|  0%| F|  |TS  0|AC  0|TAMS 0x000000070d100000, 0x000000070d100000|
| 210|0x000000070d200000, 0x000000070d200000, 0x000000070d300000|  0%| F|  |TS  0|AC  0|TAMS 0x000000070d200000, 0x000000070d200000|
| 211|0x000000070d300000, 0x000000070d300000, 0x000000070d400000|  0%| F|  |TS  0|AC  0|TAMS 0x000000070d300000, 0x000000070d300000|
| 212|0x000000070d400000, 0x000000070d400000, 0x000000070d500000|  0%| F|  |TS  0|AC  0|TAMS 0x000000070d400000, 0x000000070d400000|
| 213|0x000000070d500000, 0x000000070d500000, 0x000000070d600000|  0%| F|  |TS  0|AC  0|TAMS 0x000000070d500000, 0x000000070d500000|
| 214|0x000000070d600000, 0x000000070d600000, 0x000000070d700000|  0%| F|  |TS  0|AC  0|TAMS 0x000000070d600000, 0x000000070d600000|
| 215|0x000000070d700000, 0x000000070d700000, 0x000000070d800000|  0%| F|  |TS  0|AC  0|TAMS 0x000000070d700000, 0x000000070d700000|
| 216|0x000000070d800000, 0x000000070d800000, 0x000000070d900000|  0%| F|  |TS  0|AC  0|TAMS 0x000000070d800000, 0x000000070d800000|
| 217|0x000000070d900000, 0x000000070d900000, 0x000000070da00000|  0%| F|  |TS  0|AC  0|TAMS 0x000000070d900000, 0x000000070d900000|
| 218|0x000000070da00000, 0x000000070da00000, 0x000000070db00000|  0%| F|  |TS  0|AC  0|TAMS 0x000000070da00000, 0x000000070da00000|
| 219|0x000000070db00000, 0x000000070db00000, 0x000000070dc00000|  0%| F|  |TS  0|AC  0|TAMS 0x000000070db00000, 0x000000070db00000|
| 220|0x000000070dc00000, 0x000000070dc00000, 0x000000070dd00000|  0%| F|  |TS  0|AC  0|TAMS 0x000000070dc00000, 0x000000070dc00000|
| 221|0x000000070dd00000, 0x000000070dd00000, 0x000000070de00000|  0%| F|  |TS  0|AC  0|TAMS 0x000000070dd00000, 0x000000070dd00000|
| 222|0x000000070de00000, 0x000000070de00000, 0x000000070df00000|  0%| F|  |TS  0|AC  0|TAMS 0x000000070de00000, 0x000000070de00000|
| 223|0x000000070df00000, 0x000000070df00000, 0x000000070e000000|  0%| F|  |TS  0|AC  0|TAMS 0x000000070df00000, 0x000000070df00000|
| 224|0x000000070e000000, 0x000000070e000000, 0x000000070e100000|  0%| F|  |TS  0|AC  0|TAMS 0x000000070e000000, 0x000000070e000000|
| 225|0x000000070e100000, 0x000000070e100000, 0x000000070e200000|  0%| F|  |TS  0|AC  0|TAMS 0x000000070e100000, 0x000000070e100000|
| 226|0x000000070e200000, 0x000000070e200000, 0x000000070e300000|  0%| F|  |TS  0|AC  0|TAMS 0x000000070e200000, 0x000000070e200000|
| 227|0x000000070e300000, 0x000000070e300000, 0x000000070e400000|  0%| F|  |TS  0|AC  0|TAMS 0x000000070e300000, 0x000000070e300000|
| 228|0x000000070e400000, 0x000000070e400000, 0x000000070e500000|  0%| F|  |TS  0|AC  0|TAMS 0x000000070e400000, 0x000000070e400000|
| 229|0x000000070e500000, 0x000000070e500000, 0x000000070e600000|  0%| F|  |TS  0|AC  0|TAMS 0x000000070e500000, 0x000000070e500000|
| 230|0x000000070e600000, 0x000000070e600000, 0x000000070e700000|  0%| F|  |TS  0|AC  0|TAMS 0x000000070e600000, 0x000000070e600000|
| 231|0x000000070e700000, 0x000000070e700000, 0x000000070e800000|  0%| F|  |TS  0|AC  0|TAMS 0x000000070e700000, 0x000000070e700000|
| 232|0x000000070e800000, 0x000000070e800000, 0x000000070e900000|  0%| F|  |TS  0|AC  0|TAMS 0x000000070e800000, 0x000000070e800000|
| 233|0x000000070e900000, 0x000000070e900000, 0x000000070ea00000|  0%| F|  |TS  0|AC  0|TAMS 0x000000070e900000, 0x000000070e900000|
| 234|0x000000070ea00000, 0x000000070ea00000, 0x000000070eb00000|  0%| F|  |TS  0|AC  0|TAMS 0x000000070ea00000, 0x000000070ea00000|
| 235|0x000000070eb00000, 0x000000070eb00000, 0x000000070ec00000|  0%| F|  |TS  0|AC  0|TAMS 0x000000070eb00000, 0x000000070eb00000|
| 236|0x000000070ec00000, 0x000000070ec00000, 0x000000070ed00000|  0%| F|  |TS  0|AC  0|TAMS 0x000000070ec00000, 0x000000070ec00000|
| 237|0x000000070ed00000, 0x000000070ed00000, 0x000000070ee00000|  0%| F|  |TS  0|AC  0|TAMS 0x000000070ed00000, 0x000000070ed00000|
| 238|0x000000070ee00000, 0x000000070ee00000, 0x000000070ef00000|  0%| F|  |TS  0|AC  0|TAMS 0x000000070ee00000, 0x000000070ee00000|
| 239|0x000000070ef00000, 0x000000070ef00000, 0x000000070f000000|  0%| F|  |TS  0|AC  0|TAMS 0x000000070ef00000, 0x000000070ef00000|
| 240|0x000000070f000000, 0x000000070f000000, 0x000000070f100000|  0%| F|  |TS  0|AC  0|TAMS 0x000000070f000000, 0x000000070f000000|
| 241|0x000000070f100000, 0x000000070f100000, 0x000000070f200000|  0%| F|  |TS  0|AC  0|TAMS 0x000000070f100000, 0x000000070f100000|
| 242|0x000000070f200000, 0x000000070f200000, 0x000000070f300000|  0%| F|  |TS  0|AC  0|TAMS 0x000000070f200000, 0x000000070f200000|
| 243|0x000000070f300000, 0x000000070f300000, 0x000000070f400000|  0%| F|  |TS  0|AC  0|TAMS 0x000000070f300000, 0x000000070f300000|
| 244|0x000000070f400000, 0x000000070f400000, 0x000000070f500000|  0%| F|  |TS  0|AC  0|TAMS 0x000000070f400000, 0x000000070f400000|
| 245|0x000000070f500000, 0x000000070f500000, 0x000000070f600000|  0%| F|  |TS  0|AC  0|TAMS 0x000000070f500000, 0x000000070f500000|
| 246|0x000000070f600000, 0x000000070f600000, 0x000000070f700000|  0%| F|  |TS  0|AC  0|TAMS 0x000000070f600000, 0x000000070f600000|
| 247|0x000000070f700000, 0x000000070f700000, 0x000000070f800000|  0%| F|  |TS  0|AC  0|TAMS 0x000000070f700000, 0x000000070f700000|
| 248|0x000000070f800000, 0x000000070f800000, 0x000000070f900000|  0%| F|  |TS  0|AC  0|TAMS 0x000000070f800000, 0x000000070f800000|
| 249|0x000000070f900000, 0x000000070f900000, 0x000000070fa00000|  0%| F|  |TS  0|AC  0|TAMS 0x000000070f900000, 0x000000070f900000|
| 250|0x000000070fa00000, 0x000000070fa00000, 0x000000070fb00000|  0%| F|  |TS  0|AC  0|TAMS 0x000000070fa00000, 0x000000070fa00000|
| 251|0x000000070fb00000, 0x000000070fb00000, 0x000000070fc00000|  0%| F|  |TS  0|AC  0|TAMS 0x000000070fb00000, 0x000000070fb00000|
| 252|0x000000070fc00000, 0x000000070fc00000, 0x000000070fd00000|  0%| F|  |TS  0|AC  0|TAMS 0x000000070fc00000, 0x000000070fc00000|
| 253|0x000000070fd00000, 0x000000070fd00000, 0x000000070fe00000|  0%| F|  |TS  0|AC  0|TAMS 0x000000070fd00000, 0x000000070fd00000|
| 254|0x000000070fe00000, 0x000000070fe00000, 0x000000070ff00000|  0%| F|  |TS  0|AC  0|TAMS 0x000000070fe00000, 0x000000070fe00000|
| 255|0x000000070ff00000, 0x000000070ff00000, 0x0000000710000000|  0%| F|  |TS  0|AC  0|TAMS 0x000000070ff00000, 0x000000070ff00000|
| 256|0x0000000710000000, 0x0000000710000000, 0x0000000710100000|  0%| F|  |TS  0|AC  0|TAMS 0x0000000710000000, 0x0000000710000000|
| 257|0x0000000710100000, 0x0000000710100000, 0x0000000710200000|  0%| F|  |TS  0|AC  0|TAMS 0x0000000710100000, 0x0000000710100000|
| 258|0x0000000710200000, 0x0000000710200000, 0x0000000710300000|  0%| F|  |TS  0|AC  0|TAMS 0x0000000710200000, 0x0000000710200000|
| 259|0x0000000710300000, 0x0000000710300000, 0x0000000710400000|  0%| F|  |TS  0|AC  0|TAMS 0x0000000710300000, 0x0000000710300000|
| 260|0x0000000710400000, 0x0000000710400000, 0x0000000710500000|  0%| F|  |TS  0|AC  0|TAMS 0x0000000710400000, 0x0000000710400000|
| 261|0x0000000710500000, 0x0000000710500000, 0x0000000710600000|  0%| F|  |TS  0|AC  0|TAMS 0x0000000710500000, 0x0000000710500000|
| 262|0x0000000710600000, 0x0000000710600000, 0x0000000710700000|  0%| F|  |TS  0|AC  0|TAMS 0x0000000710600000, 0x0000000710600000|
| 263|0x0000000710700000, 0x0000000710700000, 0x0000000710800000|  0%| F|  |TS  0|AC  0|TAMS 0x0000000710700000, 0x0000000710700000|
| 264|0x0000000710800000, 0x0000000710800000, 0x0000000710900000|  0%| F|  |TS  0|AC  0|TAMS 0x0000000710800000, 0x0000000710800000|
| 265|0x0000000710900000, 0x0000000710900000, 0x0000000710a00000|  0%| F|  |TS  0|AC  0|TAMS 0x0000000710900000, 0x0000000710900000|
| 266|0x0000000710a00000, 0x0000000710a00000, 0x0000000710b00000|  0%| F|  |TS  0|AC  0|TAMS 0x0000000710a00000, 0x0000000710a00000|
| 267|0x0000000710b00000, 0x0000000710b00000, 0x0000000710c00000|  0%| F|  |TS  0|AC  0|TAMS 0x0000000710b00000, 0x0000000710b00000|
| 268|0x0000000710c00000, 0x0000000710c00000, 0x0000000710d00000|  0%| F|  |TS  0|AC  0|TAMS 0x0000000710c00000, 0x0000000710c00000|
| 269|0x0000000710d00000, 0x0000000710d00000, 0x0000000710e00000|  0%| F|  |TS  0|AC  0|TAMS 0x0000000710d00000, 0x0000000710d00000|
| 270|0x0000000710e00000, 0x0000000710e00000, 0x0000000710f00000|  0%| F|  |TS  0|AC  0|TAMS 0x0000000710e00000, 0x0000000710e00000|
| 271|0x0000000710f00000, 0x0000000710f00000, 0x0000000711000000|  0%| F|  |TS  0|AC  0|TAMS 0x0000000710f00000, 0x0000000710f00000|
| 272|0x0000000711000000, 0x0000000711000000, 0x0000000711100000|  0%| F|  |TS  0|AC  0|TAMS 0x0000000711000000, 0x0000000711000000|
| 273|0x0000000711100000, 0x0000000711100000, 0x0000000711200000|  0%| F|  |TS  0|AC  0|TAMS 0x0000000711100000, 0x0000000711100000|
| 274|0x0000000711200000, 0x0000000711200000, 0x0000000711300000|  0%| F|  |TS  0|AC  0|TAMS 0x0000000711200000, 0x0000000711200000|
| 275|0x0000000711300000, 0x0000000711300000, 0x0000000711400000|  0%| F|  |TS  0|AC  0|TAMS 0x0000000711300000, 0x0000000711300000|
| 276|0x0000000711400000, 0x0000000711400000, 0x0000000711500000|  0%| F|  |TS  0|AC  0|TAMS 0x0000000711400000, 0x0000000711400000|
| 277|0x0000000711500000, 0x0000000711500000, 0x0000000711600000|  0%| F|  |TS  0|AC  0|TAMS 0x0000000711500000, 0x0000000711500000|
| 278|0x0000000711600000, 0x0000000711600000, 0x0000000711700000|  0%| F|  |TS  0|AC  0|TAMS 0x0000000711600000, 0x0000000711600000|
| 279|0x0000000711700000, 0x0000000711700000, 0x0000000711800000|  0%| F|  |TS  0|AC  0|TAMS 0x0000000711700000, 0x0000000711700000|
| 280|0x0000000711800000, 0x0000000711872210, 0x0000000711900000| 44%| S|CS|TS  5|AC  0|TAMS 0x0000000711800000, 0x0000000711800000|
| 281|0x0000000711900000, 0x0000000711900000, 0x0000000711a00000|  0%| F|  |TS  5|AC  0|TAMS 0x0000000711900000, 0x0000000711900000|
| 282|0x0000000711a00000, 0x0000000711a00000, 0x0000000711b00000|  0%| F|  |TS  5|AC  0|TAMS 0x0000000711a00000, 0x0000000711a00000|
| 283|0x0000000711b00000, 0x0000000711b00000, 0x0000000711c00000|  0%| F|  |TS  5|AC  0|TAMS 0x0000000711b00000, 0x0000000711b00000|
| 284|0x0000000711c00000, 0x0000000711c00000, 0x0000000711d00000|  0%| F|  |TS  5|AC  0|TAMS 0x0000000711c00000, 0x0000000711c00000|
| 285|0x0000000711d00000, 0x0000000711d00000, 0x0000000711e00000|  0%| F|  |TS  5|AC  0|TAMS 0x0000000711d00000, 0x0000000711d00000|
| 286|0x0000000711e00000, 0x0000000711e00000, 0x0000000711f00000|  0%| F|  |TS  5|AC  0|TAMS 0x0000000711e00000, 0x0000000711e00000|
| 287|0x0000000711f00000, 0x0000000711f00000, 0x0000000712000000|  0%| F|  |TS  5|AC  0|TAMS 0x0000000711f00000, 0x0000000711f00000|
| 288|0x0000000712000000, 0x0000000712000000, 0x0000000712100000|  0%| F|  |TS  5|AC  0|TAMS 0x0000000712000000, 0x0000000712000000|
| 289|0x0000000712100000, 0x0000000712100000, 0x0000000712200000|  0%| F|  |TS  5|AC  0|TAMS 0x0000000712100000, 0x0000000712100000|
| 290|0x0000000712200000, 0x0000000712200000, 0x0000000712300000|  0%| F|  |TS  5|AC  0|TAMS 0x0000000712200000, 0x0000000712200000|
| 291|0x0000000712300000, 0x0000000712300000, 0x0000000712400000|  0%| F|  |TS  5|AC  0|TAMS 0x0000000712300000, 0x0000000712300000|
| 292|0x0000000712400000, 0x0000000712400000, 0x0000000712500000|  0%| F|  |TS  5|AC  0|TAMS 0x0000000712400000, 0x0000000712400000|
| 293|0x0000000712500000, 0x0000000712500000, 0x0000000712600000|  0%| F|  |TS  5|AC  0|TAMS 0x0000000712500000, 0x0000000712500000|
| 294|0x0000000712600000, 0x0000000712600000, 0x0000000712700000|  0%| F|  |TS  5|AC  0|TAMS 0x0000000712600000, 0x0000000712600000|
| 295|0x0000000712700000, 0x00000007127124b8, 0x0000000712800000|  7%| E|  |TS  5|AC  0|TAMS 0x0000000712700000, 0x0000000712700000|
| 296|0x0000000712800000, 0x0000000712900000, 0x0000000712900000|100%| E|CS|TS  5|AC  0|TAMS 0x0000000712800000, 0x0000000712800000|
| 297|0x0000000712900000, 0x0000000712a00000, 0x0000000712a00000|100%| E|CS|TS  5|AC  0|TAMS 0x0000000712900000, 0x0000000712900000|
| 298|0x0000000712a00000, 0x0000000712b00000, 0x0000000712b00000|100%| E|CS|TS  5|AC  0|TAMS 0x0000000712a00000, 0x0000000712a00000|
| 299|0x0000000712b00000, 0x0000000712c00000, 0x0000000712c00000|100%| E|CS|TS  5|AC  0|TAMS 0x0000000712b00000, 0x0000000712b00000|
| 300|0x0000000712c00000, 0x0000000712d00000, 0x0000000712d00000|100%| E|CS|TS  5|AC  0|TAMS 0x0000000712c00000, 0x0000000712c00000|
| 301|0x0000000712d00000, 0x0000000712e00000, 0x0000000712e00000|100%| E|CS|TS  5|AC  0|TAMS 0x0000000712d00000, 0x0000000712d00000|
| 302|0x0000000712e00000, 0x0000000712f00000, 0x0000000712f00000|100%| E|CS|TS  5|AC  0|TAMS 0x0000000712e00000, 0x0000000712e00000|
| 303|0x0000000712f00000, 0x0000000713000000, 0x0000000713000000|100%| E|CS|TS  5|AC  0|TAMS 0x0000000712f00000, 0x0000000712f00000|
| 304|0x0000000713000000, 0x0000000713100000, 0x0000000713100000|100%| E|CS|TS  5|AC  0|TAMS 0x0000000713000000, 0x0000000713000000|
| 305|0x0000000713100000, 0x0000000713200000, 0x0000000713200000|100%| E|CS|TS  5|AC  0|TAMS 0x0000000713100000, 0x0000000713100000|
| 306|0x0000000713200000, 0x0000000713300000, 0x0000000713300000|100%| E|CS|TS  5|AC  0|TAMS 0x0000000713200000, 0x0000000713200000|
| 307|0x0000000713300000, 0x0000000713400000, 0x0000000713400000|100%| E|CS|TS  5|AC  0|TAMS 0x0000000713300000, 0x0000000713300000|
| 308|0x0000000713400000, 0x0000000713500000, 0x0000000713500000|100%| E|CS|TS  5|AC  0|TAMS 0x0000000713400000, 0x0000000713400000|
| 309|0x0000000713500000, 0x0000000713600000, 0x0000000713600000|100%| E|CS|TS  5|AC  0|TAMS 0x0000000713500000, 0x0000000713500000|
| 310|0x0000000713600000, 0x0000000713700000, 0x0000000713700000|100%| E|CS|TS  5|AC  0|TAMS 0x0000000713600000, 0x0000000713600000|
| 311|0x0000000713700000, 0x0000000713800000, 0x0000000713800000|100%| E|CS|TS  5|AC  0|TAMS 0x0000000713700000, 0x0000000713700000|
| 312|0x0000000713800000, 0x0000000713900000, 0x0000000713900000|100%| E|CS|TS  5|AC  0|TAMS 0x0000000713800000, 0x0000000713800000|
| 313|0x0000000713900000, 0x0000000713a00000, 0x0000000713a00000|100%| E|CS|TS  5|AC  0|TAMS 0x0000000713900000, 0x0000000713900000|
| 314|0x0000000713a00000, 0x0000000713b00000, 0x0000000713b00000|100%| E|CS|TS  5|AC  0|TAMS 0x0000000713a00000, 0x0000000713a00000|
| 315|0x0000000713b00000, 0x0000000713c00000, 0x0000000713c00000|100%| E|CS|TS  5|AC  0|TAMS 0x0000000713b00000, 0x0000000713b00000|
| 316|0x0000000713c00000, 0x0000000713d00000, 0x0000000713d00000|100%| E|CS|TS  5|AC  0|TAMS 0x0000000713c00000, 0x0000000713c00000|
| 317|0x0000000713d00000, 0x0000000713e00000, 0x0000000713e00000|100%| E|CS|TS  5|AC  0|TAMS 0x0000000713d00000, 0x0000000713d00000|
| 318|0x0000000713e00000, 0x0000000713f00000, 0x0000000713f00000|100%| E|CS|TS  5|AC  0|TAMS 0x0000000713e00000, 0x0000000713e00000|
| 319|0x0000000713f00000, 0x0000000714000000, 0x0000000714000000|100%| E|CS|TS  5|AC  0|TAMS 0x0000000713f00000, 0x0000000713f00000|
| 320|0x0000000714000000, 0x0000000714100000, 0x0000000714100000|100%| E|CS|TS  5|AC  0|TAMS 0x0000000714000000, 0x0000000714000000|
| 321|0x0000000714100000, 0x0000000714200000, 0x0000000714200000|100%| E|CS|TS  5|AC  0|TAMS 0x0000000714100000, 0x0000000714100000|
| 322|0x0000000714200000, 0x0000000714300000, 0x0000000714300000|100%| E|CS|TS  5|AC  0|TAMS 0x0000000714200000, 0x0000000714200000|
| 323|0x0000000714300000, 0x0000000714400000, 0x0000000714400000|100%| E|CS|TS  5|AC  0|TAMS 0x0000000714300000, 0x0000000714300000|
| 324|0x0000000714400000, 0x0000000714500000, 0x0000000714500000|100%| E|CS|TS  5|AC  0|TAMS 0x0000000714400000, 0x0000000714400000|
| 325|0x0000000714500000, 0x0000000714600000, 0x0000000714600000|100%| E|CS|TS  5|AC  0|TAMS 0x0000000714500000, 0x0000000714500000|
| 326|0x0000000714600000, 0x0000000714700000, 0x0000000714700000|100%| E|CS|TS  5|AC  0|TAMS 0x0000000714600000, 0x0000000714600000|
| 327|0x0000000714700000, 0x0000000714800000, 0x0000000714800000|100%| E|CS|TS  5|AC  0|TAMS 0x0000000714700000, 0x0000000714700000|
| 328|0x0000000714800000, 0x0000000714900000, 0x0000000714900000|100%| E|CS|TS  5|AC  0|TAMS 0x0000000714800000, 0x0000000714800000|
| 329|0x0000000714900000, 0x0000000714a00000, 0x0000000714a00000|100%| E|CS|TS  5|AC  0|TAMS 0x0000000714900000, 0x0000000714900000|
| 330|0x0000000714a00000, 0x0000000714b00000, 0x0000000714b00000|100%| E|CS|TS  5|AC  0|TAMS 0x0000000714a00000, 0x0000000714a00000|
| 331|0x0000000714b00000, 0x0000000714c00000, 0x0000000714c00000|100%| E|CS|TS  5|AC  0|TAMS 0x0000000714b00000, 0x0000000714b00000|
| 332|0x0000000714c00000, 0x0000000714d00000, 0x0000000714d00000|100%| E|CS|TS  5|AC  0|TAMS 0x0000000714c00000, 0x0000000714c00000|
| 333|0x0000000714d00000, 0x0000000714e00000, 0x0000000714e00000|100%| E|CS|TS  5|AC  0|TAMS 0x0000000714d00000, 0x0000000714d00000|
| 334|0x0000000714e00000, 0x0000000714f00000, 0x0000000714f00000|100%| E|CS|TS  5|AC  0|TAMS 0x0000000714e00000, 0x0000000714e00000|
| 335|0x0000000714f00000, 0x0000000715000000, 0x0000000715000000|100%| E|CS|TS  5|AC  0|TAMS 0x0000000714f00000, 0x0000000714f00000|
| 336|0x0000000715000000, 0x0000000715100000, 0x0000000715100000|100%| E|CS|TS  5|AC  0|TAMS 0x0000000715000000, 0x0000000715000000|
| 337|0x0000000715100000, 0x0000000715200000, 0x0000000715200000|100%| E|CS|TS  5|AC  0|TAMS 0x0000000715100000, 0x0000000715100000|
| 338|0x0000000715200000, 0x0000000715300000, 0x0000000715300000|100%| E|CS|TS  5|AC  0|TAMS 0x0000000715200000, 0x0000000715200000|
| 339|0x0000000715300000, 0x0000000715400000, 0x0000000715400000|100%| E|CS|TS  5|AC  0|TAMS 0x0000000715300000, 0x0000000715300000|
| 340|0x0000000715400000, 0x0000000715500000, 0x0000000715500000|100%| E|CS|TS  5|AC  0|TAMS 0x0000000715400000, 0x0000000715400000|

Card table byte_map: [0x000001cca9220000,0x000001cca9820000] byte_map_base: 0x000001cca5a20000

Marking Bits (Prev, Next): (CMBitMap*) 0x000001ccc0aa10e8, (CMBitMap*) 0x000001ccc0aa10b0
 Prev Bits: [0x000001ccb4a00000, 0x000001ccb7a00000)
 Next Bits: [0x000001ccb1a00000, 0x000001ccb4a00000)

Polling page: 0x000001cca28e0000

CodeHeap 'non-profiled nmethods': size=120000Kb used=22935Kb max_used=22935Kb free=97064Kb
 bounds [0x000001ccc8760000, 0x000001ccc9dd0000, 0x000001cccfc90000]
CodeHeap 'profiled nmethods': size=120000Kb used=47263Kb max_used=47796Kb free=72736Kb
 bounds [0x000001ccc1230000, 0x000001ccc4120000, 0x000001ccc8760000]
CodeHeap 'non-nmethods': size=5760Kb used=1838Kb max_used=1896Kb free=3921Kb
 bounds [0x000001ccc0c90000, 0x000001ccc0f00000, 0x000001ccc1230000]
 total_blobs=35614 nmethods=19052 adapters=1192
 compilation: enabled

Compilation events (10 events):
Event: 1230.729 Thread 0x000001ccaa0f3800 24618       3       javax.swing.JMenu::isSelected (10 bytes)
Event: 1230.729 Thread 0x000001ccaa0f3800 nmethod 24618 0x000001ccc39db610 code [0x000001ccc39db7c0, 0x000001ccc39dba70]
Event: 1230.750 Thread 0x000001ccaa0f3800 24619       3       ui.utils.swing.h.e::a (64 bytes)
Event: 1230.750 Thread 0x000001ccaa0f1800 24620       4       sun.java2d.pipe.DrawImage::scaleSurfaceData (79 bytes)
Event: 1230.750 Thread 0x000001ccaa0f3800 nmethod 24619 0x000001ccc3cd2b90 code [0x000001ccc3cd2e20, 0x000001ccc3cd3b20]
Event: 1230.753 Thread 0x000001ccaa0f1800 nmethod 24620 0x000001ccc9dc7990 code [0x000001ccc9dc7b40, 0x000001ccc9dc7df8]
Event: 1230.757 Thread 0x000001ccaa0e7000 24621   !   4       sun.java2d.pipe.DrawImage::renderImageScale (158 bytes)
Event: 1230.794 Thread 0x000001ccaa0e7000 nmethod 24621 0x000001ccc9dc8090 code [0x000001ccc9dc83a0, 0x000001ccc9dc9ba8]
Event: 1230.796 Thread 0x000001ccaa0f1000 24622       4       com.jidesoft.action.CommandBar::paintBorder (19 bytes)
Event: 1230.798 Thread 0x000001ccaa0f1000 nmethod 24622 0x000001ccc9dcb210 code [0x000001ccc9dcb3a0, 0x000001ccc9dcb498]

GC Heap History (10 events):
Event: 1221.696 GC heap before
{Heap before GC invocations=342 (full 62):
 garbage-first heap   total 349184K, used 166383K [0x0000000700000000, 0x0000000700100aa8, 0x00000007c0000000)
  region size 1024K, 60 young (61440K), 1 survivors (1024K)
 Metaspace       used 95500K, capacity 102697K, committed 102860K, reserved 1136640K
  class space    used 13769K, capacity 14982K, committed 15104K, reserved 1048576K
}
Event: 1221.699 GC heap after
{Heap after GC invocations=343 (full 62):
 garbage-first heap   total 349184K, used 105929K [0x0000000700000000, 0x0000000700100aa8, 0x00000007c0000000)
  region size 1024K, 1 young (1024K), 1 survivors (1024K)
 Metaspace       used 95500K, capacity 102697K, committed 102860K, reserved 1136640K
  class space    used 13769K, capacity 14982K, committed 15104K, reserved 1048576K
}
Event: 1222.747 GC heap before
{Heap before GC invocations=343 (full 62):
 garbage-first heap   total 349184K, used 167369K [0x0000000700000000, 0x0000000700100aa8, 0x00000007c0000000)
  region size 1024K, 56 young (57344K), 1 survivors (1024K)
 Metaspace       used 95501K, capacity 102697K, committed 102860K, reserved 1136640K
  class space    used 13769K, capacity 14982K, committed 15104K, reserved 1048576K
}
Event: 1223.064 GC heap after
{Heap after GC invocations=344 (full 63):
 garbage-first heap   total 349184K, used 105195K [0x0000000700000000, 0x0000000700100aa8, 0x00000007c0000000)
  region size 1024K, 0 young (0K), 0 survivors (0K)
 Metaspace       used 95501K, capacity 102697K, committed 102860K, reserved 1136640K
  class space    used 13769K, capacity 14982K, committed 15104K, reserved 1048576K
}
Event: 1224.063 GC heap before
{Heap before GC invocations=344 (full 63):
 garbage-first heap   total 349184K, used 166635K [0x0000000700000000, 0x0000000700100aa8, 0x00000007c0000000)
  region size 1024K, 60 young (61440K), 0 survivors (0K)
 Metaspace       used 95501K, capacity 102697K, committed 102860K, reserved 1136640K
  class space    used 13769K, capacity 14982K, committed 15104K, reserved 1048576K
}
Event: 1224.066 GC heap after
{Heap after GC invocations=345 (full 63):
 garbage-first heap   total 349184K, used 105469K [0x0000000700000000, 0x0000000700100aa8, 0x00000007c0000000)
  region size 1024K, 1 young (1024K), 1 survivors (1024K)
 Metaspace       used 95501K, capacity 102697K, committed 102860K, reserved 1136640K
  class space    used 13769K, capacity 14982K, committed 15104K, reserved 1048576K
}
Event: 1226.906 GC heap before
{Heap before GC invocations=345 (full 63):
 garbage-first heap   total 349184K, used 165885K [0x0000000700000000, 0x0000000700100aa8, 0x00000007c0000000)
  region size 1024K, 60 young (61440K), 1 survivors (1024K)
 Metaspace       used 95524K, capacity 102735K, committed 102860K, reserved 1136640K
  class space    used 13771K, capacity 15015K, committed 15104K, reserved 1048576K
}
Event: 1226.909 GC heap after
{Heap after GC invocations=346 (full 63):
 garbage-first heap   total 349184K, used 105629K [0x0000000700000000, 0x0000000700100aa8, 0x00000007c0000000)
  region size 1024K, 1 young (1024K), 1 survivors (1024K)
 Metaspace       used 95524K, capacity 102735K, committed 102860K, reserved 1136640K
  class space    used 13771K, capacity 15015K, committed 15104K, reserved 1048576K
}
Event: 1227.555 GC heap before
{Heap before GC invocations=346 (full 63):
 garbage-first heap   total 349184K, used 166045K [0x0000000700000000, 0x0000000700100aa8, 0x00000007c0000000)
  region size 1024K, 60 young (61440K), 1 survivors (1024K)
 Metaspace       used 95525K, capacity 102735K, committed 102860K, reserved 1136640K
  class space    used 13771K, capacity 15015K, committed 15104K, reserved 1048576K
}
Event: 1227.559 GC heap after
{Heap after GC invocations=347 (full 63):
 garbage-first heap   total 349184K, used 105651K [0x0000000700000000, 0x0000000700100aa8, 0x00000007c0000000)
  region size 1024K, 1 young (1024K), 1 survivors (1024K)
 Metaspace       used 95525K, capacity 102735K, committed 102860K, reserved 1136640K
  class space    used 13771K, capacity 15015K, committed 15104K, reserved 1048576K
}

Deoptimization events (10 events):
Event: 1208.958 Thread 0x000001ccbd8b6000 Uncommon trap: reason=class_check action=maybe_recompile pc=0x000001ccc8dbb044 method=com.jidesoft.editor.CodeEditor.viewToModelPosition(Lcom/jidesoft/editor/caret/CaretPosition;)Lcom/jidesoft/editor/caret/CaretPosition; @ 43 c2
Event: 1208.958 Thread 0x000001ccbd8b6000 Uncommon trap: reason=class_check action=maybe_recompile pc=0x000001ccc9c31e08 method=com.jidesoft.editor.c.<init>(Lcom/jidesoft/editor/CodeEditor;I)V @ 40 c2
Event: 1222.677 Thread 0x000001ccbd8b6000 Uncommon trap: reason=unstable_if action=reinterpret pc=0x000001ccc97dfedc method=sun.java2d.SunGraphics2D.drawImage(Ljava/awt/Image;IIIILjava/awt/Color;Ljava/awt/image/ImageObserver;)Z @ 75 c2
Event: 1222.677 Thread 0x000001ccbd8b6000 Uncommon trap: reason=unstable_if action=reinterpret pc=0x000001ccc938fcd4 method=sun.java2d.pipe.DrawImage.scaleSurfaceData(Lsun/java2d/SunGraphics2D;Lsun/java2d/pipe/Region;Lsun/java2d/SurfaceData;Lsun/java2d/SurfaceData;Lsun/java2d/loops/SurfaceType;Ls
Event: 1226.356 Thread 0x000001ccbd8b6000 Uncommon trap: reason=unstable_if action=reinterpret pc=0x000001ccc8a737f8 method=javax.swing.DefaultButtonModel.isSelected()Z @ 6 c2
Event: 1226.360 Thread 0x000001ccbd8b6000 Uncommon trap: reason=unstable_if action=reinterpret pc=0x000001ccc95060a8 method=javax.swing.DefaultButtonModel.isSelected()Z @ 6 c2
Event: 1226.360 Thread 0x000001ccbd8b6000 Uncommon trap: reason=unstable_if action=reinterpret pc=0x000001ccc9c06f80 method=de.javasoft.plaf.synthetica.SyntheticaMenuItemUI.getComponentState(Ljavax/swing/JComponent;)I @ 66 c2
Event: 1228.485 Thread 0x000001ccbd8b6000 Uncommon trap: reason=unstable_fused_if action=reinterpret pc=0x000001ccc9708a6c method=sun.font.FontUtilities.isComplexCharCode(I)Z @ 20 c2
Event: 1228.485 Thread 0x000001ccbd8b6000 Uncommon trap: reason=unstable_if action=reinterpret pc=0x000001ccc986093c method=sun.font.CMap.getControlCodeGlyph(IZ)I @ 64 c2
Event: 1228.487 Thread 0x000001ccbd8b6000 Uncommon trap: reason=unstable_fused_if action=reinterpret pc=0x000001ccc97a0428 method=sun.font.FontUtilities.isComplexCharCode(I)Z @ 20 c2

Classes redefined (0 events):
No events

Internal exceptions (10 events):
Event: 934.209 Thread 0x000001ccbd8b6000 Exception <a 'java/lang/NoSuchMethodError'{0x00000007100eb3e0}: method resolution failed> (0x00000007100eb3e0) thrown at [t:/workspace/hotspot/src/share/vm/prims/methodHandles.cpp, line 1256]
Event: 1005.524 Thread 0x000001ccbd8b6000 Exception <a 'java/lang/NoSuchMethodError'{0x0000000710464890}: java.lang.invoke.DirectMethodHandle$Holder.invokeSpecial(Ljava/lang/Object;Ljava/lang/Object;IILjava/lang/Object;Ljava/lang/Object;Ljava/lang/Object;ILjava/lang/Object;)Ljava/lang/Object;> (0
Event: 1005.524 Thread 0x000001ccbd8b6000 Exception <a 'java/lang/NoSuchMethodError'{0x0000000710468300}: java.lang.invoke.DelegatingMethodHandle$Holder.reinvoke_L(Ljava/lang/Object;IILjava/lang/Object;Ljava/lang/Object;Ljava/lang/Object;ILjava/lang/Object;)Ljava/lang/Object;> (0x0000000710468300
Event: 1049.644 Thread 0x000001ccbd8b6000 Implicit null exception at 0x000001ccc99d663c to 0x000001ccc99d6f21
Event: 1122.440 Thread 0x000001ccd35c2000 Exception <a 'java/lang/InterruptedException'{0x00000007151e68e0}: sleep interrupted> (0x00000007151e68e0) thrown at [t:/workspace/hotspot/src/share/vm/prims/jvm.cpp, line 3023]
Event: 1164.527 Thread 0x000001ccbd8b6000 Exception <a 'java/lang/NoSuchMethodError'{0x0000000714ac1150}: method resolution failed> (0x0000000714ac1150) thrown at [t:/workspace/hotspot/src/share/vm/prims/methodHandles.cpp, line 1256]
Event: 1164.528 Thread 0x000001ccbd8b6000 Exception <a 'java/lang/NoSuchMethodError'{0x0000000714ac7678}: java.lang.invoke.DirectMethodHandle$Holder.invokeStatic(Ljava/lang/Object;Ljava/lang/Object;IILjava/lang/Object;)Ljava/lang/Object;> (0x0000000714ac7678) thrown at [t:/workspace/hotspot/src/s
Event: 1164.528 Thread 0x000001ccbd8b6000 Exception <a 'java/lang/NoSuchMethodError'{0x0000000714acb140}: java.lang.invoke.DirectMethodHandle$Holder.invokeSpecial(Ljava/lang/Object;Ljava/lang/Object;Ljava/lang/Object;IILjava/lang/Object;)Ljava/lang/Object;> (0x0000000714acb140) thrown at [t:/work
Event: 1199.072 Thread 0x000001ccd35c9000 Exception <a 'java/lang/InterruptedException'{0x000000071475a900}: sleep interrupted> (0x000000071475a900) thrown at [t:/workspace/hotspot/src/share/vm/prims/jvm.cpp, line 3023]
Event: 1208.958 Thread 0x000001ccd35c8000 Exception <a 'java/lang/InterruptedException'{0x0000000713a8d008}: sleep interrupted> (0x0000000713a8d008) thrown at [t:/workspace/hotspot/src/share/vm/prims/jvm.cpp, line 3023]

Events (10 events):
Event: 1228.487 Thread 0x000001ccbd8b6000 DEOPT UNPACKING pc=0x000001ccc0cddf29 sp=0x000000793b7fae90 mode 2
Event: 1229.266 Thread 0x000001ccd35c2000 Thread added: 0x000001ccd35c2000
Event: 1229.271 Thread 0x000001ccd35c2000 Thread exited: 0x000001ccd35c2000
Event: 1229.364 Executing VM operation: BulkRevokeBias
Event: 1229.364 Executing VM operation: BulkRevokeBias done
Event: 1229.366 Thread 0x000001ccd35c2000 Thread added: 0x000001ccd35c2000
Event: 1229.370 Executing VM operation: RevokeBias
Event: 1229.370 Executing VM operation: RevokeBias done
Event: 1230.267 Thread 0x000001ccd35c4800 Thread added: 0x000001ccd35c4800
Event: 1230.271 Thread 0x000001ccd35c4800 Thread exited: 0x000001ccd35c4800


Dynamic libraries:
0x00007ff75f770000 - 0x00007ff75f7a0000 	D:\Xilinx\Vivado\2020.1\bin\unwrapped\win64.o\vivado.exe
0x00007ffb8c4d0000 - 0x00007ffb8c6e7000 	C:\WINDOWS\SYSTEM32\ntdll.dll
0x00007ffb8a860000 - 0x00007ffb8a924000 	C:\WINDOWS\System32\KERNEL32.DLL
0x00007ffb89840000 - 0x00007ffb89bfa000 	C:\WINDOWS\System32\KERNELBASE.dll
0x00007ffb89c00000 - 0x00007ffb89d11000 	C:\WINDOWS\System32\ucrtbase.dll
0x00007ffb74aa0000 - 0x00007ffb74b2d000 	C:\WINDOWS\SYSTEM32\MSVCP140.dll
0x00007ffb74a40000 - 0x00007ffb74a5e000 	C:\WINDOWS\SYSTEM32\VCRUNTIME140.dll
0x00007ffb13150000 - 0x00007ffb14216000 	D:\Xilinx\Vivado\2020.1\lib\win64.o\librdi_common.dll
0x00007ffb7e300000 - 0x00007ffb7e31a000 	D:\Xilinx\Vivado\2020.1\lib\win64.o\librdi_commonmain.dll
0x00007ffb738f0000 - 0x00007ffb73904000 	D:\Xilinx\Vivado\2020.1\lib\win64.o\libboost_signals.dll
0x00007ffb74a30000 - 0x00007ffb74a3c000 	C:\WINDOWS\SYSTEM32\VCRUNTIME140_1.dll
0x00007ffb8bd60000 - 0x00007ffb8bf0e000 	C:\WINDOWS\System32\USER32.dll
0x00007ffb89d20000 - 0x00007ffb89d46000 	C:\WINDOWS\System32\win32u.dll
0x00007ffb8c100000 - 0x00007ffb8c129000 	C:\WINDOWS\System32\GDI32.dll
0x00007ffb1a660000 - 0x00007ffb1a9ce000 	D:\Xilinx\Vivado\2020.1\lib\win64.o\libCOIN-all.dll
0x00007ffb89e90000 - 0x00007ffb89fab000 	C:\WINDOWS\System32\gdi32full.dll
0x00007ffb72c50000 - 0x00007ffb72c64000 	D:\Xilinx\Vivado\2020.1\lib\win64.o\libboost_date_time.dll
0x00007ffb72c20000 - 0x00007ffb72c46000 	D:\Xilinx\Vivado\2020.1\lib\win64.o\libboost_filesystem.dll
0x00007ffb897a0000 - 0x00007ffb8983a000 	C:\WINDOWS\System32\msvcp_win.dll
0x00007ffb8acd0000 - 0x00007ffb8ad82000 	C:\WINDOWS\System32\ADVAPI32.dll
0x00007ffb8a7b0000 - 0x00007ffb8a857000 	C:\WINDOWS\System32\msvcrt.dll
0x00007ffb62a20000 - 0x00007ffb62a9f000 	D:\Xilinx\Vivado\2020.1\lib\win64.o\libboost_program_options.dll
0x00007ffb8af50000 - 0x00007ffb8b7c8000 	C:\WINDOWS\System32\SHELL32.dll
0x00007ffb8a1f0000 - 0x00007ffb8a297000 	C:\WINDOWS\System32\sechost.dll
0x00007ffb8a1a0000 - 0x00007ffb8a1c8000 	C:\WINDOWS\System32\bcrypt.dll
0x00007ffb8b7d0000 - 0x00007ffb8b841000 	C:\WINDOWS\System32\WS2_32.dll
0x00007ffb8c2a0000 - 0x00007ffb8c3b4000 	C:\WINDOWS\System32\RPCRT4.dll
0x00007ffb58680000 - 0x00007ffb58794000 	D:\Xilinx\Vivado\2020.1\lib\win64.o\libboost_regex.dll
0x00007ffb836e0000 - 0x00007ffb836eb000 	D:\Xilinx\Vivado\2020.1\lib\win64.o\libboost_system.dll
0x00007ffb72330000 - 0x00007ffb72351000 	D:\Xilinx\Vivado\2020.1\lib\win64.o\libboost_thread.dll
0x00007ffb80f70000 - 0x00007ffb80f7a000 	D:\Xilinx\Vivado\2020.1\lib\win64.o\librdi_commonversion.dll
0x00007ffb79c50000 - 0x00007ffb79c5f000 	D:\Xilinx\Vivado\2020.1\lib\win64.o\libboost_xilinx.dll
0x00007ffb50570000 - 0x00007ffb50711000 	D:\Xilinx\Vivado\2020.1\lib\win64.o\librdi_commonxillic.dll
0x00007ffb62990000 - 0x00007ffb62a12000 	D:\Xilinx\Vivado\2020.1\lib\win64.o\libhdlpsolve.dll
0x0000000068410000 - 0x000000006853b000 	D:\Xilinx\Vivado\2020.1\lib\win64.o\tcl85t.dll
0x00007ffb585d0000 - 0x00007ffb58675000 	D:\Xilinx\Vivado\2020.1\lib\win64.o\libhdxml.dll
0x00007ffb12490000 - 0x00007ffb13145a00 	D:\Xilinx\Vivado\2020.1\lib\win64.o\libisl_iostreams.dll
0x00007ffb72290000 - 0x00007ffb722be000 	D:\Xilinx\Vivado\2020.1\lib\win64.o\libisl_sysinfo.dll
0x00007ffb71590000 - 0x00007ffb715f5000 	D:\Xilinx\Vivado\2020.1\lib\win64.o\liblmx6.0.dll
0x00007ffb72160000 - 0x00007ffb7217a000 	D:\Xilinx\Vivado\2020.1\lib\win64.o\pthreadVC2.dll
0x00007ffb72040000 - 0x00007ffb7205c000 	D:\Xilinx\Vivado\2020.1\lib\win64.o\librdiconfig.dll
0x00007ffb71de0000 - 0x00007ffb71e01000 	D:\Xilinx\Vivado\2020.1\lib\win64.o\librdizlib.dll
0x0000000012000000 - 0x0000000012270000 	D:\Xilinx\Vivado\2020.1\lib\win64.o\xerces-c_3_1.dll
0x00007ffb70ba0000 - 0x00007ffb70bb9000 	C:\WINDOWS\SYSTEM32\NETAPI32.dll
0x00007ffb6f6f0000 - 0x00007ffb6fbee000 	C:\WINDOWS\SYSTEM32\WININET.dll
0x00007ffb84e40000 - 0x00007ffb84f76000 	C:\WINDOWS\SYSTEM32\WINHTTP.dll
0x00007ffb7c180000 - 0x00007ffb7c370000 	C:\WINDOWS\SYSTEM32\urlmon.dll
0x00007ffb6e500000 - 0x00007ffb6e509000 	C:\WINDOWS\SYSTEM32\WSOCK32.dll
0x00007ffb71d80000 - 0x00007ffb71db0000 	C:\WINDOWS\SYSTEM32\VCOMP140.DLL
0x00007ffb115f0000 - 0x00007ffb12481000 	D:\Xilinx\Vivado\2020.1\lib\win64.o\gurobi65.dll
0x00007ffb761a0000 - 0x00007ffb761ad000 	D:\Xilinx\Vivado\2020.1\lib\win64.o\libboost_chrono.dll
0x00007ffb1a380000 - 0x00007ffb1a65b000 	D:\Xilinx\Vivado\2020.1\lib\win64.o\libXil_lmgr11.dll
0x00007ffb8c130000 - 0x00007ffb8c230000 	C:\WINDOWS\System32\COMDLG32.dll
0x00007ffb6e520000 - 0x00007ffb6e545000 	D:\Xilinx\Vivado\2020.1\lib\win64.o\libisl_iosutils.dll
0x00007ffb6bfd0000 - 0x00007ffb6bfeb000 	D:\Xilinx\Vivado\2020.1\lib\win64.o\libboost_iostreams.dll
0x00007ffb8a930000 - 0x00007ffb8acbf000 	C:\WINDOWS\System32\combase.dll
0x00007ffb8b990000 - 0x00007ffb8ba8a000 	C:\WINDOWS\System32\shcore.dll
0x00007ffb764e0000 - 0x00007ffb7679e000 	C:\WINDOWS\SYSTEM32\iertutil.dll
0x00007ffb7c110000 - 0x00007ffb7c138000 	C:\WINDOWS\SYSTEM32\srvcli.dll
0x00007ffb88270000 - 0x00007ffb8827c000 	C:\WINDOWS\SYSTEM32\netutils.dll
0x00007ffb8bb50000 - 0x00007ffb8bbae000 	C:\WINDOWS\System32\SHLWAPI.dll
0x00007ffb8b8b0000 - 0x00007ffb8b987000 	C:\WINDOWS\System32\OLEAUT32.dll
0x00007ffb8bbb0000 - 0x00007ffb8bd55000 	C:\WINDOWS\System32\ole32.dll
0x00007ffb8a120000 - 0x00007ffb8a192000 	C:\WINDOWS\System32\WINTRUST.dll
0x00007ffb89fb0000 - 0x00007ffb8a116000 	C:\WINDOWS\System32\CRYPT32.dll
0x00007ffb65de0000 - 0x00007ffb65e93000 	C:\WINDOWS\WinSxS\amd64_microsoft.windows.common-controls_6595b64144ccf1df_5.82.22621.3527_none_b43b7f4b638cc64f\COMCTL32.dll
0x00007ffb83a40000 - 0x00007ffb83a5f000 	C:\WINDOWS\SYSTEM32\dhcpcsvc.DLL
0x00007ffb88d10000 - 0x00007ffb88d79000 	C:\WINDOWS\SYSTEM32\MSWSOCK.DLL
0x00007ffb8a2a0000 - 0x00007ffb8a2d1000 	C:\WINDOWS\System32\IMM32.DLL
0x00007ffb88fe0000 - 0x00007ffb88ff2000 	C:\WINDOWS\SYSTEM32\MSASN1.dll
0x00007ffb888a0000 - 0x00007ffb888b8000 	C:\WINDOWS\SYSTEM32\kernel.appcore.dll
0x00007ffb19e80000 - 0x00007ffb1a37c000 	D:\Xilinx\Vivado\2020.1\lib\win64.o\librdi_commontasks.dll
0x00007ffb7fe40000 - 0x00007ffb7fe4a000 	C:\WINDOWS\SYSTEM32\VERSION.dll
0x00000000679e0000 - 0x0000000068405000 	D:\Xilinx\Vivado\2020.1\tps\win64\jre9.0.4\bin\server\jvm.dll
0x00007ffb19b90000 - 0x00007ffb19e74000 	D:\Xilinx\Vivado\2020.1\lib\win64.o\librdi_sio.dll
0x00007ffb8acc0000 - 0x00007ffb8acc8000 	C:\WINDOWS\System32\PSAPI.DLL
0x00007ffb83650000 - 0x00007ffb83684000 	C:\WINDOWS\SYSTEM32\WINMM.dll
0x00007ffb88280000 - 0x00007ffb882ad000 	C:\WINDOWS\SYSTEM32\IPHLPAPI.DLL
0x00007ffb31f40000 - 0x00007ffb3202f000 	C:\WINDOWS\SYSTEM32\MSVCR120.dll
0x00007ffb876a0000 - 0x00007ffb87fa8000 	C:\WINDOWS\SYSTEM32\windows.storage.dll
0x00007ffb87560000 - 0x00007ffb8769f000 	C:\WINDOWS\SYSTEM32\wintypes.dll
0x00007ffb0ef50000 - 0x00007ffb115e5000 	D:\Xilinx\Vivado\2020.1\lib\win64.o\librdi_tcltasks.dll
0x00007ffb4ea60000 - 0x00007ffb4ec13000 	D:\Xilinx\Vivado\2020.1\lib\win64.o\librdi_board.dll
0x00007ffb58550000 - 0x00007ffb585cb000 	D:\Xilinx\Vivado\2020.1\lib\win64.o\librdi_boarddep.dll
0x00007ffb52590000 - 0x00007ffb52686000 	D:\Xilinx\Vivado\2020.1\lib\win64.o\librdi_chipscope.dll
0x00007ffb0ea80000 - 0x00007ffb0ef46000 	D:\Xilinx\Vivado\2020.1\lib\win64.o\librdi_bitstream.dll
0x00007ffb199c0000 - 0x00007ffb19b81000 	D:\Xilinx\Vivado\2020.1\lib\win64.o\librdi_chipscopeimpl.dll
0x00007ffb502f0000 - 0x00007ffb5044b000 	D:\Xilinx\Vivado\2020.1\lib\win64.o\librdi_containers.dll
0x00007ffb0ce50000 - 0x00007ffb0ea7a000 	D:\Xilinx\Vivado\2020.1\lib\win64.o\librdi_constraints.dll
0x00007ffb0a600000 - 0x00007ffb0acd9000 	D:\Xilinx\Vivado\2020.1\lib\win64.o\librdi_coregenipxact.dll
0x00007ffb0ace0000 - 0x00007ffb0ce4d000 	D:\Xilinx\Vivado\2020.1\lib\win64.o\librdi_coregen.dll
0x00007ffb17130000 - 0x00007ffb1747b000 	D:\Xilinx\Vivado\2020.1\lib\win64.o\librdi_dlyest.dll
0x00007ffb4fd80000 - 0x00007ffb4fe44000 	D:\Xilinx\Vivado\2020.1\lib\win64.o\librdi_dsp.dll
0x00007ffb062d0000 - 0x00007ffb0a5fe000 	D:\Xilinx\Vivado\2020.1\lib\win64.o\librdi_designutils.dll
0x00007ffaedde0000 - 0x00007ffaee3fe000 	D:\Xilinx\Vivado\2020.1\lib\win64.o\librdi_drc.dll
0x00007ffaed430000 - 0x00007ffaed74c000 	D:\Xilinx\Vivado\2020.1\lib\win64.o\librdi_guitools.dll
0x00007ffb58130000 - 0x00007ffb581a7000 	D:\Xilinx\Vivado\2020.1\lib\win64.o\librdi_hdf.dll
0x00007ffaed1d0000 - 0x00007ffaed425000 	D:\Xilinx\Vivado\2020.1\lib\win64.o\librdi_hip_devdesign.dll
0x00007ffb4d190000 - 0x00007ffb4d2d8000 	D:\Xilinx\Vivado\2020.1\lib\win64.o\librdi_hip_perf_analysis.dll
0x00007ffaed750000 - 0x00007ffaeddd6000 	D:\Xilinx\Vivado\2020.1\lib\win64.o\librdi_filemgmt.dll
0x00007ffaeb240000 - 0x00007ffaeb87e000 	D:\Xilinx\Vivado\2020.1\lib\win64.o\librdi_memdata.dll
0x00007ffaeb880000 - 0x00007ffaed1ca000 	D:\Xilinx\Vivado\2020.1\lib\win64.o\librdi_implflow.dll
0x00007ffaee400000 - 0x00007ffb062d0000 	D:\Xilinx\Vivado\2020.1\lib\win64.o\librdi_device.dll
0x00007ffb504f0000 - 0x00007ffb50564000 	D:\Xilinx\Vivado\2020.1\lib\win64.o\librdi_memoryarray.dll
0x00007ffb58860000 - 0x00007ffb588ae000 	D:\Xilinx\Vivado\2020.1\lib\win64.o\librdi_pfi.dll
0x00007ffae7cb0000 - 0x00007ffae83b3000 	D:\Xilinx\Vivado\2020.1\lib\win64.o\librdi_netlist.dll
0x00007ffae4590000 - 0x00007ffae48e1000 	D:\Xilinx\Vivado\2020.1\lib\win64.o\librdi_platform.dll
0x00007ffae48f0000 - 0x00007ffae5124000 	D:\Xilinx\Vivado\2020.1\lib\win64.o\librdi_power.dll
0x00007ffae3850000 - 0x00007ffae3f8c000 	D:\Xilinx\Vivado\2020.1\lib\win64.o\librdi_psta.dll
0x00007ffae3f90000 - 0x00007ffae4585000 	D:\Xilinx\Vivado\2020.1\lib\win64.o\librdi_project.dll
0x00007ffae5130000 - 0x00007ffae7ca1000 	D:\Xilinx\Vivado\2020.1\lib\win64.o\librdi_place.dll
0x00007ffae83c0000 - 0x00007ffaeb237000 	D:\Xilinx\Vivado\2020.1\lib\win64.o\librdi_mig.dll
0x00007ffb4ac50000 - 0x00007ffb4ad58000 	D:\Xilinx\Vivado\2020.1\lib\win64.o\librdi_runsbase.dll
0x00007ffae30e0000 - 0x00007ffae384f000 	D:\Xilinx\Vivado\2020.1\lib\win64.o\librdi_rsb.dll
0x00007ffae2e60000 - 0x00007ffae30d5000 	D:\Xilinx\Vivado\2020.1\lib\win64.o\librdi_simdata.dll
0x00007ffb4e9b0000 - 0x00007ffb4ea58000 	D:\Xilinx\Vivado\2020.1\lib\win64.o\librdi_xhubtasks.dll
0x00007ffae1ab0000 - 0x00007ffae29ba000 	D:\Xilinx\Vivado\2020.1\lib\win64.o\librdi_timing.dll
0x00007ffae29c0000 - 0x00007ffae2e5a000 	D:\Xilinx\Vivado\2020.1\lib\win64.o\librdi_runs.dll
0x00007ffae19b0000 - 0x00007ffae1aaf000 	D:\Xilinx\Vivado\2020.1\lib\win64.o\librdi_xhub.dll
0x00007ffae17d0000 - 0x00007ffae19a3000 	D:\Xilinx\Vivado\2020.1\lib\win64.o\librdi_advchipscopeimpl.dll
0x00007ffb41e20000 - 0x00007ffb41f08000 	D:\Xilinx\Vivado\2020.1\lib\win64.o\librdi_ipconfig_readwrite.dll
0x00007ffb52540000 - 0x00007ffb5258c000 	D:\Xilinx\Vivado\2020.1\lib\win64.o\libboost_serialization.dll
0x00007ffb4de40000 - 0x00007ffb4deac000 	D:\Xilinx\Vivado\2020.1\lib\win64.o\librdi_noc_frameworks.dll
0x00007ffb52190000 - 0x00007ffb521dd000 	D:\Xilinx\Vivado\2020.1\lib\win64.o\libboost_graph.dll
0x00007ffb4d140000 - 0x00007ffb4d18c000 	D:\Xilinx\Vivado\2020.1\lib\win64.o\librdi_bva.dll
0x00007ffb42e40000 - 0x00007ffb42ede000 	D:\Xilinx\Vivado\2020.1\lib\win64.o\libise.dll
0x00007ffb41a50000 - 0x00007ffb41a9b000 	D:\Xilinx\Vivado\2020.1\lib\win64.o\librdi_wavedata_SimpleApi.dll
0x00007ffae0460000 - 0x00007ffae0653000 	D:\Xilinx\Vivado\2020.1\lib\win64.o\librdi_hip_config.dll

VM Arguments:
jvm_args: -Dsun.java2d.pmoffscreen=false -Dsun.java2d.xrender=false -Dsun.java2d.d3d=false -Dsun.awt.nopixfmt=true -Dsun.java2d.dpiaware=true -Dsun.java2d.uiScale.enabled=false -Xverify:none -Dswing.aatext=true -XX:-UsePerfData -Djdk.map.althashing.threshold=512 -XX:StringTableSize=4072 --add-opens=java.base/java.nio=ALL-UNNAMED --add-opens=java.desktop/sun.swing=ALL-UNNAMED --add-opens=java.desktop/javax.swing=ALL-UNNAMED --add-opens=java.desktop/javax.swing.tree=ALL-UNNAMED --add-opens=java.desktop/javax.swing.plaf.basic=ALL-UNNAMED --add-opens=java.desktop/javax.swing.plaf.synth=ALL-UNNAMED --add-opens=java.desktop/com.sun.awt=ALL-UNNAMED -XX:NewSize=60m -XX:MaxNewSize=60m -Xms128m -Xmx3072m -Xss5m 
java_command: <unknown>
java_class_path (initial): D:/Xilinx/Vivado/2020.1\lib\classes\alloy.jar;D:/Xilinx/Vivado/2020.1\lib\classes\ArchiveSummary.jar;D:/Xilinx/Vivado/2020.1\lib\classes\autoesl-models.jar;D:/Xilinx/Vivado/2020.1\lib\classes\autopilot.scelaborator.jar;D:/Xilinx/Vivado/2020.1\lib\classes\autopilot.sourceprocessor.jar;D:/Xilinx/Vivado/2020.1\lib\classes\autopilot.tbprocessor.jar;D:/Xilinx/Vivado/2020.1\lib\classes\batik-anim.jar;D:/Xilinx/Vivado/2020.1\lib\classes\batik-awt-util.jar;D:/Xilinx/Vivado/2020.1\lib\classes\batik-bridge.jar;D:/Xilinx/Vivado/2020.1\lib\classes\batik-codec.jar;D:/Xilinx/Vivado/2020.1\lib\classes\batik-css.jar;D:/Xilinx/Vivado/2020.1\lib\classes\batik-dom.jar;D:/Xilinx/Vivado/2020.1\lib\classes\batik-ext.jar;D:/Xilinx/Vivado/2020.1\lib\classes\batik-gui-util.jar;D:/Xilinx/Vivado/2020.1\lib\classes\batik-gvt.jar;D:/Xilinx/Vivado/2020.1\lib\classes\batik-parser.jar;D:/Xilinx/Vivado/2020.1\lib\classes\batik-script.jar;D:/Xilinx/Vivado/2020.1\lib\classes\batik-svg-dom.jar;D:/Xilinx/Vivado/2020.1\lib\classes\batik-swing.jar;D:/Xilinx/Vivado/2020.1\lib\classes\batik-transcoder.jar;D:/Xilinx/Vivado/2020.1\lib\classes\batik-util.jar;D:/Xilinx/Vivado/2020.1\lib\classes\batik-xml.jar;D:/Xilinx/Vivado/2020.1\lib\classes\com.google.gson_2.8.2.v20180104-1110.jar;D:/Xilinx/Vivado/2020.1\lib\classes\com.google.guava_27.1.0.v20190517-1946.jar;D:/Xilinx/Vivado/2020.1\lib\classes\com.ibm.icu_4.4.2.v20110208.jar;D:/Xilinx/Vivado/2020.1\lib\classes\com.sigasi.hdt.connection_4.8.0.202004151336.jar;D:/Xilinx/Vivado/2020.1\lib\classes\com.sigasi.hdt.epl_4.8.0.202004151336.jar;D:/Xilinx/Vivado/2020.1\lib\classes\com.sigasi.hdt.project_4.8.0.202004151336.jar;D:/Xilinx/Vivado/2020.1\lib\classes\com.sigasi.hdt.readonlyfilesystem_4.8.0.202004151336.jar;D:/Xilinx/Vivado/2020.1\lib\classes\com.sigasi.lcm_4.8.0.202004151336.jar;D:/Xilinx/Vivado/2020.1\lib\classes\com.sigasi.sdk.client_4.8.0.202004151336.jar;D:/Xilinx/Vivado/2020.1\lib\classes\com.xilinx.hls.services.jar;D:/Xili
Launcher Type: generic

Logging:
Log output configuration:
#0: stdout all=warning uptime,level,tags
#1: stderr all=off uptime,level,tags

Environment Variables:
PATH=D:/Xilinx/Vivado/2020.1\gnuwin\bin;D:/Xilinx/Vivado/2020.1\gnu\microblaze\nt\bin;D:/Xilinx/Vivado/2020.1/bin;D:/Xilinx/Vivado/2020.1/lib/win64.o;D:/Xilinx/Vivado/2020.1/tps/win64/jre9.0.4/bin/server;D:/Xilinx/Vivado/2020.1/tps/win64/jre9.0.4/bin;D:/Xilinx/Vivado/2020.1/ids_lite/ISE/bin/nt64;D:/Xilinx/Vivado/2020.1/ids_lite/ISE/lib/nt64;D:\anaconda;D:\anaconda\Scripts;C:\Program Files\Common Files\Oracle\Java\javapath;D:\Program Files\mingw64\bin;C:\Windows\System32\HWAudioDriverLibs;C:\Windows\system32;C:\Windows;C:\Windows\System32\Wbem;C:\Windows\System32\WindowsPowerShell\v1.0\;C:\Windows\System32\OpenSSH\;C:\Windows\system32\config\systemprofile\AppData\Local\Microsoft\WindowsApps;D:\Program Files\Bandizip\;D:\Program Files\Git\cmd;D:\Windows Kits\10\Windows Performance Toolkit\;C:\Users\89652\AppData\Roaming\Python\Python312\Scripts;D:\zlearning\virtual_machine\software\hashcat-6.2.6\hashcat-6.2.6;C:\Program Files\Docker\Docker\resources\bin;D:\Program Files\nodejs\;C:\ProgramData\chocolatey\bin;D:\anaconda\Library\bin;D:\anaconda\Library\mingw-w64\bin;D:\Program Files\MATLAB\R2023a\bin;C:\Users\89652\AppData\Local\SageMath 9.3\runtime\bin;D:\Program Files\Wolfram Research\WolframScript\;C:\Program Files\dotnet\;D:\Program Files\010 Editor;C:\Users\89652\AppData\Local\Microsoft\WindowsApps;D:\Program Files\Microsoft VS Code\bin;C:\Users\89652\.dotnet\tools;D:\Program Files\Nmap;;D:\Program Files\JetBrains\IntelliJ IDEA Community Edition 2024.2.3\bin;C:\Users\89652\AppData\Roaming\npm;D:/Xilinx/Vivado/2020.1\tps\mingw\6.2.0\win64.o\nt\bin;D:/Xilinx/Vivado/2020.1\tps\mingw\6.2.0\win64.o\nt\libexec\gcc\x86_64-w64-mingw32\6.2.0;D:/Xilinx/Vivado/2020.1\tps\win64\python-2.7.16;D:/Xilinx/Vivado/2020.1\tps\win64\python-2.7.16\bin;D:/Xilinx/Vivado/2020.1\tps\win64\python-2.7.16\lib;D:/Xilinx/Vivado/2020.1\tps\win64\python-2.7.16\Lib\lib-tk;D:/Xilinx/Vivado/2020.1\tps\win64\python-2.7.16\lib\site-packages
USERNAME=89652
OS=Windows_NT
PROCESSOR_IDENTIFIER=Intel64 Family 6 Model 140 Stepping 1, GenuineIntel



---------------  S Y S T E M  ---------------

OS: Windows 10 , 64 bit Build 22621 (10.0.22621.4391)

CPU:total 8 (initial active 8) (4 cores per cpu, 2 threads per core) family 6 model 140 stepping 1, cmov, cx8, fxsr, mmx, sse, sse2, sse3, ssse3, sse4.1, sse4.2, popcnt, avx, avx2, aes, clmul, erms, 3dnowpref, lzcnt, ht, tsc, tscinvbit, bmi1, bmi2, adx, sha, fma

Memory: 4k page, physical 16571704k(7475508k free), swap 17620280k(7203720k free)

vm_info: Java HotSpot(TM) 64-Bit Server VM (9.0.4+11) for windows-amd64 JRE (9.0.4+11), built on Dec 20 2017 02:18:54 by "mach5one" with MS VC++ 12.0 (VS2013)

END.
