#
# A fatal error has been detected by the Java Runtime Environment:
#
#  EXCEPTION_ACCESS_VIOLATION (0xc0000005) at pc=0x00007ffaf100f555, pid=9268, tid=12824
#
# JRE version: Java(TM) SE Runtime Environment (9.0+11) (build 9.0.4+11)
# Java VM: Java HotSpot(TM) 64-Bit Server VM (9.0.4+11, mixed mode, tiered, compressed oops, g1 gc, windows-amd64)
# Problematic frame:
# C  [librdi_common.dll+0x18f555]
#
# No core dump will be written. Minidumps are not enabled by default on client versions of Windows
#
# If you would like to submit a bug report, please visit:
#   http://bugreport.java.com/bugreport/crash.jsp
# The crash happened outside the Java Virtual Machine in native code.
# See problematic frame for where to report the bug.
#

---------------  S U M M A R Y ------------

Command Line: -Dsun.java2d.pmoffscreen=false -Dsun.java2d.xrender=false -Dsun.java2d.d3d=false -Dsun.awt.nopixfmt=true -Dsun.java2d.dpiaware=true -Dsun.java2d.uiScale.enabled=false -Xverify:none -Dswing.aatext=true -XX:-UsePerfData -Djdk.map.althashing.threshold=512 -XX:StringTableSize=4072 --add-opens=java.base/java.nio=ALL-UNNAMED --add-opens=java.desktop/sun.swing=ALL-UNNAMED --add-opens=java.desktop/javax.swing=ALL-UNNAMED --add-opens=java.desktop/javax.swing.tree=ALL-UNNAMED --add-opens=java.desktop/javax.swing.plaf.basic=ALL-UNNAMED --add-opens=java.desktop/javax.swing.plaf.synth=ALL-UNNAMED --add-opens=java.desktop/com.sun.awt=ALL-UNNAMED -XX:NewSize=60m -XX:MaxNewSize=60m -Xms128m -Xmx3072m -Xss5m 

Host: 11th Gen Intel(R) Core(TM) i7-1165G7 @ 2.80GHz, 8 cores, 15G,  Windows 10 , 64 bit Build 22621 (10.0.22621.4391)
Time: Tue Dec 24 23:07:23 2024 ?D1¨²¡À¨º¡Á?¨º¡À?? elapsed time: 247 seconds (0d 0h 4m 7s)

---------------  T H R E A D  ---------------

Current thread (0x000001c0fe2c2800):  JavaThread "AWT-EventQueue-0" [_thread_in_native, id=12824, stack(0x00000059e8100000,0x00000059e8600000)]

Stack: [0x00000059e8100000,0x00000059e8600000],  sp=0x00000059e85fb0d0,  free space=5100k
Native frames: (J=compiled Java code, j=interpreted, Vv=VM code, C=native code)
C  [librdi_common.dll+0x18f555]
C  [librdi_common.dll+0x1842d5]
C  [librdi_common.dll+0x14d40a]
C  0x00007ffad3331faf
C  0x00007ffad33b2fbf
C  0x00007ffad33bacd9
C  0x00007ffad338b40b
C  0x00007ffad33c7c67
C  0x000001c0f684d43a

Java frames: (J=compiled Java code, j=interpreted, Vv=VM code)
J 19005  ui.views.waveform.waveformi.WVExecutive_getTooltipTextDelayed(J)Ljava/lang/String; (0 bytes) @ 0x000001c0f684d3a1 [0x000001c0f684d360+0x0000000000000041]
J 19000 c1 ui.views.waveform.b.a.bW(Ljava/awt/event/MouseEvent;)V (135 bytes) @ 0x000001c0f0c22ea4 [0x000001c0f0c22800+0x00000000000006a4]
J 18988 c1 ui.views.waveform.b.a.mouseMoved(Ljava/awt/event/MouseEvent;)V (32 bytes) @ 0x000001c0f0c200ec [0x000001c0f0c1fba0+0x000000000000054c]
J 18832 c2 java.awt.AWTEventMulticaster.mouseMoved(Ljava/awt/event/MouseEvent;)V java.desktop@9.0.4 (27 bytes) @ 0x000001c0f68051f4 [0x000001c0f6805140+0x00000000000000b4]
J 18832 c2 java.awt.AWTEventMulticaster.mouseMoved(Ljava/awt/event/MouseEvent;)V java.desktop@9.0.4 (27 bytes) @ 0x000001c0f68051b4 [0x000001c0f6805140+0x0000000000000074]
J 19232 c2 javax.swing.JComponent.processMouseMotionEvent(Ljava/awt/event/MouseEvent;)V java.desktop@9.0.4 (46 bytes) @ 0x000001c0f5dcfb00 [0x000001c0f5dcf9a0+0x0000000000000160]
J 18971 c1 ui.frmwork.c.i.processMouseMotionEvent(Ljava/awt/event/MouseEvent;)V (131 bytes) @ 0x000001c0f0c18244 [0x000001c0f0c17380+0x0000000000000ec4]
J 13827 c2 java.awt.Container.processEvent(Ljava/awt/AWTEvent;)V java.desktop@9.0.4 (22 bytes) @ 0x000001c0f614e598 [0x000001c0f614e420+0x0000000000000178]
J 18845 c2 java.awt.Component.dispatchEventImpl(Ljava/awt/AWTEvent;)V java.desktop@9.0.4 (739 bytes) @ 0x000001c0f6808984 [0x000001c0f6808220+0x0000000000000764]
J 19099 c2 java.awt.Container.dispatchEventImpl(Ljava/awt/AWTEvent;)V java.desktop@9.0.4 (129 bytes) @ 0x000001c0f6888bd8 [0x000001c0f6888b80+0x0000000000000058]
J 14002 c2 java.awt.LightweightDispatcher.retargetMouseEvent(Ljava/awt/Component;ILjava/awt/event/MouseEvent;)V java.desktop@9.0.4 (350 bytes) @ 0x000001c0f6193f84 [0x000001c0f6193a20+0x0000000000000564]
J 18990 c2 java.awt.Window.dispatchEventImpl(Ljava/awt/AWTEvent;)V java.desktop@9.0.4 (23 bytes) @ 0x000001c0f6844800 [0x000001c0f6843d80+0x0000000000000a80]
J 13863 c2 java.awt.EventQueue$3.run()Ljava/lang/Object; java.desktop@9.0.4 (5 bytes) @ 0x000001c0f615dfd4 [0x000001c0f615de20+0x00000000000001b4]
v  ~StubRoutines::call_stub
J 4270  java.security.AccessController.doPrivileged(Ljava/security/PrivilegedAction;Ljava/security/AccessControlContext;)Ljava/lang/Object; java.base@9.0.4 (0 bytes) @ 0x000001c0f595b4c6 [0x000001c0f595b460+0x0000000000000066]
J 17221 c2 java.awt.EventQueue$4.run()Ljava/lang/Object; java.desktop@9.0.4 (5 bytes) @ 0x000001c0f5dc5734 [0x000001c0f5dc54e0+0x0000000000000254]
v  ~StubRoutines::call_stub
J 4270  java.security.AccessController.doPrivileged(Ljava/security/PrivilegedAction;Ljava/security/AccessControlContext;)Ljava/lang/Object; java.base@9.0.4 (0 bytes) @ 0x000001c0f595b4c6 [0x000001c0f595b460+0x0000000000000066]
J 13891 c2 ui.frmwork.b.d.dispatchEvent(Ljava/awt/AWTEvent;)V (34 bytes) @ 0x000001c0f6161490 [0x000001c0f6161060+0x0000000000000430]
J 19368 c2 java.awt.EventDispatchThread.pumpOneEventForFilters(I)V java.desktop@9.0.4 (218 bytes) @ 0x000001c0f68b6a0c [0x000001c0f68b5da0+0x0000000000000c6c]
j  java.awt.EventDispatchThread.pumpEventsForFilter(ILjava/awt/Conditional;Ljava/awt/EventFilter;)V+35 java.desktop@9.0.4
j  java.awt.EventDispatchThread.pumpEventsForHierarchy(ILjava/awt/Conditional;Ljava/awt/Component;)V+11 java.desktop@9.0.4
j  java.awt.EventDispatchThread.pumpEvents(ILjava/awt/Conditional;)V+4 java.desktop@9.0.4
j  java.awt.EventDispatchThread.pumpEvents(Ljava/awt/Conditional;)V+3 java.desktop@9.0.4
j  java.awt.EventDispatchThread.run()V+9 java.desktop@9.0.4
v  ~StubRoutines::call_stub

siginfo: EXCEPTION_ACCESS_VIOLATION (0xc0000005), reading address 0xffffffffffffffff


Register to memory mapping:

RIP=0x00007ffaf100f555 librdi_common.dll
RAX=0x000001c0cb153901 is an unknown value
RBX=0x9000099787bd5ae1 is an unknown value
RCX=0x000001c0cb153920 is an unknown value
RDX=0x9000099787bd5ae1 is an unknown value
RSP=0x00000059e85fb0d0 is pointing into the stack for thread: 0x000001c0fe2c2800
RBP=0x00000059e85fb200 is pointing into the stack for thread: 0x000001c0fe2c2800
RSI=0x000001c08aba53e0 is an unknown value
RDI=0x00000059e85fb2e8 is pointing into the stack for thread: 0x000001c0fe2c2800
R8 =0x00000059e85fb2e8 is pointing into the stack for thread: 0x000001c0fe2c2800
R9 =0x0000000000000000 is an unknown value
R10=0x00007ffb74a40000 VCRUNTIME140.dll
R11=0xbf7c39be79bf75db is an unknown value
R12=0x00000059e85fb2e8 is pointing into the stack for thread: 0x000001c0fe2c2800
R13=0x0000000000000000 is an unknown value
R14=0x000001c0c9091300 is an unknown value
R15=0x9000099787bd5ae1 is an unknown value


Registers:
RAX=0x000001c0cb153901, RBX=0x9000099787bd5ae1, RCX=0x000001c0cb153920, RDX=0x9000099787bd5ae1
RSP=0x00000059e85fb0d0, RBP=0x00000059e85fb200, RSI=0x000001c08aba53e0, RDI=0x00000059e85fb2e8
R8 =0x00000059e85fb2e8, R9 =0x0000000000000000, R10=0x00007ffb74a40000, R11=0xbf7c39be79bf75db
R12=0x00000059e85fb2e8, R13=0x0000000000000000, R14=0x000001c0c9091300, R15=0x9000099787bd5ae1
RIP=0x00007ffaf100f555, EFLAGS=0x0000000000010202

Top of Stack: (sp=0x00000059e85fb0d0)
0x00000059e85fb0d0:   0000000000000018 000001c08e1e4570
0x00000059e85fb0e0:   0000000000003218 9000099787bd5ae1
0x00000059e85fb0f0:   9000099787bd5ae1 00007ffaf10042d5
0x00000059e85fb100:   0000000000055a24 00007ffb74ab2758
0x00000059e85fb110:   fffffffffffffffe 0000000000000000
0x00000059e85fb120:   00001812407748c4 000001c08e1e4508
0x00000059e85fb130:   0000000000000002 00007ffaf106cfe5
0x00000059e85fb140:   000001c0e6572dc0 000001c08e1e4528
0x00000059e85fb150:   00000059e85fb480 00007ffaf1e7e630
0x00000059e85fb160:   fffffffffffffffe 00007ffaf16cd489
0x00000059e85fb170:   fffffffffffffffe 00007ffaf1e7e630
0x00000059e85fb180:   000001c08e1e44e0 000001c0cacb6af8
0x00000059e85fb190:   00000059e85fb2e8 00007ffaf106c2d6
0x00000059e85fb1a0:   000001c08e1e44e0 00000059e85fb2e8
0x00000059e85fb1b0:   000001c000000002 0000000000000000
0x00000059e85fb1c0:   fffffffffffffffe 000000000000000f 

Instructions: (pc=0x00007ffaf100f555)
0x00007ffaf100f535:   20 48 8b d9 e8 22 c4 04 00 48 8b c8 48 8b d3 e8
0x00007ffaf100f545:   27 0d 05 00 84 c0 75 08 33 c0 48 83 c4 20 5b c3
0x00007ffaf100f555:   48 8b 4b 50 48 85 c9 74 0a 48 83 c4 20 5b e9 68
0x00007ffaf100f565:   e2 04 00 48 8b d3 48 8d 0d 36 71 84 00 e8 59 b7 



---------------  P R O C E S S  ---------------

Java Threads: ( => current thread )
  0x000001c08b0c8000 JavaThread "Relaunch Simulation Thread" [_thread_blocked, id=11128, stack(0x00000059eba00000,0x00000059ebf00000)]
  0x000001c08b0cc800 JavaThread "Image Animator 3" daemon [_thread_blocked, id=11860, stack(0x00000059edd00000,0x00000059ee200000)]
  0x000001c0d0eec800 JavaThread "Monitor File Timestamp Swing Worker Thread" [_thread_blocked, id=18200, stack(0x00000059ece00000,0x00000059ed300000)]
  0x000001c0d0ef0000 JavaThread "Timer-0" [_thread_blocked, id=4804, stack(0x00000059ec900000,0x00000059ece00000)]
  0x000001c0d0eeb800 JavaThread "SyntheticaAnimation 50" daemon [_thread_blocked, id=25484, stack(0x00000059eb500000,0x00000059eba00000)]
  0x000001c0d0eea000 JavaThread "Update Runs Swing Worker Thread" [_thread_blocked, id=18332, stack(0x00000059ec400000,0x00000059ec900000)]
  0x000001c0d0eee800 JavaThread "hw_ila_monitor" [_thread_blocked, id=11284, stack(0x00000059eb000000,0x00000059eb500000)]
  0x000001c0e81aa800 JavaThread "Refresh Filesets Swing Worker Thread" [_thread_blocked, id=844, stack(0x00000059eab00000,0x00000059eb000000)]
  0x000001c0e81aa000 JavaThread "SyntheticaAnimation 70" daemon [_thread_blocked, id=6476, stack(0x00000059e9000000,0x00000059e9500000)]
  0x000001c0e81a8800 JavaThread "SyntheticaAnimation 25" daemon [_thread_blocked, id=17964, stack(0x00000059ea600000,0x00000059eab00000)]
  0x000001c0e81ad800 JavaThread "SyntheticaAnimation 50" daemon [_thread_blocked, id=17452, stack(0x00000059ea100000,0x00000059ea600000)]
  0x000001c0e81ad000 JavaThread "Monitor HEventQueue Thread" [_thread_blocked, id=8412, stack(0x00000059e9c00000,0x00000059ea100000)]
  0x000001c0e81ac000 JavaThread "SyntheticaCleanerThread" daemon [_thread_blocked, id=15060, stack(0x00000059e9500000,0x00000059e9a00000)]
  0x000001c0e81ab800 JavaThread "Batik CleanerThread" daemon [_thread_blocked, id=2736, stack(0x00000059e8600000,0x00000059e8b00000)]
  0x000001c0fe825800 JavaThread "Process Messages Thread" [_thread_blocked, id=19916, stack(0x00000059e8b00000,0x00000059e9000000)]
  0x000001c0e9ed7000 JavaThread "Thread-1" [_thread_in_native, id=8488, stack(0x00000059e1300000,0x00000059e2700000)]
=>0x000001c0fe2c2800 JavaThread "AWT-EventQueue-0" [_thread_in_native, id=12824, stack(0x00000059e8100000,0x00000059e8600000)]
  0x000001c0e9cda800 JavaThread "TimerQueue" daemon [_thread_blocked, id=15904, stack(0x00000059e7700000,0x00000059e7c00000)]
  0x000001c0e9a53000 JavaThread "AWT-Windows" daemon [_thread_in_native, id=17580, stack(0x00000059e7200000,0x00000059e7700000)]
  0x000001c0e9a52000 JavaThread "AWT-Shutdown" [_thread_blocked, id=24876, stack(0x00000059e6d00000,0x00000059e7200000)]
  0x000001c0e9a51000 JavaThread "Java2D Disposer" daemon [_thread_blocked, id=15920, stack(0x00000059e6800000,0x00000059e6d00000)]
  0x000001c0ce7b8800 JavaThread "Service Thread" daemon [_thread_blocked, id=1512, stack(0x00000059e6200000,0x00000059e6700000)]
  0x000001c0e81c1800 JavaThread "Common-Cleaner" daemon [_thread_blocked, id=23480, stack(0x00000059e5d00000,0x00000059e6200000)]
  0x000001c0e81a7000 JavaThread "Sweeper thread" daemon [_thread_blocked, id=19116, stack(0x00000059e5800000,0x00000059e5d00000)]
  0x000001c0ce0c7800 JavaThread "C1 CompilerThread3" daemon [_thread_blocked, id=19796, stack(0x00000059e5700000,0x00000059e5800000)]
  0x000001c0ce0c5000 JavaThread "C2 CompilerThread2" daemon [_thread_blocked, id=11452, stack(0x00000059e5600000,0x00000059e5700000)]
  0x000001c0ce0c4800 JavaThread "C2 CompilerThread1" daemon [_thread_blocked, id=17984, stack(0x00000059e5500000,0x00000059e5600000)]
  0x000001c0ecdc6800 JavaThread "C2 CompilerThread0" daemon [_thread_blocked, id=8504, stack(0x00000059e5400000,0x00000059e5500000)]
  0x000001c0ecaf8800 JavaThread "Attach Listener" daemon [_thread_blocked, id=9020, stack(0x00000059e4f00000,0x00000059e5400000)]
  0x000001c0ebeac800 JavaThread "Signal Dispatcher" daemon [_thread_blocked, id=19968, stack(0x00000059e4a00000,0x00000059e4f00000)]
  0x000001c0ec5b5000 JavaThread "Finalizer" daemon [_thread_blocked, id=15872, stack(0x00000059e4500000,0x00000059e4a00000)]
  0x000001c0ec5b4800 JavaThread "Reference Handler" daemon [_thread_blocked, id=9904, stack(0x00000059e4000000,0x00000059e4500000)]
  0x000001c0eb74e000 JavaThread "main" [_thread_blocked, id=14768, stack(0x00000059e1200000,0x00000059e1300000)]

Other Threads:
  0x000001c0ecd7e800 VMThread "VM Thread" [stack: 0x00000059e3f00000,0x00000059e4000000] [id=17120]
  0x000001c0eb29d800 WatcherThread [stack: 0x00000059e6700000,0x00000059e6800000] [id=11984]
  0x000001c0e8a23000 GCTaskThread "GC Thread#0" [stack: 0x00000059e2b00000,0x00000059e2c00000] [id=21644]
  0x000001c0ec5fd800 GCTaskThread "GC Thread#1" [stack: 0x00000059e2c00000,0x00000059e2d00000] [id=8828]
  0x000001c0ec5fd000 GCTaskThread "GC Thread#2" [stack: 0x00000059e2d00000,0x00000059e2e00000] [id=5808]
  0x000001c0ec5ff800 GCTaskThread "GC Thread#3" [stack: 0x00000059e2e00000,0x00000059e2f00000] [id=21608]
  0x000001c0ec5fc800 GCTaskThread "GC Thread#4" [stack: 0x00000059e2f00000,0x00000059e3000000] [id=7380]
  0x000001c0ec600000 GCTaskThread "GC Thread#5" [stack: 0x00000059e3000000,0x00000059e3100000] [id=15996]
  0x000001c0ec602000 GCTaskThread "GC Thread#6" [stack: 0x00000059e3100000,0x00000059e3200000] [id=18228]
  0x000001c0ec602800 GCTaskThread "GC Thread#7" [stack: 0x00000059e3200000,0x00000059e3300000] [id=17788]
  0x000001c0ec8b4800 ConcurrentGCThread "G1 Main Marker" [stack: 0x00000059e3c00000,0x00000059e3d00000] [id=16756]
  0x000001c0ec5fe000 ConcurrentGCThread "G1 Marker#0" [stack: 0x00000059e3d00000,0x00000059e3e00000] [id=20500]
  0x000001c0ec600800 ConcurrentGCThread "G1 Marker#1" [stack: 0x00000059e3e00000,0x00000059e3f00000] [id=18996]
  0x000001c0e8a6f000 ConcurrentGCThread "G1 Refine#0" [stack: 0x00000059e3a00000,0x00000059e3b00000] [id=16208]
  0x000001c0e8a6e800 ConcurrentGCThread "G1 Refine#1" [stack: 0x00000059e3900000,0x00000059e3a00000] [id=13680]
  0x000001c0ecb1b000 ConcurrentGCThread "G1 Refine#2" [stack: 0x00000059e3800000,0x00000059e3900000] [id=6736]
  0x000001c0ecb1a800 ConcurrentGCThread "G1 Refine#3" [stack: 0x00000059e3700000,0x00000059e3800000] [id=3964]
  0x000001c0ec9b5800 ConcurrentGCThread "G1 Refine#4" [stack: 0x00000059e3600000,0x00000059e3700000] [id=20168]
  0x000001c0cee05800 ConcurrentGCThread "G1 Refine#5" [stack: 0x00000059e3500000,0x00000059e3600000] [id=10076]
  0x000001c0e877c800 ConcurrentGCThread "G1 Refine#6" [stack: 0x00000059e3400000,0x00000059e3500000] [id=19524]
  0x000001c0e877b800 ConcurrentGCThread "G1 Refine#7" [stack: 0x00000059e3300000,0x00000059e3400000] [id=8072]
  0x000001c0ec264800 ConcurrentGCThread "G1 Young RemSet Sampling" [stack: 0x00000059e3b00000,0x00000059e3c00000] [id=25336]

Threads with active compile tasks:

VM state:not at safepoint (normal execution)

VM Mutex/Monitor currently owned by a thread: None

Heap address: 0x0000000700000000, size: 3072 MB, Compressed Oops mode: Zero based, Oop shift amount: 3
Narrow klass base: 0x0000000000000000, Narrow klass shift: 3
Compressed class space size: 1073741824 Address: 0x00000007c0000000

Heap:
 garbage-first heap   total 227328K, used 116995K [0x0000000700000000, 0x00000007001006f0, 0x00000007c0000000)
  region size 1024K, 25 young (25600K), 1 survivors (1024K)
 Metaspace       used 86517K, capacity 92947K, committed 93008K, reserved 1128448K
  class space    used 12544K, capacity 13659K, committed 13692K, reserved 1048576K
Heap Regions: E=young(eden), S=young(survivor), O=old, HS=humongous(starts), HC=humongous(continues), CS=collection set, F=free, A=archive, TS=gc time stamp, AC=allocation context, TAMS=top-at-mark-start (previous, next)
|   0|0x0000000700000000, 0x00000007000fbf68, 0x0000000700100000| 98%| O|  |TS  0|AC  0|TAMS 0x0000000700000000, 0x0000000700000000|
|   1|0x0000000700100000, 0x00000007001e25b8, 0x0000000700200000| 88%| O|  |TS  0|AC  0|TAMS 0x0000000700100000, 0x0000000700100000|
|   2|0x0000000700200000, 0x0000000700300000, 0x0000000700300000|100%|HS|  |TS  0|AC  0|TAMS 0x0000000700200000, 0x0000000700200000|
|   3|0x0000000700300000, 0x0000000700400000, 0x0000000700400000|100%|HC|  |TS  0|AC  0|TAMS 0x0000000700300000, 0x0000000700300000|
|   4|0x0000000700400000, 0x0000000700500000, 0x0000000700500000|100%|HS|  |TS  0|AC  0|TAMS 0x0000000700400000, 0x0000000700400000|
|   5|0x0000000700500000, 0x00000007005a5f20, 0x0000000700600000| 64%| O|  |TS  0|AC  0|TAMS 0x0000000700500000, 0x0000000700500000|
|   6|0x0000000700600000, 0x00000007006ffd90, 0x0000000700700000| 99%| O|  |TS  0|AC  0|TAMS 0x0000000700600000, 0x0000000700600000|
|   7|0x0000000700700000, 0x00000007007f01e0, 0x0000000700800000| 93%| O|  |TS  0|AC  0|TAMS 0x0000000700700000, 0x0000000700700000|
|   8|0x0000000700800000, 0x00000007008fe660, 0x0000000700900000| 99%| O|  |TS  0|AC  0|TAMS 0x0000000700800000, 0x0000000700800000|
|   9|0x0000000700900000, 0x00000007009fc728, 0x0000000700a00000| 98%| O|  |TS  0|AC  0|TAMS 0x0000000700900000, 0x0000000700900000|
|  10|0x0000000700a00000, 0x0000000700afc328, 0x0000000700b00000| 98%| O|  |TS  0|AC  0|TAMS 0x0000000700a00000, 0x0000000700a00000|
|  11|0x0000000700b00000, 0x0000000700c00000, 0x0000000700c00000|100%| O|  |TS  0|AC  0|TAMS 0x0000000700b00000, 0x0000000700b00000|
|  12|0x0000000700c00000, 0x0000000700cffff8, 0x0000000700d00000| 99%| O|  |TS  0|AC  0|TAMS 0x0000000700c00000, 0x0000000700c00000|
|  13|0x0000000700d00000, 0x0000000700dffff8, 0x0000000700e00000| 99%| O|  |TS  0|AC  0|TAMS 0x0000000700d00000, 0x0000000700d00000|
|  14|0x0000000700e00000, 0x0000000700efcad0, 0x0000000700f00000| 98%| O|  |TS  0|AC  0|TAMS 0x0000000700e00000, 0x0000000700e00000|
|  15|0x0000000700f00000, 0x0000000700fffff0, 0x0000000701000000| 99%| O|  |TS  0|AC  0|TAMS 0x0000000700f00000, 0x0000000700f00000|
|  16|0x0000000701000000, 0x00000007010ec7f8, 0x0000000701100000| 92%| O|  |TS  0|AC  0|TAMS 0x0000000701000000, 0x0000000701000000|
|  17|0x0000000701100000, 0x00000007011ffff0, 0x0000000701200000| 99%| O|  |TS  0|AC  0|TAMS 0x0000000701100000, 0x0000000701100000|
|  18|0x0000000701200000, 0x00000007012ffff8, 0x0000000701300000| 99%| O|  |TS  0|AC  0|TAMS 0x0000000701200000, 0x0000000701200000|
|  19|0x0000000701300000, 0x0000000701400000, 0x0000000701400000|100%| O|  |TS  0|AC  0|TAMS 0x0000000701300000, 0x0000000701300000|
|  20|0x0000000701400000, 0x0000000701500000, 0x0000000701500000|100%| O|  |TS  0|AC  0|TAMS 0x0000000701400000, 0x0000000701400000|
|  21|0x0000000701500000, 0x00000007015ffff8, 0x0000000701600000| 99%| O|  |TS  0|AC  0|TAMS 0x0000000701500000, 0x0000000701500000|
|  22|0x0000000701600000, 0x00000007016ffff0, 0x0000000701700000| 99%| O|  |TS  0|AC  0|TAMS 0x0000000701600000, 0x0000000701600000|
|  23|0x0000000701700000, 0x00000007017fffe8, 0x0000000701800000| 99%| O|  |TS  0|AC  0|TAMS 0x0000000701700000, 0x0000000701700000|
|  24|0x0000000701800000, 0x0000000701900000, 0x0000000701900000|100%| O|  |TS  0|AC  0|TAMS 0x0000000701800000, 0x0000000701800000|
|  25|0x0000000701900000, 0x00000007019ffff0, 0x0000000701a00000| 99%| O|  |TS  0|AC  0|TAMS 0x0000000701900000, 0x0000000701900000|
|  26|0x0000000701a00000, 0x0000000701b00000, 0x0000000701b00000|100%| O|  |TS  0|AC  0|TAMS 0x0000000701a00000, 0x0000000701a00000|
|  27|0x0000000701b00000, 0x0000000701c00000, 0x0000000701c00000|100%| O|  |TS  0|AC  0|TAMS 0x0000000701b00000, 0x0000000701b00000|
|  28|0x0000000701c00000, 0x0000000701cfff98, 0x0000000701d00000| 99%| O|  |TS  0|AC  0|TAMS 0x0000000701c00000, 0x0000000701c00000|
|  29|0x0000000701d00000, 0x0000000701e00000, 0x0000000701e00000|100%| O|  |TS  0|AC  0|TAMS 0x0000000701d00000, 0x0000000701d00000|
|  30|0x0000000701e00000, 0x0000000701effff0, 0x0000000701f00000| 99%| O|  |TS  0|AC  0|TAMS 0x0000000701e00000, 0x0000000701e00000|
|  31|0x0000000701f00000, 0x0000000701ffffe8, 0x0000000702000000| 99%| O|  |TS  0|AC  0|TAMS 0x0000000701f00000, 0x0000000701f00000|
|  32|0x0000000702000000, 0x0000000702100000, 0x0000000702100000|100%| O|  |TS  0|AC  0|TAMS 0x0000000702000000, 0x0000000702000000|
|  33|0x0000000702100000, 0x0000000702200000, 0x0000000702200000|100%| O|  |TS  0|AC  0|TAMS 0x0000000702100000, 0x0000000702100000|
|  34|0x0000000702200000, 0x00000007022ffff0, 0x0000000702300000| 99%| O|  |TS  0|AC  0|TAMS 0x0000000702200000, 0x0000000702200000|
|  35|0x0000000702300000, 0x00000007023ffff8, 0x0000000702400000| 99%| O|  |TS  0|AC  0|TAMS 0x0000000702300000, 0x0000000702300000|
|  36|0x0000000702400000, 0x00000007024ffee8, 0x0000000702500000| 99%| O|  |TS  0|AC  0|TAMS 0x0000000702400000, 0x0000000702400000|
|  37|0x0000000702500000, 0x0000000702600000, 0x0000000702600000|100%| O|  |TS  0|AC  0|TAMS 0x0000000702500000, 0x0000000702500000|
|  38|0x0000000702600000, 0x0000000702700000, 0x0000000702700000|100%| O|  |TS  0|AC  0|TAMS 0x0000000702600000, 0x0000000702600000|
|  39|0x0000000702700000, 0x0000000702800000, 0x0000000702800000|100%| O|  |TS  0|AC  0|TAMS 0x0000000702700000, 0x0000000702700000|
|  40|0x0000000702800000, 0x00000007028fffc8, 0x0000000702900000| 99%| O|  |TS  0|AC  0|TAMS 0x0000000702800000, 0x0000000702800000|
|  41|0x0000000702900000, 0x00000007029ffff8, 0x0000000702a00000| 99%| O|  |TS  0|AC  0|TAMS 0x0000000702900000, 0x0000000702900000|
|  42|0x0000000702a00000, 0x0000000702affff0, 0x0000000702b00000| 99%| O|  |TS  0|AC  0|TAMS 0x0000000702a00000, 0x0000000702a00000|
|  43|0x0000000702b00000, 0x0000000702bfffe8, 0x0000000702c00000| 99%| O|  |TS  0|AC  0|TAMS 0x0000000702b00000, 0x0000000702b00000|
|  44|0x0000000702c00000, 0x0000000702cfffc8, 0x0000000702d00000| 99%| O|  |TS  0|AC  0|TAMS 0x0000000702c00000, 0x0000000702c00000|
|  45|0x0000000702d00000, 0x0000000702dfffe8, 0x0000000702e00000| 99%| O|  |TS  0|AC  0|TAMS 0x0000000702d00000, 0x0000000702d00000|
|  46|0x0000000702e00000, 0x0000000702efffd0, 0x0000000702f00000| 99%| O|  |TS  0|AC  0|TAMS 0x0000000702e00000, 0x0000000702e00000|
|  47|0x0000000702f00000, 0x0000000702fffff0, 0x0000000703000000| 99%| O|  |TS  0|AC  0|TAMS 0x0000000702f00000, 0x0000000702f00000|
|  48|0x0000000703000000, 0x00000007030fe428, 0x0000000703100000| 99%| O|  |TS  0|AC  0|TAMS 0x0000000703000000, 0x0000000703000000|
|  49|0x0000000703100000, 0x0000000703200000, 0x0000000703200000|100%| O|  |TS  0|AC  0|TAMS 0x0000000703100000, 0x0000000703100000|
|  50|0x0000000703200000, 0x00000007032fe450, 0x0000000703300000| 99%| O|  |TS  0|AC  0|TAMS 0x0000000703200000, 0x0000000703200000|
|  51|0x0000000703300000, 0x0000000703400000, 0x0000000703400000|100%|HS|  |TS  0|AC  0|TAMS 0x0000000703300000, 0x0000000703300000|
|  52|0x0000000703400000, 0x0000000703500000, 0x0000000703500000|100%|HC|  |TS  0|AC  0|TAMS 0x0000000703400000, 0x0000000703400000|
|  53|0x0000000703500000, 0x0000000703600000, 0x0000000703600000|100%|HC|  |TS  0|AC  0|TAMS 0x0000000703500000, 0x0000000703500000|
|  54|0x0000000703600000, 0x0000000703700000, 0x0000000703700000|100%|HC|  |TS  0|AC  0|TAMS 0x0000000703600000, 0x0000000703600000|
|  55|0x0000000703700000, 0x0000000703800000, 0x0000000703800000|100%|HC|  |TS  0|AC  0|TAMS 0x0000000703700000, 0x0000000703700000|
|  56|0x0000000703800000, 0x0000000703900000, 0x0000000703900000|100%|HC|  |TS  0|AC  0|TAMS 0x0000000703800000, 0x0000000703800000|
|  57|0x0000000703900000, 0x0000000703a00000, 0x0000000703a00000|100%|HC|  |TS  0|AC  0|TAMS 0x0000000703900000, 0x0000000703900000|
|  58|0x0000000703a00000, 0x0000000703b00000, 0x0000000703b00000|100%|HC|  |TS  0|AC  0|TAMS 0x0000000703a00000, 0x0000000703a00000|
|  59|0x0000000703b00000, 0x0000000703bfff90, 0x0000000703c00000| 99%| O|  |TS  0|AC  0|TAMS 0x0000000703b00000, 0x0000000703b00000|
|  60|0x0000000703c00000, 0x0000000703cffff8, 0x0000000703d00000| 99%| O|  |TS  0|AC  0|TAMS 0x0000000703c00000, 0x0000000703c00000|
|  61|0x0000000703d00000, 0x0000000703dfffe8, 0x0000000703e00000| 99%| O|  |TS  0|AC  0|TAMS 0x0000000703d00000, 0x0000000703d00000|
|  62|0x0000000703e00000, 0x0000000703effeb0, 0x0000000703f00000| 99%| O|  |TS  0|AC  0|TAMS 0x0000000703e00000, 0x0000000703e00000|
|  63|0x0000000703f00000, 0x0000000703ffffa0, 0x0000000704000000| 99%| O|  |TS  0|AC  0|TAMS 0x0000000703f00000, 0x0000000703f00000|
|  64|0x0000000704000000, 0x00000007040fffe8, 0x0000000704100000| 99%| O|  |TS  0|AC  0|TAMS 0x0000000704000000, 0x0000000704000000|
|  65|0x0000000704100000, 0x00000007041ffff8, 0x0000000704200000| 99%| O|  |TS  0|AC  0|TAMS 0x0000000704100000, 0x0000000704100000|
|  66|0x0000000704200000, 0x00000007042fffe8, 0x0000000704300000| 99%| O|  |TS  0|AC  0|TAMS 0x0000000704200000, 0x0000000704200000|
|  67|0x0000000704300000, 0x00000007043ffff0, 0x0000000704400000| 99%| O|  |TS  0|AC  0|TAMS 0x0000000704300000, 0x0000000704300000|
|  68|0x0000000704400000, 0x00000007044fffe8, 0x0000000704500000| 99%| O|  |TS  0|AC  0|TAMS 0x0000000704400000, 0x0000000704400000|
|  69|0x0000000704500000, 0x00000007045fffe0, 0x0000000704600000| 99%| O|  |TS  0|AC  0|TAMS 0x0000000704500000, 0x0000000704500000|
|  70|0x0000000704600000, 0x00000007046fff68, 0x0000000704700000| 99%| O|  |TS  0|AC  0|TAMS 0x0000000704600000, 0x0000000704600000|
|  71|0x0000000704700000, 0x0000000704800000, 0x0000000704800000|100%| O|  |TS  0|AC  0|TAMS 0x0000000704700000, 0x0000000704700000|
|  72|0x0000000704800000, 0x00000007048ffff8, 0x0000000704900000| 99%| O|  |TS  0|AC  0|TAMS 0x0000000704800000, 0x0000000704800000|
|  73|0x0000000704900000, 0x00000007049ffff0, 0x0000000704a00000| 99%| O|  |TS  0|AC  0|TAMS 0x0000000704900000, 0x0000000704900000|
|  74|0x0000000704a00000, 0x0000000704b00000, 0x0000000704b00000|100%| O|  |TS  0|AC  0|TAMS 0x0000000704a00000, 0x0000000704a00000|
|  75|0x0000000704b00000, 0x0000000704bffff8, 0x0000000704c00000| 99%| O|  |TS  0|AC  0|TAMS 0x0000000704b00000, 0x0000000704b00000|
|  76|0x0000000704c00000, 0x0000000704cfff88, 0x0000000704d00000| 99%| O|  |TS  0|AC  0|TAMS 0x0000000704c00000, 0x0000000704c00000|
|  77|0x0000000704d00000, 0x0000000704dfdc58, 0x0000000704e00000| 99%| O|  |TS  0|AC  0|TAMS 0x0000000704d00000, 0x0000000704d00000|
|  78|0x0000000704e00000, 0x0000000704efffe8, 0x0000000704f00000| 99%| O|  |TS  0|AC  0|TAMS 0x0000000704e00000, 0x0000000704e00000|
|  79|0x0000000704f00000, 0x0000000705000000, 0x0000000705000000|100%| O|  |TS  0|AC  0|TAMS 0x0000000704f00000, 0x0000000704f00000|
|  80|0x0000000705000000, 0x00000007050fffe8, 0x0000000705100000| 99%| O|  |TS  0|AC  0|TAMS 0x0000000705000000, 0x0000000705000000|
|  81|0x0000000705100000, 0x00000007051858c0, 0x0000000705200000| 52%| O|  |TS  0|AC  0|TAMS 0x0000000705100000, 0x0000000705100000|
|  82|0x0000000705200000, 0x0000000705200000, 0x0000000705300000|  0%| F|  |TS  0|AC  0|TAMS 0x0000000705200000, 0x0000000705200000|
|  83|0x0000000705300000, 0x0000000705400000, 0x0000000705400000|100%|HS|  |TS  0|AC  0|TAMS 0x0000000705300000, 0x0000000705300000|
|  84|0x0000000705400000, 0x0000000705500000, 0x0000000705500000|100%|HC|  |TS  0|AC  0|TAMS 0x0000000705400000, 0x0000000705400000|
|  85|0x0000000705500000, 0x0000000705500000, 0x0000000705600000|  0%| F|  |TS  0|AC  0|TAMS 0x0000000705500000, 0x0000000705500000|
|  86|0x0000000705600000, 0x0000000705600000, 0x0000000705700000|  0%| F|  |TS  0|AC  0|TAMS 0x0000000705600000, 0x0000000705600000|
|  87|0x0000000705700000, 0x0000000705700000, 0x0000000705800000|  0%| F|  |TS  0|AC  0|TAMS 0x0000000705700000, 0x0000000705700000|
|  88|0x0000000705800000, 0x0000000705800000, 0x0000000705900000|  0%| F|  |TS  0|AC  0|TAMS 0x0000000705800000, 0x0000000705800000|
|  89|0x0000000705900000, 0x0000000705900000, 0x0000000705a00000|  0%| F|  |TS  0|AC  0|TAMS 0x0000000705900000, 0x0000000705900000|
|  90|0x0000000705a00000, 0x0000000705a00000, 0x0000000705b00000|  0%| F|  |TS  0|AC  0|TAMS 0x0000000705a00000, 0x0000000705a00000|
|  91|0x0000000705b00000, 0x0000000705b00000, 0x0000000705c00000|  0%| F|  |TS  0|AC  0|TAMS 0x0000000705b00000, 0x0000000705b00000|
|  92|0x0000000705c00000, 0x0000000705d00000, 0x0000000705d00000|100%|HS|  |TS  0|AC  0|TAMS 0x0000000705c00000, 0x0000000705c00000|
|  93|0x0000000705d00000, 0x0000000705e00000, 0x0000000705e00000|100%|HC|  |TS  0|AC  0|TAMS 0x0000000705d00000, 0x0000000705d00000|
|  94|0x0000000705e00000, 0x0000000705f00000, 0x0000000705f00000|100%|HC|  |TS  0|AC  0|TAMS 0x0000000705e00000, 0x0000000705e00000|
|  95|0x0000000705f00000, 0x0000000706000000, 0x0000000706000000|100%|HC|  |TS  0|AC  0|TAMS 0x0000000705f00000, 0x0000000705f00000|
|  96|0x0000000706000000, 0x0000000706100000, 0x0000000706100000|100%|HC|  |TS  0|AC  0|TAMS 0x0000000706000000, 0x0000000706000000|
|  97|0x0000000706100000, 0x0000000706200000, 0x0000000706200000|100%|HC|  |TS  0|AC  0|TAMS 0x0000000706100000, 0x0000000706100000|
|  98|0x0000000706200000, 0x0000000706300000, 0x0000000706300000|100%|HC|  |TS  0|AC  0|TAMS 0x0000000706200000, 0x0000000706200000|
|  99|0x0000000706300000, 0x0000000706400000, 0x0000000706400000|100%|HC|  |TS  0|AC  0|TAMS 0x0000000706300000, 0x0000000706300000|
| 100|0x0000000706400000, 0x0000000706400000, 0x0000000706500000|  0%| F|  |TS  0|AC  0|TAMS 0x0000000706400000, 0x0000000706400000|
| 101|0x0000000706500000, 0x0000000706500000, 0x0000000706600000|  0%| F|  |TS  0|AC  0|TAMS 0x0000000706500000, 0x0000000706500000|
| 102|0x0000000706600000, 0x0000000706600000, 0x0000000706700000|  0%| F|  |TS  0|AC  0|TAMS 0x0000000706600000, 0x0000000706600000|
| 103|0x0000000706700000, 0x0000000706700000, 0x0000000706800000|  0%| F|  |TS  0|AC  0|TAMS 0x0000000706700000, 0x0000000706700000|
| 104|0x0000000706800000, 0x0000000706800000, 0x0000000706900000|  0%| F|  |TS  0|AC  0|TAMS 0x0000000706800000, 0x0000000706800000|
| 105|0x0000000706900000, 0x0000000706900000, 0x0000000706a00000|  0%| F|  |TS  0|AC  0|TAMS 0x0000000706900000, 0x0000000706900000|
| 106|0x0000000706a00000, 0x0000000706a00000, 0x0000000706b00000|  0%| F|  |TS  0|AC  0|TAMS 0x0000000706a00000, 0x0000000706a00000|
| 107|0x0000000706b00000, 0x0000000706b00000, 0x0000000706c00000|  0%| F|  |TS  0|AC  0|TAMS 0x0000000706b00000, 0x0000000706b00000|
| 108|0x0000000706c00000, 0x0000000706c00000, 0x0000000706d00000|  0%| F|  |TS  0|AC  0|TAMS 0x0000000706c00000, 0x0000000706c00000|
| 109|0x0000000706d00000, 0x0000000706d00000, 0x0000000706e00000|  0%| F|  |TS  0|AC  0|TAMS 0x0000000706d00000, 0x0000000706d00000|
| 110|0x0000000706e00000, 0x0000000706e00000, 0x0000000706f00000|  0%| F|  |TS  0|AC  0|TAMS 0x0000000706e00000, 0x0000000706e00000|
| 111|0x0000000706f00000, 0x0000000706f00000, 0x0000000707000000|  0%| F|  |TS  0|AC  0|TAMS 0x0000000706f00000, 0x0000000706f00000|
| 112|0x0000000707000000, 0x0000000707000000, 0x0000000707100000|  0%| F|  |TS  0|AC  0|TAMS 0x0000000707000000, 0x0000000707000000|
| 113|0x0000000707100000, 0x0000000707100000, 0x0000000707200000|  0%| F|  |TS  0|AC  0|TAMS 0x0000000707100000, 0x0000000707100000|
| 114|0x0000000707200000, 0x0000000707200000, 0x0000000707300000|  0%| F|  |TS  0|AC  0|TAMS 0x0000000707200000, 0x0000000707200000|
| 115|0x0000000707300000, 0x0000000707300000, 0x0000000707400000|  0%| F|  |TS  0|AC  0|TAMS 0x0000000707300000, 0x0000000707300000|
| 116|0x0000000707400000, 0x0000000707400000, 0x0000000707500000|  0%| F|  |TS  0|AC  0|TAMS 0x0000000707400000, 0x0000000707400000|
| 117|0x0000000707500000, 0x0000000707500000, 0x0000000707600000|  0%| F|  |TS  0|AC  0|TAMS 0x0000000707500000, 0x0000000707500000|
| 118|0x0000000707600000, 0x0000000707600000, 0x0000000707700000|  0%| F|  |TS  0|AC  0|TAMS 0x0000000707600000, 0x0000000707600000|
| 119|0x0000000707700000, 0x0000000707700000, 0x0000000707800000|  0%| F|  |TS  0|AC  0|TAMS 0x0000000707700000, 0x0000000707700000|
| 120|0x0000000707800000, 0x0000000707800000, 0x0000000707900000|  0%| F|  |TS  0|AC  0|TAMS 0x0000000707800000, 0x0000000707800000|
| 121|0x0000000707900000, 0x0000000707900000, 0x0000000707a00000|  0%| F|  |TS  0|AC  0|TAMS 0x0000000707900000, 0x0000000707900000|
| 122|0x0000000707a00000, 0x0000000707a00000, 0x0000000707b00000|  0%| F|  |TS  0|AC  0|TAMS 0x0000000707a00000, 0x0000000707a00000|
| 123|0x0000000707b00000, 0x0000000707b00000, 0x0000000707c00000|  0%| F|  |TS  0|AC  0|TAMS 0x0000000707b00000, 0x0000000707b00000|
| 124|0x0000000707c00000, 0x0000000707c00000, 0x0000000707d00000|  0%| F|  |TS  0|AC  0|TAMS 0x0000000707c00000, 0x0000000707c00000|
| 125|0x0000000707d00000, 0x0000000707d00000, 0x0000000707e00000|  0%| F|  |TS  0|AC  0|TAMS 0x0000000707d00000, 0x0000000707d00000|
| 126|0x0000000707e00000, 0x0000000707e00000, 0x0000000707f00000|  0%| F|  |TS  0|AC  0|TAMS 0x0000000707e00000, 0x0000000707e00000|
| 127|0x0000000707f00000, 0x0000000707f00000, 0x0000000708000000|  0%| F|  |TS  0|AC  0|TAMS 0x0000000707f00000, 0x0000000707f00000|
| 128|0x0000000708000000, 0x0000000708000000, 0x0000000708100000|  0%| F|  |TS  0|AC  0|TAMS 0x0000000708000000, 0x0000000708000000|
| 129|0x0000000708100000, 0x0000000708100000, 0x0000000708200000|  0%| F|  |TS  0|AC  0|TAMS 0x0000000708100000, 0x0000000708100000|
| 130|0x0000000708200000, 0x0000000708200000, 0x0000000708300000|  0%| F|  |TS  0|AC  0|TAMS 0x0000000708200000, 0x0000000708200000|
| 131|0x0000000708300000, 0x0000000708300000, 0x0000000708400000|  0%| F|  |TS  0|AC  0|TAMS 0x0000000708300000, 0x0000000708300000|
| 132|0x0000000708400000, 0x0000000708400000, 0x0000000708500000|  0%| F|  |TS  0|AC  0|TAMS 0x0000000708400000, 0x0000000708400000|
| 133|0x0000000708500000, 0x0000000708500000, 0x0000000708600000|  0%| F|  |TS  0|AC  0|TAMS 0x0000000708500000, 0x0000000708500000|
| 134|0x0000000708600000, 0x0000000708600000, 0x0000000708700000|  0%| F|  |TS  0|AC  0|TAMS 0x0000000708600000, 0x0000000708600000|
| 135|0x0000000708700000, 0x0000000708700000, 0x0000000708800000|  0%| F|  |TS  0|AC  0|TAMS 0x0000000708700000, 0x0000000708700000|
| 136|0x0000000708800000, 0x0000000708800000, 0x0000000708900000|  0%| F|  |TS  0|AC  0|TAMS 0x0000000708800000, 0x0000000708800000|
| 137|0x0000000708900000, 0x0000000708900000, 0x0000000708a00000|  0%| F|  |TS  0|AC  0|TAMS 0x0000000708900000, 0x0000000708900000|
| 138|0x0000000708a00000, 0x0000000708a00000, 0x0000000708b00000|  0%| F|  |TS  0|AC  0|TAMS 0x0000000708a00000, 0x0000000708a00000|
| 139|0x0000000708b00000, 0x0000000708b00000, 0x0000000708c00000|  0%| F|  |TS  0|AC  0|TAMS 0x0000000708b00000, 0x0000000708b00000|
| 140|0x0000000708c00000, 0x0000000708c00000, 0x0000000708d00000|  0%| F|  |TS  0|AC  0|TAMS 0x0000000708c00000, 0x0000000708c00000|
| 141|0x0000000708d00000, 0x0000000708d00000, 0x0000000708e00000|  0%| F|  |TS  0|AC  0|TAMS 0x0000000708d00000, 0x0000000708d00000|
| 142|0x0000000708e00000, 0x0000000708e00000, 0x0000000708f00000|  0%| F|  |TS  0|AC  0|TAMS 0x0000000708e00000, 0x0000000708e00000|
| 143|0x0000000708f00000, 0x0000000708f00000, 0x0000000709000000|  0%| F|  |TS  0|AC  0|TAMS 0x0000000708f00000, 0x0000000708f00000|
| 144|0x0000000709000000, 0x0000000709000000, 0x0000000709100000|  0%| F|  |TS  0|AC  0|TAMS 0x0000000709000000, 0x0000000709000000|
| 145|0x0000000709100000, 0x0000000709100000, 0x0000000709200000|  0%| F|  |TS  0|AC  0|TAMS 0x0000000709100000, 0x0000000709100000|
| 146|0x0000000709200000, 0x0000000709200000, 0x0000000709300000|  0%| F|  |TS  0|AC  0|TAMS 0x0000000709200000, 0x0000000709200000|
| 147|0x0000000709300000, 0x0000000709300000, 0x0000000709400000|  0%| F|  |TS  0|AC  0|TAMS 0x0000000709300000, 0x0000000709300000|
| 148|0x0000000709400000, 0x0000000709400000, 0x0000000709500000|  0%| F|  |TS  0|AC  0|TAMS 0x0000000709400000, 0x0000000709400000|
| 149|0x0000000709500000, 0x0000000709500000, 0x0000000709600000|  0%| F|  |TS  0|AC  0|TAMS 0x0000000709500000, 0x0000000709500000|
| 150|0x0000000709600000, 0x0000000709600000, 0x0000000709700000|  0%| F|  |TS  0|AC  0|TAMS 0x0000000709600000, 0x0000000709600000|
| 151|0x0000000709700000, 0x0000000709700000, 0x0000000709800000|  0%| F|  |TS  0|AC  0|TAMS 0x0000000709700000, 0x0000000709700000|
| 152|0x0000000709800000, 0x0000000709800000, 0x0000000709900000|  0%| F|  |TS  0|AC  0|TAMS 0x0000000709800000, 0x0000000709800000|
| 153|0x0000000709900000, 0x0000000709900000, 0x0000000709a00000|  0%| F|  |TS  0|AC  0|TAMS 0x0000000709900000, 0x0000000709900000|
| 154|0x0000000709a00000, 0x0000000709a00000, 0x0000000709b00000|  0%| F|  |TS  0|AC  0|TAMS 0x0000000709a00000, 0x0000000709a00000|
| 155|0x0000000709b00000, 0x0000000709b00000, 0x0000000709c00000|  0%| F|  |TS  0|AC  0|TAMS 0x0000000709b00000, 0x0000000709b00000|
| 156|0x0000000709c00000, 0x0000000709c00000, 0x0000000709d00000|  0%| F|  |TS  0|AC  0|TAMS 0x0000000709c00000, 0x0000000709c00000|
| 157|0x0000000709d00000, 0x0000000709d00000, 0x0000000709e00000|  0%| F|  |TS  0|AC  0|TAMS 0x0000000709d00000, 0x0000000709d00000|
| 158|0x0000000709e00000, 0x0000000709e00000, 0x0000000709f00000|  0%| F|  |TS  0|AC  0|TAMS 0x0000000709e00000, 0x0000000709e00000|
| 159|0x0000000709f00000, 0x0000000709f00000, 0x000000070a000000|  0%| F|  |TS  0|AC  0|TAMS 0x0000000709f00000, 0x0000000709f00000|
| 160|0x000000070a000000, 0x000000070a000000, 0x000000070a100000|  0%| F|  |TS  0|AC  0|TAMS 0x000000070a000000, 0x000000070a000000|
| 161|0x000000070a100000, 0x000000070a16ced0, 0x000000070a200000| 42%| S|CS|TS  1|AC  0|TAMS 0x000000070a100000, 0x000000070a100000|
| 162|0x000000070a200000, 0x000000070a200000, 0x000000070a300000|  0%| F|  |TS  1|AC  0|TAMS 0x000000070a200000, 0x000000070a200000|
| 163|0x000000070a300000, 0x000000070a300000, 0x000000070a400000|  0%| F|  |TS  1|AC  0|TAMS 0x000000070a300000, 0x000000070a300000|
| 164|0x000000070a400000, 0x000000070a400000, 0x000000070a500000|  0%| F|  |TS  1|AC  0|TAMS 0x000000070a400000, 0x000000070a400000|
| 165|0x000000070a500000, 0x000000070a500000, 0x000000070a600000|  0%| F|  |TS  1|AC  0|TAMS 0x000000070a500000, 0x000000070a500000|
| 166|0x000000070a600000, 0x000000070a600000, 0x000000070a700000|  0%| F|  |TS  1|AC  0|TAMS 0x000000070a600000, 0x000000070a600000|
| 167|0x000000070a700000, 0x000000070a700000, 0x000000070a800000|  0%| F|  |TS  1|AC  0|TAMS 0x000000070a700000, 0x000000070a700000|
| 168|0x000000070a800000, 0x000000070a800000, 0x000000070a900000|  0%| F|  |TS  1|AC  0|TAMS 0x000000070a800000, 0x000000070a800000|
| 169|0x000000070a900000, 0x000000070a900000, 0x000000070aa00000|  0%| F|  |TS  1|AC  0|TAMS 0x000000070a900000, 0x000000070a900000|
| 170|0x000000070aa00000, 0x000000070aa00000, 0x000000070ab00000|  0%| F|  |TS  1|AC  0|TAMS 0x000000070aa00000, 0x000000070aa00000|
| 171|0x000000070ab00000, 0x000000070ab00000, 0x000000070ac00000|  0%| F|  |TS  1|AC  0|TAMS 0x000000070ab00000, 0x000000070ab00000|
| 172|0x000000070ac00000, 0x000000070ac00000, 0x000000070ad00000|  0%| F|  |TS  1|AC  0|TAMS 0x000000070ac00000, 0x000000070ac00000|
| 173|0x000000070ad00000, 0x000000070ad00000, 0x000000070ae00000|  0%| F|  |TS  1|AC  0|TAMS 0x000000070ad00000, 0x000000070ad00000|
| 174|0x000000070ae00000, 0x000000070ae00000, 0x000000070af00000|  0%| F|  |TS  1|AC  0|TAMS 0x000000070ae00000, 0x000000070ae00000|
| 175|0x000000070af00000, 0x000000070af00000, 0x000000070b000000|  0%| F|  |TS  1|AC  0|TAMS 0x000000070af00000, 0x000000070af00000|
| 176|0x000000070b000000, 0x000000070b000000, 0x000000070b100000|  0%| F|  |TS  1|AC  0|TAMS 0x000000070b000000, 0x000000070b000000|
| 177|0x000000070b100000, 0x000000070b100000, 0x000000070b200000|  0%| F|  |TS  1|AC  0|TAMS 0x000000070b100000, 0x000000070b100000|
| 178|0x000000070b200000, 0x000000070b200000, 0x000000070b300000|  0%| F|  |TS  1|AC  0|TAMS 0x000000070b200000, 0x000000070b200000|
| 179|0x000000070b300000, 0x000000070b300000, 0x000000070b400000|  0%| F|  |TS  1|AC  0|TAMS 0x000000070b300000, 0x000000070b300000|
| 180|0x000000070b400000, 0x000000070b400000, 0x000000070b500000|  0%| F|  |TS  1|AC  0|TAMS 0x000000070b400000, 0x000000070b400000|
| 181|0x000000070b500000, 0x000000070b500000, 0x000000070b600000|  0%| F|  |TS  1|AC  0|TAMS 0x000000070b500000, 0x000000070b500000|
| 182|0x000000070b600000, 0x000000070b600000, 0x000000070b700000|  0%| F|  |TS  1|AC  0|TAMS 0x000000070b600000, 0x000000070b600000|
| 183|0x000000070b700000, 0x000000070b700000, 0x000000070b800000|  0%| F|  |TS  1|AC  0|TAMS 0x000000070b700000, 0x000000070b700000|
| 184|0x000000070b800000, 0x000000070b800000, 0x000000070b900000|  0%| F|  |TS  1|AC  0|TAMS 0x000000070b800000, 0x000000070b800000|
| 185|0x000000070b900000, 0x000000070b900000, 0x000000070ba00000|  0%| F|  |TS  1|AC  0|TAMS 0x000000070b900000, 0x000000070b900000|
| 186|0x000000070ba00000, 0x000000070ba00000, 0x000000070bb00000|  0%| F|  |TS  1|AC  0|TAMS 0x000000070ba00000, 0x000000070ba00000|
| 187|0x000000070bb00000, 0x000000070bb00000, 0x000000070bc00000|  0%| F|  |TS  1|AC  0|TAMS 0x000000070bb00000, 0x000000070bb00000|
| 188|0x000000070bc00000, 0x000000070bc00000, 0x000000070bd00000|  0%| F|  |TS  1|AC  0|TAMS 0x000000070bc00000, 0x000000070bc00000|
| 189|0x000000070bd00000, 0x000000070bd00000, 0x000000070be00000|  0%| F|  |TS  1|AC  0|TAMS 0x000000070bd00000, 0x000000070bd00000|
| 190|0x000000070be00000, 0x000000070be00000, 0x000000070bf00000|  0%| F|  |TS  1|AC  0|TAMS 0x000000070be00000, 0x000000070be00000|
| 191|0x000000070bf00000, 0x000000070bf00000, 0x000000070c000000|  0%| F|  |TS  1|AC  0|TAMS 0x000000070bf00000, 0x000000070bf00000|
| 192|0x000000070c000000, 0x000000070c000000, 0x000000070c100000|  0%| F|  |TS  1|AC  0|TAMS 0x000000070c000000, 0x000000070c000000|
| 193|0x000000070c100000, 0x000000070c100000, 0x000000070c200000|  0%| F|  |TS  1|AC  0|TAMS 0x000000070c100000, 0x000000070c100000|
| 194|0x000000070c200000, 0x000000070c200000, 0x000000070c300000|  0%| F|  |TS  1|AC  0|TAMS 0x000000070c200000, 0x000000070c200000|
| 195|0x000000070c300000, 0x000000070c300000, 0x000000070c400000|  0%| F|  |TS  1|AC  0|TAMS 0x000000070c300000, 0x000000070c300000|
| 196|0x000000070c400000, 0x000000070c400000, 0x000000070c500000|  0%| F|  |TS  1|AC  0|TAMS 0x000000070c400000, 0x000000070c400000|
| 197|0x000000070c500000, 0x000000070c500000, 0x000000070c600000|  0%| F|  |TS  1|AC  0|TAMS 0x000000070c500000, 0x000000070c500000|
| 198|0x000000070c600000, 0x000000070c6ccc28, 0x000000070c700000| 79%| E|  |TS  1|AC  0|TAMS 0x000000070c600000, 0x000000070c600000|
| 199|0x000000070c700000, 0x000000070c800000, 0x000000070c800000|100%| E|CS|TS  1|AC  0|TAMS 0x000000070c700000, 0x000000070c700000|
| 200|0x000000070c800000, 0x000000070c900000, 0x000000070c900000|100%| E|CS|TS  1|AC  0|TAMS 0x000000070c800000, 0x000000070c800000|
| 201|0x000000070c900000, 0x000000070ca00000, 0x000000070ca00000|100%| E|CS|TS  1|AC  0|TAMS 0x000000070c900000, 0x000000070c900000|
| 202|0x000000070ca00000, 0x000000070cb00000, 0x000000070cb00000|100%| E|CS|TS  1|AC  0|TAMS 0x000000070ca00000, 0x000000070ca00000|
| 203|0x000000070cb00000, 0x000000070cc00000, 0x000000070cc00000|100%| E|CS|TS  1|AC  0|TAMS 0x000000070cb00000, 0x000000070cb00000|
| 204|0x000000070cc00000, 0x000000070cd00000, 0x000000070cd00000|100%| E|CS|TS  1|AC  0|TAMS 0x000000070cc00000, 0x000000070cc00000|
| 205|0x000000070cd00000, 0x000000070ce00000, 0x000000070ce00000|100%| E|CS|TS  1|AC  0|TAMS 0x000000070cd00000, 0x000000070cd00000|
| 206|0x000000070ce00000, 0x000000070cf00000, 0x000000070cf00000|100%| E|CS|TS  1|AC  0|TAMS 0x000000070ce00000, 0x000000070ce00000|
| 207|0x000000070cf00000, 0x000000070d000000, 0x000000070d000000|100%| E|CS|TS  1|AC  0|TAMS 0x000000070cf00000, 0x000000070cf00000|
| 208|0x000000070d000000, 0x000000070d100000, 0x000000070d100000|100%| E|CS|TS  1|AC  0|TAMS 0x000000070d000000, 0x000000070d000000|
| 209|0x000000070d100000, 0x000000070d200000, 0x000000070d200000|100%| E|CS|TS  1|AC  0|TAMS 0x000000070d100000, 0x000000070d100000|
| 210|0x000000070d200000, 0x000000070d300000, 0x000000070d300000|100%| E|CS|TS  1|AC  0|TAMS 0x000000070d200000, 0x000000070d200000|
| 211|0x000000070d300000, 0x000000070d400000, 0x000000070d400000|100%| E|CS|TS  1|AC  0|TAMS 0x000000070d300000, 0x000000070d300000|
| 212|0x000000070d400000, 0x000000070d500000, 0x000000070d500000|100%| E|CS|TS  1|AC  0|TAMS 0x000000070d400000, 0x000000070d400000|
| 213|0x000000070d500000, 0x000000070d600000, 0x000000070d600000|100%| E|CS|TS  1|AC  0|TAMS 0x000000070d500000, 0x000000070d500000|
| 214|0x000000070d600000, 0x000000070d700000, 0x000000070d700000|100%| E|CS|TS  1|AC  0|TAMS 0x000000070d600000, 0x000000070d600000|
| 215|0x000000070d700000, 0x000000070d800000, 0x000000070d800000|100%| E|CS|TS  1|AC  0|TAMS 0x000000070d700000, 0x000000070d700000|
| 216|0x000000070d800000, 0x000000070d900000, 0x000000070d900000|100%| E|CS|TS  1|AC  0|TAMS 0x000000070d800000, 0x000000070d800000|
| 217|0x000000070d900000, 0x000000070da00000, 0x000000070da00000|100%| E|CS|TS  1|AC  0|TAMS 0x000000070d900000, 0x000000070d900000|
| 218|0x000000070da00000, 0x000000070db00000, 0x000000070db00000|100%| E|CS|TS  1|AC  0|TAMS 0x000000070da00000, 0x000000070da00000|
| 219|0x000000070db00000, 0x000000070dc00000, 0x000000070dc00000|100%| E|CS|TS  1|AC  0|TAMS 0x000000070db00000, 0x000000070db00000|
| 220|0x000000070dc00000, 0x000000070dd00000, 0x000000070dd00000|100%| E|CS|TS  1|AC  0|TAMS 0x000000070dc00000, 0x000000070dc00000|
| 221|0x000000070dd00000, 0x000000070de00000, 0x000000070de00000|100%| E|CS|TS  1|AC  0|TAMS 0x000000070dd00000, 0x000000070dd00000|

Card table byte_map: [0x000001c0db1a0000,0x000001c0db7a0000] byte_map_base: 0x000001c0d79a0000

Marking Bits (Prev, Next): (CMBitMap*) 0x000001c0ec265768, (CMBitMap*) 0x000001c0ec265730
 Prev Bits: [0x000001c0deda0000, 0x000001c0e1da0000)
 Next Bits: [0x000001c0dbda0000, 0x000001c0deda0000)

Polling page: 0x000001c0c9420000

CodeHeap 'non-profiled nmethods': size=120000Kb used=18745Kb max_used=18745Kb free=101254Kb
 bounds [0x000001c0f5700000, 0x000001c0f6950000, 0x000001c0fcc30000]
CodeHeap 'profiled nmethods': size=120000Kb used=43326Kb max_used=43578Kb free=76673Kb
 bounds [0x000001c0ee1d0000, 0x000001c0f0c90000, 0x000001c0f5700000]
CodeHeap 'non-nmethods': size=5760Kb used=1773Kb max_used=1829Kb free=3987Kb
 bounds [0x000001c0edc30000, 0x000001c0edea0000, 0x000001c0ee1d0000]
 total_blobs=28300 nmethods=16609 adapters=1098
 compilation: enabled

Compilation events (10 events):
Event: 247.569 Thread 0x000001c0ce0c5000 nmethod 19774 0x000001c0f694c010 code [0x000001c0f694c2a0, 0x000001c0f694e410]
Event: 247.572 Thread 0x000001c0ce0c4800 nmethod 19779 0x000001c0f694ed90 code [0x000001c0f694ef80, 0x000001c0f694f7d8]
Event: 247.632 Thread 0x000001c0ce0c7800 19780       3       com.jidesoft.plaf.basic.BasicStatusBarSeparatorUI::paint (34 bytes)
Event: 247.634 Thread 0x000001c0ce0c7800 nmethod 19780 0x000001c0efda6190 code [0x000001c0efda63a0, 0x000001c0efda6a30]
Event: 247.634 Thread 0x000001c0ce0c7800 19781       3       com.jidesoft.plaf.synthetica.SyntheticaJidePainter::paintStatusBarSeparator (67 bytes)
Event: 247.634 Thread 0x000001c0ce0c7800 nmethod 19781 0x000001c0efdd6190 code [0x000001c0efdd63c0, 0x000001c0efdd6940]
Event: 247.652 Thread 0x000001c0ce0c7800 19782       3       javax.swing.plaf.basic.BasicInternalFrameTitlePane::createButtons (148 bytes)
Event: 247.652 Thread 0x000001c0ce0c7800 nmethod 19782 0x000001c0efe36f90 code [0x000001c0efe37240, 0x000001c0efe381f0]
Event: 247.652 Thread 0x000001c0ce0c7800 19783       3       javax.swing.JComponent::updateUI (1 bytes)
Event: 247.652 Thread 0x000001c0ce0c7800 nmethod 19783 0x000001c0ef8bff10 code [0x000001c0ef8c00c0, 0x000001c0ef8c0218]

GC Heap History (10 events):
Event: 229.696 GC heap before
{Heap before GC invocations=105 (full 6):
 garbage-first heap   total 227328K, used 161659K [0x0000000700000000, 0x00000007001006f0, 0x00000007c0000000)
  region size 1024K, 60 young (61440K), 1 survivors (1024K)
 Metaspace       used 86400K, capacity 92755K, committed 93008K, reserved 1128448K
  class space    used 12544K, capacity 13659K, committed 13692K, reserved 1048576K
}
Event: 229.699 GC heap after
{Heap after GC invocations=106 (full 6):
 garbage-first heap   total 227328K, used 101201K [0x0000000700000000, 0x00000007001006f0, 0x00000007c0000000)
  region size 1024K, 1 young (1024K), 1 survivors (1024K)
 Metaspace       used 86400K, capacity 92755K, committed 93008K, reserved 1128448K
  class space    used 12544K, capacity 13659K, committed 13692K, reserved 1048576K
}
Event: 241.294 GC heap before
{Heap before GC invocations=106 (full 6):
 garbage-first heap   total 227328K, used 161617K [0x0000000700000000, 0x00000007001006f0, 0x00000007c0000000)
  region size 1024K, 60 young (61440K), 1 survivors (1024K)
 Metaspace       used 86422K, capacity 92819K, committed 93008K, reserved 1128448K
  class space    used 12544K, capacity 13659K, committed 13692K, reserved 1048576K
}
Event: 241.298 GC heap after
{Heap after GC invocations=107 (full 6):
 garbage-first heap   total 227328K, used 101293K [0x0000000700000000, 0x00000007001006f0, 0x00000007c0000000)
  region size 1024K, 1 young (1024K), 1 survivors (1024K)
 Metaspace       used 86422K, capacity 92819K, committed 93008K, reserved 1128448K
  class space    used 12544K, capacity 13659K, committed 13692K, reserved 1048576K
}
Event: 242.307 GC heap before
{Heap before GC invocations=108 (full 6):
 garbage-first heap   total 227328K, used 134061K [0x0000000700000000, 0x00000007001006f0, 0x00000007c0000000)
  region size 1024K, 34 young (34816K), 1 survivors (1024K)
 Metaspace       used 86485K, capacity 92819K, committed 93008K, reserved 1128448K
  class space    used 12544K, capacity 13659K, committed 13692K, reserved 1048576K
}
Event: 242.311 GC heap after
{Heap after GC invocations=109 (full 6):
 garbage-first heap   total 227328K, used 95129K [0x0000000700000000, 0x00000007001006f0, 0x00000007c0000000)
  region size 1024K, 1 young (1024K), 1 survivors (1024K)
 Metaspace       used 86485K, capacity 92819K, committed 93008K, reserved 1128448K
  class space    used 12544K, capacity 13659K, committed 13692K, reserved 1048576K
}
Event: 242.322 GC heap before
{Heap before GC invocations=109 (full 6):
 garbage-first heap   total 227328K, used 97177K [0x0000000700000000, 0x00000007001006f0, 0x00000007c0000000)
  region size 1024K, 2 young (2048K), 1 survivors (1024K)
 Metaspace       used 86486K, capacity 92819K, committed 93008K, reserved 1128448K
  class space    used 12544K, capacity 13659K, committed 13692K, reserved 1048576K
}
Event: 242.597 GC heap after
{Heap after GC invocations=110 (full 7):
 garbage-first heap   total 227328K, used 93007K [0x0000000700000000, 0x00000007001006f0, 0x00000007c0000000)
  region size 1024K, 0 young (0K), 0 survivors (0K)
 Metaspace       used 86486K, capacity 92819K, committed 93008K, reserved 1128448K
  class space    used 12544K, capacity 13659K, committed 13692K, reserved 1048576K
}
Event: 247.539 GC heap before
{Heap before GC invocations=110 (full 7):
 garbage-first heap   total 227328K, used 154447K [0x0000000700000000, 0x00000007001006f0, 0x00000007c0000000)
  region size 1024K, 60 young (61440K), 0 survivors (0K)
 Metaspace       used 86514K, capacity 92947K, committed 93008K, reserved 1128448K
  class space    used 12544K, capacity 13659K, committed 13692K, reserved 1048576K
}
Event: 247.543 GC heap after
{Heap after GC invocations=111 (full 7):
 garbage-first heap   total 227328K, used 93443K [0x0000000700000000, 0x00000007001006f0, 0x00000007c0000000)
  region size 1024K, 1 young (1024K), 1 survivors (1024K)
 Metaspace       used 86514K, capacity 92947K, committed 93008K, reserved 1128448K
  class space    used 12544K, capacity 13659K, committed 13692K, reserved 1048576K
}

Deoptimization events (10 events):
Event: 218.478 Thread 0x000001c0fe2c2800 Uncommon trap: reason=unstable_if action=reinterpret pc=0x000001c0f683fcc0 method=java.awt.LightweightDispatcher.eventDispatched(Ljava/awt/AWTEvent;)V @ 32 c2
Event: 229.335 Thread 0x000001c0fe2c2800 Uncommon trap: reason=class_check action=maybe_recompile pc=0x000001c0f63a9cec method=java.lang.Throwable.<init>()V @ 24 c2
Event: 229.336 Thread 0x000001c0fe2c2800 Uncommon trap: reason=unstable_if action=reinterpret pc=0x000001c0f687b2e8 method=java.awt.Container.getChildAt(Ljava/awt/Component;IIZ)Ljava/awt/Component; @ 40 c2
Event: 229.336 Thread 0x000001c0fe2c2800 Uncommon trap: reason=unstable_if action=reinterpret pc=0x000001c0f687b2e8 method=java.awt.Container.getChildAt(Ljava/awt/Component;IIZ)Ljava/awt/Component; @ 40 c2
Event: 229.336 Thread 0x000001c0fe2c2800 Uncommon trap: reason=unstable_if action=reinterpret pc=0x000001c0f687b2e8 method=java.awt.Container.getChildAt(Ljava/awt/Component;IIZ)Ljava/awt/Component; @ 40 c2
Event: 229.336 Thread 0x000001c0fe2c2800 Uncommon trap: reason=unstable_if action=reinterpret pc=0x000001c0f687b2e8 method=java.awt.Container.getChildAt(Ljava/awt/Component;IIZ)Ljava/awt/Component; @ 40 c2
Event: 229.336 Thread 0x000001c0fe2c2800 Uncommon trap: reason=unstable_if action=reinterpret pc=0x000001c0f687b2e8 method=java.awt.Container.getChildAt(Ljava/awt/Component;IIZ)Ljava/awt/Component; @ 40 c2
Event: 229.336 Thread 0x000001c0fe2c2800 Uncommon trap: reason=unstable_if action=reinterpret pc=0x000001c0f687b2e8 method=java.awt.Container.getChildAt(Ljava/awt/Component;IIZ)Ljava/awt/Component; @ 40 c2
Event: 229.726 Thread 0x000001c0fe2c2800 Uncommon trap: reason=unstable_if action=reinterpret pc=0x000001c0f5e4985c method=java.awt.Rectangle.union(Ljava/awt/Rectangle;)Ljava/awt/Rectangle; @ 122 c2
Event: 246.408 Thread 0x000001c0fe2c2800 Uncommon trap: reason=class_check action=maybe_recompile pc=0x000001c0f64da9e4 method=javax.swing.AbstractButton.setEnabled(Z)V @ 21 c2

Classes redefined (0 events):
No events

Internal exceptions (10 events):
Event: 118.630 Thread 0x000001c0fe2c2800 Exception <a 'java/lang/NoSuchMethodError'{0x000000070b6abb08}: java.lang.invoke.DirectMethodHandle$Holder.invokeSpecial(Ljava/lang/Object;Ljava/lang/Object;ILjava/lang/Object;)V> (0x000000070b6abb08) thrown at [t:/workspace/hotspot/src/share/vm/interpret
Event: 118.630 Thread 0x000001c0fe2c2800 Exception <a 'java/lang/NoSuchMethodError'{0x000000070b6b1430}: java.lang.invoke.DirectMethodHandle$Holder.invokeStatic(Ljava/lang/Object;Ljava/lang/Object;ILjava/lang/Object;)Ljava/lang/Object;> (0x000000070b6b1430) thrown at [t:/workspace/hotspot/src/sh
Event: 126.778 Thread 0x000001c0fe2c2800 Exception <a 'sun/nio/fs/WindowsException'{0x000000070d7e2060}> (0x000000070d7e2060) thrown at [t:/workspace/hotspot/src/share/vm/prims/jni.cpp, line 604]
Event: 126.778 Thread 0x000001c0fe2c2800 Exception <a 'sun/nio/fs/WindowsException'{0x000000070d7e23b0}> (0x000000070d7e23b0) thrown at [t:/workspace/hotspot/src/share/vm/prims/jni.cpp, line 604]
Event: 130.330 Thread 0x000001c0fe2c2800 Exception <a 'java/lang/NoSuchMethodError'{0x000000070a335720}: method resolution failed> (0x000000070a335720) thrown at [t:/workspace/hotspot/src/share/vm/prims/methodHandles.cpp, line 1256]
Event: 142.151 Thread 0x000001c0fe2c2800 Exception <a 'java/lang/NoSuchMethodError'{0x000000070d8a9400}: java.lang.invoke.DelegatingMethodHandle$Holder.reinvoke_L(Ljava/lang/Object;Ljava/lang/Object;J)Ljava/lang/Object;> (0x000000070d8a9400) thrown at [t:/workspace/hotspot/src/share/vm/interpret
Event: 180.149 Thread 0x000001c0fe2c2800 Exception <a 'sun/nio/fs/WindowsException'{0x000000070c904708}> (0x000000070c904708) thrown at [t:/workspace/hotspot/src/share/vm/prims/jni.cpp, line 604]
Event: 180.149 Thread 0x000001c0fe2c2800 Exception <a 'sun/nio/fs/WindowsException'{0x000000070c904a58}> (0x000000070c904a58) thrown at [t:/workspace/hotspot/src/share/vm/prims/jni.cpp, line 604]
Event: 229.335 Thread 0x000001c0fe2c2800 Exception <a 'sun/nio/fs/WindowsException'{0x000000070afd9ab8}> (0x000000070afd9ab8) thrown at [t:/workspace/hotspot/src/share/vm/prims/jni.cpp, line 604]
Event: 229.335 Thread 0x000001c0fe2c2800 Exception <a 'sun/nio/fs/WindowsException'{0x000000070afd9e08}> (0x000000070afd9e08) thrown at [t:/workspace/hotspot/src/share/vm/prims/jni.cpp, line 604]

Events (10 events):
Event: 246.408 Thread 0x000001c0fe2c2800 DEOPT PACKING pc=0x000001c0f64da9e4 sp=0x00000059e85f6fb0
Event: 246.408 Thread 0x000001c0fe2c2800 DEOPT UNPACKING pc=0x000001c0edc7df29 sp=0x00000059e85f6f40 mode 2
Event: 246.815 Thread 0x000001c08b0c9800 Thread added: 0x000001c08b0c9800
Event: 246.819 Thread 0x000001c08b0c9800 Thread exited: 0x000001c08b0c9800
Event: 247.495 Executing VM operation: BulkRevokeBias
Event: 247.496 Executing VM operation: BulkRevokeBias done
Event: 247.539 Executing VM operation: G1IncCollectionPause
Event: 247.543 Executing VM operation: G1IncCollectionPause done
Event: 247.817 Thread 0x000001c08b0c9000 Thread added: 0x000001c08b0c9000
Event: 247.820 Thread 0x000001c08b0c9000 Thread exited: 0x000001c08b0c9000


Dynamic libraries:
0x00007ff6da870000 - 0x00007ff6da8a0000 	D:\Xilinx\Vivado\2020.1\bin\unwrapped\win64.o\vivado.exe
0x00007ffb8c4d0000 - 0x00007ffb8c6e7000 	C:\WINDOWS\SYSTEM32\ntdll.dll
0x00007ffb8a860000 - 0x00007ffb8a924000 	C:\WINDOWS\System32\KERNEL32.DLL
0x00007ffb89840000 - 0x00007ffb89bfa000 	C:\WINDOWS\System32\KERNELBASE.dll
0x00007ffb89c00000 - 0x00007ffb89d11000 	C:\WINDOWS\System32\ucrtbase.dll
0x00007ffb74aa0000 - 0x00007ffb74b2d000 	C:\WINDOWS\SYSTEM32\MSVCP140.dll
0x00007ffb7ad60000 - 0x00007ffb7ad74000 	D:\Xilinx\Vivado\2020.1\lib\win64.o\libboost_signals.dll
0x00007ffb74a40000 - 0x00007ffb74a5e000 	C:\WINDOWS\SYSTEM32\VCRUNTIME140.dll
0x00007ffb72d60000 - 0x00007ffb72d7a000 	D:\Xilinx\Vivado\2020.1\lib\win64.o\librdi_commonmain.dll
0x00007ffb74a30000 - 0x00007ffb74a3c000 	C:\WINDOWS\SYSTEM32\VCRUNTIME140_1.dll
0x00007ffb72bf0000 - 0x00007ffb72c16000 	D:\Xilinx\Vivado\2020.1\lib\win64.o\libboost_filesystem.dll
0x00007ffb836c0000 - 0x00007ffb836ca000 	D:\Xilinx\Vivado\2020.1\lib\win64.o\librdi_commonversion.dll
0x00007ffb8acd0000 - 0x00007ffb8ad82000 	C:\WINDOWS\System32\ADVAPI32.dll
0x00007ffb8a7b0000 - 0x00007ffb8a857000 	C:\WINDOWS\System32\msvcrt.dll
0x00007ffb8a1f0000 - 0x00007ffb8a297000 	C:\WINDOWS\System32\sechost.dll
0x00007ffb8a1a0000 - 0x00007ffb8a1c8000 	C:\WINDOWS\System32\bcrypt.dll
0x00007ffb8c2a0000 - 0x00007ffb8c3b4000 	C:\WINDOWS\System32\RPCRT4.dll
0x00007ffb72a40000 - 0x00007ffb72be1000 	D:\Xilinx\Vivado\2020.1\lib\win64.o\librdi_commonxillic.dll
0x00007ffb8bd60000 - 0x00007ffb8bf0e000 	C:\WINDOWS\System32\USER32.dll
0x00007ffb89d20000 - 0x00007ffb89d46000 	C:\WINDOWS\System32\win32u.dll
0x00007ffb8c100000 - 0x00007ffb8c129000 	C:\WINDOWS\System32\GDI32.dll
0x00007ffb89e90000 - 0x00007ffb89fab000 	C:\WINDOWS\System32\gdi32full.dll
0x000000006a440000 - 0x000000006a56b000 	D:\Xilinx\Vivado\2020.1\lib\win64.o\tcl85t.dll
0x00007ffb897a0000 - 0x00007ffb8983a000 	C:\WINDOWS\System32\msvcp_win.dll
0x00007ffb8b7d0000 - 0x00007ffb8b841000 	C:\WINDOWS\System32\WS2_32.dll
0x00007ffb80a80000 - 0x00007ffb80a8b000 	D:\Xilinx\Vivado\2020.1\lib\win64.o\libboost_system.dll
0x00007ffaf0e80000 - 0x00007ffaf1f46000 	D:\Xilinx\Vivado\2020.1\lib\win64.o\librdi_common.dll
0x00007ffb8af50000 - 0x00007ffb8b7c8000 	C:\WINDOWS\System32\SHELL32.dll
0x00007ffb72920000 - 0x00007ffb72a34000 	D:\Xilinx\Vivado\2020.1\lib\win64.o\libboost_regex.dll
0x00007ffb2dee0000 - 0x00007ffb2e1bb000 	D:\Xilinx\Vivado\2020.1\lib\win64.o\libXil_lmgr11.dll
0x00007ffb8c130000 - 0x00007ffb8c230000 	C:\WINDOWS\System32\COMDLG32.dll
0x00007ffb8a930000 - 0x00007ffb8acbf000 	C:\WINDOWS\System32\combase.dll
0x00007ffb8b990000 - 0x00007ffb8ba8a000 	C:\WINDOWS\System32\shcore.dll
0x00007ffb8bb50000 - 0x00007ffb8bbae000 	C:\WINDOWS\System32\SHLWAPI.dll
0x00007ffb22e30000 - 0x00007ffb2319e000 	D:\Xilinx\Vivado\2020.1\lib\win64.o\libCOIN-all.dll
0x00007ffb72d40000 - 0x00007ffb72d54000 	D:\Xilinx\Vivado\2020.1\lib\win64.o\libboost_date_time.dll
0x00007ffb8b8b0000 - 0x00007ffb8b987000 	C:\WINDOWS\System32\OLEAUT32.dll
0x00007ffb8bbb0000 - 0x00007ffb8bd55000 	C:\WINDOWS\System32\ole32.dll
0x00007ffb8a120000 - 0x00007ffb8a192000 	C:\WINDOWS\System32\WINTRUST.dll
0x00007ffb728a0000 - 0x00007ffb7291f000 	D:\Xilinx\Vivado\2020.1\lib\win64.o\libboost_program_options.dll
0x00007ffb89fb0000 - 0x00007ffb8a116000 	C:\WINDOWS\System32\CRYPT32.dll
0x00007ffb72870000 - 0x00007ffb72891000 	D:\Xilinx\Vivado\2020.1\lib\win64.o\libboost_thread.dll
0x00007ffb80800000 - 0x00007ffb8080f000 	D:\Xilinx\Vivado\2020.1\lib\win64.o\libboost_xilinx.dll
0x00007ffb567f0000 - 0x00007ffb56895000 	D:\Xilinx\Vivado\2020.1\lib\win64.o\libhdxml.dll
0x00007ffb6c120000 - 0x00007ffb6c1a2000 	D:\Xilinx\Vivado\2020.1\lib\win64.o\libhdlpsolve.dll
0x00007ffb72840000 - 0x00007ffb7286e000 	D:\Xilinx\Vivado\2020.1\lib\win64.o\libisl_sysinfo.dll
0x00007ffb715a0000 - 0x00007ffb71605000 	D:\Xilinx\Vivado\2020.1\lib\win64.o\liblmx6.0.dll
0x00007ffb72820000 - 0x00007ffb7283a000 	D:\Xilinx\Vivado\2020.1\lib\win64.o\pthreadVC2.dll
0x00007ffb72070000 - 0x00007ffb7208c000 	D:\Xilinx\Vivado\2020.1\lib\win64.o\librdiconfig.dll
0x00007ffb64900000 - 0x00007ffb64921000 	D:\Xilinx\Vivado\2020.1\lib\win64.o\librdizlib.dll
0x00007ffb70ba0000 - 0x00007ffb70bb9000 	C:\WINDOWS\SYSTEM32\NETAPI32.dll
0x0000000012000000 - 0x0000000012270000 	D:\Xilinx\Vivado\2020.1\lib\win64.o\xerces-c_3_1.dll
0x00007ffb6f6f0000 - 0x00007ffb6fbee000 	C:\WINDOWS\SYSTEM32\WININET.dll
0x00007ffb84e40000 - 0x00007ffb84f76000 	C:\WINDOWS\SYSTEM32\WINHTTP.dll
0x00007ffb7c180000 - 0x00007ffb7c370000 	C:\WINDOWS\SYSTEM32\urlmon.dll
0x00007ffaee5a0000 - 0x00007ffaef255a00 	D:\Xilinx\Vivado\2020.1\lib\win64.o\libisl_iostreams.dll
0x00007ffb6e500000 - 0x00007ffb6e509000 	C:\WINDOWS\SYSTEM32\WSOCK32.dll
0x00007ffb588e0000 - 0x00007ffb58910000 	C:\WINDOWS\SYSTEM32\VCOMP140.DLL
0x00007ffb65de0000 - 0x00007ffb65e93000 	C:\WINDOWS\WinSxS\amd64_microsoft.windows.common-controls_6595b64144ccf1df_5.82.22621.3527_none_b43b7f4b638cc64f\COMCTL32.dll
0x00007ffaed700000 - 0x00007ffaee591000 	D:\Xilinx\Vivado\2020.1\lib\win64.o\gurobi65.dll
0x00007ffb83a40000 - 0x00007ffb83a5f000 	C:\WINDOWS\SYSTEM32\dhcpcsvc.DLL
0x00007ffb764e0000 - 0x00007ffb7679e000 	C:\WINDOWS\SYSTEM32\iertutil.dll
0x00007ffb7f4a0000 - 0x00007ffb7f4ad000 	D:\Xilinx\Vivado\2020.1\lib\win64.o\libboost_chrono.dll
0x00007ffb7c110000 - 0x00007ffb7c138000 	C:\WINDOWS\SYSTEM32\srvcli.dll
0x00007ffb88270000 - 0x00007ffb8827c000 	C:\WINDOWS\SYSTEM32\netutils.dll
0x00007ffb72050000 - 0x00007ffb7206b000 	D:\Xilinx\Vivado\2020.1\lib\win64.o\libboost_iostreams.dll
0x00007ffb584e0000 - 0x00007ffb58505000 	D:\Xilinx\Vivado\2020.1\lib\win64.o\libisl_iosutils.dll
0x00007ffb88d10000 - 0x00007ffb88d79000 	C:\WINDOWS\SYSTEM32\MSWSOCK.DLL
0x00007ffb8a2a0000 - 0x00007ffb8a2d1000 	C:\WINDOWS\System32\IMM32.DLL
0x00007ffb88fe0000 - 0x00007ffb88ff2000 	C:\WINDOWS\SYSTEM32\MSASN1.dll
0x00007ffb888a0000 - 0x00007ffb888b8000 	C:\WINDOWS\SYSTEM32\kernel.appcore.dll
0x00007ffaed200000 - 0x00007ffaed6fc000 	D:\Xilinx\Vivado\2020.1\lib\win64.o\librdi_commontasks.dll
0x00007ffb7fe40000 - 0x00007ffb7fe4a000 	C:\WINDOWS\SYSTEM32\VERSION.dll
0x00007ffaf0b90000 - 0x00007ffaf0e74000 	D:\Xilinx\Vivado\2020.1\lib\win64.o\librdi_sio.dll
0x0000000069a10000 - 0x000000006a435000 	D:\Xilinx\Vivado\2020.1\tps\win64\jre9.0.4\bin\server\jvm.dll
0x00007ffb88280000 - 0x00007ffb882ad000 	C:\WINDOWS\SYSTEM32\IPHLPAPI.DLL
0x00007ffb8acc0000 - 0x00007ffb8acc8000 	C:\WINDOWS\System32\PSAPI.DLL
0x00007ffb83650000 - 0x00007ffb83684000 	C:\WINDOWS\SYSTEM32\WINMM.dll
0x00007ffb564f0000 - 0x00007ffb565df000 	C:\WINDOWS\SYSTEM32\MSVCR120.dll
0x00007ffb876a0000 - 0x00007ffb87fa8000 	C:\WINDOWS\SYSTEM32\windows.storage.dll
0x00007ffb87560000 - 0x00007ffb8769f000 	C:\WINDOWS\SYSTEM32\wintypes.dll
0x00007ffaeab60000 - 0x00007ffaed1f5000 	D:\Xilinx\Vivado\2020.1\lib\win64.o\librdi_tcltasks.dll
0x00007ffb2e440000 - 0x00007ffb2e5f3000 	D:\Xilinx\Vivado\2020.1\lib\win64.o\librdi_board.dll
0x00007ffb418f0000 - 0x00007ffb4196b000 	D:\Xilinx\Vivado\2020.1\lib\win64.o\librdi_boarddep.dll
0x00007ffb40ee0000 - 0x00007ffb40fd6000 	D:\Xilinx\Vivado\2020.1\lib\win64.o\librdi_chipscope.dll
0x00007ffaea690000 - 0x00007ffaeab56000 	D:\Xilinx\Vivado\2020.1\lib\win64.o\librdi_bitstream.dll
0x00007ffb22aa0000 - 0x00007ffb22c61000 	D:\Xilinx\Vivado\2020.1\lib\win64.o\librdi_chipscopeimpl.dll
0x00007ffb38c10000 - 0x00007ffb38d6b000 	D:\Xilinx\Vivado\2020.1\lib\win64.o\librdi_containers.dll
0x00007ffae6210000 - 0x00007ffae68e9000 	D:\Xilinx\Vivado\2020.1\lib\win64.o\librdi_coregenipxact.dll
0x00007ffae8a60000 - 0x00007ffaea68a000 	D:\Xilinx\Vivado\2020.1\lib\win64.o\librdi_constraints.dll
0x00007ffae1ee0000 - 0x00007ffae620e000 	D:\Xilinx\Vivado\2020.1\lib\win64.o\librdi_designutils.dll
0x00007ffae1b90000 - 0x00007ffae1edb000 	D:\Xilinx\Vivado\2020.1\lib\win64.o\librdi_dlyest.dll
0x00007ffae68f0000 - 0x00007ffae8a5d000 	D:\Xilinx\Vivado\2020.1\lib\win64.o\librdi_coregen.dll
0x00007ffae1570000 - 0x00007ffae1b8e000 	D:\Xilinx\Vivado\2020.1\lib\win64.o\librdi_drc.dll
0x00007ffb413f0000 - 0x00007ffb414b4000 	D:\Xilinx\Vivado\2020.1\lib\win64.o\librdi_dsp.dll
0x00007ffae0bc0000 - 0x00007ffae0edc000 	D:\Xilinx\Vivado\2020.1\lib\win64.o\librdi_guitools.dll
0x00007ffae0ee0000 - 0x00007ffae1566000 	D:\Xilinx\Vivado\2020.1\lib\win64.o\librdi_filemgmt.dll
0x00007ffab8cc0000 - 0x00007ffad0b90000 	D:\Xilinx\Vivado\2020.1\lib\win64.o\librdi_device.dll
0x00007ffb40cd0000 - 0x00007ffb40d47000 	D:\Xilinx\Vivado\2020.1\lib\win64.o\librdi_hdf.dll
0x00007ffb308e0000 - 0x00007ffb30a28000 	D:\Xilinx\Vivado\2020.1\lib\win64.o\librdi_hip_perf_analysis.dll
0x00007ffafc480000 - 0x00007ffafc6d5000 	D:\Xilinx\Vivado\2020.1\lib\win64.o\librdi_hip_devdesign.dll
0x00007ffb3c2a0000 - 0x00007ffb3c314000 	D:\Xilinx\Vivado\2020.1\lib\win64.o\librdi_memoryarray.dll
0x00007ffadec30000 - 0x00007ffadf26e000 	D:\Xilinx\Vivado\2020.1\lib\win64.o\librdi_memdata.dll
0x00007ffadf270000 - 0x00007ffae0bba000 	D:\Xilinx\Vivado\2020.1\lib\win64.o\librdi_implflow.dll
0x00007ffb582d0000 - 0x00007ffb5831e000 	D:\Xilinx\Vivado\2020.1\lib\win64.o\librdi_pfi.dll
0x00007ffadb1a0000 - 0x00007ffadb8a3000 	D:\Xilinx\Vivado\2020.1\lib\win64.o\librdi_netlist.dll
0x00007ffadba50000 - 0x00007ffadbda1000 	D:\Xilinx\Vivado\2020.1\lib\win64.o\librdi_platform.dll
0x00007ffad7de0000 - 0x00007ffad8614000 	D:\Xilinx\Vivado\2020.1\lib\win64.o\librdi_power.dll
0x00007ffad70a0000 - 0x00007ffad77dc000 	D:\Xilinx\Vivado\2020.1\lib\win64.o\librdi_psta.dll
0x00007ffad77e0000 - 0x00007ffad7dd5000 	D:\Xilinx\Vivado\2020.1\lib\win64.o\librdi_project.dll
0x00007ffad6930000 - 0x00007ffad709f000 	D:\Xilinx\Vivado\2020.1\lib\win64.o\librdi_rsb.dll
0x00007ffad8620000 - 0x00007ffadb191000 	D:\Xilinx\Vivado\2020.1\lib\win64.o\librdi_place.dll
0x00007ffad6490000 - 0x00007ffad692a000 	D:\Xilinx\Vivado\2020.1\lib\win64.o\librdi_runs.dll
0x00007ffb21dd0000 - 0x00007ffb21ed8000 	D:\Xilinx\Vivado\2020.1\lib\win64.o\librdi_runsbase.dll
0x00007ffad6210000 - 0x00007ffad6485000 	D:\Xilinx\Vivado\2020.1\lib\win64.o\librdi_simdata.dll
0x00007ffb1e100000 - 0x00007ffb1e1ff000 	D:\Xilinx\Vivado\2020.1\lib\win64.o\librdi_xhub.dll
0x00007ffad4810000 - 0x00007ffad571a000 	D:\Xilinx\Vivado\2020.1\lib\win64.o\librdi_timing.dll
0x00007ffb2b7f0000 - 0x00007ffb2b898000 	D:\Xilinx\Vivado\2020.1\lib\win64.o\librdi_xhubtasks.dll
0x00007ffaf8b30000 - 0x00007ffaf8d03000 	D:\Xilinx\Vivado\2020.1\lib\win64.o\librdi_advchipscopeimpl.dll
0x00007ffb558b0000 - 0x00007ffb558fc000 	D:\Xilinx\Vivado\2020.1\lib\win64.o\libboost_serialization.dll
0x00007ffb2a7a0000 - 0x00007ffb2a888000 	D:\Xilinx\Vivado\2020.1\lib\win64.o\librdi_ipconfig_readwrite.dll
0x00007ffadbdb0000 - 0x00007ffadec27000 	D:\Xilinx\Vivado\2020.1\lib\win64.o\librdi_mig.dll
0x00007ffb3c230000 - 0x00007ffb3c29c000 	D:\Xilinx\Vivado\2020.1\lib\win64.o\librdi_noc_frameworks.dll
0x00007ffad6010000 - 0x00007ffad6203000 	D:\Xilinx\Vivado\2020.1\lib\win64.o\librdi_hip_config.dll
0x00007ffb54740000 - 0x00007ffb5478d000 	D:\Xilinx\Vivado\2020.1\lib\win64.o\libboost_graph.dll
0x00007ffad42c0000 - 0x00007ffad480e000 	D:\Xilinx\Vivado\2020.1\lib\win64.o\librdi_xdm.dll
0x00007ffb38bc0000 - 0x00007ffb38c0c000 	D:\Xilinx\Vivado\2020.1\lib\win64.o\librdi_bva.dll
0x00007ffad3770000 - 0x00007ffad42b7000 	D:\Xilinx\Vivado\2020.1\lib\win64.o\libverific.dll

VM Arguments:
jvm_args: -Dsun.java2d.pmoffscreen=false -Dsun.java2d.xrender=false -Dsun.java2d.d3d=false -Dsun.awt.nopixfmt=true -Dsun.java2d.dpiaware=true -Dsun.java2d.uiScale.enabled=false -Xverify:none -Dswing.aatext=true -XX:-UsePerfData -Djdk.map.althashing.threshold=512 -XX:StringTableSize=4072 --add-opens=java.base/java.nio=ALL-UNNAMED --add-opens=java.desktop/sun.swing=ALL-UNNAMED --add-opens=java.desktop/javax.swing=ALL-UNNAMED --add-opens=java.desktop/javax.swing.tree=ALL-UNNAMED --add-opens=java.desktop/javax.swing.plaf.basic=ALL-UNNAMED --add-opens=java.desktop/javax.swing.plaf.synth=ALL-UNNAMED --add-opens=java.desktop/com.sun.awt=ALL-UNNAMED -XX:NewSize=60m -XX:MaxNewSize=60m -Xms128m -Xmx3072m -Xss5m 
java_command: <unknown>
java_class_path (initial): D:/Xilinx/Vivado/2020.1\lib\classes\alloy.jar;D:/Xilinx/Vivado/2020.1\lib\classes\ArchiveSummary.jar;D:/Xilinx/Vivado/2020.1\lib\classes\autoesl-models.jar;D:/Xilinx/Vivado/2020.1\lib\classes\autopilot.scelaborator.jar;D:/Xilinx/Vivado/2020.1\lib\classes\autopilot.sourceprocessor.jar;D:/Xilinx/Vivado/2020.1\lib\classes\autopilot.tbprocessor.jar;D:/Xilinx/Vivado/2020.1\lib\classes\batik-anim.jar;D:/Xilinx/Vivado/2020.1\lib\classes\batik-awt-util.jar;D:/Xilinx/Vivado/2020.1\lib\classes\batik-bridge.jar;D:/Xilinx/Vivado/2020.1\lib\classes\batik-codec.jar;D:/Xilinx/Vivado/2020.1\lib\classes\batik-css.jar;D:/Xilinx/Vivado/2020.1\lib\classes\batik-dom.jar;D:/Xilinx/Vivado/2020.1\lib\classes\batik-ext.jar;D:/Xilinx/Vivado/2020.1\lib\classes\batik-gui-util.jar;D:/Xilinx/Vivado/2020.1\lib\classes\batik-gvt.jar;D:/Xilinx/Vivado/2020.1\lib\classes\batik-parser.jar;D:/Xilinx/Vivado/2020.1\lib\classes\batik-script.jar;D:/Xilinx/Vivado/2020.1\lib\classes\batik-svg-dom.jar;D:/Xilinx/Vivado/2020.1\lib\classes\batik-swing.jar;D:/Xilinx/Vivado/2020.1\lib\classes\batik-transcoder.jar;D:/Xilinx/Vivado/2020.1\lib\classes\batik-util.jar;D:/Xilinx/Vivado/2020.1\lib\classes\batik-xml.jar;D:/Xilinx/Vivado/2020.1\lib\classes\com.google.gson_2.8.2.v20180104-1110.jar;D:/Xilinx/Vivado/2020.1\lib\classes\com.google.guava_27.1.0.v20190517-1946.jar;D:/Xilinx/Vivado/2020.1\lib\classes\com.ibm.icu_4.4.2.v20110208.jar;D:/Xilinx/Vivado/2020.1\lib\classes\com.sigasi.hdt.connection_4.8.0.202004151336.jar;D:/Xilinx/Vivado/2020.1\lib\classes\com.sigasi.hdt.epl_4.8.0.202004151336.jar;D:/Xilinx/Vivado/2020.1\lib\classes\com.sigasi.hdt.project_4.8.0.202004151336.jar;D:/Xilinx/Vivado/2020.1\lib\classes\com.sigasi.hdt.readonlyfilesystem_4.8.0.202004151336.jar;D:/Xilinx/Vivado/2020.1\lib\classes\com.sigasi.lcm_4.8.0.202004151336.jar;D:/Xilinx/Vivado/2020.1\lib\classes\com.sigasi.sdk.client_4.8.0.202004151336.jar;D:/Xilinx/Vivado/2020.1\lib\classes\com.xilinx.hls.services.jar;D:/Xili
Launcher Type: generic

Logging:
Log output configuration:
#0: stdout all=warning uptime,level,tags
#1: stderr all=off uptime,level,tags

Environment Variables:
PATH=D:/Xilinx/Vivado/2020.1\gnuwin\bin;D:/Xilinx/Vivado/2020.1\gnu\microblaze\nt\bin;D:/Xilinx/Vivado/2020.1/bin;D:/Xilinx/Vivado/2020.1/lib/win64.o;D:/Xilinx/Vivado/2020.1/tps/win64/jre9.0.4/bin/server;D:/Xilinx/Vivado/2020.1/tps/win64/jre9.0.4/bin;D:/Xilinx/Vivado/2020.1/ids_lite/ISE/bin/nt64;D:/Xilinx/Vivado/2020.1/ids_lite/ISE/lib/nt64;D:\anaconda;D:\anaconda\Scripts;C:\Program Files\Common Files\Oracle\Java\javapath;D:\Program Files\mingw64\bin;C:\Windows\System32\HWAudioDriverLibs;C:\Windows\system32;C:\Windows;C:\Windows\System32\Wbem;C:\Windows\System32\WindowsPowerShell\v1.0\;C:\Windows\System32\OpenSSH\;C:\Windows\system32\config\systemprofile\AppData\Local\Microsoft\WindowsApps;D:\Program Files\Bandizip\;D:\Program Files\Git\cmd;D:\Windows Kits\10\Windows Performance Toolkit\;C:\Users\89652\AppData\Roaming\Python\Python312\Scripts;D:\zlearning\virtual_machine\software\hashcat-6.2.6\hashcat-6.2.6;C:\Program Files\Docker\Docker\resources\bin;D:\Program Files\nodejs\;C:\ProgramData\chocolatey\bin;D:\anaconda\Library\bin;D:\anaconda\Library\mingw-w64\bin;D:\Program Files\MATLAB\R2023a\bin;C:\Users\89652\AppData\Local\SageMath 9.3\runtime\bin;D:\Program Files\Wolfram Research\WolframScript\;C:\Program Files\dotnet\;D:\Program Files\010 Editor;C:\Users\89652\AppData\Local\Microsoft\WindowsApps;D:\Program Files\Microsoft VS Code\bin;C:\Users\89652\.dotnet\tools;D:\Program Files\Nmap;;D:\Program Files\JetBrains\IntelliJ IDEA Community Edition 2024.2.3\bin;C:\Users\89652\AppData\Roaming\npm;D:/Xilinx/Vivado/2020.1\tps\mingw\6.2.0\win64.o\nt\bin;D:/Xilinx/Vivado/2020.1\tps\mingw\6.2.0\win64.o\nt\libexec\gcc\x86_64-w64-mingw32\6.2.0;D:/Xilinx/Vivado/2020.1\tps\win64\python-2.7.16;D:/Xilinx/Vivado/2020.1\tps\win64\python-2.7.16\bin;D:/Xilinx/Vivado/2020.1\tps\win64\python-2.7.16\lib;D:/Xilinx/Vivado/2020.1\tps\win64\python-2.7.16\Lib\lib-tk;D:/Xilinx/Vivado/2020.1\tps\win64\python-2.7.16\lib\site-packages
USERNAME=89652
OS=Windows_NT
PROCESSOR_IDENTIFIER=Intel64 Family 6 Model 140 Stepping 1, GenuineIntel



---------------  S Y S T E M  ---------------

OS: Windows 10 , 64 bit Build 22621 (10.0.22621.4391)

CPU:total 8 (initial active 8) (4 cores per cpu, 2 threads per core) family 6 model 140 stepping 1, cmov, cx8, fxsr, mmx, sse, sse2, sse3, ssse3, sse4.1, sse4.2, popcnt, avx, avx2, aes, clmul, erms, 3dnowpref, lzcnt, ht, tsc, tscinvbit, bmi1, bmi2, adx, sha, fma

Memory: 4k page, physical 16571704k(6247968k free), swap 17620280k(3914048k free)

vm_info: Java HotSpot(TM) 64-Bit Server VM (9.0.4+11) for windows-amd64 JRE (9.0.4+11), built on Dec 20 2017 02:18:54 by "mach5one" with MS VC++ 12.0 (VS2013)

END.
